\BOOKMARK [0][-]{chapter.1}{\376\377\000E\000i\000n\000f\000\374\000h\000r\000u\000n\000g}{}% 1
\BOOKMARK [0][-]{chapter.2}{\376\377\000D\000i\000e\000\040\000Z\000e\000r\000m\000e\000l\000o\000-\000F\000r\000a\000e\000n\000k\000e\000l\000-\000A\000x\000i\000o\000m\000e}{}% 2
\BOOKMARK [0][-]{chapter.3}{\376\377\000E\000i\000n\000f\000a\000c\000h\000e\000\040\000S\000\344\000t\000z\000e}{}% 3
\BOOKMARK [0][-]{chapter.4}{\376\377\000E\000x\000t\000e\000n\000s\000i\000o\000n\000a\000l\000i\000t\000\344\000t}{}% 4
\BOOKMARK [1][-]{section.4.1}{\376\377\000A\000x\000i\000o\000m\000\040\000d\000e\000r\000\040\000E\000x\000t\000e\000n\000s\000i\000o\000n\000a\000l\000i\000t\000\344\000t}{chapter.4}% 5
\BOOKMARK [1][-]{section.4.2}{\376\377\000U\000n\000g\000l\000e\000i\000c\000h\000h\000e\000i\000t\000\040\000v\000o\000n\000\040\000M\000e\000n\000g\000e\000n}{chapter.4}% 6
\BOOKMARK [0][-]{chapter.5}{\376\377\000T\000e\000i\000l\000m\000e\000n\000g\000e\000n}{}% 7
\BOOKMARK [1][-]{section.5.1}{\376\377\000D\000e\000f\000i\000n\000i\000t\000i\000o\000n\000\040\000d\000e\000r\000\040\000T\000e\000i\000l\000m\000e\000n\000g\000e}{chapter.5}% 8
\BOOKMARK [1][-]{section.5.2}{\376\377\000G\000r\000u\000n\000d\000l\000e\000g\000e\000n\000d\000e\000\040\000E\000i\000g\000e\000n\000s\000c\000h\000a\000f\000t\000e\000n}{chapter.5}% 9
\BOOKMARK [1][-]{section.5.3}{\376\377\000O\000r\000d\000n\000u\000n\000g\000s\000r\000e\000l\000a\000t\000i\000o\000n}{chapter.5}% 10
\BOOKMARK [0][-]{chapter.6}{\376\377\000L\000e\000e\000r\000e\000\040\000M\000e\000n\000g\000e}{}% 11
\BOOKMARK [1][-]{section.6.1}{\376\377\000A\000x\000i\000o\000m\000\040\000d\000e\000r\000\040\000l\000e\000e\000r\000e\000n\000\040\000M\000e\000n\000g\000e}{chapter.6}% 12
\BOOKMARK [1][-]{section.6.2}{\376\377\000D\000e\000f\000i\000n\000i\000t\000i\000o\000n\000\040\000d\000e\000r\000\040\000l\000e\000e\000r\000e\000n\000\040\000M\000e\000n\000g\000e}{chapter.6}% 13
\BOOKMARK [1][-]{section.6.3}{\376\377\000G\000r\000u\000n\000d\000l\000e\000g\000e\000n\000d\000e\000\040\000E\000i\000g\000e\000n\000s\000c\000h\000a\000f\000t\000e\000n}{chapter.6}% 14
\BOOKMARK [0][-]{chapter.7}{\376\377\000A\000u\000s\000s\000o\000n\000d\000e\000r\000u\000n\000g}{}% 15
\BOOKMARK [1][-]{section.7.1}{\376\377\000A\000x\000i\000o\000m\000\040\000d\000e\000r\000\040\000A\000u\000s\000s\000o\000n\000d\000e\000r\000u\000n\000g}{chapter.7}% 16
\BOOKMARK [1][-]{section.7.2}{\376\377\000D\000e\000f\000i\000n\000i\000t\000i\000o\000n\000\040\000d\000e\000r\000\040\000a\000u\000s\000g\000e\000s\000o\000n\000d\000e\000r\000t\000e\000n\000\040\000M\000e\000n\000g\000e}{chapter.7}% 17
\BOOKMARK [1][-]{section.7.3}{\376\377\000G\000r\000u\000n\000d\000l\000e\000g\000e\000n\000d\000e\000\040\000E\000i\000g\000e\000n\000s\000c\000h\000a\000f\000t\000e\000n}{chapter.7}% 18
\BOOKMARK [0][-]{chapter.8}{\376\377\000N\000e\000g\000a\000t\000i\000o\000n\000\040\000b\000e\000s\000c\000h\000r\000\344\000n\000k\000t\000e\000r\000\040\000Q\000u\000a\000n\000t\000o\000r\000e\000n}{}% 19
\BOOKMARK [1][-]{section.8.1}{\376\377\000G\000r\000u\000n\000d\000l\000e\000g\000e\000n\000d\000e\000\040\000N\000e\000g\000a\000t\000i\000o\000n\000s\000s\000\344\000t\000z\000e}{chapter.8}% 20
\BOOKMARK [1][-]{section.8.2}{\376\377\000\304\000q\000u\000i\000v\000a\000l\000e\000n\000t\000e\000\040\000P\000o\000s\000i\000t\000i\000v\000f\000o\000r\000m\000e\000n}{chapter.8}% 21
\BOOKMARK [1][-]{section.8.3}{\376\377\000I\000m\000p\000l\000i\000k\000a\000t\000i\000o\000n\000\040\000u\000n\000d\000\040\000\304\000q\000u\000i\000v\000a\000l\000e\000n\000z\000\040\000u\000n\000t\000e\000r\000\040\000b\000e\000s\000c\000h\000r\000\344\000n\000k\000t\000e\000n\000\040\000Q\000u\000a\000n\000t\000o\000r\000e\000n}{chapter.8}% 22
\BOOKMARK [1][-]{section.8.4}{\376\377\000N\000e\000g\000a\000t\000i\000o\000n\000\040\000z\000w\000e\000i\000f\000a\000c\000h\000\040\000b\000e\000s\000c\000h\000r\000\344\000n\000k\000t\000e\000r\000\040\000Q\000u\000a\000n\000t\000o\000r\000e\000n}{chapter.8}% 23
\BOOKMARK [0][-]{chapter.9}{\376\377\000R\000u\000s\000s\000e\000l\000\040\000P\000a\000r\000a\000d\000o\000x\000o\000n\000\040\000u\000n\000d\000\040\000d\000i\000e\000\040\000u\000n\000i\000v\000e\000r\000s\000e\000l\000l\000e\000\040\000M\000e\000n\000g\000e}{}% 24
\BOOKMARK [0][-]{chapter.10}{\376\377\000S\000c\000h\000n\000i\000t\000t\000m\000e\000n\000g\000e\000n}{}% 25
\BOOKMARK [1][-]{section.10.1}{\376\377\000D\000e\000f\000i\000n\000i\000t\000i\000o\000n\000\040\000d\000e\000r\000\040\000S\000c\000h\000n\000i\000t\000t\000m\000e\000n\000g\000e}{chapter.10}% 26
\BOOKMARK [1][-]{section.10.2}{\376\377\000G\000r\000u\000n\000d\000l\000e\000g\000e\000n\000d\000e\000\040\000E\000i\000g\000e\000n\000s\000c\000h\000a\000f\000t\000e\000n}{chapter.10}% 27
\BOOKMARK [1][-]{section.10.3}{\376\377\000D\000e\000r\000\040\000u\000n\000e\000n\000d\000l\000i\000c\000h\000e\000\040\000S\000c\000h\000n\000i\000t\000t}{chapter.10}% 28
\BOOKMARK [1][-]{section.10.4}{\376\377\000D\000u\000r\000c\000h\000s\000c\000h\000n\000i\000t\000t\000e\000\040\000v\000o\000n\000\040\000M\000e\000n\000g\000e\000n\000f\000a\000m\000i\000l\000i\000e\000n}{chapter.10}% 29
\BOOKMARK [0][-]{chapter.11}{\376\377\000P\000a\000a\000r\000m\000e\000n\000g\000e}{}% 30
\BOOKMARK [1][-]{section.11.1}{\376\377\000A\000x\000i\000o\000m\000\040\000d\000e\000r\000\040\000P\000a\000a\000r\000m\000e\000n\000g\000e}{chapter.11}% 31
\BOOKMARK [1][-]{section.11.2}{\376\377\000D\000e\000f\000i\000n\000i\000t\000i\000o\000n\000\040\000d\000e\000r\000\040\000P\000a\000a\000r\000m\000e\000n\000g\000e}{chapter.11}% 32
\BOOKMARK [1][-]{section.11.3}{\376\377\000G\000r\000u\000n\000d\000l\000e\000g\000e\000n\000d\000e\000\040\000E\000i\000g\000e\000n\000s\000c\000h\000a\000f\000t\000e\000n}{chapter.11}% 33
\BOOKMARK [1][-]{section.11.4}{\376\377\000G\000e\000o\000r\000d\000n\000e\000t\000e\000\040\000P\000a\000a\000r\000e}{chapter.11}% 34
\BOOKMARK [2][-]{subsection.11.4.1}{\376\377\000V\000e\000r\000s\000c\000h\000a\000c\000h\000t\000e\000l\000t\000e\000\040\000P\000a\000a\000r\000e\000\040\000u\000n\000d\000\040\000T\000r\000i\000p\000e\000l}{section.11.4}% 35
\BOOKMARK [0][-]{chapter.12}{\376\377\000D\000i\000e\000\040\000D\000i\000f\000f\000e\000r\000e\000n\000z}{}% 36
\BOOKMARK [0][-]{chapter.13}{\376\377\000V\000e\000r\000e\000i\000n\000i\000g\000u\000n\000g}{}% 37
\BOOKMARK [1][-]{section.13.1}{\376\377\000A\000x\000i\000o\000m\000\040\000d\000e\000r\000\040\000V\000e\000r\000e\000i\000n\000i\000g\000u\000n\000g}{chapter.13}% 38
\BOOKMARK [1][-]{section.13.2}{\376\377\000D\000e\000f\000i\000n\000i\000t\000i\000o\000n\000\040\000d\000e\000r\000\040\000V\000e\000r\000e\000i\000n\000i\000g\000u\000n\000g}{chapter.13}% 39
\BOOKMARK [1][-]{section.13.3}{\376\377\000G\000r\000u\000n\000d\000l\000e\000g\000e\000n\000d\000e\000\040\000E\000i\000g\000e\000n\000s\000c\000h\000a\000f\000t\000e\000n}{chapter.13}% 40
\BOOKMARK [2][-]{subsection.13.3.1}{\376\377\000E\000l\000e\000m\000e\000n\000t\000a\000r\000e\000\040\000E\000i\000g\000e\000n\000s\000c\000h\000a\000f\000t\000e\000n}{section.13.3}% 41
\BOOKMARK [2][-]{subsection.13.3.2}{\376\377\000I\000d\000e\000m\000p\000o\000t\000e\000n\000z\000,\000\040\000K\000o\000m\000m\000u\000t\000a\000t\000i\000v\000i\000t\000\344\000t\000,\000\040\000A\000s\000s\000o\000z\000i\000a\000t\000i\000v\000i\000t\000\344\000t}{section.13.3}% 42
\BOOKMARK [2][-]{subsection.13.3.3}{\376\377\000\040\000D\000i\000s\000t\000r\000i\000b\000u\000t\000i\000v\000g\000e\000s\000e\000t\000z\000e}{section.13.3}% 43
\BOOKMARK [2][-]{subsection.13.3.4}{\376\377\000E\000i\000g\000e\000n\000s\000c\000h\000a\000f\000t\000e\000n\000\040\000i\000n\000\040\000B\000e\000z\000u\000g\000\040\000a\000u\000f\000\040\000T\000e\000i\000l\000m\000e\000n\000g\000e\000n}{section.13.3}% 44
\BOOKMARK [3][-]{section*.69}{\376\377\000E\000l\000e\000m\000e\000n\000t\000a\000r\000e\000\040\000T\000e\000i\000l\000m\000e\000n\000g\000e\000n\000b\000e\000z\000i\000e\000h\000u\000n\000g\000e\000n}{subsection.13.3.4}% 45
\BOOKMARK [3][-]{section*.70}{\376\377\000V\000e\000r\000t\000r\000\344\000g\000l\000i\000c\000h\000k\000e\000i\000t\000\040\000m\000i\000t\000\040\000G\000l\000e\000i\000c\000h\000h\000e\000i\000t\000\040\000u\000n\000d\000\040\000T\000e\000i\000l\000m\000e\000n\000g\000e\000n}{subsection.13.3.4}% 46
\BOOKMARK [0][-]{chapter.14}{\376\377\000M\000e\000n\000g\000e\000n\000f\000a\000m\000i\000l\000i\000e\000n}{}% 47
\BOOKMARK [1][-]{section.14.1}{\376\377\000G\000r\000u\000n\000d\000b\000e\000g\000r\000i\000f\000f\000e}{chapter.14}% 48
\BOOKMARK [1][-]{section.14.2}{\376\377\000P\000a\000a\000r\000w\000e\000i\000s\000e\000\040\000d\000i\000s\000j\000u\000n\000k\000t\000e\000\040\000n\000i\000c\000h\000t\000l\000e\000e\000r\000e\000\040\000F\000a\000m\000i\000l\000i\000e\000n}{chapter.14}% 49
\BOOKMARK [1][-]{section.14.3}{\376\377\000V\000e\000r\000e\000i\000n\000i\000g\000u\000n\000g\000s\000a\000b\000g\000e\000s\000c\000h\000l\000o\000s\000s\000e\000n\000e\000\040\000F\000a\000m\000i\000l\000i\000e\000n}{chapter.14}% 50
\BOOKMARK [2][-]{subsection.14.3.1}{\376\377\000A\000x\000i\000o\000m\000\040\000d\000e\000r\000\040\000V\000e\000r\000e\000i\000n\000i\000g\000u\000n\000g\000s\000s\000c\000h\000l\000i\000e\000\337\000u\000n\000g}{section.14.3}% 51
\BOOKMARK [2][-]{subsection.14.3.2}{\376\377\000D\000e\000f\000i\000n\000i\000t\000i\000o\000n\000\040\000d\000e\000r\000\040\000v\000e\000r\000e\000i\000n\000i\000g\000u\000n\000g\000s\000a\000b\000g\000e\000s\000c\000h\000l\000o\000s\000s\000e\000n\000e\000n\000\040\000F\000a\000m\000i\000l\000i\000e}{section.14.3}% 52
\BOOKMARK [2][-]{subsection.14.3.3}{\376\377\000E\000l\000e\000m\000e\000n\000t\000b\000e\000z\000o\000g\000e\000n\000e\000\040\000T\000e\000i\000l\000f\000a\000m\000i\000l\000i\000e\000n}{section.14.3}% 53
\BOOKMARK [0][-]{chapter.15}{\376\377\000R\000e\000g\000u\000l\000a\000r\000i\000t\000\344\000t}{}% 54
\BOOKMARK [1][-]{section.15.1}{\376\377\000A\000x\000i\000o\000m\000\040\000d\000e\000r\000\040\000R\000e\000g\000u\000l\000a\000r\000i\000\344\000t}{chapter.15}% 55
\BOOKMARK [1][-]{section.15.2}{\376\377\000A\000u\000s\000s\000c\000h\000l\000u\000s\000s\000\040\000g\000e\000g\000e\000n\000s\000e\000i\000t\000i\000g\000e\000r\000\040\000M\000i\000t\000g\000l\000i\000e\000d\000s\000c\000h\000a\000f\000t}{chapter.15}% 56
\BOOKMARK [0][-]{chapter.16}{\376\377\000P\000o\000t\000e\000n\000z\000m\000e\000n\000g\000e}{}% 57
\BOOKMARK [1][-]{section.16.1}{\376\377\000A\000x\000i\000o\000m\000\040\000d\000e\000r\000\040\000P\000o\000t\000e\000n\000z\000m\000e\000n\000g\000e}{chapter.16}% 58
\BOOKMARK [1][-]{section.16.2}{\376\377\000D\000e\000f\000i\000n\000i\000t\000i\000o\000n\000\040\000d\000e\000r\000\040\000P\000o\000t\000e\000n\000z\000m\000e\000n\000g\000e}{chapter.16}% 59
\BOOKMARK [1][-]{section.16.3}{\376\377\000G\000r\000u\000n\000d\000l\000e\000g\000e\000n\000d\000e\000\040\000E\000i\000g\000e\000n\000s\000c\000h\000a\000f\000t\000e\000n}{chapter.16}% 60
\BOOKMARK [1][-]{section.16.4}{\376\377\000D\000a\000s\000\040\000k\000a\000r\000t\000e\000s\000i\000s\000c\000h\000e\000\040\000P\000r\000o\000d\000u\000k\000t}{chapter.16}% 61
\BOOKMARK [2][-]{subsection.16.4.1}{\376\377\000E\000x\000i\000s\000t\000e\000n\000z\000\040\000d\000e\000s\000\040\000k\000a\000r\000t\000h\000e\000s\000i\000s\000c\000h\000e\000n\000\040\000P\000r\000o\000d\000u\000k\000t\000e\000s}{section.16.4}% 62
\BOOKMARK [2][-]{subsection.16.4.2}{\376\377\000G\000r\000u\000n\000d\000l\000e\000g\000e\000n\000d\000e\000\040\000E\000i\000g\000e\000n\000s\000c\000h\000a\000f\000t\000e\000n}{section.16.4}% 63
\BOOKMARK [3][-]{section*.93}{\376\377\000P\000r\000o\000d\000u\000k\000t\000e\000\040\000m\000i\000t\000\040\000d\000e\000r\000\040\000l\000e\000e\000r\000e\000n\000\040\000M\000e\000n\000g\000e}{subsection.16.4.2}% 64
\BOOKMARK [0][-]{chapter.17}{\376\377\000R\000e\000l\000a\000t\000i\000o\000n\000e\000n}{}% 65
\BOOKMARK [1][-]{section.17.1}{\376\377\000B\000e\000g\000r\000i\000f\000f\000\040\000d\000e\000r\000\040\000t\000o\000t\000a\000l\000e\000n\000\040\000R\000e\000l\000a\000t\000i\000o\000n}{chapter.17}% 66
\BOOKMARK [2][-]{subsection.17.1.1}{\376\377\000A\000x\000i\000o\000m\000\040\000d\000e\000r\000\040\000T\000o\000t\000a\000l\000i\000t\000\344\000t}{section.17.1}% 67
\BOOKMARK [2][-]{subsection.17.1.2}{\376\377\000D\000e\000f\000i\000n\000i\000t\000i\000o\000n\000\040\000d\000e\000r\000\040\000t\000o\000t\000a\000l\000e\000n\000\040\000R\000e\000l\000a\000t\000i\000o\000n}{section.17.1}% 68
\BOOKMARK [2][-]{subsection.17.1.3}{\376\377\000B\000e\000i\000s\000p\000i\000e\000l\000e}{section.17.1}% 69
\BOOKMARK [3][-]{section*.97}{\376\377\000M\000i\000t\000g\000l\000i\000e\000d\000s\000c\000h\000a\000f\000t\000s\000r\000e\000l\000a\000t\000i\000o\000n}{subsection.17.1.3}% 70
\BOOKMARK [3][-]{section*.105}{\376\377\000S\000t\000r\000i\000k\000t\000e\000\040\000O\000b\000e\000r\000m\000e\000n\000g\000e\000n\000r\000e\000l\000a\000t\000i\000o\000n\000\040\000i\000n\000\040\000P\000o\000t\000e\000n\000z\000m\000e\000n\000g\000e\000n\000f\000a\000m\000i\000l\000i\000e\000n}{subsection.17.1.3}% 71
\BOOKMARK [1][-]{section.17.2}{\376\377\000B\000e\000g\000r\000i\000f\000f\000\040\000d\000e\000r\000\040\000\304\000q\000u\000i\000v\000a\000l\000e\000n\000z\000r\000e\000l\000a\000t\000i\000o\000n}{chapter.17}% 72
\BOOKMARK [2][-]{subsection.17.2.1}{\376\377\000A\000x\000i\000o\000m\000e\000\040\000e\000i\000n\000e\000r\000\040\000\304\000q\000u\000i\000v\000a\000l\000e\000n\000z\000r\000e\000l\000a\000t\000i\000o\000n}{section.17.2}% 73
\BOOKMARK [2][-]{subsection.17.2.2}{\376\377\000D\000e\000f\000i\000n\000i\000t\000i\000o\000n\000\040\000d\000e\000r\000\040\000\304\000q\000u\000i\000v\000a\000l\000e\000n\000z\000r\000e\000l\000a\000t\000i\000o\000n}{section.17.2}% 74
\BOOKMARK [2][-]{subsection.17.2.3}{\376\377\000B\000e\000i\000s\000p\000i\000e\000l\000e\000\040\000v\000o\000n\000\040\000\304\000q\000u\000i\000v\000a\000l\000e\000n\000z\000r\000e\000l\000a\000t\000i\000o\000n\000e\000n}{section.17.2}% 75
\BOOKMARK [3][-]{section*.115}{\376\377\000U\000n\000u\000n\000t\000e\000r\000s\000c\000h\000e\000i\000d\000b\000a\000r\000k\000e\000i\000t\000s\000r\000e\000l\000a\000t\000i\000o\000n\000\040\000e\000i\000n\000e\000r\000\040\000M\000e\000n\000g\000e\000n\000f\000a\000m\000i\000l\000i\000e}{subsection.17.2.3}% 76
\BOOKMARK [2][-]{subsection.17.2.4}{\376\377\000\304\000q\000u\000i\000v\000a\000l\000e\000n\000z\000k\000l\000a\000s\000s\000e\000n}{section.17.2}% 77
\BOOKMARK [2][-]{subsection.17.2.5}{\376\377\000Q\000u\000o\000t\000i\000e\000n\000t\000e\000n\000m\000e\000n\000g\000e\000n}{section.17.2}% 78
\BOOKMARK [1][-]{section.17.3}{\376\377\000B\000e\000g\000r\000i\000f\000f\000\040\000d\000e\000r\000\040\000O\000r\000d\000n\000u\000n\000g}{chapter.17}% 79
\BOOKMARK [2][-]{subsection.17.3.1}{\376\377\000A\000x\000i\000o\000m\000e\000\040\000e\000i\000n\000e\000r\000\040\000p\000a\000r\000t\000i\000e\000l\000l\000e\000n\000\040\000O\000r\000d\000n\000u\000n\000g}{section.17.3}% 80
\BOOKMARK [2][-]{subsection.17.3.2}{\376\377\000D\000e\000f\000i\000n\000i\000t\000i\000o\000n\000\040\000d\000e\000r\000\040\000p\000a\000r\000t\000i\000e\000l\000l\000e\000n\000\040\000O\000r\000d\000n\000u\000n\000g}{section.17.3}% 81
\BOOKMARK [2][-]{subsection.17.3.3}{\376\377\000A\000x\000i\000o\000m\000\040\000e\000i\000n\000e\000r\000\040\000t\000o\000t\000a\000l\000e\000n\000\040\000O\000r\000d\000n\000u\000n\000g}{section.17.3}% 82
\BOOKMARK [2][-]{subsection.17.3.4}{\376\377\000D\000e\000f\000i\000n\000i\000t\000i\000o\000n\000\040\000d\000e\000r\000\040\000t\000o\000t\000a\000l\000e\000n\000\040\000O\000r\000d\000n\000u\000n\000g}{section.17.3}% 83
\BOOKMARK [2][-]{subsection.17.3.5}{\376\377\000M\000i\000n\000i\000m\000u\000m\000\040\000u\000n\000d\000\040\000M\000a\000x\000i\000m\000u\000m}{section.17.3}% 84
\BOOKMARK [2][-]{subsection.17.3.6}{\376\377\000S\000c\000h\000r\000a\000n\000k\000e\000n}{section.17.3}% 85
\BOOKMARK [3][-]{section*.144}{\376\377\000U\000n\000t\000e\000r\000e\000\040\000u\000n\000d\000\040\000o\000b\000e\000r\000e\000\040\000S\000c\000h\000r\000a\000n\000k\000e\000n\000m\000e\000n\000g\000e\000n}{subsection.17.3.6}% 86
\BOOKMARK [3][-]{section*.147}{\376\377\000I\000n\000f\000i\000m\000u\000m\000\040\000u\000n\000d\000\040\000S\000u\000p\000r\000e\000m\000u\000m}{subsection.17.3.6}% 87
\BOOKMARK [2][-]{subsection.17.3.7}{\376\377\000R\000e\000s\000t\000r\000i\000k\000t\000i\000o\000n\000\040\000e\000i\000n\000e\000r\000\040\000p\000a\000r\000t\000i\000e\000l\000l\000e\000n\000\040\000O\000r\000d\000n\000u\000n\000g}{section.17.3}% 88
\BOOKMARK [2][-]{subsection.17.3.8}{\376\377\000W\000o\000h\000l\000o\000r\000d\000n\000u\000n\000g}{section.17.3}% 89
\BOOKMARK [3][-]{section*.155}{\376\377\000A\000x\000i\000o\000m\000\040\000e\000i\000n\000e\000r\000\040\000W\000o\000h\000l\000o\000r\000d\000n\000u\000n\000g}{subsection.17.3.8}% 90
\BOOKMARK [3][-]{section*.157}{\376\377\000D\000e\000f\000i\000n\000i\000t\000i\000o\000n\000\040\000d\000e\000r\000\040\000W\000o\000h\000l\000o\000r\000d\000n\000u\000n\000g}{subsection.17.3.8}% 91
\BOOKMARK [1][-]{section.17.4}{\376\377\000B\000e\000g\000r\000i\000f\000f\000\040\000d\000e\000r\000\040\000F\000u\000n\000k\000t\000i\000o\000n}{chapter.17}% 92
\BOOKMARK [2][-]{subsection.17.4.1}{\376\377\000A\000x\000i\000o\000m\000\040\000d\000e\000r\000\040\000f\000u\000n\000k\000t\000i\000o\000n\000a\000l\000e\000n\000\040\000E\000i\000n\000d\000e\000u\000t\000i\000g\000k\000e\000i\000t}{section.17.4}% 93
\BOOKMARK [2][-]{subsection.17.4.2}{\376\377\000D\000e\000f\000i\000n\000i\000t\000i\000o\000n\000\040\000d\000e\000r\000\040\000F\000u\000n\000k\000t\000i\000o\000n}{section.17.4}% 94
\BOOKMARK [1][-]{section.17.5}{\376\377\000G\000r\000u\000n\000d\000l\000e\000g\000e\000n\000d\000e\000\040\000E\000i\000g\000e\000n\000s\000c\000h\000a\000f\000t\000e\000n}{chapter.17}% 95
\BOOKMARK [1][-]{section.17.6}{\376\377\000F\000u\000n\000k\000t\000i\000o\000n\000s\000w\000e\000r\000t}{chapter.17}% 96
\BOOKMARK [2][-]{subsection.17.6.1}{\376\377\000E\000i\000g\000e\000n\000s\000c\000h\000a\000f\000t\000e\000n\000\040\000d\000e\000s\000\040\000F\000u\000n\000k\000t\000i\000o\000n\000s\000w\000e\000r\000t\000e\000s}{section.17.6}% 97
\BOOKMARK [2][-]{subsection.17.6.2}{\376\377\000Z\000u\000r\000\040\000G\000l\000e\000i\000c\000h\000h\000e\000i\000t\000\040\000v\000o\000n\000\040\000F\000u\000n\000k\000t\000i\000o\000n\000e\000n}{section.17.6}% 98
\BOOKMARK [1][-]{section.17.7}{\376\377\000A\000x\000i\000o\000m\000\040\000d\000e\000r\000\040\000E\000r\000s\000e\000t\000z\000u\000n\000g}{chapter.17}% 99
\BOOKMARK [1][-]{section.17.8}{\376\377\000D\000i\000e\000\040\000B\000i\000l\000d\000m\000e\000n\000g\000e}{chapter.17}% 100
\BOOKMARK [2][-]{subsection.17.8.1}{\376\377\000B\000i\000l\000d\000m\000e\000n\000g\000e\000n\000\040\000v\000o\000n\000\040\000T\000e\000i\000l\000m\000e\000n\000g\000e\000n}{section.17.8}% 101
\BOOKMARK [2][-]{subsection.17.8.2}{\376\377\000R\000e\000c\000h\000e\000n\000r\000e\000g\000e\000l\000n\000\040\000f\000\374\000r\000\040\000B\000i\000l\000d\000m\000e\000n\000g\000e\000n}{section.17.8}% 102
\BOOKMARK [2][-]{subsection.17.8.3}{\376\377\000B\000i\000l\000d\000m\000e\000n\000g\000e\000n\000\040\000i\000m\000\040\000K\000o\000n\000t\000e\000x\000t\000\040\000d\000e\000s\000\040\000W\000e\000r\000t\000e\000b\000e\000r\000e\000i\000c\000h\000s}{section.17.8}% 103
\BOOKMARK [1][-]{section.17.9}{\376\377\000U\000r\000b\000i\000l\000d}{chapter.17}% 104
\BOOKMARK [2][-]{subsection.17.9.1}{\376\377\000U\000r\000b\000i\000l\000d\000e\000r\000\040\000l\000i\000e\000g\000e\000n\000\040\000i\000m\000\040\000D\000e\000f\000i\000n\000i\000t\000i\000o\000n\000s\000b\000e\000r\000e\000i\000c\000h}{section.17.9}% 105
\BOOKMARK [2][-]{subsection.17.9.2}{\376\377\000R\000e\000c\000h\000e\000n\000r\000e\000g\000e\000l\000n\000\040\000f\000\374\000r\000\040\000U\000r\000b\000i\000l\000d\000e\000r}{section.17.9}% 106
\BOOKMARK [1][-]{section.17.10}{\376\377\000G\000r\000a\000p\000h\000\040\000e\000i\000n\000e\000r\000\040\000F\000u\000n\000k\000t\000i\000o\000n}{chapter.17}% 107
\BOOKMARK [1][-]{section.17.11}{\376\377\000E\000i\000g\000e\000n\000s\000c\000h\000a\000f\000t\000e\000n\000\040\000v\000o\000n\000\040\000F\000u\000n\000k\000t\000i\000o\000n\000e\000n}{chapter.17}% 108
\BOOKMARK [2][-]{subsection.17.11.1}{\376\377\000I\000n\000j\000e\000k\000t\000i\000v\000i\000t\000\344\000t}{section.17.11}% 109
\BOOKMARK [3][-]{section*.240}{\376\377\000B\000i\000l\000d\000m\000e\000n\000g\000e\000n\000\040\000u\000n\000t\000e\000r\000\040\000i\000n\000j\000e\000k\000t\000i\000v\000e\000n\000\040\000F\000u\000n\000k\000t\000i\000o\000n\000e\000n}{subsection.17.11.1}% 110
\BOOKMARK [3][-]{section*.246}{\376\377\000U\000r\000b\000i\000l\000d\000m\000e\000n\000g\000e\000n\000\040\000u\000n\000t\000e\000r\000\040\000i\000n\000j\000e\000k\000t\000i\000v\000e\000n\000\040\000F\000u\000n\000k\000t\000i\000o\000n\000e\000n}{subsection.17.11.1}% 111
\BOOKMARK [2][-]{subsection.17.11.2}{\376\377\000S\000u\000r\000j\000e\000k\000t\000i\000v\000i\000t\000\344\000t}{section.17.11}% 112
\BOOKMARK [3][-]{section*.256}{\376\377\000S\000u\000r\000j\000e\000k\000t\000i\000o\000n\000\040\000a\000u\000s\000\040\000I\000n\000j\000e\000k\000t\000i\000o\000n\000\040\000b\000e\000i\000\040\000N\000i\000c\000h\000t\000l\000e\000e\000r\000e}{subsection.17.11.2}% 113
\BOOKMARK [3][-]{section*.272}{\376\377\000U\000r\000b\000i\000l\000d\000m\000e\000n\000g\000e\000n\000\040\000u\000n\000t\000e\000r\000\040\000s\000u\000r\000j\000e\000k\000t\000i\000v\000e\000n\000\040\000F\000u\000n\000k\000t\000i\000o\000n\000e\000n}{subsection.17.11.2}% 114
\BOOKMARK [2][-]{subsection.17.11.3}{\376\377\000B\000i\000j\000e\000k\000t\000i\000v\000i\000t\000\344\000t}{section.17.11}% 115
\BOOKMARK [3][-]{section*.282}{\376\377\000U\000r\000b\000i\000l\000d\000m\000e\000n\000g\000e\000n\000\040\000u\000n\000t\000e\000r\000\040\000b\000i\000j\000e\000k\000t\000i\000v\000e\000n\000\040\000F\000u\000n\000k\000t\000i\000o\000n\000e\000n}{subsection.17.11.3}% 116
\BOOKMARK [1][-]{section.17.12}{\376\377\000B\000e\000i\000s\000p\000i\000e\000l\000e\000\040\000v\000o\000n\000\040\000F\000u\000n\000k\000t\000i\000o\000n\000e\000n}{chapter.17}% 117
\BOOKMARK [2][-]{subsection.17.12.1}{\376\377\000K\000o\000n\000s\000t\000a\000n\000t\000e\000\040\000F\000u\000n\000k\000t\000i\000o\000n\000e\000n}{section.17.12}% 118
\BOOKMARK [2][-]{subsection.17.12.2}{\376\377\000F\000a\000l\000l\000u\000n\000t\000e\000r\000s\000c\000h\000e\000i\000d\000u\000n\000g\000s\000a\000b\000b\000i\000l\000d\000u\000n\000g\000e\000n}{section.17.12}% 119
\BOOKMARK [2][-]{subsection.17.12.3}{\376\377\000D\000i\000e\000\040\000I\000d\000e\000n\000t\000i\000t\000\344\000t\000s\000f\000u\000n\000k\000t\000i\000o\000n}{section.17.12}% 120
\BOOKMARK [3][-]{section*.300}{\376\377\000D\000e\000f\000i\000n\000i\000t\000i\000o\000n\000\040\000d\000e\000r\000\040\000I\000d\000e\000n\000t\000i\000t\000\344\000t\000s\000f\000u\000n\000k\000t\000i\000o\000n}{subsection.17.12.3}% 121
\BOOKMARK [3][-]{section*.309}{\376\377\000D\000i\000e\000\040\000B\000i\000j\000e\000k\000t\000i\000o\000n\000s\000e\000i\000g\000e\000n\000s\000c\000h\000a\000f\000t\000e\000n}{subsection.17.12.3}% 122
\BOOKMARK [2][-]{subsection.17.12.4}{\376\377\000D\000i\000e\000\040\000P\000r\000o\000j\000e\000k\000t\000i\000o\000n\000e\000n\000\040\000a\000u\000f\000\040\000d\000i\000e\000\040\000K\000o\000m\000p\000o\000n\000e\000n\000t\000e\000n}{section.17.12}% 123
\BOOKMARK [3][-]{section*.316}{\376\377\000P\000r\000o\000j\000e\000k\000t\000i\000o\000n\000\040\000a\000u\000f\000\040\000d\000i\000e\000\040\000e\000r\000s\000t\000e\000\040\000K\000o\000m\000p\000o\000n\000e\000n\000t\000e}{subsection.17.12.4}% 124
\BOOKMARK [3][-]{section*.327}{\376\377\000P\000r\000o\000j\000e\000k\000t\000i\000o\000n\000\040\000a\000u\000f\000\040\000d\000i\000e\000\040\000z\000w\000e\000i\000t\000e\000\040\000K\000o\000m\000p\000o\000n\000e\000n\000t\000e}{subsection.17.12.4}% 125
\BOOKMARK [3][-]{section*.338}{\376\377\000E\000i\000g\000e\000n\000s\000c\000h\000a\000f\000t\000e\000n\000\040\000v\000o\000n\000\040\000P\000r\000o\000j\000e\000k\000t\000i\000o\000n\000s\000a\000b\000b\000i\000l\000d\000u\000n\000g\000e\000n}{subsection.17.12.4}% 126
\BOOKMARK [2][-]{subsection.17.12.5}{\376\377\000D\000i\000e\000\040\000I\000n\000k\000l\000u\000s\000i\000o\000n\000s\000a\000b\000b\000i\000l\000d\000u\000n\000g}{section.17.12}% 127
\BOOKMARK [3][-]{section*.347}{\376\377\000D\000e\000f\000i\000n\000i\000t\000i\000o\000n\000\040\000d\000e\000r\000\040\000I\000n\000k\000l\000u\000s\000i\000o\000n\000s\000a\000b\000b\000i\000l\000d\000u\000n\000g}{subsection.17.12.5}% 128
\BOOKMARK [3][-]{section*.356}{\376\377\000D\000i\000e\000\040\000I\000n\000j\000e\000k\000t\000i\000v\000i\000t\000\344\000t\000\040\000d\000e\000r\000\040\000I\000n\000k\000l\000u\000s\000i\000o\000n\000s\000a\000b\000b\000i\000l\000d\000u\000n\000g}{subsection.17.12.5}% 129
\BOOKMARK [2][-]{subsection.17.12.6}{\376\377\000D\000i\000e\000\040\000F\000a\000s\000e\000r\000a\000b\000b\000i\000l\000d\000u\000n\000g}{section.17.12}% 130
\BOOKMARK [3][-]{section*.360}{\376\377\000F\000u\000n\000k\000t\000i\000o\000n\000s\000v\000o\000r\000s\000c\000h\000r\000i\000f\000t}{subsection.17.12.6}% 131
\BOOKMARK [3][-]{section*.363}{\376\377\000D\000i\000e\000\040\000F\000a\000s\000e\000r\000\040\000a\000l\000s\000\040\000A\000b\000b\000i\000l\000d\000u\000n\000g}{subsection.17.12.6}% 132
\BOOKMARK [3][-]{section*.368}{\376\377\000D\000i\000e\000\040\000F\000a\000s\000e\000r\000\040\000a\000l\000s\000\040\000M\000e\000n\000g\000e}{subsection.17.12.6}% 133
\BOOKMARK [3][-]{section*.378}{\376\377\000F\000a\000s\000e\000r\000n\000\040\000s\000u\000r\000j\000e\000k\000t\000i\000v\000e\000r\000\040\000A\000b\000b\000i\000l\000d\000u\000n\000g\000e\000n}{subsection.17.12.6}% 134
\BOOKMARK [2][-]{subsection.17.12.7}{\376\377\000D\000i\000e\000\040\000E\000i\000n\000s\000c\000h\000r\000\344\000n\000k\000u\000n\000g\000\040\000e\000i\000n\000e\000r\000\040\000F\000u\000n\000k\000t\000i\000o\000n}{section.17.12}% 135
\BOOKMARK [3][-]{section*.382}{\376\377\000D\000e\000f\000i\000n\000i\000t\000i\000o\000n\000\040\000d\000e\000r\000\040\000e\000i\000n\000g\000e\000s\000c\000h\000r\000\344\000n\000k\000t\000e\000n\000\040\000F\000u\000n\000k\000t\000i\000o\000n\000s\000v\000o\000r\000s\000c\000h\000r\000i\000f\000t}{subsection.17.12.7}% 136
\BOOKMARK [3][-]{section*.385}{\376\377\000D\000i\000e\000\040\000E\000i\000n\000s\000c\000h\000r\000\344\000n\000k\000u\000n\000g\000\040\000a\000l\000s\000\040\000F\000u\000n\000k\000t\000i\000o\000n}{subsection.17.12.7}% 137
\BOOKMARK [3][-]{section*.391}{\376\377\000B\000i\000l\000d\000\040\000d\000e\000r\000\040\000E\000i\000n\000s\000c\000h\000r\000\344\000n\000k\000u\000n\000g}{subsection.17.12.7}% 138
\BOOKMARK [3][-]{section*.393}{\376\377\000D\000i\000e\000\040\000A\000u\000s\000w\000e\000r\000t\000u\000n\000g\000s\000e\000i\000g\000e\000n\000s\000c\000h\000a\000f\000t}{subsection.17.12.7}% 139
\BOOKMARK [3][-]{section*.396}{\376\377\000E\000r\000h\000a\000l\000t\000\040\000v\000o\000n\000\040\000E\000i\000g\000e\000n\000s\000c\000h\000a\000f\000t\000e\000n}{subsection.17.12.7}% 140
\BOOKMARK [3][-]{section*.401}{\376\377\000V\000e\000r\000k\000l\000e\000i\000n\000e\000r\000u\000n\000g\000\040\000d\000e\000r\000\040\000Z\000i\000e\000l\000m\000e\000n\000g\000e}{subsection.17.12.7}% 141
\BOOKMARK [3][-]{section*.406}{\376\377\000E\000i\000n\000s\000c\000h\000r\000\344\000n\000k\000u\000n\000g\000\040\000a\000u\000f\000\040\000d\000a\000s\000\040\000U\000r\000b\000i\000l\000d\000\040\000e\000i\000n\000e\000r\000\040\000T\000e\000i\000l\000m\000e\000n\000g\000e}{subsection.17.12.7}% 142
\BOOKMARK [3][-]{section*.412}{\376\377\000B\000e\000i\000s\000p\000i\000e\000l\000e}{subsection.17.12.7}% 143
\BOOKMARK [2][-]{subsection.17.12.8}{\376\377\000K\000o\000r\000e\000s\000t\000r\000i\000k\000t\000i\000o\000n\000e\000n}{section.17.12}% 144
\BOOKMARK [2][-]{subsection.17.12.9}{\376\377\000D\000i\000e\000\040\000U\000m\000k\000e\000h\000r\000f\000u\000n\000k\000t\000i\000o\000n}{section.17.12}% 145
\BOOKMARK [3][-]{section*.418}{\376\377\000D\000e\000f\000i\000n\000i\000t\000i\000o\000n\000\040\000d\000e\000r\000\040\000U\000m\000k\000e\000h\000r\000f\000u\000n\000k\000t\000i\000o\000n\000s\000v\000o\000r\000s\000c\000h\000r\000i\000f\000t}{subsection.17.12.9}% 146
\BOOKMARK [3][-]{section*.422}{\376\377\000D\000i\000e\000\040\000U\000m\000k\000e\000h\000r\000f\000u\000n\000k\000t\000i\000o\000n\000\040\000a\000l\000s\000\040\000F\000u\000n\000k\000t\000i\000o\000n}{subsection.17.12.9}% 147
\BOOKMARK [3][-]{section*.429}{\376\377\000G\000r\000u\000n\000d\000g\000l\000e\000i\000c\000h\000u\000n\000g\000e\000n\000\040\000d\000e\000r\000\040\000U\000m\000k\000e\000h\000r\000f\000u\000n\000k\000t\000i\000o\000n}{subsection.17.12.9}% 148
\BOOKMARK [3][-]{section*.432}{\376\377\000M\000e\000n\000g\000e\000n\000b\000e\000z\000o\000g\000e\000n\000e\000\040\000G\000r\000u\000n\000d\000g\000l\000e\000i\000c\000h\000u\000n\000g\000e\000n\000\040\000d\000e\000r\000\040\000U\000m\000k\000e\000h\000r\000f\000u\000n\000k\000t\000i\000o\000n}{subsection.17.12.9}% 149
\BOOKMARK [3][-]{section*.434}{\376\377\000D\000i\000e\000\040\000B\000i\000j\000e\000k\000t\000i\000o\000n\000s\000e\000i\000g\000e\000n\000s\000c\000h\000a\000f\000t\000e\000n\000\040\000d\000e\000r\000\040\000U\000m\000k\000e\000h\000r\000f\000u\000n\000k\000t\000i\000o\000n}{subsection.17.12.9}% 150
\BOOKMARK [3][-]{section*.439}{\376\377\000W\000e\000i\000t\000e\000r\000e\000\040\000E\000i\000g\000e\000n\000s\000c\000h\000a\000f\000t\000e\000n}{subsection.17.12.9}% 151
\BOOKMARK [2][-]{subsection.17.12.10}{\376\377\000D\000i\000e\000\040\000K\000o\000m\000p\000o\000s\000i\000t\000i\000o\000n\000\040\000v\000o\000n\000\040\000F\000u\000n\000k\000t\000i\000o\000n\000e\000n}{section.17.12}% 152
\BOOKMARK [3][-]{section*.442}{\376\377\000F\000u\000n\000k\000t\000i\000o\000n\000s\000v\000o\000r\000s\000c\000h\000r\000i\000f\000t\000\040\000u\000n\000d\000\040\000T\000y\000p\000i\000s\000i\000e\000r\000u\000n\000g}{subsection.17.12.10}% 153
\BOOKMARK [3][-]{section*.445}{\376\377\000D\000i\000e\000\040\000K\000o\000m\000p\000o\000s\000i\000t\000i\000o\000n\000\040\000a\000l\000s\000\040\000F\000u\000n\000k\000t\000i\000o\000n}{subsection.17.12.10}% 154
\BOOKMARK [3][-]{section*.447}{\376\377\000D\000e\000f\000i\000n\000i\000t\000i\000o\000n\000\040\000u\000n\000d\000\040\000G\000r\000u\000n\000d\000g\000l\000e\000i\000c\000h\000u\000n\000g\000\040\000d\000e\000r\000\040\000K\000o\000m\000p\000o\000s\000i\000t\000i\000o\000n}{subsection.17.12.10}% 155
\BOOKMARK [3][-]{section*.455}{\376\377\000I\000n\000k\000l\000u\000s\000i\000o\000n\000s\000a\000b\000b\000i\000l\000d\000u\000n\000g\000\040\000u\000n\000d\000\040\000K\000o\000m\000p\000o\000s\000i\000t\000i\000o\000n}{subsection.17.12.10}% 156
\BOOKMARK [3][-]{section*.457}{\376\377\000D\000i\000e\000\040\000A\000u\000s\000w\000e\000r\000t\000u\000n\000g\000s\000e\000i\000g\000e\000n\000s\000c\000h\000a\000f\000t}{subsection.17.12.10}% 157
\BOOKMARK [3][-]{section*.461}{\376\377\000E\000r\000h\000a\000l\000t\000\040\000d\000e\000r\000\040\000I\000n\000j\000e\000k\000t\000i\000v\000i\000t\000\344\000t}{subsection.17.12.10}% 158
\BOOKMARK [3][-]{section*.465}{\376\377\000E\000r\000h\000a\000l\000t\000\040\000d\000e\000r\000\040\000S\000u\000r\000j\000e\000k\000t\000i\000v\000i\000t\000\344\000t}{subsection.17.12.10}% 159
\BOOKMARK [3][-]{section*.468}{\376\377\000E\000r\000h\000a\000l\000t\000\040\000d\000e\000r\000\040\000B\000i\000j\000e\000k\000t\000i\000v\000i\000t\000\344\000t}{subsection.17.12.10}% 160
\BOOKMARK [3][-]{section*.470}{\376\377\000K\000o\000m\000p\000o\000s\000i\000t\000i\000o\000n\000\040\000m\000i\000t\000\040\000I\000n\000k\000l\000u\000s\000i\000o\000n\000e\000n\000\040\000u\000n\000d\000\040\000E\000i\000n\000s\000c\000h\000r\000\344\000n\000k\000u\000n\000g}{subsection.17.12.10}% 161
\BOOKMARK [3][-]{section*.472}{\376\377\000R\000e\000c\000h\000e\000n\000r\000e\000g\000e\000l\000n}{subsection.17.12.10}% 162
\BOOKMARK [3][-]{section*.482}{\376\377\000E\000i\000g\000e\000n\000s\000c\000h\000a\000f\000t\000e\000n\000\040\000d\000e\000r\000\040\000K\000o\000m\000p\000o\000n\000e\000n\000t\000e\000n}{subsection.17.12.10}% 163
\BOOKMARK [2][-]{subsection.17.12.11}{\376\377\000D\000i\000e\000\040\000i\000n\000d\000u\000z\000i\000e\000r\000t\000e\000\040\000P\000o\000t\000e\000n\000z\000m\000e\000n\000g\000e\000n\000a\000b\000b\000i\000l\000d\000u\000n\000g}{section.17.12}% 164
\BOOKMARK [2][-]{subsection.17.12.12}{\376\377\000S\000p\000u\000r\000a\000b\000b\000i\000l\000d\000u\000n\000g\000e\000n\000\040\000m\000e\000n\000g\000e\000n\000w\000e\000r\000t\000i\000g\000e\000r\000\040\000F\000u\000n\000k\000t\000i\000o\000n\000e\000n}{section.17.12}% 165
\BOOKMARK [2][-]{subsection.17.12.13}{\376\377\000Q\000u\000o\000t\000i\000e\000n\000t\000e\000n\000p\000r\000o\000j\000e\000k\000t\000i\000o\000n\000e\000n\000\040\000u\000n\000d\000\040\000Q\000u\000o\000t\000i\000e\000n\000t\000e\000n\000b\000i\000l\000d\000a\000b\000b\000i\000l\000d\000u\000n\000g\000e\000n}{section.17.12}% 166
\BOOKMARK [3][-]{section*.520}{\376\377\000C\000h\000a\000r\000a\000k\000t\000e\000r\000i\000s\000i\000e\000r\000u\000n\000g\000\040\000d\000e\000r\000\040\000Q\000u\000o\000t\000i\000e\000n\000t\000e\000n\000b\000i\000l\000d\000a\000b\000b\000i\000l\000d\000u\000n\000g}{subsection.17.12.13}% 167
\BOOKMARK [2][-]{subsection.17.12.14}{\376\377\000E\000r\000w\000e\000i\000t\000e\000r\000u\000n\000g\000\040\000e\000i\000n\000e\000r\000\040\000A\000b\000b\000i\000l\000d\000u\000n\000g\000\040\000u\000m\000\040\000e\000i\000n\000e\000n\000\040\000P\000u\000n\000k\000t}{section.17.12}% 168
\BOOKMARK [2][-]{subsection.17.12.15}{\376\377\000D\000i\000e\000\040\000A\000d\000j\000u\000n\000k\000t\000i\000o\000n\000s\000a\000b\000b\000i\000l\000d\000u\000n\000g\000\040\000e\000i\000n\000e\000r\000\040\000M\000e\000n\000g\000e\000n\000f\000a\000m\000i\000l\000i\000e}{section.17.12}% 169
\BOOKMARK [2][-]{subsection.17.12.16}{\376\377\000A\000b\000b\000i\000l\000d\000u\000n\000g\000e\000n\000\040\000m\000i\000t\000\040\000l\000e\000e\000r\000e\000m\000\040\000D\000e\000f\000i\000n\000i\000t\000i\000o\000n\000s\000-\000\040\000o\000d\000e\000r\000\040\000Z\000i\000e\000l\000b\000e\000r\000e\000i\000c\000h}{section.17.12}% 170
\BOOKMARK [1][-]{section.17.13}{\376\377\000G\000l\000e\000i\000c\000h\000m\000\344\000c\000h\000t\000i\000g\000k\000e\000i\000t}{chapter.17}% 171
\BOOKMARK [0][-]{chapter.18}{\376\377\000D\000a\000s\000\040\000A\000u\000s\000w\000a\000h\000l\000p\000r\000i\000n\000z\000i\000p}{}% 172
\BOOKMARK [1][-]{section.18.1}{\376\377\000V\000o\000n\000\040\000d\000e\000r\000\040\000S\000u\000r\000j\000e\000k\000t\000i\000o\000n\000s\000f\000o\000r\000m\000\040\000z\000u\000r\000\040\000R\000e\000l\000a\000t\000i\000o\000n\000s\000f\000o\000r\000m}{chapter.18}% 173
\BOOKMARK [1][-]{section.18.2}{\376\377\000R\000e\000l\000a\000t\000i\000o\000n\000s\000f\000o\000r\000m\000\040\000n\000a\000c\000h\000\040\000F\000a\000m\000i\000l\000i\000e\000n\000f\000o\000r\000m}{chapter.18}% 174
\BOOKMARK [1][-]{section.18.3}{\376\377\000F\000a\000m\000i\000l\000i\000e\000n\000f\000o\000r\000m\000\040\000n\000a\000c\000h\000\040\000S\000u\000r\000j\000e\000k\000t\000i\000o\000n\000s\000f\000o\000r\000m}{chapter.18}% 175
\BOOKMARK [2][-]{subsection.18.3.1}{\376\377\000D\000i\000e\000\040\000S\000e\000k\000t\000i\000o\000n\000\040\000z\000u\000\040\000e\000i\000n\000e\000r\000\040\000s\000u\000r\000j\000e\000k\000t\000i\000v\000e\000n\000\040\000F\000u\000n\000k\000t\000i\000o\000n}{section.18.3}% 176
\BOOKMARK [3][-]{section*.571}{\376\377\000D\000i\000e\000\040\000A\000u\000s\000w\000a\000h\000l\000t\000e\000r\000m\000v\000o\000r\000s\000c\000h\000r\000i\000f\000t}{subsection.18.3.1}% 177
\BOOKMARK [3][-]{section*.575}{\376\377\000D\000i\000e\000\040\000S\000e\000k\000t\000i\000o\000n\000\040\000a\000l\000s\000\040\000F\000u\000n\000k\000t\000i\000o\000n}{subsection.18.3.1}% 178
\BOOKMARK [2][-]{subsection.18.3.2}{\376\377\000A\000x\000i\000o\000m\000a\000t\000i\000s\000c\000h\000e\000\040\000F\000e\000s\000t\000l\000e\000g\000u\000n\000g}{section.18.3}% 179
\BOOKMARK [2][-]{subsection.18.3.3}{\376\377\000F\000o\000l\000g\000e\000r\000u\000n\000g\000e\000n}{section.18.3}% 180
\BOOKMARK [3][-]{section*.587}{\376\377\000W\000o\000h\000l\000o\000r\000d\000n\000u\000n\000g\000s\000s\000a\000t\000z}{subsection.18.3.3}% 181
\BOOKMARK [3][-]{section*.603}{\376\377\000I\000n\000j\000e\000k\000t\000i\000o\000n\000\040\000a\000u\000s\000\040\000S\000u\000r\000j\000e\000k\000t\000i\000o\000n\000\040\000\050\000v\000i\000a\000\040\000S\000e\000k\000t\000i\000o\000n\000\051}{subsection.18.3.3}% 182
\BOOKMARK [0][-]{chapter.19}{\376\377\000K\000o\000n\000s\000t\000r\000u\000k\000t\000i\000o\000n\000\040\000d\000e\000r\000\040\000n\000a\000t\000\374\000r\000l\000i\000c\000h\000e\000n\000\040\000Z\000a\000h\000l\000e\000n}{}% 183
\BOOKMARK [1][-]{section.19.1}{\376\377\000A\000x\000i\000o\000m\000\040\000d\000e\000r\000\040\000U\000n\000e\000n\000d\000l\000i\000c\000h\000k\000e\000i\000t}{chapter.19}% 184
\BOOKMARK [1][-]{section.19.2}{\376\377\000N\000a\000c\000h\000f\000o\000l\000g\000e\000r\000\040\000u\000n\000d\000\040\000i\000n\000d\000u\000k\000t\000i\000v\000e\000\040\000M\000e\000n\000g\000e\000n}{chapter.19}% 185
\BOOKMARK [2][-]{subsection.19.2.1}{\376\377\000I\000n\000d\000u\000k\000t\000i\000v\000e\000\040\000M\000e\000n\000g\000e\000n}{section.19.2}% 186
\BOOKMARK [2][-]{subsection.19.2.2}{\376\377\000D\000i\000e\000\040\000N\000a\000c\000h\000f\000o\000l\000g\000e\000r\000-\000F\000u\000n\000k\000t\000i\000o\000n}{section.19.2}% 187
\BOOKMARK [3][-]{section*.610}{\376\377\000D\000e\000f\000i\000n\000i\000t\000i\000o\000n\000\040\000d\000e\000r\000\040\000N\000a\000c\000h\000f\000o\000l\000g\000e\000r\000f\000u\000n\000k\000t\000i\000o\000n}{subsection.19.2.2}% 188
\BOOKMARK [1][-]{section.19.3}{\376\377\000K\000o\000n\000s\000t\000r\000u\000k\000t\000i\000o\000n\000\040\000d\000e\000r\000\040\000n\000a\000t\000\374\000r\000l\000i\000c\000h\000e\000n\000\040\000Z\000a\000h\000l\000e\000n}{chapter.19}% 189
\BOOKMARK [1][-]{section.19.4}{\376\377\000E\000i\000g\000e\000n\000s\000c\000h\000a\000f\000t\000e\000n\000\040\000d\000e\000r\000\040\000M\000e\000n\000g\000e\000\040\000d\000e\000r\000\040\000n\000a\000t\000\374\000r\000l\000i\000c\000h\000e\000n\000\040\000Z\000a\000h\000l\000e\000n}{chapter.19}% 190
\BOOKMARK [2][-]{subsection.19.4.1}{\376\377\000I\000n\000d\000u\000k\000t\000i\000v\000i\000t\000\344\000t\000\040\000d\000e\000r\000\040\000M\000e\000n\000g\000e\000\040\000d\000e\000r\000\040\000n\000a\000t\000\374\000r\000l\000i\000c\000h\000e\000n\000\040\000Z\000a\000h\000l\000e\000n}{section.19.4}% 191
\BOOKMARK [2][-]{subsection.19.4.2}{\376\377\000D\000i\000e\000\040\000N\000a\000c\000h\000f\000o\000l\000g\000e\000r\000f\000u\000n\000k\000t\000i\000o\000n}{section.19.4}% 192
\BOOKMARK [3][-]{section*.622}{\376\377\000M\000e\000n\000g\000e\000n\000-\000t\000h\000e\000o\000r\000e\000t\000i\000s\000c\000h\000e\000\040\000E\000i\000g\000e\000n\000s\000c\000h\000a\000f\000t\000e\000n\000\040\000d\000e\000r\000\040\000N\000a\000c\000h\000f\000o\000l\000g\000e\000r\000m\000e\000n\000g\000e}{subsection.19.4.2}% 193
\BOOKMARK [2][-]{subsection.19.4.3}{\376\377\000M\000i\000n\000i\000m\000a\000l\000i\000t\000\344\000t\000\040\000d\000e\000r\000\040\000M\000e\000n\000g\000e\000\040\000d\000e\000r\000\040\000n\000a\000t\000\374\000r\000l\000i\000c\000h\000e\000n\000\040\000Z\000a\000h\000l\000e\000n}{section.19.4}% 194
\BOOKMARK [1][-]{section.19.5}{\376\377\000H\000e\000r\000l\000e\000i\000t\000u\000n\000g\000\040\000d\000e\000r\000\040\000P\000e\000a\000n\000o\000-\000A\000x\000i\000o\000m\000e}{chapter.19}% 195
\BOOKMARK [2][-]{subsection.19.5.1}{\376\377\000D\000a\000s\000\040\000N\000u\000l\000l\000-\000A\000x\000i\000o\000m}{section.19.5}% 196
\BOOKMARK [2][-]{subsection.19.5.2}{\376\377\000N\000a\000c\000h\000f\000o\000l\000g\000e\000r\040\021\000A\000x\000i\000o\000m}{section.19.5}% 197
\BOOKMARK [2][-]{subsection.19.5.3}{\376\377\000K\000e\000i\000n\000\040\000V\000o\000r\000g\000\344\000n\000g\000e\000r\000\040\000v\000o\000n\000\040\000N\000u\000l\000l}{section.19.5}% 198
\BOOKMARK [2][-]{subsection.19.5.4}{\376\377\000I\000n\000j\000e\000k\000t\000i\000v\000i\000t\000\344\000t\000\040\000d\000e\000r\000\040\000N\000a\000c\000h\000f\000o\000l\000g\000e\000r\000f\000u\000n\000k\000t\000i\000o\000n}{section.19.5}% 199
\BOOKMARK [2][-]{subsection.19.5.5}{\376\377\000I\000n\000d\000u\000k\000t\000i\000o\000n\000s\000p\000r\000i\000n\000z\000i\000p}{section.19.5}% 200
\BOOKMARK [1][-]{section.19.6}{\376\377\000G\000r\000u\000n\000d\000l\000e\000g\000e\000n\000d\000e\000\040\000E\000i\000g\000e\000n\000s\000c\000h\000a\000f\000t\000e\000n\000\040\000v\000o\000n\000\040\000F\000u\000n\000k\000t\000i\000o\000n\000e\000n\000\040\000a\000u\000f\000\040\000u\000n\000d\000\040\000i\000n\000\040\000d\000i\000e\000\040\000n\000a\000t\000\374\000r\000l\000i\000c\000h\000e\000n\000\040\000Z\000a\000h\000l\000e\000n}{chapter.19}% 201
\BOOKMARK [2][-]{subsection.19.6.1}{\376\377\000F\000u\000n\000k\000t\000i\000o\000n\000e\000n\000\040\000v\000o\000n\000\040\000N}{section.19.6}% 202
\BOOKMARK [2][-]{subsection.19.6.2}{\376\377\000I\000n\000j\000e\000k\000t\000i\000v\000e\000\040\000F\000u\000n\000k\000t\000i\000o\000n\000e\000n\000\040\000v\000o\000n\000\040\000N}{section.19.6}% 203
\BOOKMARK [2][-]{subsection.19.6.3}{\376\377\000S\000u\000r\000j\000e\000k\000t\000i\000v\000e\000\040\000F\000u\000n\000k\000t\000i\000o\000n\000e\000n\000\040\000v\000o\000n\000\040\000N}{section.19.6}% 204
\BOOKMARK [2][-]{subsection.19.6.4}{\376\377\000B\000i\000j\000e\000k\000t\000i\000v\000e\000\040\000F\000u\000n\000k\000t\000i\000o\000n\000e\000n\000\040\000v\000o\000n\000\040\000N}{section.19.6}% 205
\BOOKMARK [1][-]{section.19.7}{\376\377\000A\000n\000w\000e\000n\000d\000u\000n\000g\000e\000n\000\040\000d\000e\000s\000\040\000I\000n\000d\000u\000k\000t\000i\000o\000n\000s\000p\000r\000i\000n\000z\000i\000p\000s}{chapter.19}% 206
\BOOKMARK [2][-]{subsection.19.7.1}{\376\377\000T\000r\000a\000n\000s\000i\000t\000i\000v\000i\000t\000\344\000t\000s\000k\000e\000t\000t\000e}{section.19.7}% 207
\BOOKMARK [2][-]{subsection.19.7.2}{\376\377\000D\000i\000e\000\040\000V\000o\000r\000g\000\344\000n\000g\000e\000r\000f\000u\000n\000k\000t\000i\000o\000n}{section.19.7}% 208
\BOOKMARK [2][-]{subsection.19.7.3}{\376\377\000K\000e\000i\000n\000e\000\040\000S\000e\000l\000b\000s\000t\000m\000i\000t\000g\000l\000i\000e\000d\000s\000c\000h\000a\000f\000t\000\040\000i\000n\000\040\000d\000e\000n\000\040\000n\000a\000t\000\374\000r\000l\000i\000c\000h\000e\000n\000\040\000Z\000a\000h\000l\000e\000n}{section.19.7}% 209
\BOOKMARK [2][-]{subsection.19.7.4}{\376\377\000W\000e\000i\000t\000e\000r\000e\000\040\000E\000i\000g\000e\000n\000s\000c\000h\000a\000f\000t\000e\000n}{section.19.7}% 210
\BOOKMARK [1][-]{section.19.8}{\376\377\000M\000i\000t\000g\000l\000i\000e\000d\000s\000c\000h\000a\000f\000t\000\040\000u\000n\000d\000\040\000\050\000e\000c\000h\000t\000e\000\051\000\040\000T\000e\000i\000l\000m\000e\000n\000g\000e\000n\000r\000e\000l\000a\000t\000i\000o\000n}{chapter.19}% 211
\BOOKMARK [1][-]{section.19.9}{\376\377\000N\000a\000t\000\374\000r\000l\000i\000c\000h\000e\000\040\000O\000r\000d\000n\000u\000n\000g}{chapter.19}% 212
\BOOKMARK [1][-]{section.19.10}{\376\377\000W\000o\000h\000l\000o\000r\000d\000n\000u\000n\000g\000s\000p\000r\000i\000n\000z\000i\000p}{chapter.19}% 213
\BOOKMARK [1][-]{section.19.11}{\376\377\000B\000e\000i\000s\000p\000i\000e\000l\000e\000\040\000v\000o\000n\000\040\000F\000u\000n\000k\000t\000i\000o\000n\000e\000n}{chapter.19}% 214
\BOOKMARK [2][-]{subsection.19.11.1}{\376\377\000E\000n\000t\000f\000e\000r\000n\000e\000n\000\040\000e\000i\000n\000e\000s\000\040\000E\000l\000e\000m\000e\000n\000t\000s\000\040\000a\000u\000s\000\040\000d\000e\000n\000\040\000n\000a\000t\000\374\000r\000l\000i\000c\000h\000e\000n\000\040\000Z\000a\000h\000l\000e\000n}{section.19.11}% 215
\BOOKMARK [2][-]{subsection.19.11.2}{\376\377\000A\000b\000s\000t\000i\000e\000g\000\040\000v\000o\000m\000\040\000N\000a\000c\000h\000f\000o\000l\000g\000e\000r}{section.19.11}% 216
\BOOKMARK [0][-]{chapter.20}{\376\377\000E\000n\000d\000l\000i\000c\000h\000e\000\040\000M\000e\000n\000g\000e\000n}{}% 217
\BOOKMARK [1][-]{section.20.1}{\376\377\000A\000x\000i\000o\000m\000a\000t\000i\000s\000c\000h\000e\000r\000\040\000B\000e\000g\000r\000i\000f\000f\000\040\000d\000e\000r\000\040\000E\000n\000d\000l\000i\000c\000h\000k\000e\000i\000t}{chapter.20}% 218
\BOOKMARK [1][-]{section.20.2}{\376\377\000V\000o\000n\000\040\000d\000e\000r\000\040\000E\000n\000d\000l\000i\000c\000h\000k\000e\000i\000t\000\040\000u\000n\000a\000b\000h\000\344\000n\000g\000i\000g\000e\000\040\000H\000i\000l\000f\000s\000s\000\344\000t\000z\000e}{chapter.20}% 219
\BOOKMARK [2][-]{subsection.20.2.1}{\376\377\000A\000d\000j\000u\000n\000k\000t\000i\000o\000n\000\040\000e\000i\000n\000e\000r\000\040\000B\000i\000j\000e\000k\000t\000i\000o\000n}{section.20.2}% 220
\BOOKMARK [2][-]{subsection.20.2.2}{\376\377\000A\000d\000j\000u\000n\000k\000t\000i\000o\000n\000\040\000e\000i\000n\000e\000s\000\040\000n\000e\000u\000e\000n\000\040\000E\000l\000e\000m\000e\000n\000t\000s}{section.20.2}% 221
\BOOKMARK [1][-]{section.20.3}{\376\377\000B\000i\000j\000e\000k\000t\000i\000o\000n\000s\000c\000h\000a\000r\000a\000k\000t\000e\000r\000i\000s\000i\000e\000r\000u\000n\000g\000\040\000d\000e\000r\000\040\000E\000n\000d\000l\000i\000c\000h\000k\000e\000i\000t}{chapter.20}% 222
