This is LuaHBTeX, Version 1.24.0 (MiKTeX 26.2) (format=lualatex 2026.5.2)  10 JUL 2026 21:57
 restricted system commands enabled.
**B03.tex
(./B03.tex
LaTeX2e <2025-11-01>
L3 programming layer <2026-03-20>
Lua module: luaotfload 2024-12-03 v3.29 Lua based OpenType font support
Lua module: lualibs 2023-07-13 v2.76 ConTeXt Lua standard libraries.
Lua module: lualibs-extended 2023-07-13 v2.76 ConTeXt Lua libraries -- extended 
collection.
luaotfload | conf : Root cache directory is "C:/Users/Martin Kunze/AppData/Local
/MiKTeX/luatex-cache/generic/names".
luaotfload | init : Loading fontloader "fontloader-2023-12-28.lua" from kpse-res
olved path "C:/Users/Martin Kunze/AppData/Local/Programs/MiKTeX/tex/luatex/luaot
fload/fontloader-2023-12-28.lua".
Lua-only attribute luaotfload@noligature = 1
luaotfload | init : Context OpenType loader version 3.134
Inserting `luaotfload.node_processor' in `pre_linebreak_filter'.
Inserting `luaotfload.node_processor' in `hpack_filter'.
Inserting `luaotfload.glyph_stream' in `glyph_stream_provider'.
Inserting `luaotfload.define_font' in `define_font'.
Lua-only attribute luaotfload_color_attribute = 2
luaotfload | conf : Root cache directory is "C:/Users/Martin Kunze/AppData/Local
/MiKTeX/luatex-cache/generic/names".
Inserting `luaotfload.harf.strip_prefix' in `find_opentype_file'.
Inserting `luaotfload.harf.strip_prefix' in `find_truetype_file'.
Removing  `luaotfload.glyph_stream' from `glyph_stream_provider'.
Inserting `luaotfload.harf.glyphstream' in `glyph_stream_provider'.
Inserting `luaotfload.harf.finalize_vlist' in `post_linebreak_filter'.
Inserting `luaotfload.harf.finalize_hlist' in `hpack_filter'.
Inserting `luaotfload.cleanup_files' in `wrapup_run'.
Inserting `luaotfload.harf.finalize_unicode' in `finish_pdffile'.
Inserting `luaotfload.glyphinfo' in `glyph_info'.
Lua-only attribute luaotfload.letterspace_done = 3
Inserting `luaotfload.aux.set_sscale_dimens' in `luaotfload.patch_font'.
Inserting `luaotfload.aux.set_font_index' in `luaotfload.patch_font'.
Inserting `luaotfload.aux.patch_cambria_domh' in `luaotfload.patch_font'.
Inserting `luaotfload.aux.fixup_fontdata' in `luaotfload.patch_font_unsafe'.
Inserting `luaotfload.aux.set_capheight' in `luaotfload.patch_font'.
Inserting `luaotfload.aux.set_xheight' in `luaotfload.patch_font'.
Inserting `luaotfload.rewrite_fontname' in `luaotfload.patch_font'.
Inserting `tracingstacklevels' in `input_level_string'.
("C:/Users/Martin Kunze/AppData/Local/Programs/MiKTeX/tex/latex/subfiles/subfil
es.cls"
Document Class: subfiles 2020/11/14 v2.2 Multi-file projects (class)
Preamble taken from file `main.tex'

("C:/Users/Martin Kunze/AppData/Local/Programs/MiKTeX/tex/latex/import/import.s
ty"
Package: import 2020/04/01  v 6.2
) (./main.tex
("C:/Users/Martin Kunze/AppData/Local/Programs/MiKTeX/tex/latex/base/report.cls
"
Document Class: report 2025/01/22 v1.4n Standard LaTeX document class
("C:/Users/Martin Kunze/AppData/Local/Programs/MiKTeX/tex/latex/base/size11.clo
"
File: size11.clo 2025/01/22 v1.4n Standard LaTeX file (size option)
luaotfload | db : Font names database loaded from C:/Users/Martin Kunze/AppData/
Local/MiKTeX/luatex-cache/generic/names/luaotfload-names.luc.gz)
\c@part=\count273
\c@chapter=\count274
\c@section=\count275
\c@subsection=\count276
\c@subsubsection=\count277
\c@paragraph=\count278
\c@subparagraph=\count279
\c@figure=\count280
\c@table=\count281
\abovecaptionskip=\skip49
\belowcaptionskip=\skip50
\bibindent=\dimen149
)
("C:/Users/Martin Kunze/AppData/Local/Programs/MiKTeX/tex/generic/babel/babel.s
ty"
Package: babel 2026/03/24 v26.5 The multilingual framework for LuaLaTeX, pdfLaT
eX and XeLaTeX

("C:/Users/Martin Kunze/AppData/Local/Programs/MiKTeX/tex/generic/babel/luababe
l.def"
\bbl@readstream=\read2
\l@afrikaans=\language2
Package babel Info: Non-standard hyphenation setup on input line 118.
\l@ancientgreek=\language3
\l@armenian=\language4
\l@assamese=\language5
\l@basque=\language6
\l@belarusian=\language7
\l@bengali=\language8
\l@bokmal=\language9
\l@bulgarian=\language10
\l@catalan=\language11
\l@churchslavonic=\language12
\l@classiclatin=\language13
\l@coptic=\language14
\l@croatian=\language15
\l@czech=\language16
\l@danish=\language17
\l@dutch=\language18
\l@esperanto=\language19
\l@estonian=\language20
\l@ethiopic=\language21
\l@finnish=\language22
\l@french=\language23
\l@friulan=\language24
\l@galician=\language25
\l@georgian=\language26
\l@german=\language27
\l@greek=\language28
\l@gujarati=\language29
\l@hindi=\language30
\l@hungarian=\language31
\l@icelandic=\language32
\l@indonesian=\language33
\l@interlingua=\language34
\l@irish=\language35
\l@italian=\language36
\l@kannada=\language37
\l@kurmanji=\language38
\l@latin=\language39
\l@latvian=\language40
\l@lithuanian=\language41
\l@liturgicallatin=\language42
\l@macedonian=\language43
\l@malayalam=\language44
\l@marathi=\language45
\l@mongolian=\language46
\l@mongolianlmc=\language47
\l@monogreek=\language48
\l@ngerman=\language49
\l@nynorsk=\language50
\l@occitan=\language51
\l@oriya=\language52
\l@pali=\language53
\l@panjabi=\language54
\l@piedmontese=\language55
\l@polish=\language56
\l@portuguese=\language57
\l@romanian=\language58
\l@romansh=\language59
\l@russian=\language60
\l@sanskrit=\language61
\l@serbian=\language62
\l@serbianc=\language63
\l@slovak=\language64
\l@slovenian=\language65
\l@spanish=\language66
\l@swedish=\language67
\l@swissgerman=\language68
\l@tamil=\language69
\l@telugu=\language70
\l@thai=\language71
\l@turkish=\language72
\l@turkmen=\language73
\l@ukenglish=\language74
\l@ukrainian=\language75
\l@uppersorbian=\language76
\l@usenglishmax=\language77
\l@welsh=\language78
\babelcatcodetablenum=\catcodetable14
\bbl@pattcodes=\catcodetable15
)
\babel@savecnt=\count282
LaTeX Encoding Info:    Redeclaring text command \ij (encoding OT1) on input li
ne 2078.
LaTeX Encoding Info:    Redeclaring text command \IJ (encoding OT1) on input li
ne 2080.
LaTeX Encoding Info:    Redeclaring text command \ij (encoding T1) on input lin
e 2082.
LaTeX Encoding Info:    Redeclaring text command \IJ (encoding T1) on input lin
e 2083.
LaTeX Encoding Info:    Ignoring declaration for text command \ij (encoding ?) 
on input line 2084.
LaTeX Encoding Info:    Ignoring declaration for text command \IJ (encoding ?) 
on input line 2086.
LaTeX Encoding Info:    Ignoring declaration for text command \SS (encoding ?) 
on input line 2111.
\U@D=\dimen150
\l@unhyphenated=\language79

("C:/Users/Martin Kunze/AppData/Local/Programs/MiKTeX/tex/generic/babel/luababe
l.def"
\bbl@attr@locale=\attribute4
)
Package babel Info: Configuration files are deprecated, as
(babel)             they can break document portability.
(babel)             Reported on input line 4206.

*************************************
* Local config file bblopts.cfg used
*

("C:/Users/Martin Kunze/AppData/Local/Programs/MiKTeX/tex/latex/arabi/bblopts.c
fg"
File: bblopts.cfg 2005/09/08 v0.1 add Arabic and Farsi to "declared" options of
 babel
)
("C:/Users/Martin Kunze/AppData/Local/Programs/MiKTeX/tex/generic/babel/locale/
de/babel-german.tex")
Package babel Info: Importing font and identification data for german
(babel)             from babel-de.ini. Reported on input line 4330.

("C:/Users/Martin Kunze/AppData/Local/Programs/MiKTeX/tex/latex/babel-german/ge
rman.ldf"
Language: german 

("C:/Users/Martin Kunze/AppData/Local/Programs/MiKTeX/tex/latex/babel-german/ba
bel-german.def"
Package babel Info: Making " an active character on input line 500.

("C:/Users/Martin Kunze/AppData/Local/Programs/MiKTeX/tex/generic/hyph-utf8/loa
dhyph/loadhyph-de-1901.tex"
UTF-8 German hyphenation patterns (traditional orthography)
("C:/Users/Martin Kunze/AppData/Local/Programs/MiKTeX/tex/generic/hyph-utf8/pat
terns/tex/hyph-de-1901.tex"
German Hyphenation Patterns (Traditional Orthography) `dehypht-x' 2024-02-28 (W
L))))))
("C:/Users/Martin Kunze/AppData/Local/Programs/MiKTeX/tex/latex/csquotes/csquot
es.sty"
Package: csquotes 2024-04-04 v5.2o context-sensitive quotations (JAW)

("C:/Users/Martin Kunze/AppData/Local/Programs/MiKTeX/tex/latex/etoolbox/etoolb
ox.sty"
Package: etoolbox 2025/10/02 v2.5m e-TeX tools for LaTeX (JAW)
\etb@tempcnta=\count283
)
("C:/Users/Martin Kunze/AppData/Local/Programs/MiKTeX/tex/latex/graphics/keyval
.sty"
Package: keyval 2022/05/29 v1.15 key=value parser (DPC)
\KV@toks@=\toks17
)
\csq@reset=\count284
\csq@gtype=\count285
\csq@glevel=\count286
\csq@qlevel=\count287
\csq@maxlvl=\count288
\csq@tshold=\count289
\csq@ltx@everypar=\toks18

("C:/Users/Martin Kunze/AppData/Local/Programs/MiKTeX/tex/latex/csquotes/csquot
es.def"
File: csquotes.def 2024-04-04 v5.2o csquotes generic definitions (JAW)
)
Package csquotes Info: Trying to load configuration file 'csquotes.cfg'...
Package csquotes Info: ... configuration file loaded successfully.

("C:/Users/Martin Kunze/AppData/Local/Programs/MiKTeX/tex/latex/csquotes/csquot
es.cfg"
File: csquotes.cfg 
))
("C:/Users/Martin Kunze/AppData/Local/Programs/MiKTeX/tex/latex/amsmath/amsmath
.sty"
Package: amsmath 2025/07/09 v2.17z AMS math features
\@mathmargin=\skip51

For additional information on amsmath, use the `?' option.

("C:/Users/Martin Kunze/AppData/Local/Programs/MiKTeX/tex/latex/amsmath/amstext
.sty"
Package: amstext 2024/11/17 v2.01 AMS text

("C:/Users/Martin Kunze/AppData/Local/Programs/MiKTeX/tex/latex/amsmath/amsgen.
sty"
File: amsgen.sty 1999/11/30 v2.0 generic functions
\@emptytoks=\toks19
\ex@=\dimen151
))
("C:/Users/Martin Kunze/AppData/Local/Programs/MiKTeX/tex/latex/amsmath/amsbsy.
sty"
Package: amsbsy 1999/11/29 v1.2d Bold Symbols
\pmbraise@=\dimen152
)
("C:/Users/Martin Kunze/AppData/Local/Programs/MiKTeX/tex/latex/amsmath/amsopn.
sty"
Package: amsopn 2022/04/08 v2.04 operator names
)
\inf@bad=\count290
LaTeX Info: Redefining \frac on input line 235.
\uproot@=\count291
\leftroot@=\count292
LaTeX Info: Redefining \overline on input line 398.
LaTeX Info: Redefining \colon on input line 409.
\classnum@=\count293
\DOTSCASE@=\count294
LaTeX Info: Redefining \ldots on input line 495.
LaTeX Info: Redefining \dots on input line 498.
LaTeX Info: Redefining \cdots on input line 619.
\Mathstrutbox@=\box53
\strutbox@=\box54
LaTeX Info: Redefining \big on input line 721.
LaTeX Info: Redefining \Big on input line 722.
LaTeX Info: Redefining \bigg on input line 723.
LaTeX Info: Redefining \Bigg on input line 724.
\big@size=\dimen153
LaTeX Font Info:    Redeclaring font encoding OML on input line 742.
LaTeX Font Info:    Redeclaring font encoding OMS on input line 743.
\macc@depth=\count295
LaTeX Info: Redefining \bmod on input line 904.
LaTeX Info: Redefining \pmod on input line 909.
LaTeX Info: Redefining \smash on input line 939.
LaTeX Info: Redefining \relbar on input line 969.
LaTeX Info: Redefining \Relbar on input line 970.
\c@MaxMatrixCols=\count296
\dotsspace@=\muskip17
\c@parentequation=\count297
\dspbrk@lvl=\count298
\tag@help=\toks20
\row@=\count299
\column@=\count300
\maxfields@=\count301
\andhelp@=\toks21
\eqnshift@=\dimen154
\alignsep@=\dimen155
\tagshift@=\dimen156
\tagwidth@=\dimen157
\totwidth@=\dimen158
\lineht@=\dimen159
\@envbody=\toks22
\multlinegap=\skip52
\multlinetaggap=\skip53
\mathdisplay@stack=\toks23
LaTeX Info: Redefining \[ on input line 2950.
LaTeX Info: Redefining \] on input line 2951.
)
("C:/Users/Martin Kunze/AppData/Local/Programs/MiKTeX/tex/latex/amsfonts/amssym
b.sty"
Package: amssymb 2013/01/14 v3.01 AMS font symbols

("C:/Users/Martin Kunze/AppData/Local/Programs/MiKTeX/tex/latex/amsfonts/amsfon
ts.sty"
Package: amsfonts 2013/01/14 v3.01 Basic AMSFonts support
\symAMSa=\mathgroup4
\symAMSb=\mathgroup5
LaTeX Font Info:    Redeclaring math symbol \hbar on input line 98.
LaTeX Font Info:    Overwriting math alphabet `\mathfrak' in version `bold'
(Font)                  U/euf/m/n --> U/euf/b/n on input line 106.
))
("C:/Users/Martin Kunze/AppData/Local/Programs/MiKTeX/tex/latex/hyperref/hyperr
ef.sty"
Package: hyperref 2026-01-29 v7.01p Hypertext links for LaTeX

("C:/Users/Martin Kunze/AppData/Local/Programs/MiKTeX/tex/generic/iftex/iftex.s
ty"
Package: iftex 2024/12/12 v1.0g TeX engine tests
)
("C:/Users/Martin Kunze/AppData/Local/Programs/MiKTeX/tex/latex/kvsetkeys/kvset
keys.sty"
Package: kvsetkeys 2022-10-05 v1.19 Key value parser (HO)
)
("C:/Users/Martin Kunze/AppData/Local/Programs/MiKTeX/tex/generic/kvdefinekeys/
kvdefinekeys.sty"
Package: kvdefinekeys 2019-12-19 v1.6 Define keys (HO)
)
("C:/Users/Martin Kunze/AppData/Local/Programs/MiKTeX/tex/generic/pdfescape/pdf
escape.sty"
Package: pdfescape 2019/12/09 v1.15 Implements pdfTeX's escape features (HO)

("C:/Users/Martin Kunze/AppData/Local/Programs/MiKTeX/tex/generic/ltxcmds/ltxcm
ds.sty"
Package: ltxcmds 2023-12-04 v1.26 LaTeX kernel commands for general use (HO)
)
("C:/Users/Martin Kunze/AppData/Local/Programs/MiKTeX/tex/generic/pdftexcmds/pd
ftexcmds.sty"
Package: pdftexcmds 2020-06-27 v0.33 Utility functions of pdfTeX for LuaTeX (HO
)

("C:/Users/Martin Kunze/AppData/Local/Programs/MiKTeX/tex/generic/infwarerr/inf
warerr.sty"
Package: infwarerr 2019/12/03 v1.5 Providing info/warning/error messages (HO)
)
Package pdftexcmds Info: \pdf@primitive is available.
Package pdftexcmds Info: \pdf@ifprimitive is available.
Package pdftexcmds Info: \pdfdraftmode found.
\pdftexcmds@toks=\toks24
))
("C:/Users/Martin Kunze/AppData/Local/Programs/MiKTeX/tex/latex/hycolor/hycolor
.sty"
Package: hycolor 2020-01-27 v1.10 Color options for hyperref/bookmark (HO)
)
("C:/Users/Martin Kunze/AppData/Local/Programs/MiKTeX/tex/latex/hyperref/namere
f.sty"
Package: nameref 2026-01-29 v2.58 Cross-referencing by name of section

("C:/Users/Martin Kunze/AppData/Local/Programs/MiKTeX/tex/latex/refcount/refcou
nt.sty"
Package: refcount 2019/12/15 v3.6 Data extraction from label references (HO)
)
("C:/Users/Martin Kunze/AppData/Local/Programs/MiKTeX/tex/generic/gettitlestrin
g/gettitlestring.sty"
Package: gettitlestring 2019/12/15 v1.6 Cleanup title references (HO)

("C:/Users/Martin Kunze/AppData/Local/Programs/MiKTeX/tex/latex/kvoptions/kvopt
ions.sty"
Package: kvoptions 2022-06-15 v3.15 Key value format for package options (HO)
))
\c@section@level=\count302
)
("C:/Users/Martin Kunze/AppData/Local/Programs/MiKTeX/tex/generic/stringenc/str
ingenc.sty"
Package: stringenc 2019/11/29 v1.12 Convert strings between diff. encodings (HO
)
)
\@linkdim=\dimen160
\Hy@linkcounter=\count303
\Hy@pagecounter=\count304

("C:/Users/Martin Kunze/AppData/Local/Programs/MiKTeX/tex/latex/hyperref/pd1enc
.def"
File: pd1enc.def 2026-01-29 v7.01p Hyperref: PDFDocEncoding definition (HO)
)
("C:/Users/Martin Kunze/AppData/Local/Programs/MiKTeX/tex/generic/intcalc/intca
lc.sty"
Package: intcalc 2019/12/15 v1.3 Expandable calculations with integers (HO)
)
\Hy@SavedSpaceFactor=\count305

("C:/Users/Martin Kunze/AppData/Local/Programs/MiKTeX/tex/latex/hyperref/puenc.
def"
File: puenc.def 2026-01-29 v7.01p Hyperref: PDF Unicode definition (HO)
)
Package hyperref Info: Hyper figures OFF on input line 4201.
Package hyperref Info: Link nesting OFF on input line 4206.
Package hyperref Info: Hyper index ON on input line 4209.
Package hyperref Info: Plain pages OFF on input line 4216.
Package hyperref Info: Backreferencing OFF on input line 4221.
Package hyperref Info: Implicit mode ON; LaTeX internals redefined.
Package hyperref Info: Bookmarks ON on input line 4468.
\c@Hy@tempcnt=\count306

("C:/Users/Martin Kunze/AppData/Local/Programs/MiKTeX/tex/latex/url/url.sty"
\Urlmuskip=\muskip18
Package: url 2013/09/16  ver 3.4  Verb mode for urls, etc.
)
LaTeX Info: Redefining \url on input line 4807.
\XeTeXLinkMargin=\dimen161

("C:/Users/Martin Kunze/AppData/Local/Programs/MiKTeX/tex/generic/bitset/bitset
.sty"
Package: bitset 2019/12/09 v1.3 Handle bit-vector datatype (HO)

("C:/Users/Martin Kunze/AppData/Local/Programs/MiKTeX/tex/generic/bigintcalc/bi
gintcalc.sty"
Package: bigintcalc 2019/12/15 v1.5 Expandable calculations on big integers (HO
)
))
\Fld@menulength=\count307
\Field@Width=\dimen162
\Fld@charsize=\dimen163
Package hyperref Info: Hyper figures OFF on input line 6084.
Package hyperref Info: Link nesting OFF on input line 6089.
Package hyperref Info: Hyper index ON on input line 6092.
Package hyperref Info: backreferencing OFF on input line 6099.
Package hyperref Info: Link coloring OFF on input line 6104.
Package hyperref Info: Link coloring with OCG OFF on input line 6109.
Package hyperref Info: PDF/A mode OFF on input line 6114.
\Hy@abspage=\count308
\c@Item=\count309
\c@Hfootnote=\count310
)
Package hyperref Info: Driver (autodetected): hluatex.

("C:/Users/Martin Kunze/AppData/Local/Programs/MiKTeX/tex/latex/hyperref/hluate
x.def"
File: hluatex.def 2026-01-29 v7.01p Hyperref driver for luaTeX
\Fld@listcount=\count311
\c@bookmark@seq@number=\count312

("C:/Users/Martin Kunze/AppData/Local/Programs/MiKTeX/tex/latex/rerunfilecheck/
rerunfilecheck.sty"
Package: rerunfilecheck 2025-06-21 v1.11 Rerun checks for auxiliary files (HO)

("C:/Users/Martin Kunze/AppData/Local/Programs/MiKTeX/tex/generic/uniquecounter
/uniquecounter.sty"
Package: uniquecounter 2019/12/15 v1.4 Provide unlimited unique counter (HO)
)
Package uniquecounter Info: New unique counter `rerunfilecheck' on input line 2
84.
)
\Hy@SectionHShift=\skip54
)
("C:/Users/Martin Kunze/AppData/Local/Programs/MiKTeX/tex/latex/subfiles/subfil
es.sty"
Package: subfiles 2020/11/14 v2.2 Multi-file projects (package)
)
("C:/Users/Martin Kunze/AppData/Local/Programs/MiKTeX/tex/latex/l3packages/xpar
se/xparse.sty"
("C:/Users/Martin Kunze/AppData/Local/Programs/MiKTeX/tex/latex/l3kernel/expl3.
sty"
Package: expl3 2026-03-20 L3 programming layer (loader) 

("C:/Users/Martin Kunze/AppData/Local/Programs/MiKTeX/tex/latex/l3backend/l3bac
kend-luatex.def"
File: l3backend-luatex.def 2026-02-18 L3 backend support: PDF output (LuaTeX)
\l__color_backend_stack_int=\count313
Inserting `l3color' in `luaotfload.parse_color'.))
Package: xparse 2025-10-09 L3 Experimental document command parser
)
("C:/Users/Martin Kunze/AppData/Local/Programs/MiKTeX/tex/latex/mathtools/matht
ools.sty"
Package: mathtools 2024/10/04 v1.31 mathematical typesetting tools

("C:/Users/Martin Kunze/AppData/Local/Programs/MiKTeX/tex/latex/tools/calc.sty"
Package: calc 2025/03/01 v4.3b Infix arithmetic (KKT,FJ)
\calc@Acount=\count314
\calc@Bcount=\count315
\calc@Adimen=\dimen164
\calc@Bdimen=\dimen165
\calc@Askip=\skip55
\calc@Bskip=\skip56
LaTeX Info: Redefining \setlength on input line 86.
LaTeX Info: Redefining \addtolength on input line 87.
\calc@Ccount=\count316
\calc@Cskip=\skip57
)
("C:/Users/Martin Kunze/AppData/Local/Programs/MiKTeX/tex/latex/mathtools/mhset
up.sty"
Package: mhsetup 2021/03/18 v1.4 programming setup (MH)
)
\g_MT_multlinerow_int=\count317
\l_MT_multwidth_dim=\dimen166
\origjot=\skip58
\l_MT_shortvdotswithinadjustabove_dim=\dimen167
\l_MT_shortvdotswithinadjustbelow_dim=\dimen168
\l_MT_above_intertext_sep=\dimen169
\l_MT_below_intertext_sep=\dimen170
\l_MT_above_shortintertext_sep=\dimen171
\l_MT_below_shortintertext_sep=\dimen172
\xmathstrut@box=\box55
\xmathstrut@dim=\dimen173
)
("C:/Users/Martin Kunze/AppData/Local/Programs/MiKTeX/tex/latex/booktabs/bookta
bs.sty"
Package: booktabs 2020/01/12 v1.61803398 Publication quality tables
\heavyrulewidth=\dimen174
\lightrulewidth=\dimen175
\cmidrulewidth=\dimen176
\belowrulesep=\dimen177
\belowbottomsep=\dimen178
\aboverulesep=\dimen179
\abovetopsep=\dimen180
\cmidrulesep=\dimen181
\cmidrulekern=\dimen182
\defaultaddspace=\dimen183
\@cmidla=\count318
\@cmidlb=\count319
\@aboverulesep=\dimen184
\@belowrulesep=\dimen185
\@thisruleclass=\count320
\@lastruleclass=\count321
\@thisrulewidth=\dimen186
)
("C:/Users/Martin Kunze/AppData/Local/Programs/MiKTeX/tex/latex/tools/tabularx.
sty"
Package: tabularx 2023/12/11 v2.12a `tabularx' package (DPC)

("C:/Users/Martin Kunze/AppData/Local/Programs/MiKTeX/tex/latex/tools/array.sty
"
Package: array 2025/09/25 v2.6n Tabular extension package (FMi)
\col@sep=\dimen187
\ar@mcellbox=\box56
\extrarowheight=\dimen188
\NC@list=\toks25
\extratabsurround=\skip59
\backup@length=\skip60
\ar@cellbox=\box57
)
\TX@col@width=\dimen189
\TX@old@table=\dimen190
\TX@old@col=\dimen191
\TX@target=\dimen192
\TX@delta=\dimen193
\TX@cols=\count322
\TX@ftn=\toks26
)
("C:/Users/Martin Kunze/AppData/Local/Programs/MiKTeX/tex/latex/makecell/makece
ll.sty"
Package: makecell 2009/08/03 V0.1e Managing of Tab Column Heads and Cells
\rotheadsize=\dimen194
\c@nlinenum=\count323
\TeXr@lab=\toks27
)
("C:/Users/Martin Kunze/AppData/Local/Programs/MiKTeX/tex/latex/amscls/amsthm.s
ty"
Package: amsthm 2020/05/29 v2.20.6
\thm@style=\toks28
\thm@bodyfont=\toks29
\thm@headfont=\toks30
\thm@notefont=\toks31
\thm@headpunct=\toks32
\thm@preskip=\skip61
\thm@postskip=\skip62
\thm@headsep=\skip63
\dth@everypar=\toks33
)
("C:/Users/Martin Kunze/AppData/Local/Programs/MiKTeX/tex/latex/multirow/multir
ow.sty"
Package: multirow 2024/11/12 v2.9 Span multiple rows of a table
\multirow@colwidth=\skip64
\multirow@cntb=\count324
\multirow@dima=\skip65
\bigstrutjot=\dimen195
)
("C:/Users/Martin Kunze/AppData/Local/Programs/MiKTeX/tex/latex/microtype/micro
type.sty"
Package: microtype 2026/03/01 v3.2d Micro-typographical refinements (RS)
\MT@toks=\toks34
\MT@tempbox=\box58
\MT@count=\count325
LaTeX Info: Redefining \noprotrusionifhmode on input line 1084.
LaTeX Info: Redefining \leftprotrusion on input line 1085.
\MT@prot@toks=\toks35
LaTeX Info: Redefining \rightprotrusion on input line 1104.
LaTeX Info: Redefining \textls on input line 1449.
\MT@outer@kern=\dimen196
LaTeX Info: Redefining \microtypecontext on input line 2053.
LaTeX Info: Redefining \textmicrotypecontext on input line 2070.
\MT@listname@count=\count326

("C:/Users/Martin Kunze/AppData/Local/Programs/MiKTeX/tex/latex/microtype/micro
type-luatex.def"
File: microtype-luatex.def 2026/03/01 v3.2d Definitions specific to luatex (RS)

Lua module: microtype 2026/03/01 v3.2d microtype module.
Module microtype Info: overwriting function `keepligature' on input line 63
LaTeX Info: Redefining \lsstyle on input line 779.
LaTeX Info: Redefining \lslig on input line 779.
\MT@outer@space=\skip66
)
Package microtype Info: Loading configuration file microtype.cfg.

("C:/Users/Martin Kunze/AppData/Local/Programs/MiKTeX/tex/latex/microtype/micro
type.cfg"
File: microtype.cfg 2026/03/01 v3.2d microtype main configuration file (RS)
)
LaTeX Info: Redefining \microtypesetup on input line 3065.
) (./tex/impl/thmlookup.tex
("C:/Users/Martin Kunze/AppData/Local/Programs/MiKTeX/tex/lualatex/luacode/luac
ode.sty"
Package: luacode 2012/01/23 v1.2a lua-in-tex helpers (mpg)

("C:/Users/Martin Kunze/AppData/Local/Programs/MiKTeX/tex/generic/iftex/ifluate
x.sty"
Package: ifluatex 2019/10/25 v1.5 ifluatex legacy package. Use iftex instead.
)
("C:/Users/Martin Kunze/AppData/Local/Programs/MiKTeX/tex/luatex/luatexbase/lua
texbase.sty"
Package: luatexbase 2015/10/04 v1.3 luatexbase interface to LuaTeX 

("C:/Users/Martin Kunze/AppData/Local/Programs/MiKTeX/tex/luatex/ctablestack/ct
ablestack.sty"
Package: ctablestack 2015/10/01 v1.0 Catcode table stable support
\@catcodetablestackcnt=\count327
)
\CatcodeTableOther=\catcodetable16
\CatcodeTableExpl=\catcodetable17
)
\luacode@lines=\toks36
\luacode@table@soft=\catcodetable18
)) (./tex/impl/formula-envs.tex
("C:/Users/Martin Kunze/AppData/Local/Programs/MiKTeX/tex/latex/tools/longtable
.sty"
Package: longtable 2025-10-13 v4.24 Multi-page Table package (DPC)
\LTleft=\skip67
\LTright=\skip68
\LTpre=\skip69
\LTpost=\skip70
\LTchunksize=\count328
\LTcapwidth=\dimen197
\LT@head=\box59
\LT@firsthead=\box60
\LT@foot=\box61
\LT@lastfoot=\box62
\LT@gbox=\box63
\LT@cols=\count329
\LT@rows=\count330
\c@LT@tables=\count331
\c@LT@chunks=\count332
\LT@p@ftn=\toks37
)
\c@formulaThm=\count333
\c@formulaDef=\count334
\c@formulaAx=\count335
 (./tex/impl/delta-context.tex)) (./tex/impl/proof-tables.tex
\c@proofstepnr=\count336
\c@proofpartnr=\count337
)
(./tex/impl/commands.tex
File: commands.tex 2026/01/04 Command dispatcher
 (./tex/impl/commands/logic.tex
File: logic.tex 2026/01/04 Logical separators and symbols
)
(./tex/impl/commands/rules.tex
File: rules.tex 2026/01/04 ND rule macros
) (./tex/impl/commands/sets.tex
File: sets.tex 2026/01/04 Set-theoretic notation
)
(./tex/impl/commands/cardinality.tex
File: cardinality.tex 2026/03/25 Cardinality and finiteness notation
) (./tex/impl/commands/relations.tex
File: relations.tex 2026/01/17 Relation-theoretic notation
)
(./tex/impl/commands/functions.tex
File: functions.tex 2026/01/04 Function-theoretic notation
) (./tex/impl/commands/numbers.tex
File: numbers.tex 2026/06/07 Natural-number notation
)
(./tex/impl/commands/project.tex
File: project.tex 2026/01/04 Project specific macros
))
\c@file=\count338
))
("C:/Users/Martin Kunze/AppData/Local/Programs/MiKTeX/tex/latex/tools/xr.sty"
Package: xr 2024-12-22 v6.00 eXternal References (DPC)
)
Package xr Info: IMPORTING LABELS FROM registry/_B01.aux on input line 13.
Package xr Info: IMPORTING LABELS FROM registry/_B02.aux on input line 14.

thmlookup: loaded B02 registry
Package babel-german Info: Using contemporary glottonyms
(babel-german)             `german' denotes post-1996 spelling. on input line 3
3.

("C:/Users/Martin Kunze/AppData/Local/Programs/MiKTeX/tex/generic/babel/locale/
de/babel-german.tex"
Package babel Info: Importing basic data for german
(babel)             from babel-de.ini. Reported on input line 15.
)

Package babel-german Warning: Hyphenation patterns `ngerman-x-latest', requeste
d by german, not available. Falling back to legacy! on input line 33.

Package csquotes Info: Checking for multilingual support...
Package csquotes Info: ... found 'babel' package.
Package csquotes Info: Adjusting default style.
Package csquotes Info: Redefining alias 'default' -> 'german'.
(./B03.aux
Package babel Info: 'german' activates 'german' shorthands.
(babel)             Reported on input line 8.
)
\openout1 = B03.aux

LaTeX Font Info:    Checking defaults for OML/cmm/m/it on input line 33.
LaTeX Font Info:    ... okay on input line 33.
LaTeX Font Info:    Checking defaults for OMS/cmsy/m/n on input line 33.
LaTeX Font Info:    ... okay on input line 33.
LaTeX Font Info:    Checking defaults for OT1/cmr/m/n on input line 33.
LaTeX Font Info:    ... okay on input line 33.
LaTeX Font Info:    Checking defaults for T1/cmr/m/n on input line 33.
LaTeX Font Info:    ... okay on input line 33.
LaTeX Font Info:    Checking defaults for TS1/cmr/m/n on input line 33.
LaTeX Font Info:    ... okay on input line 33.
LaTeX Font Info:    Checking defaults for TU/lmr/m/n on input line 33.
LaTeX Font Info:    ... okay on input line 33.
LaTeX Font Info:    Checking defaults for OMX/cmex/m/n on input line 33.
LaTeX Font Info:    ... okay on input line 33.
LaTeX Font Info:    Checking defaults for U/cmr/m/n on input line 33.
LaTeX Font Info:    ... okay on input line 33.
LaTeX Font Info:    Checking defaults for PD1/pdf/m/n on input line 33.
LaTeX Font Info:    ... okay on input line 33.
LaTeX Font Info:    Checking defaults for PU/pdf/m/n on input line 33.
LaTeX Font Info:    ... okay on input line 33.
Package hyperref Info: Link coloring OFF on input line 33.
 (./B03.out) (./B03.out)
\@outlinefile=\write3

\openout3 = B03.out

("C:/Users/Martin Kunze/AppData/Local/Programs/MiKTeX/tex/latex/graphics/graphi
cx.sty"
Package: graphicx 2024/12/31 v1.2e Enhanced LaTeX Graphics (DPC,SPQR)

("C:/Users/Martin Kunze/AppData/Local/Programs/MiKTeX/tex/latex/graphics/graphi
cs.sty"
Package: graphics 2024/08/06 v1.4g Standard LaTeX Graphics (DPC,SPQR)

("C:/Users/Martin Kunze/AppData/Local/Programs/MiKTeX/tex/latex/graphics/trig.s
ty"
Package: trig 2023/12/02 v1.11 sin cos tan (DPC)
)
("C:/Users/Martin Kunze/AppData/Local/Programs/MiKTeX/tex/latex/graphics-cfg/gr
aphics.cfg"
File: graphics.cfg 2016/06/04 v1.11 sample graphics configuration
)
Package graphics Info: Driver file: luatex.def on input line 106.

("C:/Users/Martin Kunze/AppData/Local/Programs/MiKTeX/tex/latex/graphics-def/lu
atex.def"
File: luatex.def 2025/09/29 v1.2f Graphics/color driver for luatex

("C:/Users/Martin Kunze/AppData/Local/Programs/MiKTeX/tex/context/base/mkii/sup
p-pdf.mkii"
[Loading MPS to PDF converter (version 2006.09.02).]
\scratchcounter=\count339
\scratchdimen=\dimen198
\scratchbox=\box64
\nofMPsegments=\count340
\nofMParguments=\count341
\everyMPshowfont=\toks38
\MPscratchCnt=\count342
\MPscratchDim=\dimen199
\MPnumerator=\count343
\makeMPintoPDFobject=\count344
\everyMPtoPDFconversion=\toks39
)))
("C:/Users/Martin Kunze/AppData/Local/Programs/MiKTeX/tex/latex/epstopdf-pkg/ep
stopdf-base.sty"
Package: epstopdf-base 2020-01-24 v2.11 Base part for package epstopdf
Package epstopdf-base Info: Redefining graphics rule for `.eps' on input line 4
85.

("C:/Users/Martin Kunze/AppData/Local/Programs/MiKTeX/tex/latex/00miktex/epstop
df-sys.cfg"
File: epstopdf-sys.cfg 2021/03/18 v2.0 Configuration of epstopdf for MiKTeX
))
\Gin@req@height=\dimen256
\Gin@req@width=\dimen257
)
LaTeX Info: Redefining \microtypecontext on input line 33.
Package microtype Info: Applying patch `item' on input line 33.
Package microtype Info: Applying patch `toc' on input line 33.
Package microtype Info: Applying patch `eqnum' on input line 33.
Package microtype Info: Applying patch `footnote' on input line 33.
Package microtype Info: Applying patch `verbatim' on input line 33.
LaTeX Info: Redefining \microtypesetup on input line 33.
Package microtype Info: Generating PDF output.
Package microtype Info: Character protrusion enabled (level 2).
Package microtype Info: Using default protrusion set `alltext'.
Package microtype Info: Automatic font expansion enabled (level 2),
(microtype)             stretch: 20, shrink: 20, step: 1, non-selected.
Package microtype Info: Using default expansion set `alltext-nott'.
Package microtype Info: Patching command `\showhyphens'.
Package microtype Info: No adjustment of tracking.
Package microtype Info: No adjustment of spacing.
Package microtype Info: No adjustment of kerning.

("C:/Users/Martin Kunze/AppData/Local/Programs/MiKTeX/tex/latex/microtype/mt-La
tinModernRoman.cfg"
File: mt-LatinModernRoman.cfg 2026/02/26 v1.2 microtype config. file: Latin Mod
ern Roman (RS)
)
("C:/Users/Martin Kunze/AppData/Local/Programs/MiKTeX/tex/latex/microtype/mt-cm
r.cfg"
File: mt-cmr.cfg 2013/05/19 v2.2 microtype config. file: Computer Modern Roman 
(RS)
)
LaTeX Font Info:    Trying to load font information for U+msa on input line 39.


("C:/Users/Martin Kunze/AppData/Local/Programs/MiKTeX/tex/latex/amsfonts/umsa.f
d"
File: umsa.fd 2013/01/14 v3.01 AMS symbols A
)
("C:/Users/Martin Kunze/AppData/Local/Programs/MiKTeX/tex/latex/microtype/mt-ms
a.cfg"
File: mt-msa.cfg 2006/02/04 v1.1 microtype config. file: AMS symbols (a) (RS)
)
LaTeX Font Info:    Trying to load font information for U+msb on input line 39.


("C:/Users/Martin Kunze/AppData/Local/Programs/MiKTeX/tex/latex/amsfonts/umsb.f
d"
File: umsb.fd 2013/01/14 v3.01 AMS symbols B
)
("C:/Users/Martin Kunze/AppData/Local/Programs/MiKTeX/tex/latex/microtype/mt-ms
b.cfg"
File: mt-msb.cfg 2005/06/01 v1.0 microtype config. file: AMS symbols (b) (RS)
) [1

{C:/Users/Martin Kunze/AppData/Local/MiKTeX/fonts/map/pdftex/pdftex.map}] (./B0
3.toc
warning  (pdf backend): ignoring duplicate destination with the name 'page.1'
[1

] [2] [3] [4]
Overfull \hbox (3.89828pt too wide) detected at line 163
\TU/lmr/m/n/10.95 17.12.10 
 []


Overfull \hbox (3.89828pt too wide) detected at line 175
\TU/lmr/m/n/10.95 17.12.11 
 []


Overfull \hbox (3.89828pt too wide) detected at line 176
\TU/lmr/m/n/10.95 17.12.12 
 []


Overfull \hbox (3.89828pt too wide) detected at line 177
\TU/lmr/m/n/10.95 17.12.13 
 []


Overfull \hbox (3.89828pt too wide) detected at line 179
\TU/lmr/m/n/10.95 17.12.14 
 []


Overfull \hbox (3.89828pt too wide) detected at line 180
\TU/lmr/m/n/10.95 17.12.15 
 []


Overfull \hbox (3.89828pt too wide) detected at line 181
\TU/lmr/m/n/10.95 17.12.16 
 []

[5])
\tf@toc=\write4

\openout4 = B03.toc
 [6]
Kapitel 1.
[7

]
Kapitel 2.
[8

]
Kapitel 3.
[9

]
Kapitel 4.
[10

]
Package microtype Info: Loading generic protrusion settings for font family
(microtype)             `cmss' (encoding: OT1).
(microtype)             For optimal results, create family-specific settings.
(microtype)             See the microtype manual for details.


Package hyperref Warning: Invalid page number (0)
(hyperref)                for remote PDF file.
(hyperref)                Using page 1 on input line 203.

[11]
Kapitel 5.
[12

] [13]
ignored: Infinite glue shrinkage found in box being split [14] [15]
ignored: Infinite glue shrinkage found in box being split [16] [17]
Kapitel 6.
[18

] [19] [20] [21] [22]
Kapitel 7.
ignored: Infinite glue shrinkage found in box being split [23

] [24]
ignored: Infinite glue shrinkage found in box being split [25]
ignored: Infinite glue shrinkage found in box being split [26]

Package hyperref Warning: Invalid page number (0)
(hyperref)                for remote PDF file.
(hyperref)                Using page 1 on input line 849.

[27]

Package hyperref Warning: Invalid page number (0)
(hyperref)                for remote PDF file.
(hyperref)                Using page 1 on input line 894.

[28]
Kapitel 8.
ignored: Infinite glue shrinkage found in box being split [29

] [30]
ignored: Infinite glue shrinkage found in box being split [31] [32] [33]
ignored: Infinite glue shrinkage found in box being split [34]
ignored: Infinite glue shrinkage found in box being split [35]
ignored: Infinite glue shrinkage found in box being split [36] [37] [38] [39] [
40] [41]
ignored: Infinite glue shrinkage found in box being split [42]
ignored: Infinite glue shrinkage found in box being split [43]
[44] [45]
Kapitel 9.
[46

] [47]
Kapitel 10.
[48

]
ignored: Infinite glue shrinkage found in box being split [49]

Package hyperref Warning: Invalid page number (0)
(hyperref)                for remote PDF file.
(hyperref)                Using page 1 on input line 1721.


Package hyperref Warning: Invalid page number (0)
(hyperref)                for remote PDF file.
(hyperref)                Using page 1 on input line 1728.

[50]

Package hyperref Warning: Invalid page number (0)
(hyperref)                for remote PDF file.
(hyperref)                Using page 1 on input line 1769.


Package hyperref Warning: Invalid page number (0)
(hyperref)                for remote PDF file.
(hyperref)                Using page 1 on input line 1782.

ignored: Infinite glue shrinkage found in box being split [51]
ignored: Infinite glue shrinkage found in box being split [52]

Package hyperref Warning: Invalid page number (0)
(hyperref)                for remote PDF file.
(hyperref)                Using page 1 on input line 1879.

ignored: Infinite glue shrinkage found in box being split [53]

Package hyperref Warning: Invalid page number (0)
(hyperref)                for remote PDF file.
(hyperref)                Using page 1 on input line 1914.


Package hyperref Warning: Invalid page number (0)
(hyperref)                for remote PDF file.
(hyperref)                Using page 1 on input line 1914.

ignored: Infinite glue shrinkage found in box being split [54] [55] [56]

Package hyperref Warning: Invalid page number (0)
(hyperref)                for remote PDF file.
(hyperref)                Using page 1 on input line 2030.

ignored: Infinite glue shrinkage found in box being split [57]

Package hyperref Warning: Invalid page number (0)
(hyperref)                for remote PDF file.
(hyperref)                Using page 1 on input line 2105.


Package hyperref Warning: Invalid page number (0)
(hyperref)                for remote PDF file.
(hyperref)                Using page 1 on input line 2112.

ignored: Infinite glue shrinkage found in box being split [58]

Package hyperref Warning: Invalid page number (0)
(hyperref)                for remote PDF file.
(hyperref)                Using page 1 on input line 2148.

[59]
Kapitel 11.
[60

]
ignored: Infinite glue shrinkage found in box being split [61]
ignored: Infinite glue shrinkage found in box being split [62]

Package hyperref Warning: Invalid page number (0)
(hyperref)                for remote PDF file.
(hyperref)                Using page 1 on input line 2325.


Package hyperref Warning: Invalid page number (0)
(hyperref)                for remote PDF file.
(hyperref)                Using page 1 on input line 2334.

[63]

Package hyperref Warning: Invalid page number (0)
(hyperref)                for remote PDF file.
(hyperref)                Using page 1 on input line 2374.

[64]

Package hyperref Warning: Invalid page number (0)
(hyperref)                for remote PDF file.
(hyperref)                Using page 1 on input line 2431.

ignored: Infinite glue shrinkage found in box being split [65]

Package hyperref Warning: Invalid page number (0)
(hyperref)                for remote PDF file.
(hyperref)                Using page 1 on input line 2456.

ignored: Infinite glue shrinkage found in box being split [66]
ignored: Infinite glue shrinkage found in box being split [67]

Package hyperref Warning: Invalid page number (0)
(hyperref)                for remote PDF file.
(hyperref)                Using page 1 on input line 2562.


Package hyperref Warning: Invalid page number (0)
(hyperref)                for remote PDF file.
(hyperref)                Using page 1 on input line 2572.

ignored: Infinite glue shrinkage found in box being split [68]
ignored: Infinite glue shrinkage found in box being split [69] [70] [71]

Package hyperref Warning: Invalid page number (0)
(hyperref)                for remote PDF file.
(hyperref)                Using page 1 on input line 2708.

[72]

Package hyperref Warning: Invalid page number (0)
(hyperref)                for remote PDF file.
(hyperref)                Using page 1 on input line 2742.

[73]
Kapitel 12.
[74

]
ignored: Infinite glue shrinkage found in box being split [75] [76]

Package hyperref Warning: Invalid page number (0)
(hyperref)                for remote PDF file.
(hyperref)                Using page 1 on input line 2881.


Package hyperref Warning: Invalid page number (0)
(hyperref)                for remote PDF file.
(hyperref)                Using page 1 on input line 2910.

[77]

Package hyperref Warning: Invalid page number (0)
(hyperref)                for remote PDF file.
(hyperref)                Using page 1 on input line 2941.


Package hyperref Warning: Invalid page number (0)
(hyperref)                for remote PDF file.
(hyperref)                Using page 1 on input line 2964.

ignored: Infinite glue shrinkage found in box being split [78]

Package hyperref Warning: Invalid page number (0)
(hyperref)                for remote PDF file.
(hyperref)                Using page 1 on input line 2989.


Package hyperref Warning: Invalid page number (0)
(hyperref)                for remote PDF file.
(hyperref)                Using page 1 on input line 3004.

[79] [80]
Kapitel 13.
ignored: Infinite glue shrinkage found in box being split [81

]

Package hyperref Warning: Invalid page number (0)
(hyperref)                for remote PDF file.
(hyperref)                Using page 1 on input line 3122.


Package hyperref Warning: Invalid page number (0)
(hyperref)                for remote PDF file.
(hyperref)                Using page 1 on input line 3138.

ignored: Infinite glue shrinkage found in box being split [82]

Package hyperref Warning: Invalid page number (0)
(hyperref)                for remote PDF file.
(hyperref)                Using page 1 on input line 3161.

[83] [84]

Package hyperref Warning: Invalid page number (0)
(hyperref)                for remote PDF file.
(hyperref)                Using page 1 on input line 3282.

ignored: Infinite glue shrinkage found in box being split [85]

Package hyperref Warning: Invalid page number (0)
(hyperref)                for remote PDF file.
(hyperref)                Using page 1 on input line 3345.

ignored: Infinite glue shrinkage found in box being split [86]

Package hyperref Warning: Invalid page number (0)
(hyperref)                for remote PDF file.
(hyperref)                Using page 1 on input line 3393.


Package hyperref Warning: Invalid page number (0)
(hyperref)                for remote PDF file.
(hyperref)                Using page 1 on input line 3412.

ignored: Infinite glue shrinkage found in box being split [87]
ignored: Infinite glue shrinkage found in box being split [88] [89] [90] [91] [
92] [93] [94]
warning  (pdf backend): ignoring duplicate destination with the name 'proofpartn
r.1'

warning  (pdf backend): ignoring duplicate destination with the name 'proofpartn
r.2'

Package hyperref Warning: Invalid page number (0)
(hyperref)                for remote PDF file.
(hyperref)                Using page 1 on input line 3881.

[95]

Package hyperref Warning: Invalid page number (0)
(hyperref)                for remote PDF file.
(hyperref)                Using page 1 on input line 3903.

ignored: Infinite glue shrinkage found in box being split [96] [97] [98] [99]
Kapitel 14.
[100

] [101]

Package hyperref Warning: Invalid page number (0)
(hyperref)                for remote PDF file.
(hyperref)                Using page 1 on input line 4247.

[102]

Package hyperref Warning: Invalid page number (0)
(hyperref)                for remote PDF file.
(hyperref)                Using page 1 on input line 4261.


warning  (pdf backend): ignoring duplicate destination with the name 'proofpartn
r.1'

Package hyperref Warning: Invalid page number (0)
(hyperref)                for remote PDF file.
(hyperref)                Using page 1 on input line 4294.


warning  (pdf backend): ignoring duplicate destination with the name 'proofpartn
r.2'

Package hyperref Warning: Invalid page number (0)
(hyperref)                for remote PDF file.
(hyperref)                Using page 1 on input line 4320.

[103] [104]

Package hyperref Warning: Invalid page number (0)
(hyperref)                for remote PDF file.
(hyperref)                Using page 1 on input line 4393.


Package hyperref Warning: Invalid page number (0)
(hyperref)                for remote PDF file.
(hyperref)                Using page 1 on input line 4393.


Package hyperref Warning: Invalid page number (0)
(hyperref)                for remote PDF file.
(hyperref)                Using page 1 on input line 4430.


Package hyperref Warning: Invalid page number (0)
(hyperref)                for remote PDF file.
(hyperref)                Using page 1 on input line 4430.

ignored: Infinite glue shrinkage found in box being split [105] [106]
Kapitel 15.
[107

] [108]
Kapitel 16.

warning  (pdf backend): ignoring duplicate destination with the name 'proofpartn
r.1'
[109

]
warning  (pdf backend): ignoring duplicate destination with the name 'proofpartn
r.2'
ignored: Infinite glue shrinkage found in box being split [110]

Package hyperref Warning: Invalid page number (0)
(hyperref)                for remote PDF file.
(hyperref)                Using page 1 on input line 4606.

ignored: Infinite glue shrinkage found in box being split [111]

Package hyperref Warning: Invalid page number (0)
(hyperref)                for remote PDF file.
(hyperref)                Using page 1 on input line 4650.

[112] [113]

Package hyperref Warning: Invalid page number (0)
(hyperref)                for remote PDF file.
(hyperref)                Using page 1 on input line 4746.


Package hyperref Warning: Invalid page number (0)
(hyperref)                for remote PDF file.
(hyperref)                Using page 1 on input line 4770.

[114]
ignored: Infinite glue shrinkage found in box being split [115] [116]
Kapitel 17.
[117

] [118] [119]

Package hyperref Warning: Invalid page number (0)
(hyperref)                for remote PDF file.
(hyperref)                Using page 1 on input line 5039.


Package hyperref Warning: Invalid page number (0)
(hyperref)                for remote PDF file.
(hyperref)                Using page 1 on input line 5057.


Package hyperref Warning: Invalid page number (0)
(hyperref)                for remote PDF file.
(hyperref)                Using page 1 on input line 5075.

[120] [121]

Package hyperref Warning: Invalid page number (0)
(hyperref)                for remote PDF file.
(hyperref)                Using page 1 on input line 5176.

ignored: Infinite glue shrinkage found in box being split [122]

Package hyperref Warning: Invalid page number (0)
(hyperref)                for remote PDF file.
(hyperref)                Using page 1 on input line 5188.


Package hyperref Warning: Invalid page number (0)
(hyperref)                for remote PDF file.
(hyperref)                Using page 1 on input line 5189.


Package hyperref Warning: Invalid page number (0)
(hyperref)                for remote PDF file.
(hyperref)                Using page 1 on input line 5211.


Package hyperref Warning: Invalid page number (0)
(hyperref)                for remote PDF file.
(hyperref)                Using page 1 on input line 5216.


Package hyperref Warning: Invalid page number (0)
(hyperref)                for remote PDF file.
(hyperref)                Using page 1 on input line 5229.


Package hyperref Warning: Invalid page number (0)
(hyperref)                for remote PDF file.
(hyperref)                Using page 1 on input line 5231.

ignored: Infinite glue shrinkage found in box being split [123]

Package hyperref Warning: Invalid page number (0)
(hyperref)                for remote PDF file.
(hyperref)                Using page 1 on input line 5247.


Package hyperref Warning: Invalid page number (0)
(hyperref)                for remote PDF file.
(hyperref)                Using page 1 on input line 5251.


Package hyperref Warning: Invalid page number (0)
(hyperref)                for remote PDF file.
(hyperref)                Using page 1 on input line 5253.


Package hyperref Warning: Invalid page number (0)
(hyperref)                for remote PDF file.
(hyperref)                Using page 1 on input line 5275.


Package hyperref Warning: Invalid page number (0)
(hyperref)                for remote PDF file.
(hyperref)                Using page 1 on input line 5279.


Package hyperref Warning: Invalid page number (0)
(hyperref)                for remote PDF file.
(hyperref)                Using page 1 on input line 5279.


Package hyperref Warning: Invalid page number (0)
(hyperref)                for remote PDF file.
(hyperref)                Using page 1 on input line 5281.


Overfull \hbox (56.95549pt too wide) in alignment at lines 5265--5284
 [][][][][][] 
 []

[124]
ignored: Infinite glue shrinkage found in box being split [125]
Overfull \hbox (3.11903pt too wide) in paragraph at lines 5382--5382
[]\TU/lmr/bx/n/10.95 Theo-rem 3.17.2.9 (Ele-men-te ei-ner Äqui-va-lenz-klas-se lie-gen im Grund-
 []


warning  (pdf backend): ignoring duplicate destination with the name 'proofpartn
r.1'
[126]

Package hyperref Warning: Invalid page number (0)
(hyperref)                for remote PDF file.
(hyperref)                Using page 1 on input line 5449.


warning  (pdf backend): ignoring duplicate destination with the name 'proofpartn
r.2'

Package hyperref Warning: Invalid page number (0)
(hyperref)                for remote PDF file.
(hyperref)                Using page 1 on input line 5479.

ignored: Infinite glue shrinkage found in box being split [127] [128]

Package hyperref Warning: Invalid page number (0)
(hyperref)                for remote PDF file.
(hyperref)                Using page 1 on input line 5624.


Package hyperref Warning: Invalid page number (0)
(hyperref)                for remote PDF file.
(hyperref)                Using page 1 on input line 5628.

ignored: Infinite glue shrinkage found in box being split [129] [130]

Package hyperref Warning: Invalid page number (0)
(hyperref)                for remote PDF file.
(hyperref)                Using page 1 on input line 5761.


Package hyperref Warning: Invalid page number (0)
(hyperref)                for remote PDF file.
(hyperref)                Using page 1 on input line 5762.

ignored: Infinite glue shrinkage found in box being split [131]

Package hyperref Warning: Invalid page number (0)
(hyperref)                for remote PDF file.
(hyperref)                Using page 1 on input line 5807.


Package hyperref Warning: Invalid page number (0)
(hyperref)                for remote PDF file.
(hyperref)                Using page 1 on input line 5808.

[132] [133] [134] [135] [136] [137] [138] [139] [140]

Package hyperref Warning: Invalid page number (0)
(hyperref)                for remote PDF file.
(hyperref)                Using page 1 on input line 6356.


Package hyperref Warning: Invalid page number (0)
(hyperref)                for remote PDF file.
(hyperref)                Using page 1 on input line 6367.

[141]

Package hyperref Warning: Invalid page number (0)
(hyperref)                for remote PDF file.
(hyperref)                Using page 1 on input line 6384.


Package hyperref Warning: Invalid page number (0)
(hyperref)                for remote PDF file.
(hyperref)                Using page 1 on input line 6399.


Package hyperref Warning: Invalid page number (0)
(hyperref)                for remote PDF file.
(hyperref)                Using page 1 on input line 6401.


Package hyperref Warning: Invalid page number (0)
(hyperref)                for remote PDF file.
(hyperref)                Using page 1 on input line 6424.

ignored: Infinite glue shrinkage found in box being split [142]

Package hyperref Warning: Invalid page number (0)
(hyperref)                for remote PDF file.
(hyperref)                Using page 1 on input line 6449.

[143]

Package hyperref Warning: Invalid page number (0)
(hyperref)                for remote PDF file.
(hyperref)                Using page 1 on input line 6539.

[144] [145]
warning  (pdf backend): ignoring duplicate destination with the name 'proofpartn
r.1'

Package hyperref Warning: Invalid page number (0)
(hyperref)                for remote PDF file.
(hyperref)                Using page 1 on input line 6617.


warning  (pdf backend): ignoring duplicate destination with the name 'proofpartn
r.2'

Package hyperref Warning: Invalid page number (0)
(hyperref)                for remote PDF file.
(hyperref)                Using page 1 on input line 6638.

ignored: Infinite glue shrinkage found in box being split [146]

Package hyperref Warning: Invalid page number (0)
(hyperref)                for remote PDF file.
(hyperref)                Using page 1 on input line 6679.

[147]
warning  (pdf backend): ignoring duplicate destination with the name 'proofpartn
r.1'

Package hyperref Warning: Invalid page number (0)
(hyperref)                for remote PDF file.
(hyperref)                Using page 1 on input line 6740.


warning  (pdf backend): ignoring duplicate destination with the name 'proofpartn
r.2'
[148]
warning  (pdf backend): ignoring duplicate destination with the name 'proofpartn
r.1'
[149]

Package hyperref Warning: Invalid page number (0)
(hyperref)                for remote PDF file.
(hyperref)                Using page 1 on input line 6818.


warning  (pdf backend): ignoring duplicate destination with the name 'proofpartn
r.2'

Package hyperref Warning: Invalid page number (0)
(hyperref)                for remote PDF file.
(hyperref)                Using page 1 on input line 6856.


Package hyperref Warning: Invalid page number (0)
(hyperref)                for remote PDF file.
(hyperref)                Using page 1 on input line 6863.

ignored: Infinite glue shrinkage found in box being split [150]

Package hyperref Warning: Invalid page number (0)
(hyperref)                for remote PDF file.
(hyperref)                Using page 1 on input line 6887.

[151]
warning  (pdf backend): ignoring duplicate destination with the name 'proofpartn
r.1'

warning  (pdf backend): ignoring duplicate destination with the name 'proofpartn
r.2'

Package hyperref Warning: Invalid page number (0)
(hyperref)                for remote PDF file.
(hyperref)                Using page 1 on input line 6968.

ignored: Infinite glue shrinkage found in box being split [152]

Package hyperref Warning: Invalid page number (0)
(hyperref)                for remote PDF file.
(hyperref)                Using page 1 on input line 7036.

ignored: Infinite glue shrinkage found in box being split [153]
warning  (pdf backend): ignoring duplicate destination with the name 'proofpartn
r.1'

Package hyperref Warning: Invalid page number (0)
(hyperref)                for remote PDF file.
(hyperref)                Using page 1 on input line 7074.


warning  (pdf backend): ignoring duplicate destination with the name 'proofpartn
r.2'

Package hyperref Warning: Invalid page number (0)
(hyperref)                for remote PDF file.
(hyperref)                Using page 1 on input line 7101.

ignored: Infinite glue shrinkage found in box being split [154]

Package hyperref Warning: Invalid page number (0)
(hyperref)                for remote PDF file.
(hyperref)                Using page 1 on input line 7140.


warning  (pdf backend): ignoring duplicate destination with the name 'proofpartn
r.1'
[155]

Package hyperref Warning: Invalid page number (0)
(hyperref)                for remote PDF file.
(hyperref)                Using page 1 on input line 7190.


warning  (pdf backend): ignoring duplicate destination with the name 'proofpartn
r.2'

Package hyperref Warning: Invalid page number (0)
(hyperref)                for remote PDF file.
(hyperref)                Using page 1 on input line 7228.

ignored: Infinite glue shrinkage found in box being split [156]

Package hyperref Warning: Invalid page number (0)
(hyperref)                for remote PDF file.
(hyperref)                Using page 1 on input line 7283.

ignored: Infinite glue shrinkage found in box being split [157]
warning  (pdf backend): ignoring duplicate destination with the name 'proofpartn
r.1'

Package hyperref Warning: Invalid page number (0)
(hyperref)                for remote PDF file.
(hyperref)                Using page 1 on input line 7353.


warning  (pdf backend): ignoring duplicate destination with the name 'proofpartn
r.2'
[158]

Package hyperref Warning: Invalid page number (0)
(hyperref)                for remote PDF file.
(hyperref)                Using page 1 on input line 7415.

[159]
warning  (pdf backend): ignoring duplicate destination with the name 'proofpartn
r.1'

Package hyperref Warning: Invalid page number (0)
(hyperref)                for remote PDF file.
(hyperref)                Using page 1 on input line 7486.

ignored: Infinite glue shrinkage found in box being split [160]
warning  (pdf backend): ignoring duplicate destination with the name 'proofpartn
r.1'

Package hyperref Warning: Invalid page number (0)
(hyperref)                for remote PDF file.
(hyperref)                Using page 1 on input line 7544.

ignored: Infinite glue shrinkage found in box being split [161]
warning  (pdf backend): ignoring duplicate destination with the name 'proofpartn
r.2'

Package hyperref Warning: Invalid page number (0)
(hyperref)                for remote PDF file.
(hyperref)                Using page 1 on input line 7565.


Overfull \hbox (41.41418pt too wide) in alignment at lines 7569--7584
 [][][][][][] 
 []

[162]

Package hyperref Warning: Invalid page number (0)
(hyperref)                for remote PDF file.
(hyperref)                Using page 1 on input line 7637.

[163]

Package hyperref Warning: Invalid page number (0)
(hyperref)                for remote PDF file.
(hyperref)                Using page 1 on input line 7688.


Package hyperref Warning: Invalid page number (0)
(hyperref)                for remote PDF file.
(hyperref)                Using page 1 on input line 7711.


Package hyperref Warning: Invalid page number (0)
(hyperref)                for remote PDF file.
(hyperref)                Using page 1 on input line 7726.

ignored: Infinite glue shrinkage found in box being split [164]
Overfull \hbox (51.48839pt too wide) in paragraph at lines 7778--7778
[] 
 []

[165] [166]
ignored: Infinite glue shrinkage found in box being split [167]
warning  (pdf backend): ignoring duplicate destination with the name 'proofpartn
r.1'

Package hyperref Warning: Invalid page number (0)
(hyperref)                for remote PDF file.
(hyperref)                Using page 1 on input line 7919.


warning  (pdf backend): ignoring duplicate destination with the name 'proofpartn
r.2'
[168]
Overfull \hbox (1.15477pt too wide) in paragraph at lines 7957--7957
[]\TU/lmr/bx/n/10.95 Theo-rem 3.17.11.8 (Zeu-gen ge-mein-sa-mer Bild-wer-te lie-
gen im Durch-
 []


Overfull \hbox (8.64838pt too wide) detected at line 7957
\OML/cmm/m/it/10.95 F [] [] M \U/msa/m/n/10.95  \OML/cmm/m/it/10.95 N;  A \OMS
/cmsy/m/n/10.95  \OML/cmm/m/it/10.95 M;  B \OMS/cmsy/m/n/10.95  \OML/cmm/m/it
/10.95 M;  x \OMS/cmsy/m/n/10.95 2 \OML/cmm/m/it/10.95 A;  z \OMS/cmsy/m/n/10.9
5 2 \OML/cmm/m/it/10.95 B;  y \OT1/cmr/m/n/10.95 = \OML/cmm/m/it/10.95 F\OT1/cm
r/m/n/10.95 (\OML/cmm/m/it/10.95 x\OT1/cmr/m/n/10.95 )\OML/cmm/m/it/10.95 ;  y 
\OT1/cmr/m/n/10.95 = \OML/cmm/m/it/10.95 F\OT1/cmr/m/n/10.95 (\OML/cmm/m/it/10.
95 z\OT1/cmr/m/n/10.95 ) \OMS/cmsy/m/n/10.95 ` \OML/cmm/m/it/10.95 x \OMS/cmsy/
m/n/10.95 2 \OML/cmm/m/it/10.95 A \OMS/cmsy/m/n/10.95 \ \OML/cmm/m/it/10.95 B
 []

ignored: Infinite glue shrinkage found in box being split [169]
warning  (pdf backend): ignoring duplicate destination with the name 'proofpartn
r.1'

warning  (pdf backend): ignoring duplicate destination with the name 'proofpartn
r.2'

Package hyperref Warning: Invalid page number (0)
(hyperref)                for remote PDF file.
(hyperref)                Using page 1 on input line 8049.

[170] [171]
ignored: Infinite glue shrinkage found in box being split [172]

Package hyperref Warning: Invalid page number (0)
(hyperref)                for remote PDF file.
(hyperref)                Using page 1 on input line 8195.

[173] [174]
ignored: Infinite glue shrinkage found in box being split [175]
ignored: Infinite glue shrinkage found in box being split [176] [177]
warning  (pdf backend): ignoring duplicate destination with the name 'proofpartn
r.1'

Package hyperref Warning: Invalid page number (0)
(hyperref)                for remote PDF file.
(hyperref)                Using page 1 on input line 8556.


warning  (pdf backend): ignoring duplicate destination with the name 'proofpartn
r.2'

Package hyperref Warning: Invalid page number (0)
(hyperref)                for remote PDF file.
(hyperref)                Using page 1 on input line 8582.

ignored: Infinite glue shrinkage found in box being split [178]

Package hyperref Warning: Invalid page number (0)
(hyperref)                for remote PDF file.
(hyperref)                Using page 1 on input line 8659.

[179]

Package hyperref Warning: Invalid page number (0)
(hyperref)                for remote PDF file.
(hyperref)                Using page 1 on input line 8705.

ignored: Infinite glue shrinkage found in box being split [180]

Package hyperref Warning: Invalid page number (0)
(hyperref)                for remote PDF file.
(hyperref)                Using page 1 on input line 8728.

[181]
Overfull \hbox (52.04684pt too wide) in paragraph at lines 8772--8772
[] 
 []

ignored: Infinite glue shrinkage found in box being split [182] [183] [184]

Package hyperref Warning: Invalid page number (0)
(hyperref)                for remote PDF file.
(hyperref)                Using page 1 on input line 8950.


Package hyperref Warning: Invalid page number (0)
(hyperref)                for remote PDF file.
(hyperref)                Using page 1 on input line 8955.

[185]

Package hyperref Warning: Invalid page number (0)
(hyperref)                for remote PDF file.
(hyperref)                Using page 1 on input line 9007.

[186]

Package hyperref Warning: Invalid page number (0)
(hyperref)                for remote PDF file.
(hyperref)                Using page 1 on input line 9055.


Package hyperref Warning: Invalid page number (0)
(hyperref)                for remote PDF file.
(hyperref)                Using page 1 on input line 9066.


Package hyperref Warning: Invalid page number (0)
(hyperref)                for remote PDF file.
(hyperref)                Using page 1 on input line 9096.

[187] [188]

Package hyperref Warning: Invalid page number (0)
(hyperref)                for remote PDF file.
(hyperref)                Using page 1 on input line 9171.

ignored: Infinite glue shrinkage found in box being split [189]
Overfull \hbox (9.00458pt too wide) detected at line 9247
\OML/cmm/m/it/10.95 A \OMS/cmsy/m/n/10.95 \ \OML/cmm/m/it/10.95 B \OT1/cmr/m/n/
10.95 = \U/msb/m/n/10.95 ?\OML/cmm/m/it/10.95 ;  f [] [] A \U/msa/m/n/10.95  \
OML/cmm/m/it/10.95 C;  g [] [] B \U/msa/m/n/10.95  \OML/cmm/m/it/10.95 C;  f\O
T1/cmr/m/n/10.95 [\OML/cmm/m/it/10.95 A\OT1/cmr/m/n/10.95 ] \OMS/cmsy/m/n/10.95
 \ \OML/cmm/m/it/10.95 g\OT1/cmr/m/n/10.95 [\OML/cmm/m/it/10.95 B\OT1/cmr/m/n/1
0.95 ] = \U/msb/m/n/10.95 ? \OMS/cmsy/m/n/10.95 ` []  [] [] \OML/cmm/m/it/10.95
 A \OMS/cmsy/m/n/10.95 [ \OML/cmm/m/it/10.95 B \U/msa/m/n/10.95  \OML/cmm/m/it
/10.95 C
 []


warning  (pdf backend): ignoring duplicate destination with the name 'proofpartn
r.1'
[190]
warning  (pdf backend): ignoring duplicate destination with the name 'proofpartn
r.2'
ignored: Infinite glue shrinkage found in box being split [191]
warning  (pdf backend): ignoring duplicate destination with the name 'proofpartn
r.3'

warning  (pdf backend): ignoring duplicate destination with the name 'proofpartn
r.4'
[192]

Package hyperref Warning: Invalid page number (0)
(hyperref)                for remote PDF file.
(hyperref)                Using page 1 on input line 9467.


Package hyperref Warning: Invalid page number (0)
(hyperref)                for remote PDF file.
(hyperref)                Using page 1 on input line 9467.


Package hyperref Warning: Invalid page number (0)
(hyperref)                for remote PDF file.
(hyperref)                Using page 1 on input line 9467.


Package hyperref Warning: Invalid page number (0)
(hyperref)                for remote PDF file.
(hyperref)                Using page 1 on input line 9467.


Overfull \hbox (22.96556pt too wide) in alignment at lines 9418--9471
 [][][][][][] 
 []

ignored: Infinite glue shrinkage found in box being split [193] [194] [195]

Package hyperref Warning: Invalid page number (0)
(hyperref)                for remote PDF file.
(hyperref)                Using page 1 on input line 9574.


Package hyperref Warning: Invalid page number (0)
(hyperref)                for remote PDF file.
(hyperref)                Using page 1 on input line 9618.

[196] [197]

Package hyperref Warning: Invalid page number (0)
(hyperref)                for remote PDF file.
(hyperref)                Using page 1 on input line 9716.

ignored: Infinite glue shrinkage found in box being split [198]

Package hyperref Warning: Invalid page number (0)
(hyperref)                for remote PDF file.
(hyperref)                Using page 1 on input line 9755.

ignored: Infinite glue shrinkage found in box being split [199]

Package hyperref Warning: Invalid page number (0)
(hyperref)                for remote PDF file.
(hyperref)                Using page 1 on input line 9838.

[200]

Package hyperref Warning: Invalid page number (0)
(hyperref)                for remote PDF file.
(hyperref)                Using page 1 on input line 9877.

ignored: Infinite glue shrinkage found in box being split [201] [202] [203]
ignored: Infinite glue shrinkage found in box being split [204]

Package hyperref Warning: Invalid page number (0)
(hyperref)                for remote PDF file.
(hyperref)                Using page 1 on input line 10120.

[205] [206]

Package hyperref Warning: Invalid page number (0)
(hyperref)                for remote PDF file.
(hyperref)                Using page 1 on input line 10264.

[207] [208] [209]
ignored: Infinite glue shrinkage found in box being split [210]
ignored: Infinite glue shrinkage found in box being split [211] [212]

Package hyperref Warning: Invalid page number (0)
(hyperref)                for remote PDF file.
(hyperref)                Using page 1 on input line 10640.

[213]
warning  (pdf backend): ignoring duplicate destination with the name 'proofpartn
r.1'

Package hyperref Warning: Invalid page number (0)
(hyperref)                for remote PDF file.
(hyperref)                Using page 1 on input line 10674.


Package hyperref Warning: Invalid page number (0)
(hyperref)                for remote PDF file.
(hyperref)                Using page 1 on input line 10677.


warning  (pdf backend): ignoring duplicate destination with the name 'proofpartn
r.2'

Package hyperref Warning: Invalid page number (0)
(hyperref)                for remote PDF file.
(hyperref)                Using page 1 on input line 10701.


Package hyperref Warning: Invalid page number (0)
(hyperref)                for remote PDF file.
(hyperref)                Using page 1 on input line 10704.

ignored: Infinite glue shrinkage found in box being split [214]
ignored: Infinite glue shrinkage found in box being split [215]

Package hyperref Warning: Invalid page number (0)
(hyperref)                for remote PDF file.
(hyperref)                Using page 1 on input line 10832.

[216]
ignored: Infinite glue shrinkage found in box being split [217]

Package hyperref Warning: Invalid page number (0)
(hyperref)                for remote PDF file.
(hyperref)                Using page 1 on input line 10900.

ignored: Infinite glue shrinkage found in box being split [218]

Package hyperref Warning: Invalid page number (0)
(hyperref)                for remote PDF file.
(hyperref)                Using page 1 on input line 10969.


Package hyperref Warning: Invalid page number (0)
(hyperref)                for remote PDF file.
(hyperref)                Using page 1 on input line 10994.

[219]

Package hyperref Warning: Invalid page number (0)
(hyperref)                for remote PDF file.
(hyperref)                Using page 1 on input line 11033.

[220]

Package hyperref Warning: Invalid page number (0)
(hyperref)                for remote PDF file.
(hyperref)                Using page 1 on input line 11094.


Package hyperref Warning: Invalid page number (0)
(hyperref)                for remote PDF file.
(hyperref)                Using page 1 on input line 11125.


Package hyperref Warning: Invalid page number (0)
(hyperref)                for remote PDF file.
(hyperref)                Using page 1 on input line 11128.


Package hyperref Warning: Invalid page number (0)
(hyperref)                for remote PDF file.
(hyperref)                Using page 1 on input line 11139.


Package hyperref Warning: Invalid page number (0)
(hyperref)                for remote PDF file.
(hyperref)                Using page 1 on input line 11141.

[221]

Package hyperref Warning: Invalid page number (0)
(hyperref)                for remote PDF file.
(hyperref)                Using page 1 on input line 11157.


Package hyperref Warning: Invalid page number (0)
(hyperref)                for remote PDF file.
(hyperref)                Using page 1 on input line 11160.

[222] [223]

Package hyperref Warning: Invalid page number (0)
(hyperref)                for remote PDF file.
(hyperref)                Using page 1 on input line 11264.

[224]
ignored: Infinite glue shrinkage found in box being split [225]

Package hyperref Warning: Invalid page number (0)
(hyperref)                for remote PDF file.
(hyperref)                Using page 1 on input line 11380.

ignored: Infinite glue shrinkage found in box being split [226]

Package hyperref Warning: Invalid page number (0)
(hyperref)                for remote PDF file.
(hyperref)                Using page 1 on input line 11468.


Package hyperref Warning: Invalid page number (0)
(hyperref)                for remote PDF file.
(hyperref)                Using page 1 on input line 11475.


Package hyperref Warning: Invalid page number (0)
(hyperref)                for remote PDF file.
(hyperref)                Using page 1 on input line 11489.


Package hyperref Warning: Invalid page number (0)
(hyperref)                for remote PDF file.
(hyperref)                Using page 1 on input line 11495.

[227] [228]

Package hyperref Warning: Invalid page number (0)
(hyperref)                for remote PDF file.
(hyperref)                Using page 1 on input line 11616.

[229]

Package hyperref Warning: Invalid page number (0)
(hyperref)                for remote PDF file.
(hyperref)                Using page 1 on input line 11712.

[230] [231]

Package hyperref Warning: Invalid page number (0)
(hyperref)                for remote PDF file.
(hyperref)                Using page 1 on input line 11844.

ignored: Infinite glue shrinkage found in box being split [232] [233]

Package hyperref Warning: Invalid page number (0)
(hyperref)                for remote PDF file.
(hyperref)                Using page 1 on input line 11914.


Package hyperref Warning: Invalid page number (0)
(hyperref)                for remote PDF file.
(hyperref)                Using page 1 on input line 11962.

[234]

Package hyperref Warning: Invalid page number (0)
(hyperref)                for remote PDF file.
(hyperref)                Using page 1 on input line 11981.


Package hyperref Warning: Invalid page number (0)
(hyperref)                for remote PDF file.
(hyperref)                Using page 1 on input line 12007.


Package hyperref Warning: Invalid page number (0)
(hyperref)                for remote PDF file.
(hyperref)                Using page 1 on input line 12024.

[235]

Package hyperref Warning: Invalid page number (0)
(hyperref)                for remote PDF file.
(hyperref)                Using page 1 on input line 12041.

[236]

Package hyperref Warning: Invalid page number (0)
(hyperref)                for remote PDF file.
(hyperref)                Using page 1 on input line 12104.

ignored: Infinite glue shrinkage found in box being split [237]

Package hyperref Warning: Invalid page number (0)
(hyperref)                for remote PDF file.
(hyperref)                Using page 1 on input line 12181.

[238] [239]
ignored: Infinite glue shrinkage found in box being split [240]

Package hyperref Warning: Invalid page number (0)
(hyperref)                for remote PDF file.
(hyperref)                Using page 1 on input line 12350.


Package hyperref Warning: Invalid page number (0)
(hyperref)                for remote PDF file.
(hyperref)                Using page 1 on input line 12365.

ignored: Infinite glue shrinkage found in box being split [241]
Overfull \hbox (18.90767pt too wide) in alignment at lines 12411--12424
 [][][][] 
 []

ignored: Infinite glue shrinkage found in box being split [242]
warning  (pdf backend): ignoring duplicate destination with the name 'proofpartn
r.1'

Package hyperref Warning: Invalid page number (0)
(hyperref)                for remote PDF file.
(hyperref)                Using page 1 on input line 12544.

[243]

Package hyperref Warning: Invalid page number (0)
(hyperref)                for remote PDF file.
(hyperref)                Using page 1 on input line 12599.

[244] [245]

Package hyperref Warning: Invalid page number (0)
(hyperref)                for remote PDF file.
(hyperref)                Using page 1 on input line 12689.

ignored: Infinite glue shrinkage found in box being split [246] [247]

Package hyperref Warning: Invalid page number (0)
(hyperref)                for remote PDF file.
(hyperref)                Using page 1 on input line 12828.

[248] [249]
Overfull \hbox (15.87097pt too wide) detected at line 12993
[]\OT1/cmr/m/n/10.95 (\OML/cmm/m/it/10.95 R; A\OT1/cmr/m/n/10.95 )\OML/cmm/m/it
/10.95 ;  M \OMS/cmsy/m/n/10.95  P\OT1/cmr/m/n/10.95 (\OML/cmm/m/it/10.95 A\OT
1/cmr/m/n/10.95 )\OML/cmm/m/it/10.95 ;  X \OMS/cmsy/m/n/10.95 2 \OML/cmm/m/it/1
0.95 M;  C \OMS/cmsy/m/n/10.95 2 \OML/cmm/m/it/10.95 q[]\OT1/cmr/m/n/10.95 [\OM
L/cmm/m/it/10.95 X\OT1/cmr/m/n/10.95 ] \OMS/cmsy/m/n/10.95 ` \OML/cmm/m/it/10.9
5 C \OMS/cmsy/m/n/10.95 2 \OML/cmm/m/it/10.95 A=R \OMS/cmsy/m/n/10.95 ^ 9\OML/c
mm/m/it/10.95 a \OMS/cmsy/m/n/10.95 2 \OML/cmm/m/it/10.95 X C \OT1/cmr/m/n/10.9
5 = [][]
 []

[250]
warning  (pdf backend): ignoring duplicate destination with the name 'proofpartn
r.1'
[251]
Overfull \hbox (38.53125pt too wide) detected at line 13076
[]\OT1/cmr/m/n/10.95 (\OML/cmm/m/it/10.95 R; A\OT1/cmr/m/n/10.95 )\OML/cmm/m/it
/10.95 ;  M \OMS/cmsy/m/n/10.95  P\OT1/cmr/m/n/10.95 (\OML/cmm/m/it/10.95 A\OT
1/cmr/m/n/10.95 )\OML/cmm/m/it/10.95 ;  X \OMS/cmsy/m/n/10.95 2 \OML/cmm/m/it/1
0.95 M \OMS/cmsy/m/n/10.95 ` \OML/cmm/m/it/10.95 C \OMS/cmsy/m/n/10.95 2 \OML/c
mm/m/it/10.95 q[]\OT1/cmr/m/n/10.95 (\OML/cmm/m/it/10.95 X\OT1/cmr/m/n/10.95 ) 
\OMS/cmsy/m/n/10.95 ! []\OML/cmm/m/it/10.95 C \OMS/cmsy/m/n/10.95 2 \OML/cmm/m/
it/10.95 A=R \OMS/cmsy/m/n/10.95 ^ 9\OML/cmm/m/it/10.95 a \OMS/cmsy/m/n/10.95 2 \OML/cmm/m/it/10.95 X C \OT1/cmr/m/n/10.95 = [][][]
 []


warning  (pdf backend): ignoring duplicate destination with the name 'proofpartn
r.2'

Overfull \hbox (5.21516pt too wide) detected at line 13106
[]\OT1/cmr/m/n/10 (\OML/cmm/m/it/10 R; A\OT1/cmr/m/n/10 )\OML/cmm/m/it/10 ;  M 
\OMS/cmsy/m/n/10  P\OT1/cmr/m/n/10 (\OML/cmm/m/it/10 A\OT1/cmr/m/n/10 )\OML/cm
m/m/it/10 ;  X \OMS/cmsy/m/n/10 2 \OML/cmm/m/it/10 M \OMS/cmsy/m/n/10 ` []\OML/
cmm/m/it/10 C \OMS/cmsy/m/n/10 2 \OML/cmm/m/it/10 A=R \OMS/cmsy/m/n/10 ^ 9\OML/
cmm/m/it/10 a \OMS/cmsy/m/n/10 2 \OML/cmm/m/it/10 X C \OT1/cmr/m/n/10 = [][][] 
\OMS/cmsy/m/n/10 ! \OML/cmm/m/it/10 C \OMS/cmsy/m/n/10 2 \OML/cmm/m/it/10 q[]\O
T1/cmr/m/n/10 (\OML/cmm/m/it/10 X\OT1/cmr/m/n/10 )
 []


Overfull \hbox (44.22954pt too wide) in alignment at lines 13106--13125
 [][][][][][] 
 []

[252] [253]

Package hyperref Warning: Invalid page number (0)
(hyperref)                for remote PDF file.
(hyperref)                Using page 1 on input line 13229.


Package hyperref Warning: Invalid page number (0)
(hyperref)                for remote PDF file.
(hyperref)                Using page 1 on input line 13306.

[254]

Package hyperref Warning: Invalid page number (0)
(hyperref)                for remote PDF file.
(hyperref)                Using page 1 on input line 13365.

ignored: Infinite glue shrinkage found in box being split [255]

Package hyperref Warning: Invalid page number (0)
(hyperref)                for remote PDF file.
(hyperref)                Using page 1 on input line 13434.

[256]
ignored: Infinite glue shrinkage found in box being split [257]
Overfull \hbox (19.9704pt too wide) in alignment at lines 13529--13547
 [][][][] 
 []


Overfull \hbox (73.28899pt too wide) detected at line 13562
[]  [] \OML/cmm/m/it/10.95 ;  \OMS/cmsy/m/n/10.95 f\OML/cmm/m/it/10.95 a\OMS/cm
sy/m/n/10.95 g 2 \OML/cmm/m/it/10.95 M \OMS/cmsy/m/n/10.95 ` \OML/cmm/m/it/10.9
5 J[] [][]\OT1/cmr/m/n/10.95 = \OML/cmm/m/it/10.95 J[]J [] [] M[] \OMS/cmsy/m/
n/10.95 ! \OML/cmm/m/it/10.95 M[] \OMS/cmsy/m/n/10.95 ^ 8\OML/cmm/m/it/10.95 X 
\OMS/cmsy/m/n/10.95 2 \OML/cmm/m/it/10.95 M[] J\OT1/cmr/m/n/10.95 (\OML/cmm/m/i
t/10.95 X\OT1/cmr/m/n/10.95 ) = \OML/cmm/m/it/10.95 t[]\OT1/cmr/m/n/10.95 (\OML
/cmm/m/it/10.95 X\OT1/cmr/m/n/10.95 )[]
 []

ignored: Infinite glue shrinkage found in box being split [258]

Package hyperref Warning: Invalid page number (0)
(hyperref)                for remote PDF file.
(hyperref)                Using page 1 on input line 13671.


Package hyperref Warning: Invalid page number (0)
(hyperref)                for remote PDF file.
(hyperref)                Using page 1 on input line 13671.


Package hyperref Warning: Invalid page number (0)
(hyperref)                for remote PDF file.
(hyperref)                Using page 1 on input line 13671.

ignored: Infinite glue shrinkage found in box being split [259] [260] [261] [26
2]

Package hyperref Warning: Invalid page number (0)
(hyperref)                for remote PDF file.
(hyperref)                Using page 1 on input line 13929.


Overfull \hbox (1.66486pt too wide) in alignment at lines 13909--13930
 [][][][][][] 
 []

[263] [264] [265]
Kapitel 18.

Package hyperref Warning: Invalid page number (0)
(hyperref)                for remote PDF file.
(hyperref)                Using page 1 on input line 14056.

ignored: Infinite glue shrinkage found in box being split [266

]

Package hyperref Warning: Invalid page number (0)
(hyperref)                for remote PDF file.
(hyperref)                Using page 1 on input line 14089.


Package hyperref Warning: Invalid page number (0)
(hyperref)                for remote PDF file.
(hyperref)                Using page 1 on input line 14123.


Package hyperref Warning: Invalid page number (0)
(hyperref)                for remote PDF file.
(hyperref)                Using page 1 on input line 14126.

ignored: Infinite glue shrinkage found in box being split [267]

Package hyperref Warning: Invalid page number (0)
(hyperref)                for remote PDF file.
(hyperref)                Using page 1 on input line 14170.


Package hyperref Warning: Invalid page number (0)
(hyperref)                for remote PDF file.
(hyperref)                Using page 1 on input line 14201.

ignored: Infinite glue shrinkage found in box being split [268]
ignored: Infinite glue shrinkage found in box being split [269]

Package hyperref Warning: Invalid page number (0)
(hyperref)                for remote PDF file.
(hyperref)                Using page 1 on input line 14314.


Package hyperref Warning: Invalid page number (0)
(hyperref)                for remote PDF file.
(hyperref)                Using page 1 on input line 14345.

[270]

Package hyperref Warning: Invalid page number (0)
(hyperref)                for remote PDF file.
(hyperref)                Using page 1 on input line 14370.

[271]

Package hyperref Warning: Invalid page number (0)
(hyperref)                for remote PDF file.
(hyperref)                Using page 1 on input line 14522.

[272] [273] [274]
ignored: Infinite glue shrinkage found in box being split [275]
Overfull \hbox (20.48041pt too wide) detected at line 14802
\OMS/cmsy/m/n/10.95 9\OML/cmm/m/it/10.95 C [] [] \OMS/cmsy/m/n/10.95 P\OT1/cmr/
m/n/10.95 (\OML/cmm/m/it/10.95 A\OT1/cmr/m/n/10.95 ) \OMS/cmsy/m/n/10.95 n f\U/
msb/m/n/10.95 ?\OMS/cmsy/m/n/10.95 g ! \OML/cmm/m/it/10.95 A \OMS/cmsy/m/n/10.9
5 8\OML/cmm/m/it/10.95 X \OMS/cmsy/m/n/10.95 2 P\OT1/cmr/m/n/10.95 (\OML/cmm/m/
it/10.95 A\OT1/cmr/m/n/10.95 ) \OMS/cmsy/m/n/10.95 n f\U/msb/m/n/10.95 ?\OMS/cm
sy/m/n/10.95 g []\OT1/cmr/m/n/10.95 (\OML/cmm/m/it/10.95 X; C\OT1/cmr/m/n/10.95
 (\OML/cmm/m/it/10.95 X\OT1/cmr/m/n/10.95 )) \OMS/cmsy/m/n/10.95 2 \OML/cmm/m/i
t/10.95 R[][] \OMS/cmsy/m/n/10.95 ` 9\OML/cmm/m/it/10.95 C []  []
 []


Package hyperref Warning: Invalid page number (0)
(hyperref)                for remote PDF file.
(hyperref)                Using page 1 on input line 14819.


Package hyperref Warning: Invalid page number (0)
(hyperref)                for remote PDF file.
(hyperref)                Using page 1 on input line 14821.


Package hyperref Warning: Invalid page number (0)
(hyperref)                for remote PDF file.
(hyperref)                Using page 1 on input line 14823.


Overfull \hbox (56.81488pt too wide) in alignment at lines 14803--14826
 [][][][] 
 []

[276]

Package hyperref Warning: Invalid page number (0)
(hyperref)                for remote PDF file.
(hyperref)                Using page 1 on input line 14848.


Overfull \hbox (12.2486pt too wide) in alignment at lines 14835--14856
 [][][][] 
 []

ignored: Infinite glue shrinkage found in box being split [277] [278]

Package hyperref Warning: Invalid page number (0)
(hyperref)                for remote PDF file.
(hyperref)                Using page 1 on input line 15024.

ignored: Infinite glue shrinkage found in box being split [279] [280]
Kapitel 19.
[281

]

Package hyperref Warning: Invalid page number (0)
(hyperref)                for remote PDF file.
(hyperref)                Using page 1 on input line 15121.


Package hyperref Warning: Invalid page number (0)
(hyperref)                for remote PDF file.
(hyperref)                Using page 1 on input line 15143.


Package hyperref Warning: Invalid page number (0)
(hyperref)                for remote PDF file.
(hyperref)                Using page 1 on input line 15144.


Package hyperref Warning: Invalid page number (0)
(hyperref)                for remote PDF file.
(hyperref)                Using page 1 on input line 15146.

ignored: Infinite glue shrinkage found in box being split [282]

Package hyperref Warning: Invalid page number (0)
(hyperref)                for remote PDF file.
(hyperref)                Using page 1 on input line 15199.

[283]

Package hyperref Warning: Invalid page number (0)
(hyperref)                for remote PDF file.
(hyperref)                Using page 1 on input line 15250.

[284] [285]

Package hyperref Warning: Invalid page number (0)
(hyperref)                for remote PDF file.
(hyperref)                Using page 1 on input line 15336.


Package hyperref Warning: Invalid page number (0)
(hyperref)                for remote PDF file.
(hyperref)                Using page 1 on input line 15361.

[286] [287]

Package hyperref Warning: Invalid page number (0)
(hyperref)                for remote PDF file.
(hyperref)                Using page 1 on input line 15502.

ignored: Infinite glue shrinkage found in box being split [288]
warning  (pdf backend): ignoring duplicate destination with the name 'proofpartn
r.1'

Package hyperref Warning: Invalid page number (0)
(hyperref)                for remote PDF file.
(hyperref)                Using page 1 on input line 15542.


warning  (pdf backend): ignoring duplicate destination with the name 'proofpartn
r.2'

Package hyperref Warning: Invalid page number (0)
(hyperref)                for remote PDF file.
(hyperref)                Using page 1 on input line 15570.

ignored: Infinite glue shrinkage found in box being split [289] [290]

Package hyperref Warning: Invalid page number (0)
(hyperref)                for remote PDF file.
(hyperref)                Using page 1 on input line 15641.

[291] [292]

Package hyperref Warning: Invalid page number (0)
(hyperref)                for remote PDF file.
(hyperref)                Using page 1 on input line 15839.


Package hyperref Warning: Invalid page number (0)
(hyperref)                for remote PDF file.
(hyperref)                Using page 1 on input line 15858.

[293]

Package hyperref Warning: Token not allowed in a PDF string (Unicode):
(hyperref)                removing `math shift' on input line 15914.

[294]

Package hyperref Warning: Token not allowed in a PDF string (Unicode):
(hyperref)                removing `math shift' on input line 15966.

[295]

Package hyperref Warning: Token not allowed in a PDF string (Unicode):
(hyperref)                removing `math shift' on input line 16040.

[296]

Package hyperref Warning: Token not allowed in a PDF string (Unicode):
(hyperref)                removing `math shift' on input line 16074.


warning  (pdf backend): ignoring duplicate destination with the name 'proofpartn
r.1'
[297]
warning  (pdf backend): ignoring duplicate destination with the name 'proofpartn
r.2'

warning  (pdf backend): ignoring duplicate destination with the name 'proofpartn
r.1'
[298]
warning  (pdf backend): ignoring duplicate destination with the name 'proofpartn
r.2'

Package hyperref Warning: Invalid page number (0)
(hyperref)                for remote PDF file.
(hyperref)                Using page 1 on input line 16209.


warning  (pdf backend): ignoring duplicate destination with the name 'proofpartn
r.1'

Package hyperref Warning: Invalid page number (0)
(hyperref)                for remote PDF file.
(hyperref)                Using page 1 on input line 16240.


Package hyperref Warning: Invalid page number (0)
(hyperref)                for remote PDF file.
(hyperref)                Using page 1 on input line 16271.

[299]
warning  (pdf backend): ignoring duplicate destination with the name 'proofpartn
r.2'

Package hyperref Warning: Invalid page number (0)
(hyperref)                for remote PDF file.
(hyperref)                Using page 1 on input line 16282.

ignored: Infinite glue shrinkage found in box being split [300]
warning  (pdf backend): ignoring duplicate destination with the name 'proofpartn
r.1'

warning  (pdf backend): ignoring duplicate destination with the name 'proofpartn
r.2'
[301] [302]

Package hyperref Warning: Invalid page number (0)
(hyperref)                for remote PDF file.
(hyperref)                Using page 1 on input line 16435.

ignored: Infinite glue shrinkage found in box being split [303]
warning  (pdf backend): ignoring duplicate destination with the name 'proofpartn
r.1'

warning  (pdf backend): ignoring duplicate destination with the name 'proofpartn
r.2'
[304]
warning  (pdf backend): ignoring duplicate destination with the name 'proofpartn
r.1'

warning  (pdf backend): ignoring duplicate destination with the name 'proofpartn
r.2'
[305]
warning  (pdf backend): ignoring duplicate destination with the name 'proofpartn
r.1'

warning  (pdf backend): ignoring duplicate destination with the name 'proofpartn
r.2'
[306] [307]
warning  (pdf backend): ignoring duplicate destination with the name 'proofpartn
r.1'

warning  (pdf backend): ignoring duplicate destination with the name 'proofpartn
r.2'
[308] [309]

Package hyperref Warning: Invalid page number (0)
(hyperref)                for remote PDF file.
(hyperref)                Using page 1 on input line 16924.

ignored: Infinite glue shrinkage found in box being split [310]
ignored: Infinite glue shrinkage found in box being split [311] [312]
ignored: Infinite glue shrinkage found in box being split [313] [314]
ignored: Infinite glue shrinkage found in box being split [315] [316]
ignored: Infinite glue shrinkage found in box being split [317]
ignored: Infinite glue shrinkage found in box being split [318]

Package hyperref Warning: Invalid page number (0)
(hyperref)                for remote PDF file.
(hyperref)                Using page 1 on input line 17460.


Package hyperref Warning: Invalid page number (0)
(hyperref)                for remote PDF file.
(hyperref)                Using page 1 on input line 17460.


Package hyperref Warning: Invalid page number (0)
(hyperref)                for remote PDF file.
(hyperref)                Using page 1 on input line 17460.


Package hyperref Warning: Invalid page number (0)
(hyperref)                for remote PDF file.
(hyperref)                Using page 1 on input line 17466.


Package hyperref Warning: Invalid page number (0)
(hyperref)                for remote PDF file.
(hyperref)                Using page 1 on input line 17466.


Package hyperref Warning: Invalid page number (0)
(hyperref)                for remote PDF file.
(hyperref)                Using page 1 on input line 17466.


Package hyperref Warning: Invalid page number (0)
(hyperref)                for remote PDF file.
(hyperref)                Using page 1 on input line 17477.


Package hyperref Warning: Invalid page number (0)
(hyperref)                for remote PDF file.
(hyperref)                Using page 1 on input line 17477.


Package hyperref Warning: Invalid page number (0)
(hyperref)                for remote PDF file.
(hyperref)                Using page 1 on input line 17477.

[319]
warning  (pdf backend): ignoring duplicate destination with the name 'proofpartn
r.1'

Package hyperref Warning: Invalid page number (0)
(hyperref)                for remote PDF file.
(hyperref)                Using page 1 on input line 17524.


warning  (pdf backend): ignoring duplicate destination with the name 'proofpartn
r.2'

Package hyperref Warning: Invalid page number (0)
(hyperref)                for remote PDF file.
(hyperref)                Using page 1 on input line 17558.


Package hyperref Warning: Invalid page number (0)
(hyperref)                for remote PDF file.
(hyperref)                Using page 1 on input line 17558.


Package hyperref Warning: Invalid page number (0)
(hyperref)                for remote PDF file.
(hyperref)                Using page 1 on input line 17559.


Package hyperref Warning: Invalid page number (0)
(hyperref)                for remote PDF file.
(hyperref)                Using page 1 on input line 17576.


Overfull \hbox (3.53864pt too wide) in alignment at lines 17545--17577
 [][][][][][] 
 []

ignored: Infinite glue shrinkage found in box being split [320]

Package hyperref Warning: Invalid page number (0)
(hyperref)                for remote PDF file.
(hyperref)                Using page 1 on input line 17591.

ignored: Infinite glue shrinkage found in box being split [321] [322]
Overfull \hbox (79.7925pt too wide) in paragraph at lines 17763--17763
[] 
 []

[323]

Package hyperref Warning: Invalid page number (0)
(hyperref)                for remote PDF file.
(hyperref)                Using page 1 on input line 17809.


Package hyperref Warning: Invalid page number (0)
(hyperref)                for remote PDF file.
(hyperref)                Using page 1 on input line 17810.

[324]

Package hyperref Warning: Invalid page number (0)
(hyperref)                for remote PDF file.
(hyperref)                Using page 1 on input line 17835.


Package hyperref Warning: Invalid page number (0)
(hyperref)                for remote PDF file.
(hyperref)                Using page 1 on input line 17838.


Package hyperref Warning: Invalid page number (0)
(hyperref)                for remote PDF file.
(hyperref)                Using page 1 on input line 17839.


Package hyperref Warning: Invalid page number (0)
(hyperref)                for remote PDF file.
(hyperref)                Using page 1 on input line 17863.


Package hyperref Warning: Invalid page number (0)
(hyperref)                for remote PDF file.
(hyperref)                Using page 1 on input line 17866.


Package hyperref Warning: Invalid page number (0)
(hyperref)                for remote PDF file.
(hyperref)                Using page 1 on input line 17867.


Overfull \hbox (61.54514pt too wide) in paragraph at lines 17882--17882
[] 
 []

[325] [326]
warning  (pdf backend): ignoring duplicate destination with the name 'proofpartn
r.1'
[327]
warning  (pdf backend): ignoring duplicate destination with the name 'proofpartn
r.2'
ignored: Infinite glue shrinkage found in box being split [328]

Package hyperref Warning: Invalid page number (0)
(hyperref)                for remote PDF file.
(hyperref)                Using page 1 on input line 18089.


Package hyperref Warning: Invalid page number (0)
(hyperref)                for remote PDF file.
(hyperref)                Using page 1 on input line 18164.

[329] [330]
warning  (pdf backend): ignoring duplicate destination with the name 'proofpartn
r.1'
ignored: Infinite glue shrinkage found in box being split [331]
warning  (pdf backend): ignoring duplicate destination with the name 'proofpartn
r.2'

warning  (pdf backend): ignoring duplicate destination with the name 'proofpartn
r.3'
ignored: Infinite glue shrinkage found in box being split [332]
warning  (pdf backend): ignoring duplicate destination with the name 'proofpartn
r.4'
ignored: Infinite glue shrinkage found in box being split [333]
ignored: Infinite glue shrinkage found in box being split [334] [335]
ignored: Infinite glue shrinkage found in box being split [336]
ignored: Infinite glue shrinkage found in box being split [337]

Package hyperref Warning: Invalid page number (0)
(hyperref)                for remote PDF file.
(hyperref)                Using page 1 on input line 18875.

[338]

Package hyperref Warning: Invalid page number (0)
(hyperref)                for remote PDF file.
(hyperref)                Using page 1 on input line 18919.

ignored: Infinite glue shrinkage found in box being split [339]

Package hyperref Warning: Invalid page number (0)
(hyperref)                for remote PDF file.
(hyperref)                Using page 1 on input line 19041.


warning  (pdf backend): ignoring duplicate destination with the name 'proofpartn
r.1'
[340]
warning  (pdf backend): ignoring duplicate destination with the name 'proofpartn
r.2'

Package hyperref Warning: Invalid page number (0)
(hyperref)                for remote PDF file.
(hyperref)                Using page 1 on input line 19127.

[341] [342]
Kapitel 20.
[343

] [344]

Package hyperref Warning: Invalid page number (0)
(hyperref)                for remote PDF file.
(hyperref)                Using page 1 on input line 22677.

[345]

Package hyperref Warning: Invalid page number (0)
(hyperref)                for remote PDF file.
(hyperref)                Using page 1 on input line 22760.


Package hyperref Warning: Invalid page number (0)
(hyperref)                for remote PDF file.
(hyperref)                Using page 1 on input line 22760.

ignored: Infinite glue shrinkage found in box being split [346]
warning  (pdf backend): ignoring duplicate destination with the name 'proofpartn
r.1'
ignored: Infinite glue shrinkage found in box being split [347]
warning  (pdf backend): ignoring duplicate destination with the name 'proofpartn
r.2'
ignored: Infinite glue shrinkage found in box being split [348]

Package hyperref Warning: Invalid page number (0)
(hyperref)                for remote PDF file.
(hyperref)                Using page 1 on input line 23048.


Package hyperref Warning: Invalid page number (0)
(hyperref)                for remote PDF file.
(hyperref)                Using page 1 on input line 23111.

ignored: Infinite glue shrinkage found in box being split [349]
warning  (pdf backend): ignoring duplicate destination with the name 'proofpartn
r.1'

warning  (pdf backend): ignoring duplicate destination with the name 'proofpartn
r.2'
[350]
Overfull \hbox (23.7843pt too wide) in alignment at lines 23371--23398
 [][][][] 
 []

ignored: Infinite glue shrinkage found in box being split [351]
warning  (pdf backend): ignoring duplicate destination with the name 'proofpartn
r.1'

warning  (pdf backend): ignoring duplicate destination with the name 'proofpartn
r.2'
ignored: Infinite glue shrinkage found in box being split [352]
warning  (pdf backend): ignoring duplicate destination with the name 'proofpartn
r.3'

warning  (pdf backend): ignoring duplicate destination with the name 'proofpartn
r.4'

Package hyperref Warning: Invalid page number (0)
(hyperref)                for remote PDF file.
(hyperref)                Using page 1 on input line 23595.


Overfull \hbox (62.4912pt too wide) in alignment at lines 23539--23607
 [][][][][][] 
 []

ignored: Infinite glue shrinkage found in box being split [353] [354] (./B03.au
x)
 ***********
LaTeX2e <2025-11-01>
L3 programming layer <2026-03-20>
 ***********
Package rerunfilecheck Info: File `B03.out' has not changed.
(rerunfilecheck)             Checksum: 5E6EBE4C73AF77E85B11EF0A4FEBCF92;46084.
)

Here is how much of LuaTeX's memory you used:
 22008 strings out of 475900
 125126,2373549 words of node,token memory allocated
 12677 words of node memory still in use:
   8 hlist, 2 vlist, 2 rule, 1 local_par, 7 glue, 5 kern, 1 penalty, 3 glyph, 40
23 attribute, 64 glue_spec, 2012 attribute_list, 1 write, 1 pdf_action nodes
   avail lists: 1:3,2:3996,3:450,4:21,5:580,6:135,7:5946,8:71,9:1912,10:16,11:57
7
 41066 multiletter control sequences out of 65536+600000
 86 fonts using 6660479 bytes
 92i,20n,95p,999b,777s stack positions out of 10000i,1000n,20000p,200000b,200000s
<c:/users/martin kunze/appdata/local/programs/miktex/fonts/opentype/public/lm/lm
roman8-regular.otf><c:/users/martin kunze/appdata/local/programs/miktex/fonts/op
entype/public/lm/lmroman10-italic.otf><c:/users/martin kunze/appdata/local/progr
ams/miktex/fonts/opentype/public/lm/lmroman10-bolditalic.otf><c:/users/martin ku
nze/appdata/local/programs/miktex/fonts/opentype/public/lm/lmroman10-regular.otf
><c:/users/martin kunze/appdata/local/programs/miktex/fonts/opentype/public/lm/l
mroman10-bold.otf><c:/users/martin kunze/appdata/local/programs/miktex/fonts/ope
ntype/public/lm/lmroman12-bold.otf><c:/users/martin kunze/appdata/local/programs
/miktex/fonts/opentype/public/lm/lmroman12-regular.otf><c:/users/martin kunze/ap
pdata/local/programs/miktex/fonts/opentype/public/lm/lmroman17-regular.otf><C:/U
sers/Martin Kunze/AppData/Local/Programs/MiKTeX/fonts/type1/public/amsfonts/cm/c
mex10.pfb><C:/Users/Martin Kunze/AppData/Local/Programs/MiKTeX/fonts/type1/publi
c/amsfonts/cmextra/cmex7.pfb><C:/Users/Martin Kunze/AppData/Local/Programs/MiKTe
X/fonts/type1/public/amsfonts/cmextra/cmex8.pfb><C:/Users/Martin Kunze/AppData/L
ocal/Programs/MiKTeX/fonts/type1/public/amsfonts/cm/cmmi10.pfb><C:/Users/Martin 
Kunze/AppData/Local/Programs/MiKTeX/fonts/type1/public/amsfonts/cm/cmmi5.pfb><C:
/Users/Martin Kunze/AppData/Local/Programs/MiKTeX/fonts/type1/public/amsfonts/cm
/cmmi6.pfb><C:/Users/Martin Kunze/AppData/Local/Programs/MiKTeX/fonts/type1/publ
ic/amsfonts/cm/cmmi7.pfb><C:/Users/Martin Kunze/AppData/Local/Programs/MiKTeX/fo
nts/type1/public/amsfonts/cm/cmmi8.pfb><C:/Users/Martin Kunze/AppData/Local/Prog
rams/MiKTeX/fonts/type1/public/amsfonts/cm/cmr10.pfb><C:/Users/Martin Kunze/AppD
ata/Local/Programs/MiKTeX/fonts/type1/public/amsfonts/cm/cmr5.pfb><C:/Users/Mart
in Kunze/AppData/Local/Programs/MiKTeX/fonts/type1/public/amsfonts/cm/cmr6.pfb><
C:/Users/Martin Kunze/AppData/Local/Programs/MiKTeX/fonts/type1/public/amsfonts/
cm/cmr7.pfb><C:/Users/Martin Kunze/AppData/Local/Programs/MiKTeX/fonts/type1/pub
lic/amsfonts/cm/cmr8.pfb><C:/Users/Martin Kunze/AppData/Local/Programs/MiKTeX/fo
nts/type1/public/amsfonts/cm/cmss10.pfb><C:/Users/Martin Kunze/AppData/Local/Pro
grams/MiKTeX/fonts/type1/public/amsfonts/cm/cmsy10.pfb><C:/Users/Martin Kunze/Ap
pData/Local/Programs/MiKTeX/fonts/type1/public/amsfonts/cm/cmsy5.pfb><C:/Users/M
artin Kunze/AppData/Local/Programs/MiKTeX/fonts/type1/public/amsfonts/cm/cmsy6.p
fb><C:/Users/Martin Kunze/AppData/Local/Programs/MiKTeX/fonts/type1/public/amsfo
nts/cm/cmsy7.pfb><C:/Users/Martin Kunze/AppData/Local/Programs/MiKTeX/fonts/type
1/public/amsfonts/cm/cmsy8.pfb><C:/Users/Martin Kunze/AppData/Local/Programs/MiK
TeX/fonts/type1/public/amsfonts/symbols/msam10.pfb><C:/Users/Martin Kunze/AppDat
a/Local/Programs/MiKTeX/fonts/type1/public/amsfonts/symbols/msam7.pfb><C:/Users/
Martin Kunze/AppData/Local/Programs/MiKTeX/fonts/type1/public/amsfonts/symbols/m
sbm10.pfb><C:/Users/Martin Kunze/AppData/Local/Programs/MiKTeX/fonts/type1/publi
c/amsfonts/symbols/msbm7.pfb>
Output written on B03.pdf (355 pages, 3311753 bytes).

PDF statistics: 12482 PDF objects out of 12825 (max. 8388607)
 3122 named destinations out of 3580 (max. 1048576)
 1777 words of extra memory for PDF output out of 10000 (max. 100000000)

