This is LuaHBTeX, Version 1.24.0 (MiKTeX 26.2) (format=lualatex 2026.5.2)  10 JUL 2026 21:40
 restricted system commands enabled.
**B04.tex
(./B04.tex
LaTeX2e <2025-11-01>
L3 programming layer <2026-03-20>
Lua module: luaotfload 2024-12-03 v3.29 Lua based OpenType font support
Lua module: lualibs 2023-07-13 v2.76 ConTeXt Lua standard libraries.
Lua module: lualibs-extended 2023-07-13 v2.76 ConTeXt Lua libraries -- extended 
collection.
luaotfload | conf : Root cache directory is "C:/Users/Martin Kunze/AppData/Local
/MiKTeX/luatex-cache/generic/names".
luaotfload | init : Loading fontloader "fontloader-2023-12-28.lua" from kpse-res
olved path "C:/Users/Martin Kunze/AppData/Local/Programs/MiKTeX/tex/luatex/luaot
fload/fontloader-2023-12-28.lua".
Lua-only attribute luaotfload@noligature = 1
luaotfload | init : Context OpenType loader version 3.134
Inserting `luaotfload.node_processor' in `pre_linebreak_filter'.
Inserting `luaotfload.node_processor' in `hpack_filter'.
Inserting `luaotfload.glyph_stream' in `glyph_stream_provider'.
Inserting `luaotfload.define_font' in `define_font'.
Lua-only attribute luaotfload_color_attribute = 2
luaotfload | conf : Root cache directory is "C:/Users/Martin Kunze/AppData/Local
/MiKTeX/luatex-cache/generic/names".
Inserting `luaotfload.harf.strip_prefix' in `find_opentype_file'.
Inserting `luaotfload.harf.strip_prefix' in `find_truetype_file'.
Removing  `luaotfload.glyph_stream' from `glyph_stream_provider'.
Inserting `luaotfload.harf.glyphstream' in `glyph_stream_provider'.
Inserting `luaotfload.harf.finalize_vlist' in `post_linebreak_filter'.
Inserting `luaotfload.harf.finalize_hlist' in `hpack_filter'.
Inserting `luaotfload.cleanup_files' in `wrapup_run'.
Inserting `luaotfload.harf.finalize_unicode' in `finish_pdffile'.
Inserting `luaotfload.glyphinfo' in `glyph_info'.
Lua-only attribute luaotfload.letterspace_done = 3
Inserting `luaotfload.aux.set_sscale_dimens' in `luaotfload.patch_font'.
Inserting `luaotfload.aux.set_font_index' in `luaotfload.patch_font'.
Inserting `luaotfload.aux.patch_cambria_domh' in `luaotfload.patch_font'.
Inserting `luaotfload.aux.fixup_fontdata' in `luaotfload.patch_font_unsafe'.
Inserting `luaotfload.aux.set_capheight' in `luaotfload.patch_font'.
Inserting `luaotfload.aux.set_xheight' in `luaotfload.patch_font'.
Inserting `luaotfload.rewrite_fontname' in `luaotfload.patch_font'.
Inserting `tracingstacklevels' in `input_level_string'.
("C:/Users/Martin Kunze/AppData/Local/Programs/MiKTeX/tex/latex/subfiles/subfil
es.cls"
Document Class: subfiles 2020/11/14 v2.2 Multi-file projects (class)
Preamble taken from file `main.tex'

("C:/Users/Martin Kunze/AppData/Local/Programs/MiKTeX/tex/latex/import/import.s
ty"
Package: import 2020/04/01  v 6.2
) (./main.tex
("C:/Users/Martin Kunze/AppData/Local/Programs/MiKTeX/tex/latex/base/report.cls
"
Document Class: report 2025/01/22 v1.4n Standard LaTeX document class
("C:/Users/Martin Kunze/AppData/Local/Programs/MiKTeX/tex/latex/base/size11.clo
"
File: size11.clo 2025/01/22 v1.4n Standard LaTeX file (size option)
luaotfload | db : Font names database loaded from C:/Users/Martin Kunze/AppData/
Local/MiKTeX/luatex-cache/generic/names/luaotfload-names.luc.gz)
\c@part=\count273
\c@chapter=\count274
\c@section=\count275
\c@subsection=\count276
\c@subsubsection=\count277
\c@paragraph=\count278
\c@subparagraph=\count279
\c@figure=\count280
\c@table=\count281
\abovecaptionskip=\skip49
\belowcaptionskip=\skip50
\bibindent=\dimen149
)
("C:/Users/Martin Kunze/AppData/Local/Programs/MiKTeX/tex/generic/babel/babel.s
ty"
Package: babel 2026/03/24 v26.5 The multilingual framework for LuaLaTeX, pdfLaT
eX and XeLaTeX

("C:/Users/Martin Kunze/AppData/Local/Programs/MiKTeX/tex/generic/babel/luababe
l.def"
\bbl@readstream=\read2
\l@afrikaans=\language2
Package babel Info: Non-standard hyphenation setup on input line 118.
\l@ancientgreek=\language3
\l@armenian=\language4
\l@assamese=\language5
\l@basque=\language6
\l@belarusian=\language7
\l@bengali=\language8
\l@bokmal=\language9
\l@bulgarian=\language10
\l@catalan=\language11
\l@churchslavonic=\language12
\l@classiclatin=\language13
\l@coptic=\language14
\l@croatian=\language15
\l@czech=\language16
\l@danish=\language17
\l@dutch=\language18
\l@esperanto=\language19
\l@estonian=\language20
\l@ethiopic=\language21
\l@finnish=\language22
\l@french=\language23
\l@friulan=\language24
\l@galician=\language25
\l@georgian=\language26
\l@german=\language27
\l@greek=\language28
\l@gujarati=\language29
\l@hindi=\language30
\l@hungarian=\language31
\l@icelandic=\language32
\l@indonesian=\language33
\l@interlingua=\language34
\l@irish=\language35
\l@italian=\language36
\l@kannada=\language37
\l@kurmanji=\language38
\l@latin=\language39
\l@latvian=\language40
\l@lithuanian=\language41
\l@liturgicallatin=\language42
\l@macedonian=\language43
\l@malayalam=\language44
\l@marathi=\language45
\l@mongolian=\language46
\l@mongolianlmc=\language47
\l@monogreek=\language48
\l@ngerman=\language49
\l@nynorsk=\language50
\l@occitan=\language51
\l@oriya=\language52
\l@pali=\language53
\l@panjabi=\language54
\l@piedmontese=\language55
\l@polish=\language56
\l@portuguese=\language57
\l@romanian=\language58
\l@romansh=\language59
\l@russian=\language60
\l@sanskrit=\language61
\l@serbian=\language62
\l@serbianc=\language63
\l@slovak=\language64
\l@slovenian=\language65
\l@spanish=\language66
\l@swedish=\language67
\l@swissgerman=\language68
\l@tamil=\language69
\l@telugu=\language70
\l@thai=\language71
\l@turkish=\language72
\l@turkmen=\language73
\l@ukenglish=\language74
\l@ukrainian=\language75
\l@uppersorbian=\language76
\l@usenglishmax=\language77
\l@welsh=\language78
\babelcatcodetablenum=\catcodetable14
\bbl@pattcodes=\catcodetable15
)
\babel@savecnt=\count282
LaTeX Encoding Info:    Redeclaring text command \ij (encoding OT1) on input li
ne 2078.
LaTeX Encoding Info:    Redeclaring text command \IJ (encoding OT1) on input li
ne 2080.
LaTeX Encoding Info:    Redeclaring text command \ij (encoding T1) on input lin
e 2082.
LaTeX Encoding Info:    Redeclaring text command \IJ (encoding T1) on input lin
e 2083.
LaTeX Encoding Info:    Ignoring declaration for text command \ij (encoding ?) 
on input line 2084.
LaTeX Encoding Info:    Ignoring declaration for text command \IJ (encoding ?) 
on input line 2086.
LaTeX Encoding Info:    Ignoring declaration for text command \SS (encoding ?) 
on input line 2111.
\U@D=\dimen150
\l@unhyphenated=\language79

("C:/Users/Martin Kunze/AppData/Local/Programs/MiKTeX/tex/generic/babel/luababe
l.def"
\bbl@attr@locale=\attribute4
)
Package babel Info: Configuration files are deprecated, as
(babel)             they can break document portability.
(babel)             Reported on input line 4206.

*************************************
* Local config file bblopts.cfg used
*

("C:/Users/Martin Kunze/AppData/Local/Programs/MiKTeX/tex/latex/arabi/bblopts.c
fg"
File: bblopts.cfg 2005/09/08 v0.1 add Arabic and Farsi to "declared" options of
 babel
)
("C:/Users/Martin Kunze/AppData/Local/Programs/MiKTeX/tex/generic/babel/locale/
de/babel-german.tex")
Package babel Info: Importing font and identification data for german
(babel)             from babel-de.ini. Reported on input line 4330.

("C:/Users/Martin Kunze/AppData/Local/Programs/MiKTeX/tex/latex/babel-german/ge
rman.ldf"
Language: german 

("C:/Users/Martin Kunze/AppData/Local/Programs/MiKTeX/tex/latex/babel-german/ba
bel-german.def"
Package babel Info: Making " an active character on input line 500.

("C:/Users/Martin Kunze/AppData/Local/Programs/MiKTeX/tex/generic/hyph-utf8/loa
dhyph/loadhyph-de-1901.tex"
UTF-8 German hyphenation patterns (traditional orthography)
("C:/Users/Martin Kunze/AppData/Local/Programs/MiKTeX/tex/generic/hyph-utf8/pat
terns/tex/hyph-de-1901.tex"
German Hyphenation Patterns (Traditional Orthography) `dehypht-x' 2024-02-28 (W
L))))))
("C:/Users/Martin Kunze/AppData/Local/Programs/MiKTeX/tex/latex/csquotes/csquot
es.sty"
Package: csquotes 2024-04-04 v5.2o context-sensitive quotations (JAW)

("C:/Users/Martin Kunze/AppData/Local/Programs/MiKTeX/tex/latex/etoolbox/etoolb
ox.sty"
Package: etoolbox 2025/10/02 v2.5m e-TeX tools for LaTeX (JAW)
\etb@tempcnta=\count283
)
("C:/Users/Martin Kunze/AppData/Local/Programs/MiKTeX/tex/latex/graphics/keyval
.sty"
Package: keyval 2022/05/29 v1.15 key=value parser (DPC)
\KV@toks@=\toks17
)
\csq@reset=\count284
\csq@gtype=\count285
\csq@glevel=\count286
\csq@qlevel=\count287
\csq@maxlvl=\count288
\csq@tshold=\count289
\csq@ltx@everypar=\toks18

("C:/Users/Martin Kunze/AppData/Local/Programs/MiKTeX/tex/latex/csquotes/csquot
es.def"
File: csquotes.def 2024-04-04 v5.2o csquotes generic definitions (JAW)
)
Package csquotes Info: Trying to load configuration file 'csquotes.cfg'...
Package csquotes Info: ... configuration file loaded successfully.

("C:/Users/Martin Kunze/AppData/Local/Programs/MiKTeX/tex/latex/csquotes/csquot
es.cfg"
File: csquotes.cfg 
))
("C:/Users/Martin Kunze/AppData/Local/Programs/MiKTeX/tex/latex/amsmath/amsmath
.sty"
Package: amsmath 2025/07/09 v2.17z AMS math features
\@mathmargin=\skip51

For additional information on amsmath, use the `?' option.

("C:/Users/Martin Kunze/AppData/Local/Programs/MiKTeX/tex/latex/amsmath/amstext
.sty"
Package: amstext 2024/11/17 v2.01 AMS text

("C:/Users/Martin Kunze/AppData/Local/Programs/MiKTeX/tex/latex/amsmath/amsgen.
sty"
File: amsgen.sty 1999/11/30 v2.0 generic functions
\@emptytoks=\toks19
\ex@=\dimen151
))
("C:/Users/Martin Kunze/AppData/Local/Programs/MiKTeX/tex/latex/amsmath/amsbsy.
sty"
Package: amsbsy 1999/11/29 v1.2d Bold Symbols
\pmbraise@=\dimen152
)
("C:/Users/Martin Kunze/AppData/Local/Programs/MiKTeX/tex/latex/amsmath/amsopn.
sty"
Package: amsopn 2022/04/08 v2.04 operator names
)
\inf@bad=\count290
LaTeX Info: Redefining \frac on input line 235.
\uproot@=\count291
\leftroot@=\count292
LaTeX Info: Redefining \overline on input line 398.
LaTeX Info: Redefining \colon on input line 409.
\classnum@=\count293
\DOTSCASE@=\count294
LaTeX Info: Redefining \ldots on input line 495.
LaTeX Info: Redefining \dots on input line 498.
LaTeX Info: Redefining \cdots on input line 619.
\Mathstrutbox@=\box53
\strutbox@=\box54
LaTeX Info: Redefining \big on input line 721.
LaTeX Info: Redefining \Big on input line 722.
LaTeX Info: Redefining \bigg on input line 723.
LaTeX Info: Redefining \Bigg on input line 724.
\big@size=\dimen153
LaTeX Font Info:    Redeclaring font encoding OML on input line 742.
LaTeX Font Info:    Redeclaring font encoding OMS on input line 743.
\macc@depth=\count295
LaTeX Info: Redefining \bmod on input line 904.
LaTeX Info: Redefining \pmod on input line 909.
LaTeX Info: Redefining \smash on input line 939.
LaTeX Info: Redefining \relbar on input line 969.
LaTeX Info: Redefining \Relbar on input line 970.
\c@MaxMatrixCols=\count296
\dotsspace@=\muskip17
\c@parentequation=\count297
\dspbrk@lvl=\count298
\tag@help=\toks20
\row@=\count299
\column@=\count300
\maxfields@=\count301
\andhelp@=\toks21
\eqnshift@=\dimen154
\alignsep@=\dimen155
\tagshift@=\dimen156
\tagwidth@=\dimen157
\totwidth@=\dimen158
\lineht@=\dimen159
\@envbody=\toks22
\multlinegap=\skip52
\multlinetaggap=\skip53
\mathdisplay@stack=\toks23
LaTeX Info: Redefining \[ on input line 2950.
LaTeX Info: Redefining \] on input line 2951.
)
("C:/Users/Martin Kunze/AppData/Local/Programs/MiKTeX/tex/latex/amsfonts/amssym
b.sty"
Package: amssymb 2013/01/14 v3.01 AMS font symbols

("C:/Users/Martin Kunze/AppData/Local/Programs/MiKTeX/tex/latex/amsfonts/amsfon
ts.sty"
Package: amsfonts 2013/01/14 v3.01 Basic AMSFonts support
\symAMSa=\mathgroup4
\symAMSb=\mathgroup5
LaTeX Font Info:    Redeclaring math symbol \hbar on input line 98.
LaTeX Font Info:    Overwriting math alphabet `\mathfrak' in version `bold'
(Font)                  U/euf/m/n --> U/euf/b/n on input line 106.
))
("C:/Users/Martin Kunze/AppData/Local/Programs/MiKTeX/tex/latex/hyperref/hyperr
ef.sty"
Package: hyperref 2026-01-29 v7.01p Hypertext links for LaTeX

("C:/Users/Martin Kunze/AppData/Local/Programs/MiKTeX/tex/generic/iftex/iftex.s
ty"
Package: iftex 2024/12/12 v1.0g TeX engine tests
)
("C:/Users/Martin Kunze/AppData/Local/Programs/MiKTeX/tex/latex/kvsetkeys/kvset
keys.sty"
Package: kvsetkeys 2022-10-05 v1.19 Key value parser (HO)
)
("C:/Users/Martin Kunze/AppData/Local/Programs/MiKTeX/tex/generic/kvdefinekeys/
kvdefinekeys.sty"
Package: kvdefinekeys 2019-12-19 v1.6 Define keys (HO)
)
("C:/Users/Martin Kunze/AppData/Local/Programs/MiKTeX/tex/generic/pdfescape/pdf
escape.sty"
Package: pdfescape 2019/12/09 v1.15 Implements pdfTeX's escape features (HO)

("C:/Users/Martin Kunze/AppData/Local/Programs/MiKTeX/tex/generic/ltxcmds/ltxcm
ds.sty"
Package: ltxcmds 2023-12-04 v1.26 LaTeX kernel commands for general use (HO)
)
("C:/Users/Martin Kunze/AppData/Local/Programs/MiKTeX/tex/generic/pdftexcmds/pd
ftexcmds.sty"
Package: pdftexcmds 2020-06-27 v0.33 Utility functions of pdfTeX for LuaTeX (HO
)

("C:/Users/Martin Kunze/AppData/Local/Programs/MiKTeX/tex/generic/infwarerr/inf
warerr.sty"
Package: infwarerr 2019/12/03 v1.5 Providing info/warning/error messages (HO)
)
Package pdftexcmds Info: \pdf@primitive is available.
Package pdftexcmds Info: \pdf@ifprimitive is available.
Package pdftexcmds Info: \pdfdraftmode found.
\pdftexcmds@toks=\toks24
))
("C:/Users/Martin Kunze/AppData/Local/Programs/MiKTeX/tex/latex/hycolor/hycolor
.sty"
Package: hycolor 2020-01-27 v1.10 Color options for hyperref/bookmark (HO)
)
("C:/Users/Martin Kunze/AppData/Local/Programs/MiKTeX/tex/latex/hyperref/namere
f.sty"
Package: nameref 2026-01-29 v2.58 Cross-referencing by name of section

("C:/Users/Martin Kunze/AppData/Local/Programs/MiKTeX/tex/latex/refcount/refcou
nt.sty"
Package: refcount 2019/12/15 v3.6 Data extraction from label references (HO)
)
("C:/Users/Martin Kunze/AppData/Local/Programs/MiKTeX/tex/generic/gettitlestrin
g/gettitlestring.sty"
Package: gettitlestring 2019/12/15 v1.6 Cleanup title references (HO)

("C:/Users/Martin Kunze/AppData/Local/Programs/MiKTeX/tex/latex/kvoptions/kvopt
ions.sty"
Package: kvoptions 2022-06-15 v3.15 Key value format for package options (HO)
))
\c@section@level=\count302
)
("C:/Users/Martin Kunze/AppData/Local/Programs/MiKTeX/tex/generic/stringenc/str
ingenc.sty"
Package: stringenc 2019/11/29 v1.12 Convert strings between diff. encodings (HO
)
)
\@linkdim=\dimen160
\Hy@linkcounter=\count303
\Hy@pagecounter=\count304

("C:/Users/Martin Kunze/AppData/Local/Programs/MiKTeX/tex/latex/hyperref/pd1enc
.def"
File: pd1enc.def 2026-01-29 v7.01p Hyperref: PDFDocEncoding definition (HO)
)
("C:/Users/Martin Kunze/AppData/Local/Programs/MiKTeX/tex/generic/intcalc/intca
lc.sty"
Package: intcalc 2019/12/15 v1.3 Expandable calculations with integers (HO)
)
\Hy@SavedSpaceFactor=\count305

("C:/Users/Martin Kunze/AppData/Local/Programs/MiKTeX/tex/latex/hyperref/puenc.
def"
File: puenc.def 2026-01-29 v7.01p Hyperref: PDF Unicode definition (HO)
)
Package hyperref Info: Hyper figures OFF on input line 4201.
Package hyperref Info: Link nesting OFF on input line 4206.
Package hyperref Info: Hyper index ON on input line 4209.
Package hyperref Info: Plain pages OFF on input line 4216.
Package hyperref Info: Backreferencing OFF on input line 4221.
Package hyperref Info: Implicit mode ON; LaTeX internals redefined.
Package hyperref Info: Bookmarks ON on input line 4468.
\c@Hy@tempcnt=\count306

("C:/Users/Martin Kunze/AppData/Local/Programs/MiKTeX/tex/latex/url/url.sty"
\Urlmuskip=\muskip18
Package: url 2013/09/16  ver 3.4  Verb mode for urls, etc.
)
LaTeX Info: Redefining \url on input line 4807.
\XeTeXLinkMargin=\dimen161

("C:/Users/Martin Kunze/AppData/Local/Programs/MiKTeX/tex/generic/bitset/bitset
.sty"
Package: bitset 2019/12/09 v1.3 Handle bit-vector datatype (HO)

("C:/Users/Martin Kunze/AppData/Local/Programs/MiKTeX/tex/generic/bigintcalc/bi
gintcalc.sty"
Package: bigintcalc 2019/12/15 v1.5 Expandable calculations on big integers (HO
)
))
\Fld@menulength=\count307
\Field@Width=\dimen162
\Fld@charsize=\dimen163
Package hyperref Info: Hyper figures OFF on input line 6084.
Package hyperref Info: Link nesting OFF on input line 6089.
Package hyperref Info: Hyper index ON on input line 6092.
Package hyperref Info: backreferencing OFF on input line 6099.
Package hyperref Info: Link coloring OFF on input line 6104.
Package hyperref Info: Link coloring with OCG OFF on input line 6109.
Package hyperref Info: PDF/A mode OFF on input line 6114.
\Hy@abspage=\count308
\c@Item=\count309
\c@Hfootnote=\count310
)
Package hyperref Info: Driver (autodetected): hluatex.

("C:/Users/Martin Kunze/AppData/Local/Programs/MiKTeX/tex/latex/hyperref/hluate
x.def"
File: hluatex.def 2026-01-29 v7.01p Hyperref driver for luaTeX
\Fld@listcount=\count311
\c@bookmark@seq@number=\count312

("C:/Users/Martin Kunze/AppData/Local/Programs/MiKTeX/tex/latex/rerunfilecheck/
rerunfilecheck.sty"
Package: rerunfilecheck 2025-06-21 v1.11 Rerun checks for auxiliary files (HO)

("C:/Users/Martin Kunze/AppData/Local/Programs/MiKTeX/tex/generic/uniquecounter
/uniquecounter.sty"
Package: uniquecounter 2019/12/15 v1.4 Provide unlimited unique counter (HO)
)
Package uniquecounter Info: New unique counter `rerunfilecheck' on input line 2
84.
)
\Hy@SectionHShift=\skip54
)
("C:/Users/Martin Kunze/AppData/Local/Programs/MiKTeX/tex/latex/subfiles/subfil
es.sty"
Package: subfiles 2020/11/14 v2.2 Multi-file projects (package)
)
("C:/Users/Martin Kunze/AppData/Local/Programs/MiKTeX/tex/latex/l3packages/xpar
se/xparse.sty"
("C:/Users/Martin Kunze/AppData/Local/Programs/MiKTeX/tex/latex/l3kernel/expl3.
sty"
Package: expl3 2026-03-20 L3 programming layer (loader) 

("C:/Users/Martin Kunze/AppData/Local/Programs/MiKTeX/tex/latex/l3backend/l3bac
kend-luatex.def"
File: l3backend-luatex.def 2026-02-18 L3 backend support: PDF output (LuaTeX)
\l__color_backend_stack_int=\count313
Inserting `l3color' in `luaotfload.parse_color'.))
Package: xparse 2025-10-09 L3 Experimental document command parser
)
("C:/Users/Martin Kunze/AppData/Local/Programs/MiKTeX/tex/latex/mathtools/matht
ools.sty"
Package: mathtools 2024/10/04 v1.31 mathematical typesetting tools

("C:/Users/Martin Kunze/AppData/Local/Programs/MiKTeX/tex/latex/tools/calc.sty"
Package: calc 2025/03/01 v4.3b Infix arithmetic (KKT,FJ)
\calc@Acount=\count314
\calc@Bcount=\count315
\calc@Adimen=\dimen164
\calc@Bdimen=\dimen165
\calc@Askip=\skip55
\calc@Bskip=\skip56
LaTeX Info: Redefining \setlength on input line 86.
LaTeX Info: Redefining \addtolength on input line 87.
\calc@Ccount=\count316
\calc@Cskip=\skip57
)
("C:/Users/Martin Kunze/AppData/Local/Programs/MiKTeX/tex/latex/mathtools/mhset
up.sty"
Package: mhsetup 2021/03/18 v1.4 programming setup (MH)
)
\g_MT_multlinerow_int=\count317
\l_MT_multwidth_dim=\dimen166
\origjot=\skip58
\l_MT_shortvdotswithinadjustabove_dim=\dimen167
\l_MT_shortvdotswithinadjustbelow_dim=\dimen168
\l_MT_above_intertext_sep=\dimen169
\l_MT_below_intertext_sep=\dimen170
\l_MT_above_shortintertext_sep=\dimen171
\l_MT_below_shortintertext_sep=\dimen172
\xmathstrut@box=\box55
\xmathstrut@dim=\dimen173
)
("C:/Users/Martin Kunze/AppData/Local/Programs/MiKTeX/tex/latex/booktabs/bookta
bs.sty"
Package: booktabs 2020/01/12 v1.61803398 Publication quality tables
\heavyrulewidth=\dimen174
\lightrulewidth=\dimen175
\cmidrulewidth=\dimen176
\belowrulesep=\dimen177
\belowbottomsep=\dimen178
\aboverulesep=\dimen179
\abovetopsep=\dimen180
\cmidrulesep=\dimen181
\cmidrulekern=\dimen182
\defaultaddspace=\dimen183
\@cmidla=\count318
\@cmidlb=\count319
\@aboverulesep=\dimen184
\@belowrulesep=\dimen185
\@thisruleclass=\count320
\@lastruleclass=\count321
\@thisrulewidth=\dimen186
)
("C:/Users/Martin Kunze/AppData/Local/Programs/MiKTeX/tex/latex/tools/tabularx.
sty"
Package: tabularx 2023/12/11 v2.12a `tabularx' package (DPC)

("C:/Users/Martin Kunze/AppData/Local/Programs/MiKTeX/tex/latex/tools/array.sty
"
Package: array 2025/09/25 v2.6n Tabular extension package (FMi)
\col@sep=\dimen187
\ar@mcellbox=\box56
\extrarowheight=\dimen188
\NC@list=\toks25
\extratabsurround=\skip59
\backup@length=\skip60
\ar@cellbox=\box57
)
\TX@col@width=\dimen189
\TX@old@table=\dimen190
\TX@old@col=\dimen191
\TX@target=\dimen192
\TX@delta=\dimen193
\TX@cols=\count322
\TX@ftn=\toks26
)
("C:/Users/Martin Kunze/AppData/Local/Programs/MiKTeX/tex/latex/makecell/makece
ll.sty"
Package: makecell 2009/08/03 V0.1e Managing of Tab Column Heads and Cells
\rotheadsize=\dimen194
\c@nlinenum=\count323
\TeXr@lab=\toks27
)
("C:/Users/Martin Kunze/AppData/Local/Programs/MiKTeX/tex/latex/amscls/amsthm.s
ty"
Package: amsthm 2020/05/29 v2.20.6
\thm@style=\toks28
\thm@bodyfont=\toks29
\thm@headfont=\toks30
\thm@notefont=\toks31
\thm@headpunct=\toks32
\thm@preskip=\skip61
\thm@postskip=\skip62
\thm@headsep=\skip63
\dth@everypar=\toks33
)
("C:/Users/Martin Kunze/AppData/Local/Programs/MiKTeX/tex/latex/multirow/multir
ow.sty"
Package: multirow 2024/11/12 v2.9 Span multiple rows of a table
\multirow@colwidth=\skip64
\multirow@cntb=\count324
\multirow@dima=\skip65
\bigstrutjot=\dimen195
)
("C:/Users/Martin Kunze/AppData/Local/Programs/MiKTeX/tex/latex/microtype/micro
type.sty"
Package: microtype 2026/03/01 v3.2d Micro-typographical refinements (RS)
\MT@toks=\toks34
\MT@tempbox=\box58
\MT@count=\count325
LaTeX Info: Redefining \noprotrusionifhmode on input line 1084.
LaTeX Info: Redefining \leftprotrusion on input line 1085.
\MT@prot@toks=\toks35
LaTeX Info: Redefining \rightprotrusion on input line 1104.
LaTeX Info: Redefining \textls on input line 1449.
\MT@outer@kern=\dimen196
LaTeX Info: Redefining \microtypecontext on input line 2053.
LaTeX Info: Redefining \textmicrotypecontext on input line 2070.
\MT@listname@count=\count326

("C:/Users/Martin Kunze/AppData/Local/Programs/MiKTeX/tex/latex/microtype/micro
type-luatex.def"
File: microtype-luatex.def 2026/03/01 v3.2d Definitions specific to luatex (RS)

Lua module: microtype 2026/03/01 v3.2d microtype module.
Module microtype Info: overwriting function `keepligature' on input line 63
LaTeX Info: Redefining \lsstyle on input line 779.
LaTeX Info: Redefining \lslig on input line 779.
\MT@outer@space=\skip66
)
Package microtype Info: Loading configuration file microtype.cfg.

("C:/Users/Martin Kunze/AppData/Local/Programs/MiKTeX/tex/latex/microtype/micro
type.cfg"
File: microtype.cfg 2026/03/01 v3.2d microtype main configuration file (RS)
)
LaTeX Info: Redefining \microtypesetup on input line 3065.
) (./tex/impl/thmlookup.tex
("C:/Users/Martin Kunze/AppData/Local/Programs/MiKTeX/tex/lualatex/luacode/luac
ode.sty"
Package: luacode 2012/01/23 v1.2a lua-in-tex helpers (mpg)

("C:/Users/Martin Kunze/AppData/Local/Programs/MiKTeX/tex/generic/iftex/ifluate
x.sty"
Package: ifluatex 2019/10/25 v1.5 ifluatex legacy package. Use iftex instead.
)
("C:/Users/Martin Kunze/AppData/Local/Programs/MiKTeX/tex/luatex/luatexbase/lua
texbase.sty"
Package: luatexbase 2015/10/04 v1.3 luatexbase interface to LuaTeX 

("C:/Users/Martin Kunze/AppData/Local/Programs/MiKTeX/tex/luatex/ctablestack/ct
ablestack.sty"
Package: ctablestack 2015/10/01 v1.0 Catcode table stable support
\@catcodetablestackcnt=\count327
)
\CatcodeTableOther=\catcodetable16
\CatcodeTableExpl=\catcodetable17
)
\luacode@lines=\toks36
\luacode@table@soft=\catcodetable18
)) (./tex/impl/formula-envs.tex
("C:/Users/Martin Kunze/AppData/Local/Programs/MiKTeX/tex/latex/tools/longtable
.sty"
Package: longtable 2025-10-13 v4.24 Multi-page Table package (DPC)
\LTleft=\skip67
\LTright=\skip68
\LTpre=\skip69
\LTpost=\skip70
\LTchunksize=\count328
\LTcapwidth=\dimen197
\LT@head=\box59
\LT@firsthead=\box60
\LT@foot=\box61
\LT@lastfoot=\box62
\LT@gbox=\box63
\LT@cols=\count329
\LT@rows=\count330
\c@LT@tables=\count331
\c@LT@chunks=\count332
\LT@p@ftn=\toks37
)
\c@formulaThm=\count333
\c@formulaDef=\count334
\c@formulaAx=\count335
 (./tex/impl/delta-context.tex)) (./tex/impl/proof-tables.tex
\c@proofstepnr=\count336
\c@proofpartnr=\count337
)
(./tex/impl/commands.tex
File: commands.tex 2026/01/04 Command dispatcher
 (./tex/impl/commands/logic.tex
File: logic.tex 2026/01/04 Logical separators and symbols
)
(./tex/impl/commands/rules.tex
File: rules.tex 2026/01/04 ND rule macros
) (./tex/impl/commands/sets.tex
File: sets.tex 2026/01/04 Set-theoretic notation
)
(./tex/impl/commands/cardinality.tex
File: cardinality.tex 2026/03/25 Cardinality and finiteness notation
) (./tex/impl/commands/relations.tex
File: relations.tex 2026/01/17 Relation-theoretic notation
)
(./tex/impl/commands/functions.tex
File: functions.tex 2026/01/04 Function-theoretic notation
) (./tex/impl/commands/numbers.tex
File: numbers.tex 2026/06/07 Natural-number notation
)
(./tex/impl/commands/project.tex
File: project.tex 2026/01/04 Project specific macros
))
\c@file=\count338
))
("C:/Users/Martin Kunze/AppData/Local/Programs/MiKTeX/tex/latex/hyperref/xr-hyp
er.sty"
Package: xr-hyper 2026-01-29 v7.01p eXternal References (DPC)
)
Package xr Info: IMPORTING LABELS FROM registry/_B01.aux on input line 13.
Package xr Info: IMPORTING LABELS FROM registry/_B02.aux on input line 13.
Package xr Info: IMPORTING LABELS FROM registry/_B03.aux on input line 14.

thmlookup: loaded B01-B03 registries for B04
Package babel-german Info: Using contemporary glottonyms
(babel-german)             `german' denotes post-1996 spelling. on input line 3
3.

("C:/Users/Martin Kunze/AppData/Local/Programs/MiKTeX/tex/generic/babel/locale/
de/babel-german.tex"
Package babel Info: Importing basic data for german
(babel)             from babel-de.ini. Reported on input line 15.
)

Package babel-german Warning: Hyphenation patterns `ngerman-x-latest', requeste
d by german, not available. Falling back to legacy! on input line 33.

Package csquotes Info: Checking for multilingual support...
Package csquotes Info: ... found 'babel' package.
Package csquotes Info: Adjusting default style.
Package csquotes Info: Redefining alias 'default' -> 'german'.
(./B04.aux
Package babel Info: 'german' activates 'german' shorthands.
(babel)             Reported on input line 8.
)
\openout1 = B04.aux

LaTeX Font Info:    Checking defaults for OML/cmm/m/it on input line 33.
LaTeX Font Info:    ... okay on input line 33.
LaTeX Font Info:    Checking defaults for OMS/cmsy/m/n on input line 33.
LaTeX Font Info:    ... okay on input line 33.
LaTeX Font Info:    Checking defaults for OT1/cmr/m/n on input line 33.
LaTeX Font Info:    ... okay on input line 33.
LaTeX Font Info:    Checking defaults for T1/cmr/m/n on input line 33.
LaTeX Font Info:    ... okay on input line 33.
LaTeX Font Info:    Checking defaults for TS1/cmr/m/n on input line 33.
LaTeX Font Info:    ... okay on input line 33.
LaTeX Font Info:    Checking defaults for TU/lmr/m/n on input line 33.
LaTeX Font Info:    ... okay on input line 33.
LaTeX Font Info:    Checking defaults for OMX/cmex/m/n on input line 33.
LaTeX Font Info:    ... okay on input line 33.
LaTeX Font Info:    Checking defaults for U/cmr/m/n on input line 33.
LaTeX Font Info:    ... okay on input line 33.
LaTeX Font Info:    Checking defaults for PD1/pdf/m/n on input line 33.
LaTeX Font Info:    ... okay on input line 33.
LaTeX Font Info:    Checking defaults for PU/pdf/m/n on input line 33.
LaTeX Font Info:    ... okay on input line 33.
Package hyperref Info: Link coloring OFF on input line 33.
 (./B04.out) (./B04.out
! I can't write on file `B04.pdf'.
Please type another file name for output
! Emergency stop.
\Hy@OutlineName ...utline goto name{#2}count#3{#4}
                                                  
l.1 ...\000n\000l\000e\000i\000t\000u\000n\000g}{}
                                                  % 1

Here is how much of LuaTeX's memory you used:
 17324 strings out of 475900
 125126,953878 words of node,token memory allocated
 563 words of node memory still in use:
   6 hlist, 1 vlist, 2 rule, 1 dir, 3 glue, 4 kern, 1 glyph, 14 attribute, 61 gl
ue_spec, 8 attribute_list, 1 if_stack, 2 write, 1 pdf_action nodes
   avail lists: 1:1,2:3,3:1,4:1,5:4,10:2
 39585 multiletter control sequences out of 65536+600000
 15 fonts using 723367 bytes
 92i,1n,95p,539b,867s stack positions out of 10000i,1000n,20000p,200000b,200000s
!  ==> Fatal error occurred, no output PDF file produced!
