\BOOKMARK [0][-]{chapter.1}{\376\377\000E\000i\000n\000l\000e\000i\000t\000u\000n\000g}{}% 1
\BOOKMARK [0][-]{chapter.2}{\376\377\000P\000e\000a\000n\000o\000-\000A\000x\000i\000o\000m\000e}{}% 2
\BOOKMARK [0][-]{chapter.3}{\376\377\000N\000a\000t\000\374\000r\000l\000i\000c\000h\000e\000\040\000Z\000a\000h\000l\000e\000n\000\040\000a\000u\000s\000\040\000d\000e\000n\000\040\000P\000e\000a\000n\000o\000-\000A\000x\000i\000o\000m\000e\000n}{}% 3
\BOOKMARK [1][-]{section.3.1}{\376\377\000G\000r\000u\000n\000d\000l\000e\000g\000e\000n\000d\000e\000\040\000P\000e\000a\000n\000o\000-\000E\000i\000g\000e\000n\000s\000c\000h\000a\000f\000t\000e\000n\000\040\000d\000e\000r\000\040\000n\000a\000t\000\374\000r\000l\000i\000c\000h\000e\000n\000\040\000Z\000a\000h\000l\000e\000n}{chapter.3}% 4
\BOOKMARK [1][-]{section.3.2}{\376\377\000G\000r\000u\000n\000d\000l\000e\000g\000e\000n\000d\000e\000\040\000E\000i\000g\000e\000n\000s\000c\000h\000a\000f\000t\000e\000n\000\040\000v\000o\000n\000\040\000F\000u\000n\000k\000t\000i\000o\000n\000e\000n\000\040\000a\000u\000f\000\040\000u\000n\000d\000\040\000i\000n\000\040\000d\000i\000e\000\040\000n\000a\000t\000\374\000r\000l\000i\000c\000h\000e\000n\000\040\000Z\000a\000h\000l\000e\000n}{chapter.3}% 5
\BOOKMARK [2][-]{subsection.3.2.1}{\376\377\000F\000u\000n\000k\000t\000i\000o\000n\000e\000n\000\040\000v\000o\000n\000\040\000N}{section.3.2}% 6
\BOOKMARK [2][-]{subsection.3.2.2}{\376\377\000I\000n\000j\000e\000k\000t\000i\000v\000e\000\040\000F\000u\000n\000k\000t\000i\000o\000n\000e\000n\000\040\000v\000o\000n\000\040\000N}{section.3.2}% 7
\BOOKMARK [2][-]{subsection.3.2.3}{\376\377\000S\000u\000r\000j\000e\000k\000t\000i\000v\000e\000\040\000F\000u\000n\000k\000t\000i\000o\000n\000e\000n\000\040\000v\000o\000n\000\040\000N}{section.3.2}% 8
\BOOKMARK [2][-]{subsection.3.2.4}{\376\377\000B\000i\000j\000e\000k\000t\000i\000v\000e\000\040\000F\000u\000n\000k\000t\000i\000o\000n\000e\000n\000\040\000v\000o\000n\000\040\000N}{section.3.2}% 9
\BOOKMARK [2][-]{subsection.3.2.5}{\376\377\000P\000e\000a\000n\000o\000-\000V\000o\000r\000g\000a\000e\000n\000g\000e\000r\000f\000u\000n\000k\000t\000i\000o\000n}{section.3.2}% 10
\BOOKMARK [1][-]{section.3.3}{\376\377\000D\000e\000d\000e\000k\000i\000n\000d\000s\000c\000h\000e\000r\000\040\000R\000e\000k\000u\000r\000s\000i\000o\000n\000s\000s\000a\000t\000z}{chapter.3}% 11
\BOOKMARK [2][-]{section*.20}{\376\377\000H\000a\000u\000p\000t\000k\000o\000n\000s\000t\000r\000u\000k\000t\000i\000o\000n\000:\000\040\000R\000e\000k\000u\000r\000s\000i\000o\000n\000s\000a\000d\000m\000i\000s\000s\000i\000b\000l\000e\000\040\000M\000e\000n\000g\000e\000n\000\040\000u\000n\000d\000\040\000R\000e\000k\000u\000r\000s\000i\000o\000n\000s\000k\000e\000r\000n}{section.3.3}% 12
\BOOKMARK [3][-]{section*.49}{\376\377\000D\000a\000s\000\040\000S\000t\000u\000f\000e\000n\000l\000e\000m\000m\000a}{section*.20}% 13
\BOOKMARK [3][-]{section*.51}{\376\377\000D\000e\000r\000\040\000R\000e\000k\000u\000r\000s\000i\000o\000n\000s\000k\000e\000r\000n\000\040\000a\000l\000s\000\040\000F\000u\000n\000k\000t\000i\000o\000n}{section*.20}% 14
\BOOKMARK [3][-]{section*.59}{\376\377\000D\000e\000r\000\040\000D\000e\000d\000e\000k\000i\000n\000d\000s\000c\000h\000e\000\040\000R\000e\000k\000u\000r\000s\000i\000o\000n\000s\000s\000a\000t\000z}{section*.20}% 15
\BOOKMARK [3][-]{section*.62}{\376\377\000D\000i\000e\000\040\000R\000e\000k\000u\000r\000s\000i\000o\000n\000s\000a\000b\000b\000i\000l\000d\000u\000n\000g\000\040\000a\000l\000s\000\040\000b\000e\000n\000a\000n\000n\000t\000e\000s\000\040\000O\000b\000j\000e\000k\000t}{section*.20}% 16
\BOOKMARK [2][-]{subsection.3.3.1}{\376\377\000A\000n\000w\000e\000n\000d\000u\000n\000g\000:\000\040\000F\000o\000l\000g\000e\000n\000v\000e\000r\000s\000c\000h\000i\000e\000b\000u\000n\000g\000\040\000e\000n\000t\000l\000a\000n\000g\000\040\000e\000i\000n\000e\000r\000\040\000E\000i\000n\000b\000e\000t\000t\000u\000n\000g}{section.3.3}% 17
\BOOKMARK [3][-]{section*.79}{\376\377\000F\000u\000n\000k\000t\000i\000o\000n\000s\000v\000o\000r\000s\000c\000h\000r\000i\000f\000t\000\040\000u\000n\000d\000\040\000T\000y\000p\000i\000s\000i\000e\000r\000u\000n\000g}{subsection.3.3.1}% 18
\BOOKMARK [3][-]{section*.88}{\376\377\000E\000x\000i\000s\000t\000e\000n\000z\000\040\000u\000n\000d\000\040\000D\000e\000f\000i\000n\000i\000t\000i\000o\000n\000\040\000d\000e\000r\000\040\000F\000o\000l\000g\000e\000n\000v\000e\000r\000s\000c\000h\000i\000e\000b\000u\000n\000g}{subsection.3.3.1}% 19
\BOOKMARK [3][-]{section*.94}{\376\377\000G\000r\000u\000n\000d\000g\000l\000e\000i\000c\000h\000u\000n\000g\000e\000n\000\040\000d\000e\000r\000\040\000F\000o\000l\000g\000e\000n\000v\000e\000r\000s\000c\000h\000i\000e\000b\000u\000n\000g}{subsection.3.3.1}% 20
\BOOKMARK [3][-]{section*.100}{\376\377\000I\000n\000j\000e\000k\000t\000i\000v\000i\000t\000\344\000t\000\040\000d\000e\000r\000\040\000F\000o\000l\000g\000e\000n\000v\000e\000r\000s\000c\000h\000i\000e\000b\000u\000n\000g}{subsection.3.3.1}% 21
\BOOKMARK [3][-]{section*.105}{\376\377\000N\000i\000c\000h\000t\000s\000u\000r\000j\000e\000k\000t\000i\000v\000i\000t\000\344\000t\000\040\000d\000e\000r\000\040\000F\000o\000l\000g\000e\000n\000v\000e\000r\000s\000c\000h\000i\000e\000b\000u\000n\000g}{subsection.3.3.1}% 22
\BOOKMARK [1][-]{section.3.4}{\376\377\000A\000d\000d\000i\000t\000i\000o\000n}{chapter.3}% 23
\BOOKMARK [1][-]{section.3.5}{\376\377\000N\000a\000t\000\374\000r\000l\000i\000c\000h\000e\000\040\000O\000r\000d\000n\000u\000n\000g}{chapter.3}% 24
\BOOKMARK [1][-]{section.3.6}{\376\377\000M\000u\000l\000t\000i\000p\000l\000i\000k\000a\000t\000i\000o\000n}{chapter.3}% 25
\BOOKMARK [1][-]{section.3.7}{\376\377\000S\000u\000m\000m\000e\000n\000-\000\040\000u\000n\000d\000\040\000P\000r\000o\000d\000u\000k\000t\000z\000e\000i\000c\000h\000e\000n}{chapter.3}% 26
\BOOKMARK [2][-]{subsection.3.7.1}{\376\377\000S\000u\000m\000m\000e\000n}{section.3.7}% 27
\BOOKMARK [3][-]{section*.157}{\376\377\000S\000u\000m\000m\000e\000n\000s\000c\000h\000r\000i\000t\000t}{subsection.3.7.1}% 28
\BOOKMARK [3][-]{section*.165}{\376\377\000S\000u\000m\000m\000e\000n\000z\000u\000s\000t\000a\000n\000d}{subsection.3.7.1}% 29
\BOOKMARK [3][-]{section*.170}{\376\377\000S\000u\000m\000m\000e\000n\000z\000e\000i\000c\000h\000e\000n}{subsection.3.7.1}% 30
\BOOKMARK [3][-]{section*.179}{\376\377\000S\000c\000h\000r\000e\000i\000b\000w\000e\000i\000s\000e\000\040\000m\000i\000t\000\040\000o\000b\000e\000r\000e\000r\000\040\000G\000r\000e\000n\000z\000e}{subsection.3.7.1}% 31
\BOOKMARK [2][-]{subsection.3.7.2}{\376\377\000P\000r\000o\000d\000u\000k\000t\000e}{section.3.7}% 32
\BOOKMARK [3][-]{section*.181}{\376\377\000P\000r\000o\000d\000u\000k\000t\000s\000c\000h\000r\000i\000t\000t}{subsection.3.7.2}% 33
\BOOKMARK [3][-]{section*.189}{\376\377\000P\000r\000o\000d\000u\000k\000t\000z\000u\000s\000t\000a\000n\000d}{subsection.3.7.2}% 34
\BOOKMARK [3][-]{section*.194}{\376\377\000P\000r\000o\000d\000u\000k\000t\000z\000e\000i\000c\000h\000e\000n}{subsection.3.7.2}% 35
\BOOKMARK [3][-]{section*.204}{\376\377\000S\000c\000h\000r\000e\000i\000b\000w\000e\000i\000s\000e\000\040\000m\000i\000t\000\040\000o\000b\000e\000r\000e\000r\000\040\000G\000r\000e\000n\000z\000e}{subsection.3.7.2}% 36
\BOOKMARK [1][-]{section.3.8}{\376\377\000P\000o\000t\000e\000n\000z\000e\000n\000\040\000n\000a\000t\000\374\000r\000l\000i\000c\000h\000e\000r\000\040\000Z\000a\000h\000l\000e\000n}{chapter.3}% 37
\BOOKMARK [0][-]{chapter.4}{\376\377\000b\000-\000a\000d\000i\000s\000c\000h\000e\000\040\000S\000t\000e\000l\000l\000e\000n\000w\000e\000r\000t\000s\000y\000s\000t\000e\000m\000e\000\040\000f\000\374\000r\000\040\000n\000a\000t\000\374\000r\000l\000i\000c\000h\000e\000\040\000Z\000a\000h\000l\000e\000n}{}% 38
\BOOKMARK [1][-]{section.4.1}{\376\377\000Z\000a\000h\000l\000z\000e\000i\000c\000h\000e\000n\000,\000\040\000B\000a\000s\000e\000n\000\040\000u\000n\000d\000\040\000Z\000i\000f\000f\000e\000r\000n}{chapter.4}% 39
\BOOKMARK [1][-]{section.4.2}{\376\377\000Z\000i\000f\000f\000e\000r\000n\000f\000o\000l\000g\000e\000n\000\040\000u\000n\000d\000\040\000S\000t\000e\000l\000l\000e\000n\000w\000e\000r\000t\000a\000u\000s\000w\000e\000r\000t\000u\000n\000g}{chapter.4}% 40
\BOOKMARK [1][-]{section.4.3}{\376\377\000N\000o\000r\000m\000a\000l\000i\000s\000i\000e\000r\000t\000e\000\040\000D\000a\000r\000s\000t\000e\000l\000l\000u\000n\000g\000e\000n}{chapter.4}% 41
\BOOKMARK [1][-]{section.4.4}{\376\377\000D\000u\000a\000l\000s\000y\000s\000t\000e\000m}{chapter.4}% 42
\BOOKMARK [1][-]{section.4.5}{\376\377\000D\000e\000z\000i\000m\000a\000l\000s\000y\000s\000t\000e\000m}{chapter.4}% 43
