This is LuaHBTeX, Version 1.24.0 (MiKTeX 26.2) (format=lualatex 2026.5.2)  20 JUN 2026 16:46
 restricted system commands enabled.
**main.tex
(./main.tex
LaTeX2e <2025-11-01>
L3 programming layer <2026-03-20>
Lua module: luaotfload 2024-12-03 v3.29 Lua based OpenType font support
Lua module: lualibs 2023-07-13 v2.76 ConTeXt Lua standard libraries.
Lua module: lualibs-extended 2023-07-13 v2.76 ConTeXt Lua libraries -- extended 
collection.
luaotfload | conf : Root cache directory is "C:/Users/Martin Kunze/AppData/Local
/MiKTeX/luatex-cache/generic/names".
luaotfload | init : Loading fontloader "fontloader-2023-12-28.lua" from kpse-res
olved path "C:/Users/Martin Kunze/AppData/Local/Programs/MiKTeX/tex/luatex/luaot
fload/fontloader-2023-12-28.lua".
Lua-only attribute luaotfload@noligature = 1
luaotfload | init : Context OpenType loader version 3.134
Inserting `luaotfload.node_processor' in `pre_linebreak_filter'.
Inserting `luaotfload.node_processor' in `hpack_filter'.
Inserting `luaotfload.glyph_stream' in `glyph_stream_provider'.
Inserting `luaotfload.define_font' in `define_font'.
Lua-only attribute luaotfload_color_attribute = 2
luaotfload | conf : Root cache directory is "C:/Users/Martin Kunze/AppData/Local
/MiKTeX/luatex-cache/generic/names".
Inserting `luaotfload.harf.strip_prefix' in `find_opentype_file'.
Inserting `luaotfload.harf.strip_prefix' in `find_truetype_file'.
Removing  `luaotfload.glyph_stream' from `glyph_stream_provider'.
Inserting `luaotfload.harf.glyphstream' in `glyph_stream_provider'.
Inserting `luaotfload.harf.finalize_vlist' in `post_linebreak_filter'.
Inserting `luaotfload.harf.finalize_hlist' in `hpack_filter'.
Inserting `luaotfload.cleanup_files' in `wrapup_run'.
Inserting `luaotfload.harf.finalize_unicode' in `finish_pdffile'.
Inserting `luaotfload.glyphinfo' in `glyph_info'.
Lua-only attribute luaotfload.letterspace_done = 3
Inserting `luaotfload.aux.set_sscale_dimens' in `luaotfload.patch_font'.
Inserting `luaotfload.aux.set_font_index' in `luaotfload.patch_font'.
Inserting `luaotfload.aux.patch_cambria_domh' in `luaotfload.patch_font'.
Inserting `luaotfload.aux.fixup_fontdata' in `luaotfload.patch_font_unsafe'.
Inserting `luaotfload.aux.set_capheight' in `luaotfload.patch_font'.
Inserting `luaotfload.aux.set_xheight' in `luaotfload.patch_font'.
Inserting `luaotfload.rewrite_fontname' in `luaotfload.patch_font'.
Inserting `tracingstacklevels' in `input_level_string'. ("C:/Users/Martin Kunze
/AppData/Local/Programs/MiKTeX/tex/latex/base/report.cls"
Document Class: report 2025/01/22 v1.4n Standard LaTeX document class
("C:/Users/Martin Kunze/AppData/Local/Programs/MiKTeX/tex/latex/base/size11.clo
"
File: size11.clo 2025/01/22 v1.4n Standard LaTeX file (size option)
luaotfload | db : Font names database loaded from C:/Users/Martin Kunze/AppData/
Local/MiKTeX/luatex-cache/generic/names/luaotfload-names.luc.gz)
\c@part=\count273
\c@chapter=\count274
\c@section=\count275
\c@subsection=\count276
\c@subsubsection=\count277
\c@paragraph=\count278
\c@subparagraph=\count279
\c@figure=\count280
\c@table=\count281
\abovecaptionskip=\skip49
\belowcaptionskip=\skip50
\bibindent=\dimen149
)
("C:/Users/Martin Kunze/AppData/Local/Programs/MiKTeX/tex/generic/babel/babel.s
ty"
Package: babel 2026/03/24 v26.5 The multilingual framework for LuaLaTeX, pdfLaT
eX and XeLaTeX

("C:/Users/Martin Kunze/AppData/Local/Programs/MiKTeX/tex/generic/babel/luababe
l.def"
\bbl@readstream=\read2
\l@afrikaans=\language2
Package babel Info: Non-standard hyphenation setup on input line 118.
\l@ancientgreek=\language3
\l@armenian=\language4
\l@assamese=\language5
\l@basque=\language6
\l@belarusian=\language7
\l@bengali=\language8
\l@bokmal=\language9
\l@bulgarian=\language10
\l@catalan=\language11
\l@churchslavonic=\language12
\l@classiclatin=\language13
\l@coptic=\language14
\l@croatian=\language15
\l@czech=\language16
\l@danish=\language17
\l@dutch=\language18
\l@esperanto=\language19
\l@estonian=\language20
\l@ethiopic=\language21
\l@finnish=\language22
\l@french=\language23
\l@friulan=\language24
\l@galician=\language25
\l@georgian=\language26
\l@german=\language27
\l@greek=\language28
\l@gujarati=\language29
\l@hindi=\language30
\l@hungarian=\language31
\l@icelandic=\language32
\l@indonesian=\language33
\l@interlingua=\language34
\l@irish=\language35
\l@italian=\language36
\l@kannada=\language37
\l@kurmanji=\language38
\l@latin=\language39
\l@latvian=\language40
\l@lithuanian=\language41
\l@liturgicallatin=\language42
\l@macedonian=\language43
\l@malayalam=\language44
\l@marathi=\language45
\l@mongolian=\language46
\l@mongolianlmc=\language47
\l@monogreek=\language48
\l@ngerman=\language49
\l@nynorsk=\language50
\l@occitan=\language51
\l@oriya=\language52
\l@pali=\language53
\l@panjabi=\language54
\l@piedmontese=\language55
\l@polish=\language56
\l@portuguese=\language57
\l@romanian=\language58
\l@romansh=\language59
\l@russian=\language60
\l@sanskrit=\language61
\l@serbian=\language62
\l@serbianc=\language63
\l@slovak=\language64
\l@slovenian=\language65
\l@spanish=\language66
\l@swedish=\language67
\l@swissgerman=\language68
\l@tamil=\language69
\l@telugu=\language70
\l@thai=\language71
\l@turkish=\language72
\l@turkmen=\language73
\l@ukenglish=\language74
\l@ukrainian=\language75
\l@uppersorbian=\language76
\l@usenglishmax=\language77
\l@welsh=\language78
\babelcatcodetablenum=\catcodetable14
\bbl@pattcodes=\catcodetable15
)
\babel@savecnt=\count282
LaTeX Encoding Info:    Redeclaring text command \ij (encoding OT1) on input li
ne 2078.
LaTeX Encoding Info:    Redeclaring text command \IJ (encoding OT1) on input li
ne 2080.
LaTeX Encoding Info:    Redeclaring text command \ij (encoding T1) on input lin
e 2082.
LaTeX Encoding Info:    Redeclaring text command \IJ (encoding T1) on input lin
e 2083.
LaTeX Encoding Info:    Ignoring declaration for text command \ij (encoding ?) 
on input line 2084.
LaTeX Encoding Info:    Ignoring declaration for text command \IJ (encoding ?) 
on input line 2086.
LaTeX Encoding Info:    Ignoring declaration for text command \SS (encoding ?) 
on input line 2111.
\U@D=\dimen150
\l@unhyphenated=\language79

("C:/Users/Martin Kunze/AppData/Local/Programs/MiKTeX/tex/generic/babel/luababe
l.def"
\bbl@attr@locale=\attribute4
)
Package babel Info: Configuration files are deprecated, as
(babel)             they can break document portability.
(babel)             Reported on input line 4206.

*************************************
* Local config file bblopts.cfg used
*

("C:/Users/Martin Kunze/AppData/Local/Programs/MiKTeX/tex/latex/arabi/bblopts.c
fg"
File: bblopts.cfg 2005/09/08 v0.1 add Arabic and Farsi to "declared" options of
 babel
)
("C:/Users/Martin Kunze/AppData/Local/Programs/MiKTeX/tex/generic/babel/locale/
de/babel-german.tex")
Package babel Info: Importing font and identification data for german
(babel)             from babel-de.ini. Reported on input line 4330.

("C:/Users/Martin Kunze/AppData/Local/Programs/MiKTeX/tex/latex/babel-german/ge
rman.ldf"
Language: german 

("C:/Users/Martin Kunze/AppData/Local/Programs/MiKTeX/tex/latex/babel-german/ba
bel-german.def"
Package babel Info: Making " an active character on input line 500.

("C:/Users/Martin Kunze/AppData/Local/Programs/MiKTeX/tex/generic/hyph-utf8/loa
dhyph/loadhyph-de-1901.tex"
UTF-8 German hyphenation patterns (traditional orthography)
("C:/Users/Martin Kunze/AppData/Local/Programs/MiKTeX/tex/generic/hyph-utf8/pat
terns/tex/hyph-de-1901.tex"
German Hyphenation Patterns (Traditional Orthography) `dehypht-x' 2024-02-28 (W
L))))))
("C:/Users/Martin Kunze/AppData/Local/Programs/MiKTeX/tex/latex/csquotes/csquot
es.sty"
Package: csquotes 2024-04-04 v5.2o context-sensitive quotations (JAW)

("C:/Users/Martin Kunze/AppData/Local/Programs/MiKTeX/tex/latex/etoolbox/etoolb
ox.sty"
Package: etoolbox 2025/10/02 v2.5m e-TeX tools for LaTeX (JAW)
\etb@tempcnta=\count283
)
("C:/Users/Martin Kunze/AppData/Local/Programs/MiKTeX/tex/latex/graphics/keyval
.sty"
Package: keyval 2022/05/29 v1.15 key=value parser (DPC)
\KV@toks@=\toks17
)
\csq@reset=\count284
\csq@gtype=\count285
\csq@glevel=\count286
\csq@qlevel=\count287
\csq@maxlvl=\count288
\csq@tshold=\count289
\csq@ltx@everypar=\toks18

("C:/Users/Martin Kunze/AppData/Local/Programs/MiKTeX/tex/latex/csquotes/csquot
es.def"
File: csquotes.def 2024-04-04 v5.2o csquotes generic definitions (JAW)
)
Package csquotes Info: Trying to load configuration file 'csquotes.cfg'...
Package csquotes Info: ... configuration file loaded successfully.

("C:/Users/Martin Kunze/AppData/Local/Programs/MiKTeX/tex/latex/csquotes/csquot
es.cfg"
File: csquotes.cfg 
))
("C:/Users/Martin Kunze/AppData/Local/Programs/MiKTeX/tex/latex/amsmath/amsmath
.sty"
Package: amsmath 2025/07/09 v2.17z AMS math features
\@mathmargin=\skip51

For additional information on amsmath, use the `?' option.

("C:/Users/Martin Kunze/AppData/Local/Programs/MiKTeX/tex/latex/amsmath/amstext
.sty"
Package: amstext 2024/11/17 v2.01 AMS text

("C:/Users/Martin Kunze/AppData/Local/Programs/MiKTeX/tex/latex/amsmath/amsgen.
sty"
File: amsgen.sty 1999/11/30 v2.0 generic functions
\@emptytoks=\toks19
\ex@=\dimen151
))
("C:/Users/Martin Kunze/AppData/Local/Programs/MiKTeX/tex/latex/amsmath/amsbsy.
sty"
Package: amsbsy 1999/11/29 v1.2d Bold Symbols
\pmbraise@=\dimen152
)
("C:/Users/Martin Kunze/AppData/Local/Programs/MiKTeX/tex/latex/amsmath/amsopn.
sty"
Package: amsopn 2022/04/08 v2.04 operator names
)
\inf@bad=\count290
LaTeX Info: Redefining \frac on input line 235.
\uproot@=\count291
\leftroot@=\count292
LaTeX Info: Redefining \overline on input line 398.
LaTeX Info: Redefining \colon on input line 409.
\classnum@=\count293
\DOTSCASE@=\count294
LaTeX Info: Redefining \ldots on input line 495.
LaTeX Info: Redefining \dots on input line 498.
LaTeX Info: Redefining \cdots on input line 619.
\Mathstrutbox@=\box53
\strutbox@=\box54
LaTeX Info: Redefining \big on input line 721.
LaTeX Info: Redefining \Big on input line 722.
LaTeX Info: Redefining \bigg on input line 723.
LaTeX Info: Redefining \Bigg on input line 724.
\big@size=\dimen153
LaTeX Font Info:    Redeclaring font encoding OML on input line 742.
LaTeX Font Info:    Redeclaring font encoding OMS on input line 743.
\macc@depth=\count295
LaTeX Info: Redefining \bmod on input line 904.
LaTeX Info: Redefining \pmod on input line 909.
LaTeX Info: Redefining \smash on input line 939.
LaTeX Info: Redefining \relbar on input line 969.
LaTeX Info: Redefining \Relbar on input line 970.
\c@MaxMatrixCols=\count296
\dotsspace@=\muskip17
\c@parentequation=\count297
\dspbrk@lvl=\count298
\tag@help=\toks20
\row@=\count299
\column@=\count300
\maxfields@=\count301
\andhelp@=\toks21
\eqnshift@=\dimen154
\alignsep@=\dimen155
\tagshift@=\dimen156
\tagwidth@=\dimen157
\totwidth@=\dimen158
\lineht@=\dimen159
\@envbody=\toks22
\multlinegap=\skip52
\multlinetaggap=\skip53
\mathdisplay@stack=\toks23
LaTeX Info: Redefining \[ on input line 2950.
LaTeX Info: Redefining \] on input line 2951.
)
("C:/Users/Martin Kunze/AppData/Local/Programs/MiKTeX/tex/latex/amsfonts/amssym
b.sty"
Package: amssymb 2013/01/14 v3.01 AMS font symbols

("C:/Users/Martin Kunze/AppData/Local/Programs/MiKTeX/tex/latex/amsfonts/amsfon
ts.sty"
Package: amsfonts 2013/01/14 v3.01 Basic AMSFonts support
\symAMSa=\mathgroup4
\symAMSb=\mathgroup5
LaTeX Font Info:    Redeclaring math symbol \hbar on input line 98.
LaTeX Font Info:    Overwriting math alphabet `\mathfrak' in version `bold'
(Font)                  U/euf/m/n --> U/euf/b/n on input line 106.
))
("C:/Users/Martin Kunze/AppData/Local/Programs/MiKTeX/tex/latex/hyperref/hyperr
ef.sty"
Package: hyperref 2026-01-29 v7.01p Hypertext links for LaTeX

("C:/Users/Martin Kunze/AppData/Local/Programs/MiKTeX/tex/generic/iftex/iftex.s
ty"
Package: iftex 2024/12/12 v1.0g TeX engine tests
)
("C:/Users/Martin Kunze/AppData/Local/Programs/MiKTeX/tex/latex/kvsetkeys/kvset
keys.sty"
Package: kvsetkeys 2022-10-05 v1.19 Key value parser (HO)
)
("C:/Users/Martin Kunze/AppData/Local/Programs/MiKTeX/tex/generic/kvdefinekeys/
kvdefinekeys.sty"
Package: kvdefinekeys 2019-12-19 v1.6 Define keys (HO)
)
("C:/Users/Martin Kunze/AppData/Local/Programs/MiKTeX/tex/generic/pdfescape/pdf
escape.sty"
Package: pdfescape 2019/12/09 v1.15 Implements pdfTeX's escape features (HO)

("C:/Users/Martin Kunze/AppData/Local/Programs/MiKTeX/tex/generic/ltxcmds/ltxcm
ds.sty"
Package: ltxcmds 2023-12-04 v1.26 LaTeX kernel commands for general use (HO)
)
("C:/Users/Martin Kunze/AppData/Local/Programs/MiKTeX/tex/generic/pdftexcmds/pd
ftexcmds.sty"
Package: pdftexcmds 2020-06-27 v0.33 Utility functions of pdfTeX for LuaTeX (HO
)

("C:/Users/Martin Kunze/AppData/Local/Programs/MiKTeX/tex/generic/infwarerr/inf
warerr.sty"
Package: infwarerr 2019/12/03 v1.5 Providing info/warning/error messages (HO)
)
Package pdftexcmds Info: \pdf@primitive is available.
Package pdftexcmds Info: \pdf@ifprimitive is available.
Package pdftexcmds Info: \pdfdraftmode found.
\pdftexcmds@toks=\toks24
))
("C:/Users/Martin Kunze/AppData/Local/Programs/MiKTeX/tex/latex/hycolor/hycolor
.sty"
Package: hycolor 2020-01-27 v1.10 Color options for hyperref/bookmark (HO)
)
("C:/Users/Martin Kunze/AppData/Local/Programs/MiKTeX/tex/latex/hyperref/namere
f.sty"
Package: nameref 2026-01-29 v2.58 Cross-referencing by name of section

("C:/Users/Martin Kunze/AppData/Local/Programs/MiKTeX/tex/latex/refcount/refcou
nt.sty"
Package: refcount 2019/12/15 v3.6 Data extraction from label references (HO)
)
("C:/Users/Martin Kunze/AppData/Local/Programs/MiKTeX/tex/generic/gettitlestrin
g/gettitlestring.sty"
Package: gettitlestring 2019/12/15 v1.6 Cleanup title references (HO)

("C:/Users/Martin Kunze/AppData/Local/Programs/MiKTeX/tex/latex/kvoptions/kvopt
ions.sty"
Package: kvoptions 2022-06-15 v3.15 Key value format for package options (HO)
))
\c@section@level=\count302
)
("C:/Users/Martin Kunze/AppData/Local/Programs/MiKTeX/tex/generic/stringenc/str
ingenc.sty"
Package: stringenc 2019/11/29 v1.12 Convert strings between diff. encodings (HO
)
)
\@linkdim=\dimen160
\Hy@linkcounter=\count303
\Hy@pagecounter=\count304

("C:/Users/Martin Kunze/AppData/Local/Programs/MiKTeX/tex/latex/hyperref/pd1enc
.def"
File: pd1enc.def 2026-01-29 v7.01p Hyperref: PDFDocEncoding definition (HO)
)
("C:/Users/Martin Kunze/AppData/Local/Programs/MiKTeX/tex/generic/intcalc/intca
lc.sty"
Package: intcalc 2019/12/15 v1.3 Expandable calculations with integers (HO)
)
\Hy@SavedSpaceFactor=\count305

("C:/Users/Martin Kunze/AppData/Local/Programs/MiKTeX/tex/latex/hyperref/puenc.
def"
File: puenc.def 2026-01-29 v7.01p Hyperref: PDF Unicode definition (HO)
)
Package hyperref Info: Hyper figures OFF on input line 4201.
Package hyperref Info: Link nesting OFF on input line 4206.
Package hyperref Info: Hyper index ON on input line 4209.
Package hyperref Info: Plain pages OFF on input line 4216.
Package hyperref Info: Backreferencing OFF on input line 4221.
Package hyperref Info: Implicit mode ON; LaTeX internals redefined.
Package hyperref Info: Bookmarks ON on input line 4468.
\c@Hy@tempcnt=\count306

("C:/Users/Martin Kunze/AppData/Local/Programs/MiKTeX/tex/latex/url/url.sty"
\Urlmuskip=\muskip18
Package: url 2013/09/16  ver 3.4  Verb mode for urls, etc.
)
LaTeX Info: Redefining \url on input line 4807.
\XeTeXLinkMargin=\dimen161

("C:/Users/Martin Kunze/AppData/Local/Programs/MiKTeX/tex/generic/bitset/bitset
.sty"
Package: bitset 2019/12/09 v1.3 Handle bit-vector datatype (HO)

("C:/Users/Martin Kunze/AppData/Local/Programs/MiKTeX/tex/generic/bigintcalc/bi
gintcalc.sty"
Package: bigintcalc 2019/12/15 v1.5 Expandable calculations on big integers (HO
)
))
\Fld@menulength=\count307
\Field@Width=\dimen162
\Fld@charsize=\dimen163
Package hyperref Info: Hyper figures OFF on input line 6084.
Package hyperref Info: Link nesting OFF on input line 6089.
Package hyperref Info: Hyper index ON on input line 6092.
Package hyperref Info: backreferencing OFF on input line 6099.
Package hyperref Info: Link coloring OFF on input line 6104.
Package hyperref Info: Link coloring with OCG OFF on input line 6109.
Package hyperref Info: PDF/A mode OFF on input line 6114.
\Hy@abspage=\count308
\c@Item=\count309
\c@Hfootnote=\count310
)
Package hyperref Info: Driver (autodetected): hluatex.

("C:/Users/Martin Kunze/AppData/Local/Programs/MiKTeX/tex/latex/hyperref/hluate
x.def"
File: hluatex.def 2026-01-29 v7.01p Hyperref driver for luaTeX
\Fld@listcount=\count311
\c@bookmark@seq@number=\count312

("C:/Users/Martin Kunze/AppData/Local/Programs/MiKTeX/tex/latex/rerunfilecheck/
rerunfilecheck.sty"
Package: rerunfilecheck 2025-06-21 v1.11 Rerun checks for auxiliary files (HO)

("C:/Users/Martin Kunze/AppData/Local/Programs/MiKTeX/tex/generic/uniquecounter
/uniquecounter.sty"
Package: uniquecounter 2019/12/15 v1.4 Provide unlimited unique counter (HO)
)
Package uniquecounter Info: New unique counter `rerunfilecheck' on input line 2
84.
)
\Hy@SectionHShift=\skip54
)
("C:/Users/Martin Kunze/AppData/Local/Programs/MiKTeX/tex/latex/subfiles/subfil
es.sty"
Package: subfiles 2020/11/14 v2.2 Multi-file projects (package)

("C:/Users/Martin Kunze/AppData/Local/Programs/MiKTeX/tex/latex/import/import.s
ty"
Package: import 2020/04/01  v 6.2
))
("C:/Users/Martin Kunze/AppData/Local/Programs/MiKTeX/tex/latex/l3packages/xpar
se/xparse.sty"
("C:/Users/Martin Kunze/AppData/Local/Programs/MiKTeX/tex/latex/l3kernel/expl3.
sty"
Package: expl3 2026-03-20 L3 programming layer (loader) 

("C:/Users/Martin Kunze/AppData/Local/Programs/MiKTeX/tex/latex/l3backend/l3bac
kend-luatex.def"
File: l3backend-luatex.def 2026-02-18 L3 backend support: PDF output (LuaTeX)
\l__color_backend_stack_int=\count313
Inserting `l3color' in `luaotfload.parse_color'.))
Package: xparse 2025-10-09 L3 Experimental document command parser
)
("C:/Users/Martin Kunze/AppData/Local/Programs/MiKTeX/tex/latex/mathtools/matht
ools.sty"
Package: mathtools 2024/10/04 v1.31 mathematical typesetting tools

("C:/Users/Martin Kunze/AppData/Local/Programs/MiKTeX/tex/latex/tools/calc.sty"
Package: calc 2025/03/01 v4.3b Infix arithmetic (KKT,FJ)
\calc@Acount=\count314
\calc@Bcount=\count315
\calc@Adimen=\dimen164
\calc@Bdimen=\dimen165
\calc@Askip=\skip55
\calc@Bskip=\skip56
LaTeX Info: Redefining \setlength on input line 86.
LaTeX Info: Redefining \addtolength on input line 87.
\calc@Ccount=\count316
\calc@Cskip=\skip57
)
("C:/Users/Martin Kunze/AppData/Local/Programs/MiKTeX/tex/latex/mathtools/mhset
up.sty"
Package: mhsetup 2021/03/18 v1.4 programming setup (MH)
)
\g_MT_multlinerow_int=\count317
\l_MT_multwidth_dim=\dimen166
\origjot=\skip58
\l_MT_shortvdotswithinadjustabove_dim=\dimen167
\l_MT_shortvdotswithinadjustbelow_dim=\dimen168
\l_MT_above_intertext_sep=\dimen169
\l_MT_below_intertext_sep=\dimen170
\l_MT_above_shortintertext_sep=\dimen171
\l_MT_below_shortintertext_sep=\dimen172
\xmathstrut@box=\box55
\xmathstrut@dim=\dimen173
)
("C:/Users/Martin Kunze/AppData/Local/Programs/MiKTeX/tex/latex/booktabs/bookta
bs.sty"
Package: booktabs 2020/01/12 v1.61803398 Publication quality tables
\heavyrulewidth=\dimen174
\lightrulewidth=\dimen175
\cmidrulewidth=\dimen176
\belowrulesep=\dimen177
\belowbottomsep=\dimen178
\aboverulesep=\dimen179
\abovetopsep=\dimen180
\cmidrulesep=\dimen181
\cmidrulekern=\dimen182
\defaultaddspace=\dimen183
\@cmidla=\count318
\@cmidlb=\count319
\@aboverulesep=\dimen184
\@belowrulesep=\dimen185
\@thisruleclass=\count320
\@lastruleclass=\count321
\@thisrulewidth=\dimen186
)
("C:/Users/Martin Kunze/AppData/Local/Programs/MiKTeX/tex/latex/tools/tabularx.
sty"
Package: tabularx 2023/12/11 v2.12a `tabularx' package (DPC)

("C:/Users/Martin Kunze/AppData/Local/Programs/MiKTeX/tex/latex/tools/array.sty
"
Package: array 2025/09/25 v2.6n Tabular extension package (FMi)
\col@sep=\dimen187
\ar@mcellbox=\box56
\extrarowheight=\dimen188
\NC@list=\toks25
\extratabsurround=\skip59
\backup@length=\skip60
\ar@cellbox=\box57
)
\TX@col@width=\dimen189
\TX@old@table=\dimen190
\TX@old@col=\dimen191
\TX@target=\dimen192
\TX@delta=\dimen193
\TX@cols=\count322
\TX@ftn=\toks26
)
("C:/Users/Martin Kunze/AppData/Local/Programs/MiKTeX/tex/latex/makecell/makece
ll.sty"
Package: makecell 2009/08/03 V0.1e Managing of Tab Column Heads and Cells
\rotheadsize=\dimen194
\c@nlinenum=\count323
\TeXr@lab=\toks27
)
("C:/Users/Martin Kunze/AppData/Local/Programs/MiKTeX/tex/latex/amscls/amsthm.s
ty"
Package: amsthm 2020/05/29 v2.20.6
\thm@style=\toks28
\thm@bodyfont=\toks29
\thm@headfont=\toks30
\thm@notefont=\toks31
\thm@headpunct=\toks32
\thm@preskip=\skip61
\thm@postskip=\skip62
\thm@headsep=\skip63
\dth@everypar=\toks33
)
("C:/Users/Martin Kunze/AppData/Local/Programs/MiKTeX/tex/latex/multirow/multir
ow.sty"
Package: multirow 2024/11/12 v2.9 Span multiple rows of a table
\multirow@colwidth=\skip64
\multirow@cntb=\count324
\multirow@dima=\skip65
\bigstrutjot=\dimen195
)
("C:/Users/Martin Kunze/AppData/Local/Programs/MiKTeX/tex/latex/microtype/micro
type.sty"
Package: microtype 2026/03/01 v3.2d Micro-typographical refinements (RS)
\MT@toks=\toks34
\MT@tempbox=\box58
\MT@count=\count325
LaTeX Info: Redefining \noprotrusionifhmode on input line 1084.
LaTeX Info: Redefining \leftprotrusion on input line 1085.
\MT@prot@toks=\toks35
LaTeX Info: Redefining \rightprotrusion on input line 1104.
LaTeX Info: Redefining \textls on input line 1449.
\MT@outer@kern=\dimen196
LaTeX Info: Redefining \microtypecontext on input line 2053.
LaTeX Info: Redefining \textmicrotypecontext on input line 2070.
\MT@listname@count=\count326

("C:/Users/Martin Kunze/AppData/Local/Programs/MiKTeX/tex/latex/microtype/micro
type-luatex.def"
File: microtype-luatex.def 2026/03/01 v3.2d Definitions specific to luatex (RS)

Lua module: microtype 2026/03/01 v3.2d microtype module.
Module microtype Info: overwriting function `keepligature' on input line 63
LaTeX Info: Redefining \lsstyle on input line 779.
LaTeX Info: Redefining \lslig on input line 779.
\MT@outer@space=\skip66
)
Package microtype Info: Loading configuration file microtype.cfg.

("C:/Users/Martin Kunze/AppData/Local/Programs/MiKTeX/tex/latex/microtype/micro
type.cfg"
File: microtype.cfg 2026/03/01 v3.2d microtype main configuration file (RS)
)
LaTeX Info: Redefining \microtypesetup on input line 3065.
) (./tex/impl/thmlookup.tex
("C:/Users/Martin Kunze/AppData/Local/Programs/MiKTeX/tex/lualatex/luacode/luac
ode.sty"
Package: luacode 2012/01/23 v1.2a lua-in-tex helpers (mpg)

("C:/Users/Martin Kunze/AppData/Local/Programs/MiKTeX/tex/generic/iftex/ifluate
x.sty"
Package: ifluatex 2019/10/25 v1.5 ifluatex legacy package. Use iftex instead.
)
("C:/Users/Martin Kunze/AppData/Local/Programs/MiKTeX/tex/luatex/luatexbase/lua
texbase.sty"
Package: luatexbase 2015/10/04 v1.3 luatexbase interface to LuaTeX 

("C:/Users/Martin Kunze/AppData/Local/Programs/MiKTeX/tex/luatex/ctablestack/ct
ablestack.sty"
Package: ctablestack 2015/10/01 v1.0 Catcode table stable support
\@catcodetablestackcnt=\count327
)
\CatcodeTableOther=\catcodetable16
\CatcodeTableExpl=\catcodetable17
)
\luacode@lines=\toks36
\luacode@table@soft=\catcodetable18
)) (./tex/impl/formula-envs.tex
("C:/Users/Martin Kunze/AppData/Local/Programs/MiKTeX/tex/latex/tools/longtable
.sty"
Package: longtable 2025-10-13 v4.24 Multi-page Table package (DPC)
\LTleft=\skip67
\LTright=\skip68
\LTpre=\skip69
\LTpost=\skip70
\LTchunksize=\count328
\LTcapwidth=\dimen197
\LT@head=\box59
\LT@firsthead=\box60
\LT@foot=\box61
\LT@lastfoot=\box62
\LT@gbox=\box63
\LT@cols=\count329
\LT@rows=\count330
\c@LT@tables=\count331
\c@LT@chunks=\count332
\LT@p@ftn=\toks37
)
\c@formulaThm=\count333
\c@formulaDef=\count334
\c@formulaAx=\count335
 (./tex/impl/delta-context.tex)) (./tex/impl/proof-tables.tex
\c@proofstepnr=\count336
\c@proofpartnr=\count337
)
(./tex/impl/commands.tex
File: commands.tex 2026/01/04 Command dispatcher
 (./tex/impl/commands/logic.tex
File: logic.tex 2026/01/04 Logical separators and symbols
)
(./tex/impl/commands/rules.tex
File: rules.tex 2026/01/04 ND rule macros
) (./tex/impl/commands/sets.tex
File: sets.tex 2026/01/04 Set-theoretic notation
)
(./tex/impl/commands/cardinality.tex
File: cardinality.tex 2026/03/25 Cardinality and finiteness notation
) (./tex/impl/commands/relations.tex
File: relations.tex 2026/01/17 Relation-theoretic notation
)
(./tex/impl/commands/functions.tex
File: functions.tex 2026/01/04 Function-theoretic notation
) (./tex/impl/commands/numbers.tex
File: numbers.tex 2026/06/07 Natural-number notation
)
(./tex/impl/commands/project.tex
File: project.tex 2026/01/04 Project specific macros
))
\c@file=\count338
Package babel-german Info: Using contemporary glottonyms
(babel-german)             `german' denotes post-1996 spelling. on input line 5
9.

("C:/Users/Martin Kunze/AppData/Local/Programs/MiKTeX/tex/generic/babel/locale/
de/babel-german.tex"
Package babel Info: Importing basic data for german
(babel)             from babel-de.ini. Reported on input line 15.
)

Package babel-german Warning: Hyphenation patterns `ngerman-x-latest', requeste
d by german, not available. Falling back to legacy! on input line 59.

Package csquotes Info: Checking for multilingual support...
Package csquotes Info: ... found 'babel' package.
Package csquotes Info: Adjusting default style.
Package csquotes Info: Redefining alias 'default' -> 'german'.
(./main.aux
Package babel Info: 'german' activates 'german' shorthands.
(babel)             Reported on input line 8.
)
\openout1 = main.aux

LaTeX Font Info:    Checking defaults for OML/cmm/m/it on input line 59.
LaTeX Font Info:    ... okay on input line 59.
LaTeX Font Info:    Checking defaults for OMS/cmsy/m/n on input line 59.
LaTeX Font Info:    ... okay on input line 59.
LaTeX Font Info:    Checking defaults for OT1/cmr/m/n on input line 59.
LaTeX Font Info:    ... okay on input line 59.
LaTeX Font Info:    Checking defaults for T1/cmr/m/n on input line 59.
LaTeX Font Info:    ... okay on input line 59.
LaTeX Font Info:    Checking defaults for TS1/cmr/m/n on input line 59.
LaTeX Font Info:    ... okay on input line 59.
LaTeX Font Info:    Checking defaults for TU/lmr/m/n on input line 59.
LaTeX Font Info:    ... okay on input line 59.
LaTeX Font Info:    Checking defaults for OMX/cmex/m/n on input line 59.
LaTeX Font Info:    ... okay on input line 59.
LaTeX Font Info:    Checking defaults for U/cmr/m/n on input line 59.
LaTeX Font Info:    ... okay on input line 59.
LaTeX Font Info:    Checking defaults for PD1/pdf/m/n on input line 59.
LaTeX Font Info:    ... okay on input line 59.
LaTeX Font Info:    Checking defaults for PU/pdf/m/n on input line 59.
LaTeX Font Info:    ... okay on input line 59.
Package hyperref Info: Link coloring OFF on input line 59.
 (./main.out) (./main.out)
\@outlinefile=\write3

\openout3 = main.out

("C:/Users/Martin Kunze/AppData/Local/Programs/MiKTeX/tex/latex/graphics/graphi
cx.sty"
Package: graphicx 2024/12/31 v1.2e Enhanced LaTeX Graphics (DPC,SPQR)

("C:/Users/Martin Kunze/AppData/Local/Programs/MiKTeX/tex/latex/graphics/graphi
cs.sty"
Package: graphics 2024/08/06 v1.4g Standard LaTeX Graphics (DPC,SPQR)

("C:/Users/Martin Kunze/AppData/Local/Programs/MiKTeX/tex/latex/graphics/trig.s
ty"
Package: trig 2023/12/02 v1.11 sin cos tan (DPC)
)
("C:/Users/Martin Kunze/AppData/Local/Programs/MiKTeX/tex/latex/graphics-cfg/gr
aphics.cfg"
File: graphics.cfg 2016/06/04 v1.11 sample graphics configuration
)
Package graphics Info: Driver file: luatex.def on input line 106.

("C:/Users/Martin Kunze/AppData/Local/Programs/MiKTeX/tex/latex/graphics-def/lu
atex.def"
File: luatex.def 2025/09/29 v1.2f Graphics/color driver for luatex

("C:/Users/Martin Kunze/AppData/Local/Programs/MiKTeX/tex/context/base/mkii/sup
p-pdf.mkii"
[Loading MPS to PDF converter (version 2006.09.02).]
\scratchcounter=\count339
\scratchdimen=\dimen198
\scratchbox=\box64
\nofMPsegments=\count340
\nofMParguments=\count341
\everyMPshowfont=\toks38
\MPscratchCnt=\count342
\MPscratchDim=\dimen199
\MPnumerator=\count343
\makeMPintoPDFobject=\count344
\everyMPtoPDFconversion=\toks39
)))
("C:/Users/Martin Kunze/AppData/Local/Programs/MiKTeX/tex/latex/epstopdf-pkg/ep
stopdf-base.sty"
Package: epstopdf-base 2020-01-24 v2.11 Base part for package epstopdf
Package epstopdf-base Info: Redefining graphics rule for `.eps' on input line 4
85.

("C:/Users/Martin Kunze/AppData/Local/Programs/MiKTeX/tex/latex/00miktex/epstop
df-sys.cfg"
File: epstopdf-sys.cfg 2021/03/18 v2.0 Configuration of epstopdf for MiKTeX
))
\Gin@req@height=\dimen256
\Gin@req@width=\dimen257
)
LaTeX Info: Redefining \microtypecontext on input line 59.
Package microtype Info: Applying patch `item' on input line 59.
Package microtype Info: Applying patch `toc' on input line 59.
Package microtype Info: Applying patch `eqnum' on input line 59.
Package microtype Info: Applying patch `footnote' on input line 59.
Package microtype Info: Applying patch `verbatim' on input line 59.
LaTeX Info: Redefining \microtypesetup on input line 59.
Package microtype Info: Generating PDF output.
Package microtype Info: Character protrusion enabled (level 2).
Package microtype Info: Using default protrusion set `alltext'.
Package microtype Info: Automatic font expansion enabled (level 2),
(microtype)             stretch: 20, shrink: 20, step: 1, non-selected.
Package microtype Info: Using default expansion set `alltext-nott'.
Package microtype Info: Patching command `\showhyphens'.
Package microtype Info: No adjustment of tracking.
Package microtype Info: No adjustment of spacing.
Package microtype Info: No adjustment of kerning.

("C:/Users/Martin Kunze/AppData/Local/Programs/MiKTeX/tex/latex/microtype/mt-La
tinModernRoman.cfg"
File: mt-LatinModernRoman.cfg 2026/02/26 v1.2 microtype config. file: Latin Mod
ern Roman (RS)
) (./B01.tex
("C:/Users/Martin Kunze/AppData/Local/Programs/MiKTeX/tex/latex/microtype/mt-cm
r.cfg"
File: mt-cmr.cfg 2013/05/19 v2.2 microtype config. file: Computer Modern Roman 
(RS)
)
LaTeX Font Info:    Trying to load font information for U+msa on input line 26.


("C:/Users/Martin Kunze/AppData/Local/Programs/MiKTeX/tex/latex/amsfonts/umsa.f
d"
File: umsa.fd 2013/01/14 v3.01 AMS symbols A
)
("C:/Users/Martin Kunze/AppData/Local/Programs/MiKTeX/tex/latex/microtype/mt-ms
a.cfg"
File: mt-msa.cfg 2006/02/04 v1.1 microtype config. file: AMS symbols (a) (RS)
)
LaTeX Font Info:    Trying to load font information for U+msb on input line 26.


("C:/Users/Martin Kunze/AppData/Local/Programs/MiKTeX/tex/latex/amsfonts/umsb.f
d"
File: umsb.fd 2013/01/14 v3.01 AMS symbols B
)
("C:/Users/Martin Kunze/AppData/Local/Programs/MiKTeX/tex/latex/microtype/mt-ms
b.cfg"
File: mt-msb.cfg 2005/06/01 v1.0 microtype config. file: AMS symbols (b) (RS)
) [1

{C:/Users/Martin Kunze/AppData/Local/MiKTeX/fonts/map/pdftex/pdftex.map}] (./ma
in.toc
warning  (pdf backend): ignoring duplicate destination with the name 'page.1'
[1

] [2] [3] [4] [5]
Overfull \hbox (3.89828pt too wide) detected at line 275
\TU/lmr/m/n/10.95 29.12.10 
 []


Overfull \hbox (3.89828pt too wide) detected at line 287
\TU/lmr/m/n/10.95 29.12.11 
 []


Overfull \hbox (3.89828pt too wide) detected at line 288
\TU/lmr/m/n/10.95 29.12.12 
 []


Overfull \hbox (3.89828pt too wide) detected at line 289
\TU/lmr/m/n/10.95 29.12.13 
 []


Overfull \hbox (3.89828pt too wide) detected at line 291
\TU/lmr/m/n/10.95 29.12.14 
 []


Overfull \hbox (3.89828pt too wide) detected at line 292
\TU/lmr/m/n/10.95 29.12.15 
 []


Overfull \hbox (3.89828pt too wide) detected at line 293
\TU/lmr/m/n/10.95 29.12.16 
 []

[6] [7])
\tf@toc=\write4

\openout4 = main.toc
 [8]
Kapitel 1.
[9

] [10] [11]
Kapitel 2.
[12

]
Package microtype Info: Loading generic protrusion settings for font family
(microtype)             `cmss' (encoding: OT1).
(microtype)             For optimal results, create family-specific settings.
(microtype)             See the microtype manual for details.
 [13] [14] [15] [16] [17] [18] [19] [20] [21] [22] [23] [24] [25] [26]
[27] [28] [29] [30] [31] [32]) [33] (./B02.tex [34

] (./main.toc)
\tf@toc=\write5

\openout5 = main.toc
 [35

]
Kapitel 3.
[36

]
ignored: Infinite glue shrinkage found in box being split [37] [38]
ignored: Infinite glue shrinkage found in box being split [39]
ignored: Infinite glue shrinkage found in box being split [40] [41]
ignored: Infinite glue shrinkage found in box being split [42] [43]
ignored: Infinite glue shrinkage found in box being split [44]
Overfull \hbox (18.7556pt too wide) in alignment at lines 398--437
 [][][][][][] 
 []

[45]
ignored: Infinite glue shrinkage found in box being split [46]
Overfull \hbox (18.7556pt too wide) in alignment at lines 513--544
 [][][][][][] 
 []

[47] [48]
ignored: Infinite glue shrinkage found in box being split [49] [50]
ignored: Infinite glue shrinkage found in box being split [51] [52] [53]
Kapitel 4.
ignored: Infinite glue shrinkage found in box being split [54

] [55]
ignored: Infinite glue shrinkage found in box being split [56] [57]
ignored: Infinite glue shrinkage found in box being split [58] [59] [60]
ignored: Infinite glue shrinkage found in box being split [61]
ignored: Infinite glue shrinkage found in box being split [62]
ignored: Infinite glue shrinkage found in box being split [63]
ignored: Infinite glue shrinkage found in box being split [64]
ignored: Infinite glue shrinkage found in box being split [65]
ignored: Infinite glue shrinkage found in box being split [66] [67] [68]
[69]
ignored: Infinite glue shrinkage found in box being split [70]
ignored: Infinite glue shrinkage found in box being split [71]
ignored: Infinite glue shrinkage found in box being split [72] [73] [74]
Kapitel 5.
[75

] [76] [77] [78] [79] [80]
Kapitel 6.
[81

] [82]
ignored: Infinite glue shrinkage found in box being split [83] [84]
ignored: Infinite glue shrinkage found in box being split [85] [86]
Kapitel 7.
[87

] [88] [89] [90]
ignored: Infinite glue shrinkage found in box being split [91] [92] [93]
Kapitel 8.
[94

]
ignored: Infinite glue shrinkage found in box being split [95] [96] [97] [98] [
99]
ignored: Infinite glue shrinkage found in box being split [100] [101]
Kapitel 9.
[102

] [103] [104]
Kapitel 10.
ignored: Infinite glue shrinkage found in box being split [105

] [106] [107] [108] [109] [110]
ignored: Infinite glue shrinkage found in box being split [111] [112] [113] [11
4] [115] [116]
[117] [118]
ignored: Infinite glue shrinkage found in box being split [119]
ignored: Infinite glue shrinkage found in box being split [120] [121] [122]
Kapitel 11.
[123

] [124]
ignored: Infinite glue shrinkage found in box being split [125] [126] [127]
Kapitel 12.
[128

] [129]
ignored: Infinite glue shrinkage found in box being split [130]
ignored: Infinite glue shrinkage found in box being split [131]
ignored: Infinite glue shrinkage found in box being split [132]
ignored: Infinite glue shrinkage found in box being split [133]
ignored: Infinite glue shrinkage found in box being split [134] [135]
ignored: Infinite glue shrinkage found in box being split [136] [137]
ignored: Infinite glue shrinkage found in box being split [138] [139]
[140]
ignored: Infinite glue shrinkage found in box being split [141]
ignored: Infinite glue shrinkage found in box being split [142] [143] [144] [14
5] [146] [147] [148] [149] [150]
ignored: Infinite glue shrinkage found in box being split [151]
[152]
ignored: Infinite glue shrinkage found in box being split [153] [154]
ignored: Infinite glue shrinkage found in box being split [155] [156]
Overfull \hbox (39.57278pt too wide) in paragraph at lines 4575--4575
[]|$[]$| 
 []

ignored: Infinite glue shrinkage found in box being split [157

]
ignored: Infinite glue shrinkage found in box being split [158]
ignored: Infinite glue shrinkage found in box being split [159]
ignored: Infinite glue shrinkage found in box being split [160]
ignored: Infinite glue shrinkage found in box being split [161]
ignored: Infinite glue shrinkage found in box being split [162]
ignored: Infinite glue shrinkage found in box being split [163] [164]
Package microtype Info: Loading generic protrusion settings for font family
(microtype)             `lmtt' (encoding: TU).
(microtype)             For optimal results, create family-specific settings.
(microtype)             See the microtype manual for details.
ignored: Infinite glue shrinkage found in box being split [165

]
ignored: Infinite glue shrinkage found in box being split [166]
ignored: Infinite glue shrinkage found in box being split [167]
ignored: Infinite glue shrinkage found in box being split [168]
ignored: Infinite glue shrinkage found in box being split
[169]
ignored: Infinite glue shrinkage found in box being split [170]
ignored: Infinite glue shrinkage found in box being split [171]
ignored: Infinite glue shrinkage found in box being split [172]
ignored: Infinite glue shrinkage found in box being split [173]) [174] (./B03.t
ex [175

] (./main.toc)
\tf@toc=\write6

\openout6 = main.toc
 [176

]
Kapitel 13.
[177

]
Kapitel 14.
[178

]
Kapitel 15.
[179

]
Kapitel 16.
[180

] [181]
Kapitel 17.
[182

] [183]
ignored: Infinite glue shrinkage found in box being split [184] [185]
ignored: Infinite glue shrinkage found in box being split [186] [187]
Kapitel 18.
[188

] [189] [190] [191] [192]
Kapitel 19.
ignored: Infinite glue shrinkage found in box being split [193

] [194]
ignored: Infinite glue shrinkage found in box being split [195]
ignored: Infinite glue shrinkage found in box being split [196] [197] [198]
Kapitel 20.
ignored: Infinite glue shrinkage found in box being split [199

] [200]
ignored: Infinite glue shrinkage found in box being split [201] [202] [203]
ignored: Infinite glue shrinkage found in box being split [204]
ignored: Infinite glue shrinkage found in box being split [205]
ignored: Infinite glue shrinkage found in box being split [206] [207] [208] [20
9] [210]
[211]
ignored: Infinite glue shrinkage found in box being split [212]
ignored: Infinite glue shrinkage found in box being split [213] [214] [215]
Kapitel 21.
[216

] [217]
Kapitel 22.
[218

]
ignored: Infinite glue shrinkage found in box being split [219] [220]
ignored: Infinite glue shrinkage found in box being split [221]
ignored: Infinite glue shrinkage found in box being split [222]
ignored: Infinite glue shrinkage found in box being split [223]
ignored: Infinite glue shrinkage found in box being split [224] [225] [226]
ignored: Infinite glue shrinkage found in box being split [227]
Overfull \hbox (2.24834pt too wide) in alignment at lines 2109--2132
 [][][][] 
 []

ignored: Infinite glue shrinkage found in box being split [228] [229]
Kapitel 23.
[230

] [231] [232]
ignored: Infinite glue shrinkage found in box being split [233] [234]
ignored: Infinite glue shrinkage found in box being split [235] [236] [237] [23
8]
ignored: Infinite glue shrinkage found in box being split [239] [240]
ignored: Infinite glue shrinkage found in box being split [241]
[242]
Kapitel 24.
[243

]
ignored: Infinite glue shrinkage found in box being split [244] [245] [246]
ignored: Infinite glue shrinkage found in box being split [247] [248] [249]
Kapitel 25.
ignored: Infinite glue shrinkage found in box being split [250

]
ignored: Infinite glue shrinkage found in box being split [251] [252] [253]
ignored: Infinite glue shrinkage found in box being split [254]
ignored: Infinite glue shrinkage found in box being split [255]
ignored: Infinite glue shrinkage found in box being split [256]
ignored: Infinite glue shrinkage found in box being split [257] [258] [259] [26
0] [261]
[262] [263]
warning  (pdf backend): ignoring duplicate destination with the name 'proofpartn
r.1'

warning  (pdf backend): ignoring duplicate destination with the name 'proofpartn
r.2'
[264]
ignored: Infinite glue shrinkage found in box being split [265] [266] [267] [26
8]
Kapitel 26.
[269

] [270] [271]
warning  (pdf backend): ignoring duplicate destination with the name 'proofpartn
r.1'

warning  (pdf backend): ignoring duplicate destination with the name 'proofpartn
r.2'
[272] [273]
ignored: Infinite glue shrinkage found in box being split [274] [275]
Kapitel 27.
[276

] [277]
Kapitel 28.

warning  (pdf backend): ignoring duplicate destination with the name 'proofpartn
r.1'
[278

]
warning  (pdf backend): ignoring duplicate destination with the name 'proofpartn
r.2'
ignored: Infinite glue shrinkage found in box being split [279]
ignored: Infinite glue shrinkage found in box being split [280] [281] [282] [28
3]
ignored: Infinite glue shrinkage found in box being split [284] [285]
Kapitel 29.
[286

] [287] [288] [289] [290]
ignored: Infinite glue shrinkage found in box being split [291]
ignored: Infinite glue shrinkage found in box being split [292]
Overfull \hbox (58.87949pt too wide) in alignment at lines 5240--5259
 [][][][][][] 
 []

[293]
ignored: Infinite glue shrinkage found in box being split [294]
Overfull \hbox (3.11903pt too wide) in paragraph at lines 5357--5357
[]\TU/lmr/bx/n/10.95 Theo-rem 3.29.2.9 (Ele-men-te ei-ner Äqui-va-lenz-klas-se lie-gen im Grund-
 []


warning  (pdf backend): ignoring duplicate destination with the name 'proofpartn
r.1'
[295]
warning  (pdf backend): ignoring duplicate destination with the name 'proofpartn
r.2'
ignored: Infinite glue shrinkage found in box being split [296] [297]
ignored: Infinite glue shrinkage found in box being split [298] [299]
ignored: Infinite glue shrinkage found in box being split [300] [301] [302] [30
3] [304] [305] [306] [307]
[308] [309] [310]
ignored: Infinite glue shrinkage found in box being split [311] [312] [313] [31
4]
warning  (pdf backend): ignoring duplicate destination with the name 'proofpartn
r.1'

warning  (pdf backend): ignoring duplicate destination with the name 'proofpartn
r.2'
ignored: Infinite glue shrinkage found in box being split [315] [316]
warning  (pdf backend): ignoring duplicate destination with the name 'proofpartn
r.1'

warning  (pdf backend): ignoring duplicate destination with the name 'proofpartn
r.2'
[317]
warning  (pdf backend): ignoring duplicate destination with the name 'proofpartn
r.1'
[318]
warning  (pdf backend): ignoring duplicate destination with the name 'proofpartn
r.2'
ignored: Infinite glue shrinkage found in box being split [319] [320]
warning  (pdf backend): ignoring duplicate destination with the name 'proofpartn
r.1'

warning  (pdf backend): ignoring duplicate destination with the name 'proofpartn
r.2'
ignored: Infinite glue shrinkage found in box being split [321]
ignored: Infinite glue shrinkage found in box being split [322]
warning  (pdf backend): ignoring duplicate destination with the name 'proofpartn
r.1'

warning  (pdf backend): ignoring duplicate destination with the name 'proofpartn
r.2'
ignored: Infinite glue shrinkage found in box being split [323]
warning  (pdf backend): ignoring duplicate destination with the name 'proofpartn
r.1'
[324]
warning  (pdf backend): ignoring duplicate destination with the name 'proofpartn
r.2'
ignored: Infinite glue shrinkage found in box being split [325]
ignored: Infinite glue shrinkage found in box being split [326]
warning  (pdf backend): ignoring duplicate destination with the name 'proofpartn
r.1'

warning  (pdf backend): ignoring duplicate destination with the name 'proofpartn
r.2'
[327] [328]
warning  (pdf backend): ignoring duplicate destination with the name 'proofpartn
r.1'
ignored: Infinite glue shrinkage found in box being split [329]
ignored: Infinite glue shrinkage found in box being split [330] [331]
ignored: Infinite glue shrinkage found in box being split [332]
Overfull \hbox (51.48839pt too wide) in paragraph at lines 7673--7673
[] 
 []

[333] [334]
warning  (pdf backend): ignoring duplicate destination with the name 'proofpartn
r.1'
[335]
warning  (pdf backend): ignoring duplicate destination with the name 'proofpartn
r.2'

Overfull \hbox (1.15477pt too wide) in paragraph at lines 7837--7837
[]\TU/lmr/bx/n/10.95 Theo-rem 3.29.11.7 (Zeu-gen ge-mein-sa-mer Bild-wer-te lie-
gen im Durch-
 []


Overfull \hbox (8.64838pt too wide) detected at line 7837
\OML/cmm/m/it/10.95 F [] [] M \U/msa/m/n/10.95  \OML/cmm/m/it/10.95 N;  A \OMS
/cmsy/m/n/10.95  \OML/cmm/m/it/10.95 M;  B \OMS/cmsy/m/n/10.95  \OML/cmm/m/it
/10.95 M;  x \OMS/cmsy/m/n/10.95 2 \OML/cmm/m/it/10.95 A;  z \OMS/cmsy/m/n/10.9
5 2 \OML/cmm/m/it/10.95 B;  y \OT1/cmr/m/n/10.95 = \OML/cmm/m/it/10.95 F\OT1/cm
r/m/n/10.95 (\OML/cmm/m/it/10.95 x\OT1/cmr/m/n/10.95 )\OML/cmm/m/it/10.95 ;  y 
\OT1/cmr/m/n/10.95 = \OML/cmm/m/it/10.95 F\OT1/cmr/m/n/10.95 (\OML/cmm/m/it/10.
95 z\OT1/cmr/m/n/10.95 ) \OMS/cmsy/m/n/10.95 ` \OML/cmm/m/it/10.95 x \OMS/cmsy/
m/n/10.95 2 \OML/cmm/m/it/10.95 A \OMS/cmsy/m/n/10.95 \ \OML/cmm/m/it/10.95 B
 []

[336]
ignored: Infinite glue shrinkage found in box being split [337]
warning  (pdf backend): ignoring duplicate destination with the name 'proofpartn
r.1'

warning  (pdf backend): ignoring duplicate destination with the name 'proofpartn
r.2'
[338] [339]
ignored: Infinite glue shrinkage found in box being split [340] [341] [342]
ignored: Infinite glue shrinkage found in box being split [343] [344]
warning  (pdf backend): ignoring duplicate destination with the name 'proofpartn
r.1'
ignored: Infinite glue shrinkage found in box being split [345]
warning  (pdf backend): ignoring duplicate destination with the name 'proofpartn
r.2'
[346] [347]
ignored: Infinite glue shrinkage found in box being split [348]
Overfull \hbox (52.04684pt too wide) in paragraph at lines 8652--8652
[] 
 []

[349] [350] [351]
ignored: Infinite glue shrinkage found in box being split [352] [353] [354] [35
5]
ignored: Infinite glue shrinkage found in box being split [356] [357]
Overfull \hbox (9.00458pt too wide) detected at line 9127
\OML/cmm/m/it/10.95 A \OMS/cmsy/m/n/10.95 \ \OML/cmm/m/it/10.95 B \OT1/cmr/m/n/
10.95 = \U/msb/m/n/10.95 ?\OML/cmm/m/it/10.95 ;  f [] [] A \U/msa/m/n/10.95  \
OML/cmm/m/it/10.95 C;  g [] [] B \U/msa/m/n/10.95  \OML/cmm/m/it/10.95 C;  f\O
T1/cmr/m/n/10.95 [\OML/cmm/m/it/10.95 A\OT1/cmr/m/n/10.95 ] \OMS/cmsy/m/n/10.95
 \ \OML/cmm/m/it/10.95 g\OT1/cmr/m/n/10.95 [\OML/cmm/m/it/10.95 B\OT1/cmr/m/n/1
0.95 ] = \U/msb/m/n/10.95 ? \OMS/cmsy/m/n/10.95 ` []  [] [] \OML/cmm/m/it/10.95
 A \OMS/cmsy/m/n/10.95 [ \OML/cmm/m/it/10.95 B \U/msa/m/n/10.95  \OML/cmm/m/it
/10.95 C
 []


Overfull \hbox (145.01785pt too wide) in alignment at lines 9128--9256
 [][][][] 
 []

ignored: Infinite glue shrinkage found in box being split [358]
ignored: Infinite glue shrinkage found in box being split [359] [360] [361] [36
2] [363] [364] [365] [366]
ignored: Infinite glue shrinkage found in box being split [367] [368] [369]
[370] [371] [372] [373] [374]
ignored: Infinite glue shrinkage found in box being split [375] [376] [377] [37
8]
warning  (pdf backend): ignoring duplicate destination with the name 'proofpartn
r.1'
[379]
warning  (pdf backend): ignoring duplicate destination with the name 'proofpartn
r.2'
[380] [381] [382] [383]
ignored: Infinite glue shrinkage found in box being split [384]
ignored: Infinite glue shrinkage found in box being split [385] [386]
ignored: Infinite glue shrinkage found in box being split [387] [388] [389]
ignored: Infinite glue shrinkage found in box being split [390] [391]
[392] [393] [394]
ignored: Infinite glue shrinkage found in box being split [395]
ignored: Infinite glue shrinkage found in box being split [396] [397]
ignored: Infinite glue shrinkage found in box being split [398] [399] [400] [40
1] [402]
ignored: Infinite glue shrinkage found in box being split [403]
[404] [405]
ignored: Infinite glue shrinkage found in box being split [406]
ignored: Infinite glue shrinkage found in box being split [407]
Overfull \hbox (19.65967pt too wide) in alignment at lines 12195--12208
 [][][][] 
 []

ignored: Infinite glue shrinkage found in box being split [408]
warning  (pdf backend): ignoring duplicate destination with the name 'proofpartn
r.1'
[409] [410] [411]
ignored: Infinite glue shrinkage found in box being split [412] [413] [414] [41
5]
Overfull \hbox (15.87097pt too wide) detected at line 12777
[]\OT1/cmr/m/n/10.95 (\OML/cmm/m/it/10.95 R; A\OT1/cmr/m/n/10.95 )\OML/cmm/m/it
/10.95 ;  M \OMS/cmsy/m/n/10.95  P\OT1/cmr/m/n/10.95 (\OML/cmm/m/it/10.95 A\OT
1/cmr/m/n/10.95 )\OML/cmm/m/it/10.95 ;  X \OMS/cmsy/m/n/10.95 2 \OML/cmm/m/it/1
0.95 M;  C \OMS/cmsy/m/n/10.95 2 \OML/cmm/m/it/10.95 q[]\OT1/cmr/m/n/10.95 [\OM
L/cmm/m/it/10.95 X\OT1/cmr/m/n/10.95 ] \OMS/cmsy/m/n/10.95 ` \OML/cmm/m/it/10.9
5 C \OMS/cmsy/m/n/10.95 2 \OML/cmm/m/it/10.95 A=R \OMS/cmsy/m/n/10.95 ^ 9\OML/c
mm/m/it/10.95 a \OMS/cmsy/m/n/10.95 2 \OML/cmm/m/it/10.95 X C \OT1/cmr/m/n/10.9
5 = [][]
 []

[416]
warning  (pdf backend): ignoring duplicate destination with the name 'proofpartn
r.1'
[417]
Overfull \hbox (38.53125pt too wide) detected at line 12860
[]\OT1/cmr/m/n/10.95 (\OML/cmm/m/it/10.95 R; A\OT1/cmr/m/n/10.95 )\OML/cmm/m/it
/10.95 ;  M \OMS/cmsy/m/n/10.95  P\OT1/cmr/m/n/10.95 (\OML/cmm/m/it/10.95 A\OT
1/cmr/m/n/10.95 )\OML/cmm/m/it/10.95 ;  X \OMS/cmsy/m/n/10.95 2 \OML/cmm/m/it/1
0.95 M \OMS/cmsy/m/n/10.95 ` \OML/cmm/m/it/10.95 C \OMS/cmsy/m/n/10.95 2 \OML/c
mm/m/it/10.95 q[]\OT1/cmr/m/n/10.95 (\OML/cmm/m/it/10.95 X\OT1/cmr/m/n/10.95 ) 
\OMS/cmsy/m/n/10.95 ! []\OML/cmm/m/it/10.95 C \OMS/cmsy/m/n/10.95 2 \OML/cmm/m/
it/10.95 A=R \OMS/cmsy/m/n/10.95 ^ 9\OML/cmm/m/it/10.95 a \OMS/cmsy/m/n/10.95 2 \OML/cmm/m/it/10.95 X C \OT1/cmr/m/n/10.95 = [][][]
 []


warning  (pdf backend): ignoring duplicate destination with the name 'proofpartn
r.2'

Overfull \hbox (5.21516pt too wide) detected at line 12890
[]\OT1/cmr/m/n/10 (\OML/cmm/m/it/10 R; A\OT1/cmr/m/n/10 )\OML/cmm/m/it/10 ;  M 
\OMS/cmsy/m/n/10  P\OT1/cmr/m/n/10 (\OML/cmm/m/it/10 A\OT1/cmr/m/n/10 )\OML/cm
m/m/it/10 ;  X \OMS/cmsy/m/n/10 2 \OML/cmm/m/it/10 M \OMS/cmsy/m/n/10 ` []\OML/
cmm/m/it/10 C \OMS/cmsy/m/n/10 2 \OML/cmm/m/it/10 A=R \OMS/cmsy/m/n/10 ^ 9\OML/
cmm/m/it/10 a \OMS/cmsy/m/n/10 2 \OML/cmm/m/it/10 X C \OT1/cmr/m/n/10 = [][][] 
\OMS/cmsy/m/n/10 ! \OML/cmm/m/it/10 C \OMS/cmsy/m/n/10 2 \OML/cmm/m/it/10 q[]\O
T1/cmr/m/n/10 (\OML/cmm/m/it/10 X\OT1/cmr/m/n/10 )
 []


Overfull \hbox (48.49753pt too wide) in alignment at lines 12890--12909
 [][][][][][] 
 []

[418] [419] [420]
ignored: Infinite glue shrinkage found in box being split [421] [422]
ignored: Infinite glue shrinkage found in box being split [423]
Overfull \hbox (21.8944pt too wide) in alignment at lines 13313--13331
 [][][][] 
 []


Overfull \hbox (73.28899pt too wide) detected at line 13346
[]  [] \OML/cmm/m/it/10.95 ;  \OMS/cmsy/m/n/10.95 f\OML/cmm/m/it/10.95 a\OMS/cm
sy/m/n/10.95 g 2 \OML/cmm/m/it/10.95 M \OMS/cmsy/m/n/10.95 ` \OML/cmm/m/it/10.9
5 J[] [][]\OT1/cmr/m/n/10.95 = \OML/cmm/m/it/10.95 J[]J [] [] M[] \OMS/cmsy/m/
n/10.95 ! \OML/cmm/m/it/10.95 M[] \OMS/cmsy/m/n/10.95 ^ 8\OML/cmm/m/it/10.95 X 
\OMS/cmsy/m/n/10.95 2 \OML/cmm/m/it/10.95 M[] J\OT1/cmr/m/n/10.95 (\OML/cmm/m/i
t/10.95 X\OT1/cmr/m/n/10.95 ) = \OML/cmm/m/it/10.95 t[]\OT1/cmr/m/n/10.95 (\OML
/cmm/m/it/10.95 X\OT1/cmr/m/n/10.95 )[]
 []

ignored: Infinite glue shrinkage found in box being split [424]
Overfull \hbox (1.02458pt too wide) in alignment at lines 13426--13456
 [][][][] 
 []

ignored: Infinite glue shrinkage found in box being split [425] [426] [427] [42
8]
Overfull \hbox (2.41685pt too wide) in alignment at lines 13693--13714
 [][][][][][] 
 []

[429] [430] [431]
Kapitel 30.
ignored: Infinite glue shrinkage found in box being split [432

]
ignored: Infinite glue shrinkage found in box being split [433]
ignored: Infinite glue shrinkage found in box being split [434]
ignored: Infinite glue shrinkage found in box being split [435] [436] [437] [43
8] [439] [440]
Overfull \hbox (6.21573pt too wide) in alignment at lines 14519--14558
 [][][][] 
 []

ignored: Infinite glue shrinkage found in box being split [441]
Overfull \hbox (20.48041pt too wide) detected at line 14586
\OMS/cmsy/m/n/10.95 9\OML/cmm/m/it/10.95 C [] [] \OMS/cmsy/m/n/10.95 P\OT1/cmr/
m/n/10.95 (\OML/cmm/m/it/10.95 A\OT1/cmr/m/n/10.95 ) \OMS/cmsy/m/n/10.95 n f\U/
msb/m/n/10.95 ?\OMS/cmsy/m/n/10.95 g ! \OML/cmm/m/it/10.95 A \OMS/cmsy/m/n/10.9
5 8\OML/cmm/m/it/10.95 X \OMS/cmsy/m/n/10.95 2 P\OT1/cmr/m/n/10.95 (\OML/cmm/m/
it/10.95 A\OT1/cmr/m/n/10.95 ) \OMS/cmsy/m/n/10.95 n f\U/msb/m/n/10.95 ?\OMS/cm
sy/m/n/10.95 g []\OT1/cmr/m/n/10.95 (\OML/cmm/m/it/10.95 X; C\OT1/cmr/m/n/10.95
 (\OML/cmm/m/it/10.95 X\OT1/cmr/m/n/10.95 )) \OMS/cmsy/m/n/10.95 2 \OML/cmm/m/i
t/10.95 R[][] \OMS/cmsy/m/n/10.95 ` 9\OML/cmm/m/it/10.95 C []  []
 []


Overfull \hbox (58.73888pt too wide) in alignment at lines 14587--14610
 [][][][] 
 []

[442]
Overfull \hbox (13.0006pt too wide) in alignment at lines 14619--14640
 [][][][] 
 []

ignored: Infinite glue shrinkage found in box being split [443] [444]
ignored: Infinite glue shrinkage found in box being split [445] [446]
Kapitel 31.
[447

]
ignored: Infinite glue shrinkage found in box being split [448] [449] [450] [45
1] [452] [453]
ignored: Infinite glue shrinkage found in box being split [454]
warning  (pdf backend): ignoring duplicate destination with the name 'proofpartn
r.1'

warning  (pdf backend): ignoring duplicate destination with the name 'proofpartn
r.2'
ignored: Infinite glue shrinkage found in box being split [455] [456] [457] [45
8] [459]

Package hyperref Warning: Token not allowed in a PDF string (Unicode):
(hyperref)                removing `math shift' on input line 15694.

[460]

Package hyperref Warning: Token not allowed in a PDF string (Unicode):
(hyperref)                removing `math shift' on input line 15746.

[461]

Package hyperref Warning: Token not allowed in a PDF string (Unicode):
(hyperref)                removing `math shift' on input line 15820.

[462]

Package hyperref Warning: Token not allowed in a PDF string (Unicode):
(hyperref)                removing `math shift' on input line 15854.


warning  (pdf backend): ignoring duplicate destination with the name 'proofpartn
r.1'
[463]
warning  (pdf backend): ignoring duplicate destination with the name 'proofpartn
r.2'

warning  (pdf backend): ignoring duplicate destination with the name 'proofpartn
r.1'
[464]
warning  (pdf backend): ignoring duplicate destination with the name 'proofpartn
r.2'

warning  (pdf backend): ignoring duplicate destination with the name 'proofpartn
r.1'
[465]
warning  (pdf backend): ignoring duplicate destination with the name 'proofpartn
r.2'
ignored: Infinite glue shrinkage found in box being split [466]
warning  (pdf backend): ignoring duplicate destination with the name 'proofpartn
r.1'

warning  (pdf backend): ignoring duplicate destination with the name 'proofpartn
r.2'
[467] [468]
ignored: Infinite glue shrinkage found in box being split [469]
warning  (pdf backend): ignoring duplicate destination with the name 'proofpartn
r.1'

warning  (pdf backend): ignoring duplicate destination with the name 'proofpartn
r.2'
[470]
warning  (pdf backend): ignoring duplicate destination with the name 'proofpartn
r.1'

warning  (pdf backend): ignoring duplicate destination with the name 'proofpartn
r.2'
[471]
warning  (pdf backend): ignoring duplicate destination with the name 'proofpartn
r.1'

warning  (pdf backend): ignoring duplicate destination with the name 'proofpartn
r.2'
[472] [473]
warning  (pdf backend): ignoring duplicate destination with the name 'proofpartn
r.1'

warning  (pdf backend): ignoring duplicate destination with the name 'proofpartn
r.2'
[474] [475]
ignored: Infinite glue shrinkage found in box being split [476]
ignored: Infinite glue shrinkage found in box being split [477] [478] [479] [48
0] [481]
ignored: Infinite glue shrinkage found in box being split [482]
ignored: Infinite glue shrinkage found in box being split [483] [484]
warning  (pdf backend): ignoring duplicate destination with the name 'proofpartn
r.1'
[485]
warning  (pdf backend): ignoring duplicate destination with the name 'proofpartn
r.2'

Overfull \hbox (8.97862pt too wide) in alignment at lines 17325--17357
 [][][][][][] 
 []

ignored: Infinite glue shrinkage found in box being split [486] [487] [488]
Overfull \hbox (79.7925pt too wide) in paragraph at lines 17543--17543
[] 
 []

[489]
ignored: Infinite glue shrinkage found in box being split [490]
Overfull \hbox (61.54514pt too wide) in paragraph at lines 17662--17662
[] 
 []

[491] [492]
warning  (pdf backend): ignoring duplicate destination with the name 'proofpartn
r.1'
ignored: Infinite glue shrinkage found in box being split [493]
warning  (pdf backend): ignoring duplicate destination with the name 'proofpartn
r.2'
ignored: Infinite glue shrinkage found in box being split [494] [495]
ignored: Infinite glue shrinkage found in box being split [496]
warning  (pdf backend): ignoring duplicate destination with the name 'proofpartn
r.1'

warning  (pdf backend): ignoring duplicate destination with the name 'proofpartn
r.2'
[497]
warning  (pdf backend): ignoring duplicate destination with the name 'proofpartn
r.3'

warning  (pdf backend): ignoring duplicate destination with the name 'proofpartn
r.4'
[498] [499] [500]
ignored: Infinite glue shrinkage found in box being split [501] [502]
ignored: Infinite glue shrinkage found in box being split [503] [504]
ignored: Infinite glue shrinkage found in box being split [505]
warning  (pdf backend): ignoring duplicate destination with the name 'proofpartn
r.1'

warning  (pdf backend): ignoring duplicate destination with the name 'proofpartn
r.2'
[506] [507]
warning  (pdf backend): ignoring duplicate destination with the name 'proofpartn
r.1'
[508]
warning  (pdf backend): ignoring duplicate destination with the name 'proofpartn
r.2'

warning  (pdf backend): ignoring duplicate destination with the name 'proofpartn
r.3'
[509]
warning  (pdf backend): ignoring duplicate destination with the name 'proofpartn
r.1'

warning  (pdf backend): ignoring duplicate destination with the name 'proofpartn
r.2'

warning  (pdf backend): ignoring duplicate destination with the name 'proofpartn
r.3'

Overfull \hbox (3.99538pt too wide) in alignment at lines 19132--19160
 [][][][][][] 
 []

[510]
warning  (pdf backend): ignoring duplicate destination with the name 'proofpartn
r.1'
ignored: Infinite glue shrinkage found in box being split [511]
warning  (pdf backend): ignoring duplicate destination with the name 'proofpartn
r.2'

warning  (pdf backend): ignoring duplicate destination with the name 'proofpartn
r.3'
[512]
ignored: Infinite glue shrinkage found in box being split [513]
warning  (pdf backend): ignoring duplicate destination with the name 'proofpartn
r.1'

warning  (pdf backend): ignoring duplicate destination with the name 'proofpartn
r.2'
[514] [515] [516] [517]
warning  (pdf backend): ignoring duplicate destination with the name 'proofpartn
r.1'

warning  (pdf backend): ignoring duplicate destination with the name 'proofpartn
r.2'
[518] [519]
Overfull \hbox (4.88953pt too wide) in alignment at lines 19952--20007
 [][][][] 
 []


warning  (pdf backend): ignoring duplicate destination with the name 'proofpartn
r.1'
[520]
warning  (pdf backend): ignoring duplicate destination with the name 'proofpartn
r.2'
[521] [522]
warning  (pdf backend): ignoring duplicate destination with the name 'proofpartn
r.1'

warning  (pdf backend): ignoring duplicate destination with the name 'proofpartn
r.2'

Overfull \hbox (76.23952pt too wide) in alignment at lines 20301--20312
 [][][][][][] 
 []

[523]
warning  (pdf backend): ignoring duplicate destination with the name 'proofpartn
r.1'
[524]
warning  (pdf backend): ignoring duplicate destination with the name 'proofpartn
r.2'
ignored: Infinite glue shrinkage found in box being split [525]
ignored: Infinite glue shrinkage found in box being split [526]
ignored: Infinite glue shrinkage found in box being split [527]
ignored: Infinite glue shrinkage found in box being split [528] [529]
ignored: Infinite glue shrinkage found in box being split [530]
Overfull \hbox (9.79546pt too wide) in alignment at lines 20969--21004
 [][][][][][] 
 []

[531]
Overfull \hbox (2.95178pt too wide) in alignment at lines 21084--21149
 [][][][][][] 
 []

ignored: Infinite glue shrinkage found in box being split [532]
warning  (pdf backend): ignoring duplicate destination with the name 'proofpartn
r.1'
ignored: Infinite glue shrinkage found in box being split [533]
warning  (pdf backend): ignoring duplicate destination with the name 'proofpartn
r.2'

Overfull \hbox (3.44666pt too wide) in alignment at lines 21240--21285
 [][][][][][] 
 []

ignored: Infinite glue shrinkage found in box being split [534] [535] [536] [53
7] [538]
warning  (pdf backend): ignoring duplicate destination with the name 'proofpartn
r.1'
ignored: Infinite glue shrinkage found in box being split [539]
warning  (pdf backend): ignoring duplicate destination with the name 'proofpartn
r.2'

warning  (pdf backend): ignoring duplicate destination with the name 'proofpartn
r.3'

warning  (pdf backend): ignoring duplicate destination with the name 'proofpartn
r.4'
[540] [541]
ignored: Infinite glue shrinkage found in box being split [542]
warning  (pdf backend): ignoring duplicate destination with the name 'proofpartn
r.1'
[543]
warning  (pdf backend): ignoring duplicate destination with the name 'proofpartn
r.2'
[544] [545]
Kapitel 32.
[546

]
ignored: Infinite glue shrinkage found in box being split [547]
ignored: Infinite glue shrinkage found in box being split [548] [549]
ignored: Infinite glue shrinkage found in box being split [550] [551]
warning  (pdf backend): ignoring duplicate destination with the name 'proofpartn
r.1'
[552]
warning  (pdf backend): ignoring duplicate destination with the name 'proofpartn
r.2'
ignored: Infinite glue shrinkage found in box being split [553]
ignored: Infinite glue shrinkage found in box being split [554] [555] [556]
warning  (pdf backend): ignoring duplicate destination with the name 'proofpartn
r.1'

warning  (pdf backend): ignoring duplicate destination with the name 'proofpartn
r.2'
[557]
warning  (pdf backend): ignoring duplicate destination with the name 'proofpartn
r.1'
ignored: Infinite glue shrinkage found in box being split [558]
warning  (pdf backend): ignoring duplicate destination with the name 'proofpartn
r.2'

Overfull \hbox (26.8803pt too wide) in alignment at lines 23058--23085
 [][][][] 
 []

ignored: Infinite glue shrinkage found in box being split [559] [560]
ignored: Infinite glue shrinkage found in box being split [561]
Overfull \hbox (31.89096pt too wide) detected at line 23218
[]  [] \OML/cmm/m/it/10.95 ;  n \OMS/cmsy/m/n/10.95 2 \U/msb/m/n/10.95 N\OML/cm
m/m/it/10.95 ;  F [] []  []\OT1/cmr/m/n/10.95 (\OML/cmm/m/it/10.95 n\OT1/cmr/m/
n/10.95 ) \OMS/cmsy/m/n/10.95 ! \OML/cmm/m/it/10.95 M;  []  [] \OMS/cmsy/m/n/10
.95 ` []  []
 []


warning  (pdf backend): ignoring duplicate destination with the name 'proofpartn
r.1'
ignored: Infinite glue shrinkage found in box being split [562]
warning  (pdf backend): ignoring duplicate destination with the name 'proofpartn
r.2'
ignored: Infinite glue shrinkage found in box being split [563] [564]
ignored: Infinite glue shrinkage found in box being split [565]
warning  (pdf backend): ignoring duplicate destination with the name 'proofpartn
r.1'

warning  (pdf backend): ignoring duplicate destination with the name 'proofpartn
r.2'
[566]
warning  (pdf backend): ignoring duplicate destination with the name 'proofpartn
r.1'

warning  (pdf backend): ignoring duplicate destination with the name 'proofpartn
r.2'
ignored: Infinite glue shrinkage found in box being split [567]
ignored: Infinite glue shrinkage found in box being split [568] [569]
ignored: Infinite glue shrinkage found in box being split [570] [571]
ignored: Infinite glue shrinkage found in box being split [572]
warning  (pdf backend): ignoring duplicate destination with the name 'proofpartn
r.1'

warning  (pdf backend): ignoring duplicate destination with the name 'proofpartn
r.2'
ignored: Infinite glue shrinkage found in box being split [573]
warning  (pdf backend): ignoring duplicate destination with the name 'proofpartn
r.1'

warning  (pdf backend): ignoring duplicate destination with the name 'proofpartn
r.2'
ignored: Infinite glue shrinkage found in box being split [574] [575] [576] [57
7]
ignored: Infinite glue shrinkage found in box being split [578]
warning  (pdf backend): ignoring duplicate destination with the name 'proofpartn
r.1'
ignored: Infinite glue shrinkage found in box being split [579]
warning  (pdf backend): ignoring duplicate destination with the name 'proofpartn
r.2'
ignored: Infinite glue shrinkage found in box being split [580]
Overfull \hbox (9.61887pt too wide) in paragraph at lines 24556--24556
[] 
 []

[581]
Overfull \hbox (59.46323pt too wide) in paragraph at lines 24577--24577
[] 
 []


Overfull \hbox (24.4741pt too wide) detected at line 24695
[]
 []

[582]
Overfull \vbox (12.17302pt too high) has occurred while \output is active []


[583] [584] [585]
ignored: Infinite glue shrinkage found in box being split [586] [587]
Overfull \hbox (65.88374pt too wide) detected at line 25010
\OML/cmm/m/it/10.95 B \OMS/cmsy/m/n/10.95  P\OT1/cmr/m/n/10.95 (\OML/cmm/m/it/
10.95 M\OT1/cmr/m/n/10.95 )\OML/cmm/m/it/10.95 ;  S [] [] B \OMS/cmsy/m/n/10.95
 ! \OML/cmm/m/it/10.95 B;  \OMS/cmsy/m/n/10.95 8\OML/cmm/m/it/10.95 X \OMS/cmsy
/m/n/10.95 2 \OML/cmm/m/it/10.95 B []X \OMS/cmsy/m/n/10.95  \OML/cmm/m/it/10.9
5 S\OT1/cmr/m/n/10.95 (\OML/cmm/m/it/10.95 X\OT1/cmr/m/n/10.95 )[] \OMS/cmsy/m/
n/10.95 ` 9\OML/cmm/m/it/10.95 D [] [] B \OMS/cmsy/m/n/10.95 ! \OML/cmm/m/it/10
.95 M \OMS/cmsy/m/n/10.95 8\OML/cmm/m/it/10.95 X \OMS/cmsy/m/n/10.95 2 \OML/cmm
/m/it/10.95 B []D\OT1/cmr/m/n/10.95 (\OML/cmm/m/it/10.95 X\OT1/cmr/m/n/10.95 ) 
\OMS/cmsy/m/n/10.95 2 \OML/cmm/m/it/10.95 S\OT1/cmr/m/n/10.95 (\OML/cmm/m/it/10
.95 X\OT1/cmr/m/n/10.95 ) \OMS/cmsy/m/n/10.95 n \OML/cmm/m/it/10.95 X[]
 []

[588] [589] [590] [591]
ignored: Infinite glue shrinkage found in box being split [592]
ignored: Infinite glue shrinkage found in box being split [593] [594]
Overfull \hbox (25.91917pt too wide) in paragraph at lines 25578--25578
[]\TU/lmr/bx/n/10.95 Theo-rem 3.32.4.35 (Dedekind-Endlichkeit im-pli-ziert Tarsk
i-Endlichkeit). 
 []


Overfull \hbox (23.84192pt too wide) in alignment at lines 25579--25594
 [][][][] 
 []

[595] [596] [597]
Overfull \hbox (14.70396pt too wide) in alignment at lines 25715--25725
 [][][][] 
 []

[598] [599] [600]
ignored: Infinite glue shrinkage found in box being split [601] [602] [603] [60
4] [605] [606]
ignored: Infinite glue shrinkage found in box being split [607]
Overfull \hbox (22.99893pt too wide) in paragraph at lines 26386--26386
[]\TU/lmr/bx/n/10.95 Theo-rem 3.32.4.58 (Äqui-va-lenz von End-lich-keit und Tar
ski-Endlichkeit). 
 []

[608] [609] [610]
ignored: Infinite glue shrinkage found in box being split [611] [612]
Overfull \hbox (31.03816pt too wide) detected at line 26706
[]  [] \OML/cmm/m/it/10.95 ;  []  [] ;  t[]  [] \OMS/cmsy/m/n/10.95  \OML/cmm/
m/it/10.95 t[]  [] \OMS/cmsy/m/n/10.95 ` \OML/cmm/m/it/10.95 [] [] [] t[]  [] 
\U/msa/m/n/10.95  \OML/cmm/m/it/10.95 t[]  []
 []

[613] [614] [615] [616]
Overfull \hbox (4.42096pt too wide) in paragraph at lines 26988--26988
[]\TU/lmr/bx/n/10.95 Theo-rem 3.32.6.7 (Frankl-Vermutung bei nicht-lee-rem Durch
-schnitt). 
 []

[617] [618]
ignored: Infinite glue shrinkage found in box being split [619] [620]
ignored: Infinite glue shrinkage found in box being split [621] [622]
Overfull \hbox (5.22945pt too wide) detected at line 27515
[]  [] \OML/cmm/m/it/10.95 ;  \OMS/cmsy/m/n/10.95 f\OML/cmm/m/it/10.95 a; b\OMS
/cmsy/m/n/10.95 g 2 \OML/cmm/m/it/10.95 M;  X \OMS/cmsy/m/n/10.95 2 \OML/cmm/m/
it/10.95 M[] \OMS/cmsy/m/n/10.95 \ \OML/cmm/m/it/10.95 M[] \OMS/cmsy/m/n/10.95 
` \OML/cmm/m/it/10.95 t[]\OT1/cmr/m/n/10.95 (\OML/cmm/m/it/10.95 X\OT1/cmr/m/n/
10.95 ) \OMS/cmsy/m/n/10.95 2 \OML/cmm/m/it/10.95 M[] \OMS/cmsy/m/n/10.95 \ \OM
L/cmm/m/it/10.95 M[]
 []

ignored: Infinite glue shrinkage found in box being split [623] [624]
Overfull \hbox (2.86845pt too wide) detected at line 27645
[]  [] \OML/cmm/m/it/10.95 ;  \OMS/cmsy/m/n/10.95 f\OML/cmm/m/it/10.95 a; b\OMS
/cmsy/m/n/10.95 g 2 \OML/cmm/m/it/10.95 M;  X \OMS/cmsy/m/n/10.95 2 \OML/cmm/m/
it/10.95 M[] \OMS/cmsy/m/n/10.95 \ \OML/cmm/m/it/10.95 M[] \OMS/cmsy/m/n/10.95 
` \OML/cmm/m/it/10.95 U[]\OT1/cmr/m/n/10.95 (\OML/cmm/m/it/10.95 X\OT1/cmr/m/n/
10.95 ) = \OML/cmm/m/it/10.95 t[]\OT1/cmr/m/n/10.95 (\OML/cmm/m/it/10.95 X\OT1/
cmr/m/n/10.95 )
 []


Overfull \hbox (71.66182pt too wide) in alignment at lines 27672--27700
 [][][][] 
 []

[625]
Overfull \hbox (114.75272pt too wide) in alignment at lines 27717--27787
 [][][][] 
 []

[626]
Overfull \hbox (136.21062pt too wide) in alignment at lines 27803--27885
 [][][][] 
 []


Overfull \hbox (154.38887pt too wide) in alignment at lines 27894--27932
 [][][][] 
 []

ignored: Infinite glue shrinkage found in box being split [627] [628] [629]
ignored: Infinite glue shrinkage found in box being split [630] [631] [632] [63
3]
Overfull \hbox (68.60619pt too wide) in alignment at lines 28380--28416
 [][][][] 
 []

ignored: Infinite glue shrinkage found in box being split [634] [635] [636] [63
7] [638]
warning  (pdf backend): ignoring duplicate destination with the name 'proofpartn
r.1'

warning  (pdf backend): ignoring duplicate destination with the name 'proofpartn
r.2'

Overfull \hbox (8.65874pt too wide) in alignment at lines 28683--28703
 [][][][][][] 
 []

ignored: Infinite glue shrinkage found in box being split [639]
warning  (pdf backend): ignoring duplicate destination with the name 'proofpartn
r.1'
ignored: Infinite glue shrinkage found in box being split [640]
warning  (pdf backend): ignoring duplicate destination with the name 'proofpartn
r.2'

warning  (pdf backend): ignoring duplicate destination with the name 'proofpartn
r.1'
[641]
warning  (pdf backend): ignoring duplicate destination with the name 'proofpartn
r.2'

warning  (pdf backend): ignoring duplicate destination with the name 'proofpartn
r.3'
ignored: Infinite glue shrinkage found in box being split [642]
warning  (pdf backend): ignoring duplicate destination with the name 'proofpartn
r.4'

warning  (pdf backend): ignoring duplicate destination with the name 'proofpartn
r.5'

warning  (pdf backend): ignoring duplicate destination with the name 'proofpartn
r.6'
ignored: Infinite glue shrinkage found in box being split [643]
ignored: Infinite glue shrinkage found in box being split [644]
ignored: Infinite glue shrinkage found in box being split [645]
Overfull \hbox (7.78746pt too wide) in paragraph at lines 29117--29122
\TU/lmr/m/n/10.95 ser Block prüft die vier Be-stand-tei-le der Vor-aus-set-zung
 $[]  []$
 []

[646] [647] [648] [649]
ignored: Infinite glue shrinkage found in box being split [650]
Overfull \hbox (21.43637pt too wide) in alignment at lines 29408--29427
 [][][][][][] 
 []

ignored: Infinite glue shrinkage found in box being split [651] [652] [653]
warning  (pdf backend): ignoring duplicate destination with the name 'proofpartn
r.1'

warning  (pdf backend): ignoring duplicate destination with the name 'proofpartn
r.2'
ignored: Infinite glue shrinkage found in box being split [654]
warning  (pdf backend): ignoring duplicate destination with the name 'proofpartn
r.1'

warning  (pdf backend): ignoring duplicate destination with the name 'proofpartn
r.2'
[655] [656]
ignored: Infinite glue shrinkage found in box being split [657] [658]
ignored: Infinite glue shrinkage found in box being split [659]
Overfull \hbox (15.4977pt too wide) in alignment at lines 30088--30110
 [][][][][][] 
 []

[660]
Overfull \hbox (8.07668pt too wide) in alignment at lines 30158--30183
 [][][][] 
 []

[661] [662] [663] [664]
ignored: Infinite glue shrinkage found in box being split [665] [666]
Overfull \hbox (13.15453pt too wide) in alignment at lines 30571--30605
 [][][][] 
 []

[667] [668]
ignored: Infinite glue shrinkage found in box being split [669] [670]
warning  (pdf backend): ignoring duplicate destination with the name 'proofpartn
r.1'
ignored: Infinite glue shrinkage found in box being split [671]
warning  (pdf backend): ignoring duplicate destination with the name 'proofpartn
r.2'
ignored: Infinite glue shrinkage found in box being split [672]
ignored: Infinite glue shrinkage found in box being split [673]
ignored: Infinite glue shrinkage found in box being split [674]
Overfull \hbox (13.26566pt too wide) in alignment at lines 31187--31221
 [][][][] 
 []

[675]
ignored: Infinite glue shrinkage found in box being split [676] [677] [678]
warning  (pdf backend): ignoring duplicate destination with the name 'proofpartn
r.1'

warning  (pdf backend): ignoring duplicate destination with the name 'proofpartn
r.2'
[679] [680] [681] [682] [683]
Kapitel 33.

Package hyperref Warning: Token not allowed in a PDF string (Unicode):
(hyperref)                removing `math shift' on input line 31908.

[684

] [685] [686] [687] [688] [689] [690]
Kapitel 34.
) [691

] (./main.aux)
 ***********
LaTeX2e <2025-11-01>
L3 programming layer <2026-03-20>
 ***********
Package rerunfilecheck Info: File `main.out' has not changed.
(rerunfilecheck)             Checksum: 16BFE68CCD9D21B2B1C501DE04E347AE;82241.
)

Here is how much of LuaTeX's memory you used:
 25826 strings out of 475900
 305527,2848258 words of node,token memory allocated
 24579 words of node memory still in use:
   8 hlist, 2 vlist, 2 rule, 1 local_par, 7 glue, 4 kern, 1 penalty, 3 glyph, 79
95 attribute, 61 glue_spec, 3998 attribute_list, 1 write, 2 pdf_action nodes
   avail lists: 1:4,2:2270,3:2809,4:128,5:1133,6:601,7:26695,8:86,9:4600,10:16,1
1:598
 42483 multiletter control sequences out of 65536+600000
 124 fonts using 9215663 bytes
 72i,23n,75p,1000b,941s stack positions out of 10000i,1000n,20000p,200000b,200000s
<c:/users/martin kunze/appdata/local/programs/miktex/fonts/opentype/public/lm/lm
roman9-regular.otf><c:/users/martin kunze/appdata/local/programs/miktex/fonts/op
entype/public/lm/lmroman8-regular.otf><c:/users/martin kunze/appdata/local/progr
ams/miktex/fonts/opentype/public/lm/lmmono9-regular.otf><c:/users/martin kunze/a
ppdata/local/programs/miktex/fonts/opentype/public/lm/lmroman10-bolditalic.otf><
c:/users/martin kunze/appdata/local/programs/miktex/fonts/opentype/public/lm/lmr
oman10-italic.otf><c:/users/martin kunze/appdata/local/programs/miktex/fonts/ope
ntype/public/lm/lmroman10-regular.otf><c:/users/martin kunze/appdata/local/progr
ams/miktex/fonts/opentype/public/lm/lmroman10-bold.otf><c:/users/martin kunze/ap
pdata/local/programs/miktex/fonts/opentype/public/lm/lmroman12-bold.otf><c:/user
s/martin kunze/appdata/local/programs/miktex/fonts/opentype/public/lm/lmroman12-
regular.otf><c:/users/martin kunze/appdata/local/programs/miktex/fonts/opentype/
public/lm/lmroman17-regular.otf><C:/Users/Martin Kunze/AppData/Local/Programs/Mi
KTeX/fonts/type1/public/amsfonts/cm/cmex10.pfb><C:/Users/Martin Kunze/AppData/Lo
cal/Programs/MiKTeX/fonts/type1/public/amsfonts/cmextra/cmex7.pfb><C:/Users/Mart
in Kunze/AppData/Local/Programs/MiKTeX/fonts/type1/public/amsfonts/cmextra/cmex8
.pfb><C:/Users/Martin Kunze/AppData/Local/Programs/MiKTeX/fonts/type1/public/ams
fonts/cmextra/cmex9.pfb><C:/Users/Martin Kunze/AppData/Local/Programs/MiKTeX/fon
ts/type1/public/amsfonts/cm/cmmi10.pfb><C:/Users/Martin Kunze/AppData/Local/Prog
rams/MiKTeX/fonts/type1/public/amsfonts/cm/cmmi12.pfb><C:/Users/Martin Kunze/App
Data/Local/Programs/MiKTeX/fonts/type1/public/amsfonts/cm/cmmi5.pfb><C:/Users/Ma
rtin Kunze/AppData/Local/Programs/MiKTeX/fonts/type1/public/amsfonts/cm/cmmi6.pf
b><C:/Users/Martin Kunze/AppData/Local/Programs/MiKTeX/fonts/type1/public/amsfon
ts/cm/cmmi7.pfb><C:/Users/Martin Kunze/AppData/Local/Programs/MiKTeX/fonts/type1
/public/amsfonts/cm/cmmi8.pfb><C:/Users/Martin Kunze/AppData/Local/Programs/MiKT
eX/fonts/type1/public/amsfonts/cm/cmmi9.pfb><C:/Users/Martin Kunze/AppData/Local
/Programs/MiKTeX/fonts/type1/public/amsfonts/cm/cmr10.pfb><C:/Users/Martin Kunze
/AppData/Local/Programs/MiKTeX/fonts/type1/public/amsfonts/cm/cmr12.pfb><C:/User
s/Martin Kunze/AppData/Local/Programs/MiKTeX/fonts/type1/public/amsfonts/cm/cmr5
.pfb><C:/Users/Martin Kunze/AppData/Local/Programs/MiKTeX/fonts/type1/public/ams
fonts/cm/cmr6.pfb><C:/Users/Martin Kunze/AppData/Local/Programs/MiKTeX/fonts/typ
e1/public/amsfonts/cm/cmr7.pfb><C:/Users/Martin Kunze/AppData/Local/Programs/MiK
TeX/fonts/type1/public/amsfonts/cm/cmr8.pfb><C:/Users/Martin Kunze/AppData/Local
/Programs/MiKTeX/fonts/type1/public/amsfonts/cm/cmr9.pfb><C:/Users/Martin Kunze/
AppData/Local/Programs/MiKTeX/fonts/type1/public/amsfonts/cm/cmss10.pfb><C:/User
s/Martin Kunze/AppData/Local/Programs/MiKTeX/fonts/type1/public/amsfonts/cm/cmss
8.pfb><C:/Users/Martin Kunze/AppData/Local/Programs/MiKTeX/fonts/type1/public/am
sfonts/cm/cmss9.pfb><C:/Users/Martin Kunze/AppData/Local/Programs/MiKTeX/fonts/t
ype1/public/amsfonts/cm/cmsy10.pfb><C:/Users/Martin Kunze/AppData/Local/Programs
/MiKTeX/fonts/type1/public/amsfonts/cm/cmsy5.pfb><C:/Users/Martin Kunze/AppData/
Local/Programs/MiKTeX/fonts/type1/public/amsfonts/cm/cmsy6.pfb><C:/Users/Martin 
Kunze/AppData/Local/Programs/MiKTeX/fonts/type1/public/amsfonts/cm/cmsy7.pfb><C:
/Users/Martin Kunze/AppData/Local/Programs/MiKTeX/fonts/type1/public/amsfonts/cm
/cmsy8.pfb><C:/Users/Martin Kunze/AppData/Local/Programs/MiKTeX/fonts/type1/publ
ic/amsfonts/cm/cmsy9.pfb><C:/Users/Martin Kunze/AppData/Local/Programs/MiKTeX/fo
nts/type1/public/amsfonts/symbols/msam10.pfb><C:/Users/Martin Kunze/AppData/Loca
l/Programs/MiKTeX/fonts/type1/public/amsfonts/symbols/msam7.pfb><C:/Users/Martin
 Kunze/AppData/Local/Programs/MiKTeX/fonts/type1/public/amsfonts/symbols/msbm10.
pfb><C:/Users/Martin Kunze/AppData/Local/Programs/MiKTeX/fonts/type1/public/amsf
onts/symbols/msbm7.pfb>
Output written on main.pdf (692 pages, 5983463 bytes).

PDF statistics: 23334 PDF objects out of 26593 (max. 8388607)
 5475 named destinations out of 6186 (max. 1048576)
 3177 words of extra memory for PDF output out of 10000 (max. 100000000)

