\BOOKMARK [0][-]{chapter.1}{\376\377\000A\000u\000s\000s\000a\000g\000e\000n\000l\000o\000g\000i\000k\000\040\000u\000n\000d\000\040\000P\000r\000\344\000d\000i\000k\000a\000t\000e\000n\000l\000o\000g\000i\000k}{}% 1
\BOOKMARK [1][-]{section.1.1}{\376\377\000F\000o\000r\000m\000a\000l\000e\000\040\000S\000p\000r\000a\000c\000h\000e\000n\000\040\000u\000n\000d\000\040\000S\000y\000n\000t\000a\000x}{chapter.1}% 2
\BOOKMARK [1][-]{section.1.2}{\376\377\000A\000u\000s\000s\000a\000g\000e\000n\000\040\000u\000n\000d\000\040\000P\000r\000\344\000d\000i\000k\000a\000t\000e\000n\000l\000o\000g\000i\000k}{chapter.1}% 3
\BOOKMARK [2][-]{subsection.1.2.1}{\376\377\000N\000i\000c\000h\000t\000l\000o\000g\000i\000s\000c\000h\000e\000\040\000S\000y\000m\000b\000o\000l\000e}{section.1.2}% 4
\BOOKMARK [2][-]{subsection.1.2.2}{\376\377\000L\000o\000g\000i\000s\000c\000h\000e\000\040\000S\000y\000m\000b\000o\000l\000e}{section.1.2}% 5
\BOOKMARK [2][-]{subsection.1.2.3}{\376\377\000T\000e\000r\000m\000e}{section.1.2}% 6
\BOOKMARK [2][-]{subsection.1.2.4}{\376\377\000A\000u\000s\000s\000a\000g\000e\000n\000\040\000d\000e\000r\000\040\000L\000o\000g\000i\000k}{section.1.2}% 7
\BOOKMARK [0][-]{chapter.2}{\376\377\000B\000e\000w\000e\000i\000s\000t\000h\000e\000o\000r\000i\000e}{}% 8
\BOOKMARK [1][-]{section.2.1}{\376\377\000E\000i\000n\000l\000e\000i\000t\000u\000n\000g\000\040\000z\000u\000r\000\040\000B\000e\000w\000e\000i\000s\000t\000h\000e\000o\000r\000i\000e}{chapter.2}% 9
\BOOKMARK [1][-]{section.2.2}{\376\377\000F\000o\000r\000m\000a\000l\000e\000\040\000S\000p\000r\000a\000c\000h\000e\000\040\000u\000n\000d\000\040\000N\000o\000t\000a\000t\000i\000o\000n}{chapter.2}% 10
\BOOKMARK [1][-]{section.2.3}{\376\377\000G\000r\000u\000n\000d\000b\000e\000g\000r\000i\000f\000f\000e\000:\000\040\000K\000a\000l\000k\000\374\000l\000,\000\040\000B\000e\000w\000e\000i\000s\000\040\000u\000n\000d\000\040\000A\000r\000g\000u\000m\000e\000n\000t}{chapter.2}% 11
\BOOKMARK [1][-]{section.2.4}{\376\377\000K\000a\000l\000k\000\374\000l\000\040\000d\000e\000s\000\040\000n\000a\000t\000\374\000r\000l\000i\000c\000h\000e\000n\000\040\000S\000c\000h\000l\000i\000e\000\337\000e\000n\000s}{chapter.2}% 12
\BOOKMARK [2][-]{subsection.2.4.1}{\376\377\000E\000i\000n\000f\000\374\000h\000r\000u\000n\000g}{section.2.4}% 13
\BOOKMARK [2][-]{subsection.2.4.2}{\376\377\000T\000a\000b\000e\000l\000l\000a\000r\000i\000s\000c\000h\000e\000\040\000B\000e\000w\000e\000i\000s\000d\000a\000r\000s\000t\000e\000l\000l\000u\000n\000g\000\040\000n\000a\000c\000h\000\040\000L\000e\000m\000m\000o\000n}{section.2.4}% 14
\BOOKMARK [2][-]{subsection.2.4.3}{\376\377\000M\000e\000t\000a\000l\000o\000g\000i\000s\000c\000h\000e\000\040\000K\000u\000r\000z\000n\000o\000t\000a\000t\000i\000o\000n}{section.2.4}% 15
\BOOKMARK [2][-]{subsection.2.4.4}{\376\377\000A\000b\000s\000t\000r\000a\000k\000t\000e\000\040\000S\000c\000h\000r\000e\000i\000b\000w\000e\000i\000s\000e\000\040\000f\000\374\000r\000\040\000S\000c\000h\000l\000u\000s\000s\000r\000e\000g\000e\000l\000n}{section.2.4}% 16
\BOOKMARK [2][-]{subsection.2.4.5}{\376\377\000R\000e\000g\000e\000l\000s\000c\000h\000e\000m\000a\000t\000a\000\040\000u\000n\000d\000\040\000i\000h\000r\000e\000\040\000t\000a\000b\000e\000l\000l\000a\000r\000i\000s\000c\000h\000e\000\040\000G\000e\000s\000t\000a\000l\000t}{section.2.4}% 17
\BOOKMARK [1][-]{section.2.5}{\376\377\000S\000\344\000t\000z\000e\000,\000\040\000A\000x\000i\000o\000m\000e\000\040\000u\000n\000d\000\040\000D\000e\000f\000i\000n\000i\000t\000i\000o\000n\000e\000n}{chapter.2}% 18
\BOOKMARK [1][-]{section.2.6}{\376\377\000A\000r\000t\000e\000n\000\040\000v\000o\000n\000\040\000D\000e\000f\000i\000n\000i\000t\000i\000o\000n\000e\000n}{chapter.2}% 19
\BOOKMARK [2][-]{subsection.2.6.1}{\376\377\000E\000x\000p\000l\000i\000z\000i\000t\000e\000\040\000D\000e\000f\000i\000n\000i\000t\000i\000o\000n\000e\000n}{section.2.6}% 20
\BOOKMARK [2][-]{subsection.2.6.2}{\376\377\000P\000a\000r\000t\000i\000e\000l\000l\000e\000\040\000D\000e\000f\000i\000n\000i\000t\000i\000o\000n\000e\000n}{section.2.6}% 21
\BOOKMARK [2][-]{subsection.2.6.3}{\376\377\000I\000m\000p\000l\000i\000z\000i\000t\000e\000\040\000D\000e\000f\000i\000n\000i\000t\000i\000o\000n\000e\000n}{section.2.6}% 22
\BOOKMARK [2][-]{subsection.2.6.4}{\376\377\000D\000a\000s\000\040\000I\000o\000t\000a\000-\000S\000y\000m\000b\000o\000l\000\040\000u\000n\000d\000\040\000I\000o\000t\000a\000-\000D\000e\000f\000i\000n\000i\000t\000i\000o\000n\000e\000n}{section.2.6}% 23
\BOOKMARK [2][-]{subsection.2.6.5}{\376\377\000S\000c\000h\000e\000m\000a\000t\000i\000s\000c\000h\000e\000\040\000S\000c\000h\000r\000e\000i\000b\000w\000e\000i\000s\000e\000\040\000m\000i\000t\000\040\000P\000a\000r\000a\000m\000e\000t\000e\000r\000n}{section.2.6}% 24
\BOOKMARK [1][-]{section.2.7}{\376\377\000\334\000b\000e\000r\000s\000i\000c\000h\000t\000\040\000\374\000b\000e\000r\000\040\000d\000i\000e\000\040\000e\000l\000e\000m\000e\000n\000t\000a\000r\000e\000n\000\040\000S\000c\000h\000l\000u\000s\000s\000r\000e\000g\000e\000l\000n}{chapter.2}% 25
\BOOKMARK [2][-]{subsection.2.7.1}{\376\377\000W\000e\000i\000t\000e\000r\000e\000\040\000\050\000a\000b\000g\000e\000l\000e\000i\000t\000e\000t\000e\000\051\000\040\000S\000c\000h\000l\000u\000s\000s\000r\000e\000g\000e\000l\000n}{section.2.7}% 26
\BOOKMARK [1][-]{section.2.8}{\376\377\000M\000e\000t\000a\000n\000o\000t\000a\000t\000i\000o\000n\000\040\000u\000n\000d\000\040\000M\000e\000t\000a\000r\000e\000g\000e\000l\000n}{chapter.2}% 27
\BOOKMARK [2][-]{subsection.2.8.1}{\376\377\000W\000a\000s\000\040\000i\000s\000t\000\040\000e\000i\000n\000e\000\040\000M\000e\000t\000a\000d\000e\000f\000i\000n\000i\000t\000i\000o\000n\000?}{section.2.8}% 28
\BOOKMARK [2][-]{subsection.2.8.2}{\376\377\000M\000e\000t\000a\000-\000N\000o\000t\000a\000t\000i\000o\000n\000\040\000f\000\374\000r\000\040\000d\000a\000s\000\040\000N\000i\000c\000h\000t\000-\000G\000l\000e\000i\000c\000h\000h\000e\000i\000t\000s\000z\000e\000i\000c\000h\000e\000n}{section.2.8}% 29
\BOOKMARK [2][-]{subsection.2.8.3}{\376\377\000M\000e\000t\000a\000-\000R\000e\000g\000e\000l\000n\000\040\000u\000n\000d\000\040\000i\000h\000r\000e\000\040\000A\000n\000w\000e\000n\000d\000u\000n\000g}{section.2.8}% 30
\BOOKMARK [2][-]{subsection.2.8.4}{\376\377\000M\000e\000t\000a\000-\000R\000e\000g\000e\000l\000:\000\040\000E\000r\000s\000e\000t\000z\000u\000n\000g\000\040\000\344\000q\000u\000i\000v\000a\000l\000e\000n\000t\000e\000r\000\040\000T\000e\000i\000l\000a\000u\000s\000d\000r\000\374\000c\000k\000e}{section.2.8}% 31
\BOOKMARK [2][-]{subsection.2.8.5}{\376\377\000M\000e\000t\000a\000-\000R\000e\000g\000e\000l\000:\000\040\000K\000e\000t\000t\000e\000n\000s\000c\000h\000r\000e\000i\000b\000w\000e\000i\000s\000e\000\040\000f\000\374\000r\000\040\000t\000r\000a\000n\000s\000i\000t\000i\000v\000e\000\040\000R\000e\000l\000a\000t\000i\000o\000n\000e\000n}{section.2.8}% 32
\BOOKMARK [0][-]{chapter.3}{\376\377\000S\000t\000r\000u\000k\000t\000u\000r\000g\000e\000s\000e\000t\000z\000e\000\040\000d\000e\000r\000\040\000J\000u\000n\000k\000t\000o\000r\000e\000n}{}% 33
\BOOKMARK [1][-]{section.3.1}{\376\377\000S\000e\000l\000b\000s\000t\000b\000e\000z\000\374\000g\000l\000i\000c\000h\000k\000e\000i\000t\000\040\000u\000n\000d\000\040\000I\000d\000e\000m\000p\000o\000t\000e\000n\000z}{chapter.3}% 34
\BOOKMARK [1][-]{section.3.2}{\376\377\000K\000o\000m\000m\000u\000t\000a\000t\000i\000v\000g\000e\000s\000e\000t\000z\000e}{chapter.3}% 35
\BOOKMARK [1][-]{section.3.3}{\376\377\000A\000s\000s\000o\000z\000i\000a\000t\000i\000v\000g\000e\000s\000e\000t\000z\000e}{chapter.3}% 36
\BOOKMARK [1][-]{section.3.4}{\376\377\000D\000r\000e\000i\000f\000a\000c\000h\000-\000F\000o\000r\000m\000e\000l\000n}{chapter.3}% 37
\BOOKMARK [2][-]{subsection.3.4.1}{\376\377\000E\000l\000i\000m\000i\000n\000a\000t\000i\000o\000n\000\040\000d\000r\000e\000i\000f\000a\000c\000h\000e\000r\000\040\000K\000o\000n\000j\000u\000g\000a\000t\000i\000o\000n\000e\000n}{section.3.4}% 38
\BOOKMARK [2][-]{subsection.3.4.2}{\376\377\000E\000i\000n\000f\000\374\000h\000r\000u\000n\000g\000\040\000d\000r\000e\000i\000f\000a\000c\000h\000e\000r\000\040\000D\000i\000s\000j\000u\000n\000k\000t\000i\000o\000n}{section.3.4}% 39
\BOOKMARK [2][-]{subsection.3.4.3}{\376\377\000E\000l\000i\000m\000i\000n\000a\000t\000i\000o\000n\000\040\000m\000e\000h\000r\000f\000a\000c\000h\000e\000r\000\040\000D\000i\000s\000j\000u\000n\000k\000t\000i\000o\000n}{section.3.4}% 40
\BOOKMARK [1][-]{section.3.5}{\376\377\000D\000i\000s\000t\000r\000i\000b\000u\000t\000i\000v\000g\000e\000s\000e\000t\000z\000e\000\040\000v\000o\000n\000\040\042\047\000\040\000u\000n\000d\000\040\042\050}{chapter.3}% 41
\BOOKMARK [1][-]{section.3.6}{\376\377\000D\000o\000p\000p\000e\000l\000t\000e\000\040\000N\000e\000g\000a\000t\000i\000o\000n}{chapter.3}% 42
\BOOKMARK [1][-]{section.3.7}{\376\377\000G\000e\000s\000e\000t\000z\000\040\000v\000o\000m\000\040\000a\000u\000s\000g\000e\000s\000c\000h\000l\000o\000s\000s\000e\000n\000e\000n\000\040\000d\000r\000i\000t\000t\000e\000n}{chapter.3}% 43
\BOOKMARK [1][-]{section.3.8}{\376\377\000D\000e\000-\000m\000o\000r\000g\000a\000n\000s\000c\000h\000e\000\040\000G\000e\000s\000e\000t\000z\000e}{chapter.3}% 44
\BOOKMARK [0][-]{chapter.4}{\376\377\000I\000m\000p\000l\000i\000k\000a\000t\000i\000o\000n\000\040\000u\000n\000d\000\040\000B\000i\000k\000o\000n\000d\000i\000t\000i\000o\000n\000a\000l}{}% 45
\BOOKMARK [1][-]{section.4.1}{\376\377\000I\000m\000p\000l\000i\000k\000a\000t\000i\000o\000n\000\040\000u\000n\000d\000\040\000K\000o\000n\000j\000u\000n\000k\000t\000i\000o\000n\000\040\000i\000m\000\040\000K\000o\000n\000s\000e\000q\000u\000e\000n\000s}{chapter.4}% 46
\BOOKMARK [1][-]{section.4.2}{\376\377\000M\000o\000d\000u\000s\000\040\000T\000o\000l\000l\000e\000n\000s\000\040\000u\000n\000d\000\040\000K\000o\000n\000t\000r\000a\000p\000o\000s\000i\000t\000i\000o\000n}{chapter.4}% 47
\BOOKMARK [1][-]{section.4.3}{\376\377\000T\000r\000a\000n\000s\000i\000t\000i\000v\000i\000t\000\344\000t\000e\000n}{chapter.4}% 48
\BOOKMARK [1][-]{section.4.4}{\376\377\000\304\000q\000u\000i\000v\000a\000l\000e\000n\000z\000\040\000a\000l\000s\000\040\000F\000o\000l\000g\000e\000r\000u\000n\000g}{chapter.4}% 49
\BOOKMARK [1][-]{section.4.5}{\376\377\000G\000r\000u\000n\000d\000l\000e\000g\000e\000n\000d\000e\000\040\000\304\000q\000u\000i\000v\000a\000l\000e\000n\000z\000e\000n\000\040\000d\000e\000r\000\040\000I\000m\000p\000l\000i\000k\000a\000t\000i\000o\000n}{chapter.4}% 50
\BOOKMARK [1][-]{section.4.6}{\376\377\000C\000h\000a\000r\000a\000k\000t\000e\000r\000i\000s\000i\000e\000r\000u\000n\000g\000e\000n\000\040\000d\000e\000s\000\040\000B\000i\000k\000o\000n\000d\000i\000t\000i\000o\000n\000a\000l\000s}{chapter.4}% 51
\BOOKMARK [1][-]{section.4.7}{\376\377\000W\000e\000i\000t\000e\000r\000e\000\040\000I\000m\000p\000l\000i\000k\000a\000t\000i\000o\000n\000s\000s\000c\000h\000e\000m\000a\000t\000a}{chapter.4}% 52
\BOOKMARK [1][-]{section.4.8}{\376\377\000A\000x\000i\000o\000m\000e\000\040\000M\000e\000t\000a\000m\000a\000t\000h}{chapter.4}% 53
\BOOKMARK [1][-]{section.4.9}{\376\377\000K\000o\000n\000t\000r\000a\000d\000i\000k\000t\000i\000o\000n\000e\000n\000\040\000u\000n\000d\000\040\000I\000n\000v\000a\000r\000i\000a\000n\000z\000e\000n}{chapter.4}% 54
\BOOKMARK [2][-]{subsection.4.9.1}{\376\377\000I\000n\000v\000a\000r\000i\000a\000n\000z\000e\000n}{section.4.9}% 55
\BOOKMARK [0][-]{chapter.5}{\376\377\000E\000x\000k\000l\000u\000s\000i\000v\000e\000s\000\040\000O\000d\000e\000r}{}% 56
\BOOKMARK [1][-]{section.5.1}{\376\377\000D\000e\000f\000i\000n\000i\000t\000i\000o\000n\000\040\000u\000n\000d\000\040\000G\000r\000u\000n\000d\000r\000e\000g\000e\000l\000n}{chapter.5}% 57
\BOOKMARK [1][-]{section.5.2}{\376\377\000E\000i\000n\000f\000\374\000h\000r\000u\000n\000g\000s\000r\000e\000g\000e\000l\000n}{chapter.5}% 58
\BOOKMARK [1][-]{section.5.3}{\376\377\000E\000l\000i\000m\000i\000n\000a\000t\000i\000o\000n\000s\000r\000e\000g\000e\000l\000n}{chapter.5}% 59
\BOOKMARK [1][-]{section.5.4}{\376\377\000S\000t\000r\000u\000k\000t\000u\000r\000g\000e\000s\000e\000t\000z\000e}{chapter.5}% 60
\BOOKMARK [0][-]{chapter.6}{\376\377\000N\000A\000N\000D}{}% 61
\BOOKMARK [1][-]{section.6.1}{\376\377\000D\000e\000f\000i\000n\000i\000t\000i\000o\000n\000\040\000u\000n\000d\000\040\000G\000r\000u\000n\000d\000r\000e\000g\000e\000l\000n}{chapter.6}% 62
\BOOKMARK [1][-]{section.6.2}{\376\377\000E\000i\000n\000f\000\374\000h\000r\000u\000n\000g\000s\000r\000e\000g\000e\000l\000n}{chapter.6}% 63
\BOOKMARK [1][-]{section.6.3}{\376\377\000E\000l\000i\000m\000i\000n\000a\000t\000i\000o\000n\000s\000r\000e\000g\000e\000l\000n}{chapter.6}% 64
\BOOKMARK [1][-]{section.6.4}{\376\377\000S\000t\000r\000u\000k\000t\000u\000r\000g\000e\000s\000e\000t\000z\000e}{chapter.6}% 65
\BOOKMARK [0][-]{chapter.7}{\376\377\000N\000O\000R}{}% 66
\BOOKMARK [1][-]{section.7.1}{\376\377\000D\000e\000f\000i\000n\000i\000t\000i\000o\000n\000\040\000u\000n\000d\000\040\000G\000r\000u\000n\000d\000r\000e\000g\000e\000l\000n}{chapter.7}% 67
\BOOKMARK [1][-]{section.7.2}{\376\377\000E\000i\000n\000f\000\374\000h\000r\000u\000n\000g\000s\000r\000e\000g\000e\000l}{chapter.7}% 68
\BOOKMARK [1][-]{section.7.3}{\376\377\000E\000l\000i\000m\000i\000n\000a\000t\000i\000o\000n\000s\000r\000e\000g\000e\000l\000n}{chapter.7}% 69
\BOOKMARK [1][-]{section.7.4}{\376\377\000S\000t\000r\000u\000k\000t\000u\000r\000g\000e\000s\000e\000t\000z\000e}{chapter.7}% 70
\BOOKMARK [0][-]{chapter.8}{\376\377\000H\000a\000l\000b\000a\000d\000d\000i\000e\000r\000e\000r}{}% 71
\BOOKMARK [1][-]{section.8.1}{\376\377\000D\000e\000f\000i\000n\000i\000t\000i\000o\000n\000e\000n\000\040\000u\000n\000d\000\040\000G\000r\000u\000n\000d\000r\000e\000g\000e\000l\000n}{chapter.8}% 72
\BOOKMARK [1][-]{section.8.2}{\376\377\000E\000i\000n\000f\000\374\000h\000r\000u\000n\000g\000s\000r\000e\000g\000e\000l\000n}{chapter.8}% 73
\BOOKMARK [1][-]{section.8.3}{\376\377\000E\000l\000i\000m\000i\000n\000a\000t\000i\000o\000n\000s\000r\000e\000g\000e\000l\000n}{chapter.8}% 74
\BOOKMARK [1][-]{section.8.4}{\376\377\000S\000t\000r\000u\000k\000t\000u\000r\000g\000e\000s\000e\000t\000z\000e}{chapter.8}% 75
\BOOKMARK [1][-]{section.8.5}{\376\377\000W\000a\000h\000r\000h\000e\000i\000t\000s\000t\000a\000f\000e\000l\000\040\000d\000e\000s\000\040\000H\000a\000l\000b\000a\000d\000d\000i\000e\000r\000e\000r\000s}{chapter.8}% 76
\BOOKMARK [0][-]{chapter.9}{\376\377\000V\000o\000l\000l\000a\000d\000d\000i\000e\000r\000e\000r}{}% 77
\BOOKMARK [1][-]{section.9.1}{\376\377\000D\000e\000f\000i\000n\000i\000t\000i\000o\000n\000e\000n\000\040\000u\000n\000d\000\040\000G\000r\000u\000n\000d\000r\000e\000g\000e\000l\000n}{chapter.9}% 78
\BOOKMARK [0][-]{chapter.10}{\376\377\000W\000a\000h\000r\000h\000e\000i\000t\000s\000w\000e\000r\000t\000e}{}% 79
\BOOKMARK [1][-]{section.10.1}{\376\377\000D\000e\000f\000i\000n\000i\000t\000i\000o\000n\000\040\000u\000n\000d\000\040\000G\000r\000u\000n\000d\000r\000e\000g\000e\000l\000n}{chapter.10}% 80
\BOOKMARK [1][-]{section.10.2}{\376\377\000W\000a\000h\000r\000h\000e\000i\000t\000s\000w\000e\000r\000t\000e\000\040\000d\000e\000r\000\040\000N\000e\000g\000a\000t\000i\000o\000n}{chapter.10}% 81
\BOOKMARK [1][-]{section.10.3}{\376\377\000W\000a\000h\000r\000h\000e\000i\000t\000s\000w\000e\000r\000t\000e\000\040\000d\000e\000r\000\040\000K\000o\000n\000j\000u\000n\000k\000t\000i\000o\000n}{chapter.10}% 82
\BOOKMARK [1][-]{section.10.4}{\376\377\000W\000a\000h\000r\000h\000e\000i\000t\000s\000w\000e\000r\000t\000e\000\040\000d\000e\000r\000\040\000D\000i\000s\000j\000u\000n\000k\000t\000i\000o\000n}{chapter.10}% 83
\BOOKMARK [1][-]{section.10.5}{\376\377\000W\000a\000h\000r\000h\000e\000i\000t\000s\000w\000e\000r\000t\000e\000\040\000d\000e\000r\000\040\000I\000m\000p\000l\000i\000k\000a\000t\000i\000o\000n}{chapter.10}% 84
\BOOKMARK [1][-]{section.10.6}{\376\377\000W\000a\000h\000r\000h\000e\000i\000t\000s\000w\000e\000r\000t\000e\000\040\000d\000e\000s\000\040\000B\000i\000k\000o\000n\000d\000i\000t\000i\000o\000n\000a\000l\000s}{chapter.10}% 85
\BOOKMARK [1][-]{section.10.7}{\376\377\000W\000a\000h\000r\000h\000e\000i\000t\000s\000w\000e\000r\000t\000e\000\040\000d\000e\000s\000\040\000e\000x\000k\000l\000u\000s\000i\000v\000e\000n\000\040\000O\000d\000e\000r}{chapter.10}% 86
\BOOKMARK [1][-]{section.10.8}{\376\377\000W\000a\000h\000r\000h\000e\000i\000t\000s\000w\000e\000r\000t\000e\000\040\000v\000o\000n\000\040\000N\000A\000N\000D}{chapter.10}% 87
\BOOKMARK [1][-]{section.10.9}{\376\377\000W\000a\000h\000r\000h\000e\000i\000t\000s\000w\000e\000r\000t\000e\000\040\000v\000o\000n\000\040\000N\000O\000R}{chapter.10}% 88
\BOOKMARK [1][-]{section.10.10}{\376\377\000W\000a\000h\000r\000h\000e\000i\000t\000s\000t\000a\000f\000e\000l\000\040\000d\000e\000s\000\040\000V\000o\000l\000l\000a\000d\000d\000i\000e\000r\000e\000r\000s}{chapter.10}% 89
\BOOKMARK [0][-]{chapter.11}{\376\377\000I\000d\000e\000n\000t\000i\000t\000\344\000t\000\040\000u\000n\000d\000\040\000U\000n\000g\000l\000e\000i\000c\000h\000h\000e\000i\000t}{}% 90
\BOOKMARK [1][-]{section.11.1}{\376\377\000I\000d\000e\000n\000t\000i\000t\000\344\000t\000\040\000a\000l\000s\000\040\000\304\000q\000u\000i\000v\000a\000l\000e\000n\000z\000r\000e\000l\000a\000t\000i\000o\000n}{chapter.11}% 91
\BOOKMARK [1][-]{section.11.2}{\376\377\000I\000d\000e\000n\000t\000i\000t\000\344\000t\000\040\000u\000n\000d\000\040\000P\000r\000\344\000d\000i\000k\000a\000t\000e}{chapter.11}% 92
\BOOKMARK [1][-]{section.11.3}{\376\377\000T\000h\000e\000o\000r\000e\000m\000e\000\040\000m\000i\000t\000\040\000d\000e\000m\000\040\000N\000i\000c\000h\000t\000-\000G\000l\000e\000i\000c\000h\000h\000e\000i\000t\000s\000z\000e\000i\000c\000h\000e\000n}{chapter.11}% 93
\BOOKMARK [0][-]{chapter.12}{\376\377\000Q\000u\000a\000n\000t\000o\000r\000e\000n\000l\000o\000g\000i\000k}{}% 94
\BOOKMARK [1][-]{section.12.1}{\376\377\000S\000t\000r\000u\000k\000t\000u\000r\000g\000e\000s\000e\000t\000z\000e\000\040\000f\000\374\000r\000\040\041\222\000\040\000u\000n\000d\000\040\041\224\000\040\000u\000n\000t\000e\000r\000\040\000f\000o\000r\000a\000l\000l}{chapter.12}% 95
\BOOKMARK [1][-]{section.12.2}{\376\377\000Q\000u\000a\000n\000t\000o\000r\000e\000n\000l\000o\000g\000i\000s\000c\000h\000e\000\040\000I\000m\000p\000l\000i\000k\000a\000t\000i\000o\000n\000e\000n\000\040\000\050\000S\000p\000e\000z\000i\000a\000l\000f\000\344\000l\000l\000e\000\051}{chapter.12}% 96
\BOOKMARK [1][-]{section.12.3}{\376\377\000B\000i\000k\000o\000n\000d\000i\000t\000i\000o\000n\000a\000l\000\040\000m\000i\000t\000\040\000Q\000u\000a\000n\000t\000o\000r\000e\000n}{chapter.12}% 97
\BOOKMARK [1][-]{section.12.4}{\376\377\000N\000e\000g\000a\000t\000i\000o\000n\000\040\000v\000o\000n\000\040\042\000\000\040\000u\000n\000d\000\040\042\003}{chapter.12}% 98
\BOOKMARK [1][-]{section.12.5}{\376\377\000D\000i\000s\000t\000r\000i\000b\000u\000t\000i\000o\000n\000\040\000v\000o\000n\000\040\000Q\000u\000a\000n\000t\000o\000r\000e\000n\000\040\000\374\000b\000e\000r\000\040\000J\000u\000n\000k\000t\000o\000r\000e\000n}{chapter.12}% 99
\BOOKMARK [1][-]{section.12.6}{\376\377\000I\000n\000v\000a\000r\000i\000a\000n\000z\000e\000n\000\040\000g\000e\000g\000e\000n\000\374\000b\000e\000r\000\040\000u\000n\000i\000v\000e\000r\000s\000e\000l\000l\000e\000n\000\040\000A\000u\000s\000s\000a\000g\000e\000n}{chapter.12}% 100
\BOOKMARK [1][-]{section.12.7}{\376\377\000U\000m\000g\000a\000n\000g\000\040\000m\000i\000t\000\040\000=\000\040\000i\000n\000\040\000Q\000u\000a\000n\000t\000o\000r\000e\000n}{chapter.12}% 101
\BOOKMARK [2][-]{subsection.12.7.1}{\376\377\000T\000r\000a\000n\000s\000i\000t\000i\000v\000i\000t\000\344\000t\000\040\000\374\000b\000e\000r\000\040\000Q\000u\000a\000n\000t\000o\000r\000e\000n}{section.12.7}% 102
\BOOKMARK [1][-]{section.12.8}{\376\377\000H\000\366\000c\000h\000s\000t\000e\000n\000s\000-\000e\000i\000n\000-\000Q\000u\000a\000n\000t\000o\000r}{chapter.12}% 103
\BOOKMARK [1][-]{section.12.9}{\376\377\000E\000i\000n\000d\000e\000u\000t\000i\000g\000k\000e\000i\000t\000s\000q\000u\000a\000n\000t\000o\000r}{chapter.12}% 104
\BOOKMARK [1][-]{section.12.10}{\376\377\000K\000o\000n\000d\000i\000t\000i\000o\000n\000a\000l\000e\000r\000\040\000A\000u\000s\000s\000a\000g\000e\000n\000o\000p\000e\000r\000a\000t\000o\000r\000\040\000i\000f\000-}{chapter.12}% 105
\BOOKMARK [1][-]{section.12.11}{\376\377\000F\000a\000l\000l\000t\000e\000r\000m\000e}{chapter.12}% 106
\BOOKMARK [0][-]{chapter.13}{\376\377\000E\000i\000n\000f\000\374\000h\000r\000u\000n\000g}{}% 107
\BOOKMARK [0][-]{chapter.14}{\376\377\000D\000i\000e\000\040\000Z\000e\000r\000m\000e\000l\000o\000-\000F\000r\000a\000e\000n\000k\000e\000l\000-\000A\000x\000i\000o\000m\000e}{}% 108
\BOOKMARK [0][-]{chapter.15}{\376\377\000E\000i\000n\000f\000a\000c\000h\000e\000\040\000S\000\344\000t\000z\000e}{}% 109
\BOOKMARK [0][-]{chapter.16}{\376\377\000E\000x\000t\000e\000n\000s\000i\000o\000n\000a\000l\000i\000t\000\344\000t}{}% 110
\BOOKMARK [1][-]{section.16.1}{\376\377\000A\000x\000i\000o\000m\000\040\000d\000e\000r\000\040\000E\000x\000t\000e\000n\000s\000i\000o\000n\000a\000l\000i\000t\000\344\000t}{chapter.16}% 111
\BOOKMARK [1][-]{section.16.2}{\376\377\000U\000n\000g\000l\000e\000i\000c\000h\000h\000e\000i\000t\000\040\000v\000o\000n\000\040\000M\000e\000n\000g\000e\000n}{chapter.16}% 112
\BOOKMARK [0][-]{chapter.17}{\376\377\000T\000e\000i\000l\000m\000e\000n\000g\000e\000n}{}% 113
\BOOKMARK [1][-]{section.17.1}{\376\377\000D\000e\000f\000i\000n\000i\000t\000i\000o\000n\000\040\000d\000e\000r\000\040\000T\000e\000i\000l\000m\000e\000n\000g\000e}{chapter.17}% 114
\BOOKMARK [1][-]{section.17.2}{\376\377\000G\000r\000u\000n\000d\000l\000e\000g\000e\000n\000d\000e\000\040\000E\000i\000g\000e\000n\000s\000c\000h\000a\000f\000t\000e\000n}{chapter.17}% 115
\BOOKMARK [1][-]{section.17.3}{\376\377\000O\000r\000d\000n\000u\000n\000g\000s\000r\000e\000l\000a\000t\000i\000o\000n}{chapter.17}% 116
\BOOKMARK [0][-]{chapter.18}{\376\377\000L\000e\000e\000r\000e\000\040\000M\000e\000n\000g\000e}{}% 117
\BOOKMARK [1][-]{section.18.1}{\376\377\000A\000x\000i\000o\000m\000\040\000d\000e\000r\000\040\000l\000e\000e\000r\000e\000n\000\040\000M\000e\000n\000g\000e}{chapter.18}% 118
\BOOKMARK [1][-]{section.18.2}{\376\377\000D\000e\000f\000i\000n\000i\000t\000i\000o\000n\000\040\000d\000e\000r\000\040\000l\000e\000e\000r\000e\000n\000\040\000M\000e\000n\000g\000e}{chapter.18}% 119
\BOOKMARK [1][-]{section.18.3}{\376\377\000G\000r\000u\000n\000d\000l\000e\000g\000e\000n\000d\000e\000\040\000E\000i\000g\000e\000n\000s\000c\000h\000a\000f\000t\000e\000n}{chapter.18}% 120
\BOOKMARK [0][-]{chapter.19}{\376\377\000A\000u\000s\000s\000o\000n\000d\000e\000r\000u\000n\000g}{}% 121
\BOOKMARK [1][-]{section.19.1}{\376\377\000A\000x\000i\000o\000m\000\040\000d\000e\000r\000\040\000A\000u\000s\000s\000o\000n\000d\000e\000r\000u\000n\000g}{chapter.19}% 122
\BOOKMARK [1][-]{section.19.2}{\376\377\000D\000e\000f\000i\000n\000i\000t\000i\000o\000n\000\040\000d\000e\000r\000\040\000a\000u\000s\000g\000e\000s\000o\000n\000d\000e\000r\000t\000e\000n\000\040\000M\000e\000n\000g\000e}{chapter.19}% 123
\BOOKMARK [1][-]{section.19.3}{\376\377\000G\000r\000u\000n\000d\000l\000e\000g\000e\000n\000d\000e\000\040\000E\000i\000g\000e\000n\000s\000c\000h\000a\000f\000t\000e\000n}{chapter.19}% 124
\BOOKMARK [0][-]{chapter.20}{\376\377\000N\000e\000g\000a\000t\000i\000o\000n\000\040\000b\000e\000s\000c\000h\000r\000\344\000n\000k\000t\000e\000r\000\040\000Q\000u\000a\000n\000t\000o\000r\000e\000n}{}% 125
\BOOKMARK [1][-]{section.20.1}{\376\377\000G\000r\000u\000n\000d\000l\000e\000g\000e\000n\000d\000e\000\040\000N\000e\000g\000a\000t\000i\000o\000n\000s\000s\000\344\000t\000z\000e}{chapter.20}% 126
\BOOKMARK [1][-]{section.20.2}{\376\377\000\304\000q\000u\000i\000v\000a\000l\000e\000n\000t\000e\000\040\000P\000o\000s\000i\000t\000i\000v\000f\000o\000r\000m\000e\000n}{chapter.20}% 127
\BOOKMARK [1][-]{section.20.3}{\376\377\000I\000m\000p\000l\000i\000k\000a\000t\000i\000o\000n\000\040\000u\000n\000d\000\040\000\304\000q\000u\000i\000v\000a\000l\000e\000n\000z\000\040\000u\000n\000t\000e\000r\000\040\000b\000e\000s\000c\000h\000r\000\344\000n\000k\000t\000e\000n\000\040\000Q\000u\000a\000n\000t\000o\000r\000e\000n}{chapter.20}% 128
\BOOKMARK [1][-]{section.20.4}{\376\377\000N\000e\000g\000a\000t\000i\000o\000n\000\040\000z\000w\000e\000i\000f\000a\000c\000h\000\040\000b\000e\000s\000c\000h\000r\000\344\000n\000k\000t\000e\000r\000\040\000Q\000u\000a\000n\000t\000o\000r\000e\000n}{chapter.20}% 129
\BOOKMARK [0][-]{chapter.21}{\376\377\000R\000u\000s\000s\000e\000l\000\040\000P\000a\000r\000a\000d\000o\000x\000o\000n\000\040\000u\000n\000d\000\040\000d\000i\000e\000\040\000u\000n\000i\000v\000e\000r\000s\000e\000l\000l\000e\000\040\000M\000e\000n\000g\000e}{}% 130
\BOOKMARK [0][-]{chapter.22}{\376\377\000S\000c\000h\000n\000i\000t\000t\000m\000e\000n\000g\000e\000n}{}% 131
\BOOKMARK [1][-]{section.22.1}{\376\377\000D\000e\000f\000i\000n\000i\000t\000i\000o\000n\000\040\000d\000e\000r\000\040\000S\000c\000h\000n\000i\000t\000t\000m\000e\000n\000g\000e}{chapter.22}% 132
\BOOKMARK [1][-]{section.22.2}{\376\377\000G\000r\000u\000n\000d\000l\000e\000g\000e\000n\000d\000e\000\040\000E\000i\000g\000e\000n\000s\000c\000h\000a\000f\000t\000e\000n}{chapter.22}% 133
\BOOKMARK [1][-]{section.22.3}{\376\377\000D\000e\000r\000\040\000u\000n\000e\000n\000d\000l\000i\000c\000h\000e\000\040\000S\000c\000h\000n\000i\000t\000t}{chapter.22}% 134
\BOOKMARK [1][-]{section.22.4}{\376\377\000D\000u\000r\000c\000h\000s\000c\000h\000n\000i\000t\000t\000e\000\040\000v\000o\000n\000\040\000M\000e\000n\000g\000e\000n\000f\000a\000m\000i\000l\000i\000e\000n}{chapter.22}% 135
\BOOKMARK [0][-]{chapter.23}{\376\377\000P\000a\000a\000r\000m\000e\000n\000g\000e}{}% 136
\BOOKMARK [1][-]{section.23.1}{\376\377\000A\000x\000i\000o\000m\000\040\000d\000e\000r\000\040\000P\000a\000a\000r\000m\000e\000n\000g\000e}{chapter.23}% 137
\BOOKMARK [1][-]{section.23.2}{\376\377\000D\000e\000f\000i\000n\000i\000t\000i\000o\000n\000\040\000d\000e\000r\000\040\000P\000a\000a\000r\000m\000e\000n\000g\000e}{chapter.23}% 138
\BOOKMARK [1][-]{section.23.3}{\376\377\000G\000r\000u\000n\000d\000l\000e\000g\000e\000n\000d\000e\000\040\000E\000i\000g\000e\000n\000s\000c\000h\000a\000f\000t\000e\000n}{chapter.23}% 139
\BOOKMARK [1][-]{section.23.4}{\376\377\000G\000e\000o\000r\000d\000n\000e\000t\000e\000\040\000P\000a\000a\000r\000e}{chapter.23}% 140
\BOOKMARK [2][-]{subsection.23.4.1}{\376\377\000V\000e\000r\000s\000c\000h\000a\000c\000h\000t\000e\000l\000t\000e\000\040\000P\000a\000a\000r\000e\000\040\000u\000n\000d\000\040\000T\000r\000i\000p\000e\000l}{section.23.4}% 141
\BOOKMARK [0][-]{chapter.24}{\376\377\000D\000i\000e\000\040\000D\000i\000f\000f\000e\000r\000e\000n\000z}{}% 142
\BOOKMARK [0][-]{chapter.25}{\376\377\000V\000e\000r\000e\000i\000n\000i\000g\000u\000n\000g}{}% 143
\BOOKMARK [1][-]{section.25.1}{\376\377\000A\000x\000i\000o\000m\000\040\000d\000e\000r\000\040\000V\000e\000r\000e\000i\000n\000i\000g\000u\000n\000g}{chapter.25}% 144
\BOOKMARK [1][-]{section.25.2}{\376\377\000D\000e\000f\000i\000n\000i\000t\000i\000o\000n\000\040\000d\000e\000r\000\040\000V\000e\000r\000e\000i\000n\000i\000g\000u\000n\000g}{chapter.25}% 145
\BOOKMARK [1][-]{section.25.3}{\376\377\000G\000r\000u\000n\000d\000l\000e\000g\000e\000n\000d\000e\000\040\000E\000i\000g\000e\000n\000s\000c\000h\000a\000f\000t\000e\000n}{chapter.25}% 146
\BOOKMARK [2][-]{subsection.25.3.1}{\376\377\000E\000l\000e\000m\000e\000n\000t\000a\000r\000e\000\040\000E\000i\000g\000e\000n\000s\000c\000h\000a\000f\000t\000e\000n}{section.25.3}% 147
\BOOKMARK [2][-]{subsection.25.3.2}{\376\377\000I\000d\000e\000m\000p\000o\000t\000e\000n\000z\000,\000\040\000K\000o\000m\000m\000u\000t\000a\000t\000i\000v\000i\000t\000\344\000t\000,\000\040\000A\000s\000s\000o\000z\000i\000a\000t\000i\000v\000i\000t\000\344\000t}{section.25.3}% 148
\BOOKMARK [2][-]{subsection.25.3.3}{\376\377\000\040\000D\000i\000s\000t\000r\000i\000b\000u\000t\000i\000v\000g\000e\000s\000e\000t\000z\000e}{section.25.3}% 149
\BOOKMARK [2][-]{subsection.25.3.4}{\376\377\000E\000i\000g\000e\000n\000s\000c\000h\000a\000f\000t\000e\000n\000\040\000i\000n\000\040\000B\000e\000z\000u\000g\000\040\000a\000u\000f\000\040\000T\000e\000i\000l\000m\000e\000n\000g\000e\000n}{section.25.3}% 150
\BOOKMARK [3][-]{section*.95}{\376\377\000E\000l\000e\000m\000e\000n\000t\000a\000r\000e\000\040\000T\000e\000i\000l\000m\000e\000n\000g\000e\000n\000b\000e\000z\000i\000e\000h\000u\000n\000g\000e\000n}{subsection.25.3.4}% 151
\BOOKMARK [3][-]{section*.96}{\376\377\000V\000e\000r\000t\000r\000\344\000g\000l\000i\000c\000h\000k\000e\000i\000t\000\040\000m\000i\000t\000\040\000G\000l\000e\000i\000c\000h\000h\000e\000i\000t\000\040\000u\000n\000d\000\040\000T\000e\000i\000l\000m\000e\000n\000g\000e\000n}{subsection.25.3.4}% 152
\BOOKMARK [0][-]{chapter.26}{\376\377\000M\000e\000n\000g\000e\000n\000f\000a\000m\000i\000l\000i\000e\000n}{}% 153
\BOOKMARK [1][-]{section.26.1}{\376\377\000G\000r\000u\000n\000d\000b\000e\000g\000r\000i\000f\000f\000e}{chapter.26}% 154
\BOOKMARK [1][-]{section.26.2}{\376\377\000P\000a\000a\000r\000w\000e\000i\000s\000e\000\040\000d\000i\000s\000j\000u\000n\000k\000t\000e\000\040\000n\000i\000c\000h\000t\000l\000e\000e\000r\000e\000\040\000F\000a\000m\000i\000l\000i\000e\000n}{chapter.26}% 155
\BOOKMARK [1][-]{section.26.3}{\376\377\000V\000e\000r\000e\000i\000n\000i\000g\000u\000n\000g\000s\000a\000b\000g\000e\000s\000c\000h\000l\000o\000s\000s\000e\000n\000e\000\040\000F\000a\000m\000i\000l\000i\000e\000n}{chapter.26}% 156
\BOOKMARK [2][-]{subsection.26.3.1}{\376\377\000A\000x\000i\000o\000m\000\040\000d\000e\000r\000\040\000V\000e\000r\000e\000i\000n\000i\000g\000u\000n\000g\000s\000s\000c\000h\000l\000i\000e\000\337\000u\000n\000g}{section.26.3}% 157
\BOOKMARK [2][-]{subsection.26.3.2}{\376\377\000D\000e\000f\000i\000n\000i\000t\000i\000o\000n\000\040\000d\000e\000r\000\040\000v\000e\000r\000e\000i\000n\000i\000g\000u\000n\000g\000s\000a\000b\000g\000e\000s\000c\000h\000l\000o\000s\000s\000e\000n\000e\000n\000\040\000F\000a\000m\000i\000l\000i\000e}{section.26.3}% 158
\BOOKMARK [2][-]{subsection.26.3.3}{\376\377\000E\000l\000e\000m\000e\000n\000t\000b\000e\000z\000o\000g\000e\000n\000e\000\040\000T\000e\000i\000l\000f\000a\000m\000i\000l\000i\000e\000n}{section.26.3}% 159
\BOOKMARK [0][-]{chapter.27}{\376\377\000R\000e\000g\000u\000l\000a\000r\000i\000t\000\344\000t}{}% 160
\BOOKMARK [1][-]{section.27.1}{\376\377\000A\000x\000i\000o\000m\000\040\000d\000e\000r\000\040\000R\000e\000g\000u\000l\000a\000r\000i\000\344\000t}{chapter.27}% 161
\BOOKMARK [1][-]{section.27.2}{\376\377\000A\000u\000s\000s\000c\000h\000l\000u\000s\000s\000\040\000g\000e\000g\000e\000n\000s\000e\000i\000t\000i\000g\000e\000r\000\040\000M\000i\000t\000g\000l\000i\000e\000d\000s\000c\000h\000a\000f\000t}{chapter.27}% 162
\BOOKMARK [0][-]{chapter.28}{\376\377\000P\000o\000t\000e\000n\000z\000m\000e\000n\000g\000e}{}% 163
\BOOKMARK [1][-]{section.28.1}{\376\377\000A\000x\000i\000o\000m\000\040\000d\000e\000r\000\040\000P\000o\000t\000e\000n\000z\000m\000e\000n\000g\000e}{chapter.28}% 164
\BOOKMARK [1][-]{section.28.2}{\376\377\000D\000e\000f\000i\000n\000i\000t\000i\000o\000n\000\040\000d\000e\000r\000\040\000P\000o\000t\000e\000n\000z\000m\000e\000n\000g\000e}{chapter.28}% 165
\BOOKMARK [1][-]{section.28.3}{\376\377\000G\000r\000u\000n\000d\000l\000e\000g\000e\000n\000d\000e\000\040\000E\000i\000g\000e\000n\000s\000c\000h\000a\000f\000t\000e\000n}{chapter.28}% 166
\BOOKMARK [1][-]{section.28.4}{\376\377\000D\000a\000s\000\040\000k\000a\000r\000t\000e\000s\000i\000s\000c\000h\000e\000\040\000P\000r\000o\000d\000u\000k\000t}{chapter.28}% 167
\BOOKMARK [2][-]{subsection.28.4.1}{\376\377\000E\000x\000i\000s\000t\000e\000n\000z\000\040\000d\000e\000s\000\040\000k\000a\000r\000t\000h\000e\000s\000i\000s\000c\000h\000e\000n\000\040\000P\000r\000o\000d\000u\000k\000t\000e\000s}{section.28.4}% 168
\BOOKMARK [2][-]{subsection.28.4.2}{\376\377\000G\000r\000u\000n\000d\000l\000e\000g\000e\000n\000d\000e\000\040\000E\000i\000g\000e\000n\000s\000c\000h\000a\000f\000t\000e\000n}{section.28.4}% 169
\BOOKMARK [3][-]{section*.118}{\376\377\000P\000r\000o\000d\000u\000k\000t\000e\000\040\000m\000i\000t\000\040\000d\000e\000r\000\040\000l\000e\000e\000r\000e\000n\000\040\000M\000e\000n\000g\000e}{subsection.28.4.2}% 170
\BOOKMARK [0][-]{chapter.29}{\376\377\000R\000e\000l\000a\000t\000i\000o\000n\000e\000n}{}% 171
\BOOKMARK [1][-]{section.29.1}{\376\377\000B\000e\000g\000r\000i\000f\000f\000\040\000d\000e\000r\000\040\000t\000o\000t\000a\000l\000e\000n\000\040\000R\000e\000l\000a\000t\000i\000o\000n}{chapter.29}% 172
\BOOKMARK [2][-]{subsection.29.1.1}{\376\377\000A\000x\000i\000o\000m\000\040\000d\000e\000r\000\040\000T\000o\000t\000a\000l\000i\000t\000\344\000t}{section.29.1}% 173
\BOOKMARK [2][-]{subsection.29.1.2}{\376\377\000D\000e\000f\000i\000n\000i\000t\000i\000o\000n\000\040\000d\000e\000r\000\040\000t\000o\000t\000a\000l\000e\000n\000\040\000R\000e\000l\000a\000t\000i\000o\000n}{section.29.1}% 174
\BOOKMARK [2][-]{subsection.29.1.3}{\376\377\000B\000e\000i\000s\000p\000i\000e\000l\000e}{section.29.1}% 175
\BOOKMARK [3][-]{section*.122}{\376\377\000M\000i\000t\000g\000l\000i\000e\000d\000s\000c\000h\000a\000f\000t\000s\000r\000e\000l\000a\000t\000i\000o\000n}{subsection.29.1.3}% 176
\BOOKMARK [3][-]{section*.130}{\376\377\000S\000t\000r\000i\000k\000t\000e\000\040\000O\000b\000e\000r\000m\000e\000n\000g\000e\000n\000r\000e\000l\000a\000t\000i\000o\000n\000\040\000i\000n\000\040\000P\000o\000t\000e\000n\000z\000m\000e\000n\000g\000e\000n\000f\000a\000m\000i\000l\000i\000e\000n}{subsection.29.1.3}% 177
\BOOKMARK [1][-]{section.29.2}{\376\377\000B\000e\000g\000r\000i\000f\000f\000\040\000d\000e\000r\000\040\000\304\000q\000u\000i\000v\000a\000l\000e\000n\000z\000r\000e\000l\000a\000t\000i\000o\000n}{chapter.29}% 178
\BOOKMARK [2][-]{subsection.29.2.1}{\376\377\000A\000x\000i\000o\000m\000e\000\040\000e\000i\000n\000e\000r\000\040\000\304\000q\000u\000i\000v\000a\000l\000e\000n\000z\000r\000e\000l\000a\000t\000i\000o\000n}{section.29.2}% 179
\BOOKMARK [2][-]{subsection.29.2.2}{\376\377\000D\000e\000f\000i\000n\000i\000t\000i\000o\000n\000\040\000d\000e\000r\000\040\000\304\000q\000u\000i\000v\000a\000l\000e\000n\000z\000r\000e\000l\000a\000t\000i\000o\000n}{section.29.2}% 180
\BOOKMARK [2][-]{subsection.29.2.3}{\376\377\000B\000e\000i\000s\000p\000i\000e\000l\000e\000\040\000v\000o\000n\000\040\000\304\000q\000u\000i\000v\000a\000l\000e\000n\000z\000r\000e\000l\000a\000t\000i\000o\000n\000e\000n}{section.29.2}% 181
\BOOKMARK [3][-]{section*.140}{\376\377\000U\000n\000u\000n\000t\000e\000r\000s\000c\000h\000e\000i\000d\000b\000a\000r\000k\000e\000i\000t\000s\000r\000e\000l\000a\000t\000i\000o\000n\000\040\000e\000i\000n\000e\000r\000\040\000M\000e\000n\000g\000e\000n\000f\000a\000m\000i\000l\000i\000e}{subsection.29.2.3}% 182
\BOOKMARK [2][-]{subsection.29.2.4}{\376\377\000\304\000q\000u\000i\000v\000a\000l\000e\000n\000z\000k\000l\000a\000s\000s\000e\000n}{section.29.2}% 183
\BOOKMARK [2][-]{subsection.29.2.5}{\376\377\000Q\000u\000o\000t\000i\000e\000n\000t\000e\000n\000m\000e\000n\000g\000e\000n}{section.29.2}% 184
\BOOKMARK [1][-]{section.29.3}{\376\377\000B\000e\000g\000r\000i\000f\000f\000\040\000d\000e\000r\000\040\000O\000r\000d\000n\000u\000n\000g}{chapter.29}% 185
\BOOKMARK [2][-]{subsection.29.3.1}{\376\377\000A\000x\000i\000o\000m\000e\000\040\000e\000i\000n\000e\000r\000\040\000p\000a\000r\000t\000i\000e\000l\000l\000e\000n\000\040\000O\000r\000d\000n\000u\000n\000g}{section.29.3}% 186
\BOOKMARK [2][-]{subsection.29.3.2}{\376\377\000D\000e\000f\000i\000n\000i\000t\000i\000o\000n\000\040\000d\000e\000r\000\040\000p\000a\000r\000t\000i\000e\000l\000l\000e\000n\000\040\000O\000r\000d\000n\000u\000n\000g}{section.29.3}% 187
\BOOKMARK [2][-]{subsection.29.3.3}{\376\377\000A\000x\000i\000o\000m\000\040\000e\000i\000n\000e\000r\000\040\000t\000o\000t\000a\000l\000e\000n\000\040\000O\000r\000d\000n\000u\000n\000g}{section.29.3}% 188
\BOOKMARK [2][-]{subsection.29.3.4}{\376\377\000D\000e\000f\000i\000n\000i\000t\000i\000o\000n\000\040\000d\000e\000r\000\040\000t\000o\000t\000a\000l\000e\000n\000\040\000O\000r\000d\000n\000u\000n\000g}{section.29.3}% 189
\BOOKMARK [2][-]{subsection.29.3.5}{\376\377\000M\000i\000n\000i\000m\000u\000m\000\040\000u\000n\000d\000\040\000M\000a\000x\000i\000m\000u\000m}{section.29.3}% 190
\BOOKMARK [2][-]{subsection.29.3.6}{\376\377\000S\000c\000h\000r\000a\000n\000k\000e\000n}{section.29.3}% 191
\BOOKMARK [3][-]{section*.169}{\376\377\000U\000n\000t\000e\000r\000e\000\040\000u\000n\000d\000\040\000o\000b\000e\000r\000e\000\040\000S\000c\000h\000r\000a\000n\000k\000e\000n\000m\000e\000n\000g\000e\000n}{subsection.29.3.6}% 192
\BOOKMARK [3][-]{section*.172}{\376\377\000I\000n\000f\000i\000m\000u\000m\000\040\000u\000n\000d\000\040\000S\000u\000p\000r\000e\000m\000u\000m}{subsection.29.3.6}% 193
\BOOKMARK [2][-]{subsection.29.3.7}{\376\377\000R\000e\000s\000t\000r\000i\000k\000t\000i\000o\000n\000\040\000e\000i\000n\000e\000r\000\040\000p\000a\000r\000t\000i\000e\000l\000l\000e\000n\000\040\000O\000r\000d\000n\000u\000n\000g}{section.29.3}% 194
\BOOKMARK [2][-]{subsection.29.3.8}{\376\377\000W\000o\000h\000l\000o\000r\000d\000n\000u\000n\000g}{section.29.3}% 195
\BOOKMARK [3][-]{section*.180}{\376\377\000A\000x\000i\000o\000m\000\040\000e\000i\000n\000e\000r\000\040\000W\000o\000h\000l\000o\000r\000d\000n\000u\000n\000g}{subsection.29.3.8}% 196
\BOOKMARK [3][-]{section*.182}{\376\377\000D\000e\000f\000i\000n\000i\000t\000i\000o\000n\000\040\000d\000e\000r\000\040\000W\000o\000h\000l\000o\000r\000d\000n\000u\000n\000g}{subsection.29.3.8}% 197
\BOOKMARK [1][-]{section.29.4}{\376\377\000B\000e\000g\000r\000i\000f\000f\000\040\000d\000e\000r\000\040\000F\000u\000n\000k\000t\000i\000o\000n}{chapter.29}% 198
\BOOKMARK [2][-]{subsection.29.4.1}{\376\377\000A\000x\000i\000o\000m\000\040\000d\000e\000r\000\040\000f\000u\000n\000k\000t\000i\000o\000n\000a\000l\000e\000n\000\040\000E\000i\000n\000d\000e\000u\000t\000i\000g\000k\000e\000i\000t}{section.29.4}% 199
\BOOKMARK [2][-]{subsection.29.4.2}{\376\377\000D\000e\000f\000i\000n\000i\000t\000i\000o\000n\000\040\000d\000e\000r\000\040\000F\000u\000n\000k\000t\000i\000o\000n}{section.29.4}% 200
\BOOKMARK [1][-]{section.29.5}{\376\377\000G\000r\000u\000n\000d\000l\000e\000g\000e\000n\000d\000e\000\040\000E\000i\000g\000e\000n\000s\000c\000h\000a\000f\000t\000e\000n}{chapter.29}% 201
\BOOKMARK [1][-]{section.29.6}{\376\377\000F\000u\000n\000k\000t\000i\000o\000n\000s\000w\000e\000r\000t}{chapter.29}% 202
\BOOKMARK [2][-]{subsection.29.6.1}{\376\377\000E\000i\000g\000e\000n\000s\000c\000h\000a\000f\000t\000e\000n\000\040\000d\000e\000s\000\040\000F\000u\000n\000k\000t\000i\000o\000n\000s\000w\000e\000r\000t\000e\000s}{section.29.6}% 203
\BOOKMARK [2][-]{subsection.29.6.2}{\376\377\000Z\000u\000r\000\040\000G\000l\000e\000i\000c\000h\000h\000e\000i\000t\000\040\000v\000o\000n\000\040\000F\000u\000n\000k\000t\000i\000o\000n\000e\000n}{section.29.6}% 204
\BOOKMARK [1][-]{section.29.7}{\376\377\000A\000x\000i\000o\000m\000\040\000d\000e\000r\000\040\000E\000r\000s\000e\000t\000z\000u\000n\000g}{chapter.29}% 205
\BOOKMARK [1][-]{section.29.8}{\376\377\000D\000i\000e\000\040\000B\000i\000l\000d\000m\000e\000n\000g\000e}{chapter.29}% 206
\BOOKMARK [2][-]{subsection.29.8.1}{\376\377\000B\000i\000l\000d\000m\000e\000n\000g\000e\000n\000\040\000v\000o\000n\000\040\000T\000e\000i\000l\000m\000e\000n\000g\000e\000n}{section.29.8}% 207
\BOOKMARK [2][-]{subsection.29.8.2}{\376\377\000R\000e\000c\000h\000e\000n\000r\000e\000g\000e\000l\000n\000\040\000f\000\374\000r\000\040\000B\000i\000l\000d\000m\000e\000n\000g\000e\000n}{section.29.8}% 208
\BOOKMARK [2][-]{subsection.29.8.3}{\376\377\000B\000i\000l\000d\000m\000e\000n\000g\000e\000n\000\040\000i\000m\000\040\000K\000o\000n\000t\000e\000x\000t\000\040\000d\000e\000s\000\040\000W\000e\000r\000t\000e\000b\000e\000r\000e\000i\000c\000h\000s}{section.29.8}% 209
\BOOKMARK [1][-]{section.29.9}{\376\377\000U\000r\000b\000i\000l\000d}{chapter.29}% 210
\BOOKMARK [2][-]{subsection.29.9.1}{\376\377\000U\000r\000b\000i\000l\000d\000e\000r\000\040\000l\000i\000e\000g\000e\000n\000\040\000i\000m\000\040\000D\000e\000f\000i\000n\000i\000t\000i\000o\000n\000s\000b\000e\000r\000e\000i\000c\000h}{section.29.9}% 211
\BOOKMARK [2][-]{subsection.29.9.2}{\376\377\000R\000e\000c\000h\000e\000n\000r\000e\000g\000e\000l\000n\000\040\000f\000\374\000r\000\040\000U\000r\000b\000i\000l\000d\000e\000r}{section.29.9}% 212
\BOOKMARK [1][-]{section.29.10}{\376\377\000G\000r\000a\000p\000h\000\040\000e\000i\000n\000e\000r\000\040\000F\000u\000n\000k\000t\000i\000o\000n}{chapter.29}% 213
\BOOKMARK [1][-]{section.29.11}{\376\377\000E\000i\000g\000e\000n\000s\000c\000h\000a\000f\000t\000e\000n\000\040\000v\000o\000n\000\040\000F\000u\000n\000k\000t\000i\000o\000n\000e\000n}{chapter.29}% 214
\BOOKMARK [2][-]{subsection.29.11.1}{\376\377\000I\000n\000j\000e\000k\000t\000i\000v\000i\000t\000\344\000t}{section.29.11}% 215
\BOOKMARK [3][-]{section*.261}{\376\377\000B\000i\000l\000d\000m\000e\000n\000g\000e\000n\000\040\000u\000n\000t\000e\000r\000\040\000i\000n\000j\000e\000k\000t\000i\000v\000e\000n\000\040\000F\000u\000n\000k\000t\000i\000o\000n\000e\000n}{subsection.29.11.1}% 216
\BOOKMARK [3][-]{section*.267}{\376\377\000U\000r\000b\000i\000l\000d\000m\000e\000n\000g\000e\000n\000\040\000u\000n\000t\000e\000r\000\040\000i\000n\000j\000e\000k\000t\000i\000v\000e\000n\000\040\000F\000u\000n\000k\000t\000i\000o\000n\000e\000n}{subsection.29.11.1}% 217
\BOOKMARK [2][-]{subsection.29.11.2}{\376\377\000S\000u\000r\000j\000e\000k\000t\000i\000v\000i\000t\000\344\000t}{section.29.11}% 218
\BOOKMARK [3][-]{section*.277}{\376\377\000S\000u\000r\000j\000e\000k\000t\000i\000o\000n\000\040\000a\000u\000s\000\040\000I\000n\000j\000e\000k\000t\000i\000o\000n\000\040\000b\000e\000i\000\040\000N\000i\000c\000h\000t\000l\000e\000e\000r\000e}{subsection.29.11.2}% 219
\BOOKMARK [3][-]{section*.293}{\376\377\000U\000r\000b\000i\000l\000d\000m\000e\000n\000g\000e\000n\000\040\000u\000n\000t\000e\000r\000\040\000s\000u\000r\000j\000e\000k\000t\000i\000v\000e\000n\000\040\000F\000u\000n\000k\000t\000i\000o\000n\000e\000n}{subsection.29.11.2}% 220
\BOOKMARK [2][-]{subsection.29.11.3}{\376\377\000B\000i\000j\000e\000k\000t\000i\000v\000i\000t\000\344\000t}{section.29.11}% 221
\BOOKMARK [3][-]{section*.303}{\376\377\000U\000r\000b\000i\000l\000d\000m\000e\000n\000g\000e\000n\000\040\000u\000n\000t\000e\000r\000\040\000b\000i\000j\000e\000k\000t\000i\000v\000e\000n\000\040\000F\000u\000n\000k\000t\000i\000o\000n\000e\000n}{subsection.29.11.3}% 222
\BOOKMARK [1][-]{section.29.12}{\376\377\000B\000e\000i\000s\000p\000i\000e\000l\000e\000\040\000v\000o\000n\000\040\000F\000u\000n\000k\000t\000i\000o\000n\000e\000n}{chapter.29}% 223
\BOOKMARK [2][-]{subsection.29.12.1}{\376\377\000K\000o\000n\000s\000t\000a\000n\000t\000e\000\040\000F\000u\000n\000k\000t\000i\000o\000n\000e\000n}{section.29.12}% 224
\BOOKMARK [2][-]{subsection.29.12.2}{\376\377\000F\000a\000l\000l\000u\000n\000t\000e\000r\000s\000c\000h\000e\000i\000d\000u\000n\000g\000s\000a\000b\000b\000i\000l\000d\000u\000n\000g\000e\000n}{section.29.12}% 225
\BOOKMARK [2][-]{subsection.29.12.3}{\376\377\000D\000i\000e\000\040\000I\000d\000e\000n\000t\000i\000t\000\344\000t\000s\000f\000u\000n\000k\000t\000i\000o\000n}{section.29.12}% 226
\BOOKMARK [3][-]{section*.319}{\376\377\000D\000e\000f\000i\000n\000i\000t\000i\000o\000n\000\040\000d\000e\000r\000\040\000I\000d\000e\000n\000t\000i\000t\000\344\000t\000s\000f\000u\000n\000k\000t\000i\000o\000n}{subsection.29.12.3}% 227
\BOOKMARK [3][-]{section*.328}{\376\377\000D\000i\000e\000\040\000B\000i\000j\000e\000k\000t\000i\000o\000n\000s\000e\000i\000g\000e\000n\000s\000c\000h\000a\000f\000t\000e\000n}{subsection.29.12.3}% 228
\BOOKMARK [2][-]{subsection.29.12.4}{\376\377\000D\000i\000e\000\040\000P\000r\000o\000j\000e\000k\000t\000i\000o\000n\000e\000n\000\040\000a\000u\000f\000\040\000d\000i\000e\000\040\000K\000o\000m\000p\000o\000n\000e\000n\000t\000e\000n}{section.29.12}% 229
\BOOKMARK [3][-]{section*.335}{\376\377\000P\000r\000o\000j\000e\000k\000t\000i\000o\000n\000\040\000a\000u\000f\000\040\000d\000i\000e\000\040\000e\000r\000s\000t\000e\000\040\000K\000o\000m\000p\000o\000n\000e\000n\000t\000e}{subsection.29.12.4}% 230
\BOOKMARK [3][-]{section*.346}{\376\377\000P\000r\000o\000j\000e\000k\000t\000i\000o\000n\000\040\000a\000u\000f\000\040\000d\000i\000e\000\040\000z\000w\000e\000i\000t\000e\000\040\000K\000o\000m\000p\000o\000n\000e\000n\000t\000e}{subsection.29.12.4}% 231
\BOOKMARK [3][-]{section*.357}{\376\377\000E\000i\000g\000e\000n\000s\000c\000h\000a\000f\000t\000e\000n\000\040\000v\000o\000n\000\040\000P\000r\000o\000j\000e\000k\000t\000i\000o\000n\000s\000a\000b\000b\000i\000l\000d\000u\000n\000g\000e\000n}{subsection.29.12.4}% 232
\BOOKMARK [2][-]{subsection.29.12.5}{\376\377\000D\000i\000e\000\040\000I\000n\000k\000l\000u\000s\000i\000o\000n\000s\000a\000b\000b\000i\000l\000d\000u\000n\000g}{section.29.12}% 233
\BOOKMARK [3][-]{section*.366}{\376\377\000D\000e\000f\000i\000n\000i\000t\000i\000o\000n\000\040\000d\000e\000r\000\040\000I\000n\000k\000l\000u\000s\000i\000o\000n\000s\000a\000b\000b\000i\000l\000d\000u\000n\000g}{subsection.29.12.5}% 234
\BOOKMARK [3][-]{section*.375}{\376\377\000D\000i\000e\000\040\000I\000n\000j\000e\000k\000t\000i\000v\000i\000t\000\344\000t\000\040\000d\000e\000r\000\040\000I\000n\000k\000l\000u\000s\000i\000o\000n\000s\000a\000b\000b\000i\000l\000d\000u\000n\000g}{subsection.29.12.5}% 235
\BOOKMARK [2][-]{subsection.29.12.6}{\376\377\000D\000i\000e\000\040\000F\000a\000s\000e\000r\000a\000b\000b\000i\000l\000d\000u\000n\000g}{section.29.12}% 236
\BOOKMARK [3][-]{section*.379}{\376\377\000F\000u\000n\000k\000t\000i\000o\000n\000s\000v\000o\000r\000s\000c\000h\000r\000i\000f\000t}{subsection.29.12.6}% 237
\BOOKMARK [3][-]{section*.382}{\376\377\000D\000i\000e\000\040\000F\000a\000s\000e\000r\000\040\000a\000l\000s\000\040\000A\000b\000b\000i\000l\000d\000u\000n\000g}{subsection.29.12.6}% 238
\BOOKMARK [3][-]{section*.387}{\376\377\000D\000i\000e\000\040\000F\000a\000s\000e\000r\000\040\000a\000l\000s\000\040\000M\000e\000n\000g\000e}{subsection.29.12.6}% 239
\BOOKMARK [3][-]{section*.397}{\376\377\000F\000a\000s\000e\000r\000n\000\040\000s\000u\000r\000j\000e\000k\000t\000i\000v\000e\000r\000\040\000A\000b\000b\000i\000l\000d\000u\000n\000g\000e\000n}{subsection.29.12.6}% 240
\BOOKMARK [2][-]{subsection.29.12.7}{\376\377\000D\000i\000e\000\040\000E\000i\000n\000s\000c\000h\000r\000\344\000n\000k\000u\000n\000g\000\040\000e\000i\000n\000e\000r\000\040\000F\000u\000n\000k\000t\000i\000o\000n}{section.29.12}% 241
\BOOKMARK [3][-]{section*.401}{\376\377\000D\000e\000f\000i\000n\000i\000t\000i\000o\000n\000\040\000d\000e\000r\000\040\000e\000i\000n\000g\000e\000s\000c\000h\000r\000\344\000n\000k\000t\000e\000n\000\040\000F\000u\000n\000k\000t\000i\000o\000n\000s\000v\000o\000r\000s\000c\000h\000r\000i\000f\000t}{subsection.29.12.7}% 242
\BOOKMARK [3][-]{section*.404}{\376\377\000D\000i\000e\000\040\000E\000i\000n\000s\000c\000h\000r\000\344\000n\000k\000u\000n\000g\000\040\000a\000l\000s\000\040\000F\000u\000n\000k\000t\000i\000o\000n}{subsection.29.12.7}% 243
\BOOKMARK [3][-]{section*.410}{\376\377\000B\000i\000l\000d\000\040\000d\000e\000r\000\040\000E\000i\000n\000s\000c\000h\000r\000\344\000n\000k\000u\000n\000g}{subsection.29.12.7}% 244
\BOOKMARK [3][-]{section*.412}{\376\377\000D\000i\000e\000\040\000A\000u\000s\000w\000e\000r\000t\000u\000n\000g\000s\000e\000i\000g\000e\000n\000s\000c\000h\000a\000f\000t}{subsection.29.12.7}% 245
\BOOKMARK [3][-]{section*.415}{\376\377\000E\000r\000h\000a\000l\000t\000\040\000v\000o\000n\000\040\000E\000i\000g\000e\000n\000s\000c\000h\000a\000f\000t\000e\000n}{subsection.29.12.7}% 246
\BOOKMARK [3][-]{section*.420}{\376\377\000V\000e\000r\000k\000l\000e\000i\000n\000e\000r\000u\000n\000g\000\040\000d\000e\000r\000\040\000Z\000i\000e\000l\000m\000e\000n\000g\000e}{subsection.29.12.7}% 247
\BOOKMARK [3][-]{section*.424}{\376\377\000E\000i\000n\000s\000c\000h\000r\000\344\000n\000k\000u\000n\000g\000\040\000a\000u\000f\000\040\000d\000a\000s\000\040\000U\000r\000b\000i\000l\000d\000\040\000e\000i\000n\000e\000r\000\040\000T\000e\000i\000l\000m\000e\000n\000g\000e}{subsection.29.12.7}% 248
\BOOKMARK [3][-]{section*.430}{\376\377\000B\000e\000i\000s\000p\000i\000e\000l\000e}{subsection.29.12.7}% 249
\BOOKMARK [2][-]{subsection.29.12.8}{\376\377\000K\000o\000r\000e\000s\000t\000r\000i\000k\000t\000i\000o\000n\000e\000n}{section.29.12}% 250
\BOOKMARK [2][-]{subsection.29.12.9}{\376\377\000D\000i\000e\000\040\000U\000m\000k\000e\000h\000r\000f\000u\000n\000k\000t\000i\000o\000n}{section.29.12}% 251
\BOOKMARK [3][-]{section*.436}{\376\377\000D\000e\000f\000i\000n\000i\000t\000i\000o\000n\000\040\000d\000e\000r\000\040\000U\000m\000k\000e\000h\000r\000f\000u\000n\000k\000t\000i\000o\000n\000s\000v\000o\000r\000s\000c\000h\000r\000i\000f\000t}{subsection.29.12.9}% 252
\BOOKMARK [3][-]{section*.440}{\376\377\000D\000i\000e\000\040\000U\000m\000k\000e\000h\000r\000f\000u\000n\000k\000t\000i\000o\000n\000\040\000a\000l\000s\000\040\000F\000u\000n\000k\000t\000i\000o\000n}{subsection.29.12.9}% 253
\BOOKMARK [3][-]{section*.447}{\376\377\000G\000r\000u\000n\000d\000g\000l\000e\000i\000c\000h\000u\000n\000g\000e\000n\000\040\000d\000e\000r\000\040\000U\000m\000k\000e\000h\000r\000f\000u\000n\000k\000t\000i\000o\000n}{subsection.29.12.9}% 254
\BOOKMARK [3][-]{section*.450}{\376\377\000M\000e\000n\000g\000e\000n\000b\000e\000z\000o\000g\000e\000n\000e\000\040\000G\000r\000u\000n\000d\000g\000l\000e\000i\000c\000h\000u\000n\000g\000e\000n\000\040\000d\000e\000r\000\040\000U\000m\000k\000e\000h\000r\000f\000u\000n\000k\000t\000i\000o\000n}{subsection.29.12.9}% 255
\BOOKMARK [3][-]{section*.452}{\376\377\000D\000i\000e\000\040\000B\000i\000j\000e\000k\000t\000i\000o\000n\000s\000e\000i\000g\000e\000n\000s\000c\000h\000a\000f\000t\000e\000n\000\040\000d\000e\000r\000\040\000U\000m\000k\000e\000h\000r\000f\000u\000n\000k\000t\000i\000o\000n}{subsection.29.12.9}% 256
\BOOKMARK [3][-]{section*.457}{\376\377\000W\000e\000i\000t\000e\000r\000e\000\040\000E\000i\000g\000e\000n\000s\000c\000h\000a\000f\000t\000e\000n}{subsection.29.12.9}% 257
\BOOKMARK [2][-]{subsection.29.12.10}{\376\377\000D\000i\000e\000\040\000K\000o\000m\000p\000o\000s\000i\000t\000i\000o\000n\000\040\000v\000o\000n\000\040\000F\000u\000n\000k\000t\000i\000o\000n\000e\000n}{section.29.12}% 258
\BOOKMARK [3][-]{section*.460}{\376\377\000F\000u\000n\000k\000t\000i\000o\000n\000s\000v\000o\000r\000s\000c\000h\000r\000i\000f\000t\000\040\000u\000n\000d\000\040\000T\000y\000p\000i\000s\000i\000e\000r\000u\000n\000g}{subsection.29.12.10}% 259
\BOOKMARK [3][-]{section*.463}{\376\377\000D\000i\000e\000\040\000K\000o\000m\000p\000o\000s\000i\000t\000i\000o\000n\000\040\000a\000l\000s\000\040\000F\000u\000n\000k\000t\000i\000o\000n}{subsection.29.12.10}% 260
\BOOKMARK [3][-]{section*.465}{\376\377\000D\000e\000f\000i\000n\000i\000t\000i\000o\000n\000\040\000u\000n\000d\000\040\000G\000r\000u\000n\000d\000g\000l\000e\000i\000c\000h\000u\000n\000g\000\040\000d\000e\000r\000\040\000K\000o\000m\000p\000o\000s\000i\000t\000i\000o\000n}{subsection.29.12.10}% 261
\BOOKMARK [3][-]{section*.473}{\376\377\000I\000n\000k\000l\000u\000s\000i\000o\000n\000s\000a\000b\000b\000i\000l\000d\000u\000n\000g\000\040\000u\000n\000d\000\040\000K\000o\000m\000p\000o\000s\000i\000t\000i\000o\000n}{subsection.29.12.10}% 262
\BOOKMARK [3][-]{section*.475}{\376\377\000D\000i\000e\000\040\000A\000u\000s\000w\000e\000r\000t\000u\000n\000g\000s\000e\000i\000g\000e\000n\000s\000c\000h\000a\000f\000t}{subsection.29.12.10}% 263
\BOOKMARK [3][-]{section*.479}{\376\377\000E\000r\000h\000a\000l\000t\000\040\000d\000e\000r\000\040\000I\000n\000j\000e\000k\000t\000i\000v\000i\000t\000\344\000t}{subsection.29.12.10}% 264
\BOOKMARK [3][-]{section*.483}{\376\377\000E\000r\000h\000a\000l\000t\000\040\000d\000e\000r\000\040\000S\000u\000r\000j\000e\000k\000t\000i\000v\000i\000t\000\344\000t}{subsection.29.12.10}% 265
\BOOKMARK [3][-]{section*.486}{\376\377\000E\000r\000h\000a\000l\000t\000\040\000d\000e\000r\000\040\000B\000i\000j\000e\000k\000t\000i\000v\000i\000t\000\344\000t}{subsection.29.12.10}% 266
\BOOKMARK [3][-]{section*.488}{\376\377\000K\000o\000m\000p\000o\000s\000i\000t\000i\000o\000n\000\040\000m\000i\000t\000\040\000I\000n\000k\000l\000u\000s\000i\000o\000n\000e\000n\000\040\000u\000n\000d\000\040\000E\000i\000n\000s\000c\000h\000r\000\344\000n\000k\000u\000n\000g}{subsection.29.12.10}% 267
\BOOKMARK [3][-]{section*.490}{\376\377\000R\000e\000c\000h\000e\000n\000r\000e\000g\000e\000l\000n}{subsection.29.12.10}% 268
\BOOKMARK [3][-]{section*.500}{\376\377\000E\000i\000g\000e\000n\000s\000c\000h\000a\000f\000t\000e\000n\000\040\000d\000e\000r\000\040\000K\000o\000m\000p\000o\000n\000e\000n\000t\000e\000n}{subsection.29.12.10}% 269
\BOOKMARK [2][-]{subsection.29.12.11}{\376\377\000D\000i\000e\000\040\000i\000n\000d\000u\000z\000i\000e\000r\000t\000e\000\040\000P\000o\000t\000e\000n\000z\000m\000e\000n\000g\000e\000n\000a\000b\000b\000i\000l\000d\000u\000n\000g}{section.29.12}% 270
\BOOKMARK [2][-]{subsection.29.12.12}{\376\377\000E\000r\000w\000e\000i\000t\000e\000r\000u\000n\000g\000\040\000e\000i\000n\000e\000r\000\040\000A\000b\000b\000i\000l\000d\000u\000n\000g\000\040\000u\000m\000\040\000e\000i\000n\000e\000n\000\040\000P\000u\000n\000k\000t}{section.29.12}% 271
\BOOKMARK [2][-]{subsection.29.12.13}{\376\377\000D\000i\000e\000\040\000A\000d\000j\000u\000n\000k\000t\000i\000o\000n\000s\000a\000b\000b\000i\000l\000d\000u\000n\000g\000\040\000e\000i\000n\000e\000r\000\040\000M\000e\000n\000g\000e\000n\000f\000a\000m\000i\000l\000i\000e}{section.29.12}% 272
\BOOKMARK [2][-]{subsection.29.12.14}{\376\377\000A\000b\000b\000i\000l\000d\000u\000n\000g\000e\000n\000\040\000m\000i\000t\000\040\000l\000e\000e\000r\000e\000m\000\040\000D\000e\000f\000i\000n\000i\000t\000i\000o\000n\000s\000-\000\040\000o\000d\000e\000r\000\040\000Z\000i\000e\000l\000b\000e\000r\000e\000i\000c\000h}{section.29.12}% 273
\BOOKMARK [1][-]{section.29.13}{\376\377\000G\000l\000e\000i\000c\000h\000m\000\344\000c\000h\000t\000i\000g\000k\000e\000i\000t}{chapter.29}% 274
\BOOKMARK [0][-]{chapter.30}{\376\377\000D\000a\000s\000\040\000A\000u\000s\000w\000a\000h\000l\000p\000r\000i\000n\000z\000i\000p}{}% 275
\BOOKMARK [1][-]{section.30.1}{\376\377\000V\000o\000n\000\040\000d\000e\000r\000\040\000S\000u\000r\000j\000e\000k\000t\000i\000o\000n\000s\000f\000o\000r\000m\000\040\000z\000u\000r\000\040\000R\000e\000l\000a\000t\000i\000o\000n\000s\000f\000o\000r\000m}{chapter.30}% 276
\BOOKMARK [1][-]{section.30.2}{\376\377\000R\000e\000l\000a\000t\000i\000o\000n\000s\000f\000o\000r\000m\000\040\000n\000a\000c\000h\000\040\000F\000a\000m\000i\000l\000i\000e\000n\000f\000o\000r\000m}{chapter.30}% 277
\BOOKMARK [1][-]{section.30.3}{\376\377\000F\000a\000m\000i\000l\000i\000e\000n\000f\000o\000r\000m\000\040\000n\000a\000c\000h\000\040\000S\000u\000r\000j\000e\000k\000t\000i\000o\000n\000s\000f\000o\000r\000m}{chapter.30}% 278
\BOOKMARK [2][-]{subsection.30.3.1}{\376\377\000D\000i\000e\000\040\000S\000e\000k\000t\000i\000o\000n\000\040\000z\000u\000\040\000e\000i\000n\000e\000r\000\040\000s\000u\000r\000j\000e\000k\000t\000i\000v\000e\000n\000\040\000F\000u\000n\000k\000t\000i\000o\000n}{section.30.3}% 279
\BOOKMARK [3][-]{section*.565}{\376\377\000D\000i\000e\000\040\000A\000u\000s\000w\000a\000h\000l\000t\000e\000r\000m\000v\000o\000r\000s\000c\000h\000r\000i\000f\000t}{subsection.30.3.1}% 280
\BOOKMARK [3][-]{section*.569}{\376\377\000D\000i\000e\000\040\000S\000e\000k\000t\000i\000o\000n\000\040\000a\000l\000s\000\040\000F\000u\000n\000k\000t\000i\000o\000n}{subsection.30.3.1}% 281
\BOOKMARK [2][-]{subsection.30.3.2}{\376\377\000A\000x\000i\000o\000m\000a\000t\000i\000s\000c\000h\000e\000\040\000F\000e\000s\000t\000l\000e\000g\000u\000n\000g}{section.30.3}% 282
\BOOKMARK [2][-]{subsection.30.3.3}{\376\377\000F\000o\000l\000g\000e\000r\000u\000n\000g\000e\000n}{section.30.3}% 283
\BOOKMARK [3][-]{section*.581}{\376\377\000W\000o\000h\000l\000o\000r\000d\000n\000u\000n\000g\000s\000s\000a\000t\000z}{subsection.30.3.3}% 284
\BOOKMARK [3][-]{section*.597}{\376\377\000I\000n\000j\000e\000k\000t\000i\000o\000n\000\040\000a\000u\000s\000\040\000S\000u\000r\000j\000e\000k\000t\000i\000o\000n\000\040\000\050\000v\000i\000a\000\040\000S\000e\000k\000t\000i\000o\000n\000\051}{subsection.30.3.3}% 285
\BOOKMARK [0][-]{chapter.31}{\376\377\000K\000o\000n\000s\000t\000r\000u\000k\000t\000i\000o\000n\000\040\000d\000e\000r\000\040\000n\000a\000t\000\374\000r\000l\000i\000c\000h\000e\000n\000\040\000Z\000a\000h\000l\000e\000n}{}% 286
\BOOKMARK [1][-]{section.31.1}{\376\377\000A\000x\000i\000o\000m\000\040\000d\000e\000r\000\040\000U\000n\000e\000n\000d\000l\000i\000c\000h\000k\000e\000i\000t}{chapter.31}% 287
\BOOKMARK [1][-]{section.31.2}{\376\377\000N\000a\000c\000h\000f\000o\000l\000g\000e\000r\000\040\000u\000n\000d\000\040\000i\000n\000d\000u\000k\000t\000i\000v\000e\000\040\000M\000e\000n\000g\000e\000n}{chapter.31}% 288
\BOOKMARK [2][-]{subsection.31.2.1}{\376\377\000I\000n\000d\000u\000k\000t\000i\000v\000e\000\040\000M\000e\000n\000g\000e\000n}{section.31.2}% 289
\BOOKMARK [2][-]{subsection.31.2.2}{\376\377\000D\000i\000e\000\040\000N\000a\000c\000h\000f\000o\000l\000g\000e\000r\000-\000F\000u\000n\000k\000t\000i\000o\000n}{section.31.2}% 290
\BOOKMARK [3][-]{section*.604}{\376\377\000D\000e\000f\000i\000n\000i\000t\000i\000o\000n\000\040\000d\000e\000r\000\040\000N\000a\000c\000h\000f\000o\000l\000g\000e\000r\000f\000u\000n\000k\000t\000i\000o\000n}{subsection.31.2.2}% 291
\BOOKMARK [1][-]{section.31.3}{\376\377\000K\000o\000n\000s\000t\000r\000u\000k\000t\000i\000o\000n\000\040\000d\000e\000r\000\040\000n\000a\000t\000\374\000r\000l\000i\000c\000h\000e\000n\000\040\000Z\000a\000h\000l\000e\000n}{chapter.31}% 292
\BOOKMARK [1][-]{section.31.4}{\376\377\000E\000i\000g\000e\000n\000s\000c\000h\000a\000f\000t\000e\000n\000\040\000d\000e\000r\000\040\000M\000e\000n\000g\000e\000\040\000d\000e\000r\000\040\000n\000a\000t\000\374\000r\000l\000i\000c\000h\000e\000n\000\040\000Z\000a\000h\000l\000e\000n}{chapter.31}% 293
\BOOKMARK [2][-]{subsection.31.4.1}{\376\377\000I\000n\000d\000u\000k\000t\000i\000v\000i\000t\000\344\000t\000\040\000d\000e\000r\000\040\000M\000e\000n\000g\000e\000\040\000d\000e\000r\000\040\000n\000a\000t\000\374\000r\000l\000i\000c\000h\000e\000n\000\040\000Z\000a\000h\000l\000e\000n}{section.31.4}% 294
\BOOKMARK [2][-]{subsection.31.4.2}{\376\377\000D\000i\000e\000\040\000N\000a\000c\000h\000f\000o\000l\000g\000e\000r\000f\000u\000n\000k\000t\000i\000o\000n}{section.31.4}% 295
\BOOKMARK [3][-]{section*.616}{\376\377\000M\000e\000n\000g\000e\000n\000-\000t\000h\000e\000o\000r\000e\000t\000i\000s\000c\000h\000e\000\040\000E\000i\000g\000e\000n\000s\000c\000h\000a\000f\000t\000e\000n\000\040\000d\000e\000r\000\040\000N\000a\000c\000h\000f\000o\000l\000g\000e\000r\000m\000e\000n\000g\000e}{subsection.31.4.2}% 296
\BOOKMARK [2][-]{subsection.31.4.3}{\376\377\000M\000i\000n\000i\000m\000a\000l\000i\000t\000\344\000t\000\040\000d\000e\000r\000\040\000M\000e\000n\000g\000e\000\040\000d\000e\000r\000\040\000n\000a\000t\000\374\000r\000l\000i\000c\000h\000e\000n\000\040\000Z\000a\000h\000l\000e\000n}{section.31.4}% 297
\BOOKMARK [1][-]{section.31.5}{\376\377\000H\000e\000r\000l\000e\000i\000t\000u\000n\000g\000\040\000d\000e\000r\000\040\000P\000e\000a\000n\000o\000-\000A\000x\000i\000o\000m\000e}{chapter.31}% 298
\BOOKMARK [2][-]{subsection.31.5.1}{\376\377\000D\000a\000s\000\040\000N\000u\000l\000l\000-\000A\000x\000i\000o\000m}{section.31.5}% 299
\BOOKMARK [2][-]{subsection.31.5.2}{\376\377\000N\000a\000c\000h\000f\000o\000l\000g\000e\000r\040\021\000A\000x\000i\000o\000m}{section.31.5}% 300
\BOOKMARK [2][-]{subsection.31.5.3}{\376\377\000K\000e\000i\000n\000\040\000V\000o\000r\000g\000\344\000n\000g\000e\000r\000\040\000v\000o\000n\000\040\000N\000u\000l\000l}{section.31.5}% 301
\BOOKMARK [2][-]{subsection.31.5.4}{\376\377\000I\000n\000j\000e\000k\000t\000i\000v\000i\000t\000\344\000t\000\040\000d\000e\000r\000\040\000N\000a\000c\000h\000f\000o\000l\000g\000e\000r\000f\000u\000n\000k\000t\000i\000o\000n}{section.31.5}% 302
\BOOKMARK [2][-]{subsection.31.5.5}{\376\377\000I\000n\000d\000u\000k\000t\000i\000o\000n\000s\000p\000r\000i\000n\000z\000i\000p}{section.31.5}% 303
\BOOKMARK [1][-]{section.31.6}{\376\377\000G\000r\000u\000n\000d\000l\000e\000g\000e\000n\000d\000e\000\040\000E\000i\000g\000e\000n\000s\000c\000h\000a\000f\000t\000e\000n\000\040\000v\000o\000n\000\040\000F\000u\000n\000k\000t\000i\000o\000n\000e\000n\000\040\000a\000u\000f\000\040\000u\000n\000d\000\040\000i\000n\000\040\000d\000i\000e\000\040\000n\000a\000t\000\374\000r\000l\000i\000c\000h\000e\000n\000\040\000Z\000a\000h\000l\000e\000n}{chapter.31}% 304
\BOOKMARK [2][-]{subsection.31.6.1}{\376\377\000F\000u\000n\000k\000t\000i\000o\000n\000e\000n\000\040\000v\000o\000n\000\040\000N}{section.31.6}% 305
\BOOKMARK [2][-]{subsection.31.6.2}{\376\377\000I\000n\000j\000e\000k\000t\000i\000v\000e\000\040\000F\000u\000n\000k\000t\000i\000o\000n\000e\000n\000\040\000v\000o\000n\000\040\000N}{section.31.6}% 306
\BOOKMARK [2][-]{subsection.31.6.3}{\376\377\000S\000u\000r\000j\000e\000k\000t\000i\000v\000e\000\040\000F\000u\000n\000k\000t\000i\000o\000n\000e\000n\000\040\000v\000o\000n\000\040\000N}{section.31.6}% 307
\BOOKMARK [2][-]{subsection.31.6.4}{\376\377\000B\000i\000j\000e\000k\000t\000i\000v\000e\000\040\000F\000u\000n\000k\000t\000i\000o\000n\000e\000n\000\040\000v\000o\000n\000\040\000N}{section.31.6}% 308
\BOOKMARK [1][-]{section.31.7}{\376\377\000A\000n\000w\000e\000n\000d\000u\000n\000g\000e\000n\000\040\000d\000e\000s\000\040\000I\000n\000d\000u\000k\000t\000i\000o\000n\000s\000p\000r\000i\000n\000z\000i\000p\000s}{chapter.31}% 309
\BOOKMARK [2][-]{subsection.31.7.1}{\376\377\000T\000r\000a\000n\000s\000i\000t\000i\000v\000i\000t\000\344\000t\000s\000k\000e\000t\000t\000e}{section.31.7}% 310
\BOOKMARK [2][-]{subsection.31.7.2}{\376\377\000D\000i\000e\000\040\000V\000o\000r\000g\000\344\000n\000g\000e\000r\000f\000u\000n\000k\000t\000i\000o\000n}{section.31.7}% 311
\BOOKMARK [2][-]{subsection.31.7.3}{\376\377\000K\000e\000i\000n\000e\000\040\000S\000e\000l\000b\000s\000t\000m\000i\000t\000g\000l\000i\000e\000d\000s\000c\000h\000a\000f\000t\000\040\000i\000n\000\040\000d\000e\000n\000\040\000n\000a\000t\000\374\000r\000l\000i\000c\000h\000e\000n\000\040\000Z\000a\000h\000l\000e\000n}{section.31.7}% 312
\BOOKMARK [2][-]{subsection.31.7.4}{\376\377\000W\000e\000i\000t\000e\000r\000e\000\040\000E\000i\000g\000e\000n\000s\000c\000h\000a\000f\000t\000e\000n}{section.31.7}% 313
\BOOKMARK [1][-]{section.31.8}{\376\377\000M\000i\000t\000g\000l\000i\000e\000d\000s\000c\000h\000a\000f\000t\000\040\000u\000n\000d\000\040\000\050\000e\000c\000h\000t\000e\000\051\000\040\000T\000e\000i\000l\000m\000e\000n\000g\000e\000n\000r\000e\000l\000a\000t\000i\000o\000n}{chapter.31}% 314
\BOOKMARK [1][-]{section.31.9}{\376\377\000N\000a\000t\000\374\000r\000l\000i\000c\000h\000e\000\040\000O\000r\000d\000n\000u\000n\000g}{chapter.31}% 315
\BOOKMARK [1][-]{section.31.10}{\376\377\000W\000o\000h\000l\000o\000r\000d\000n\000u\000n\000g\000s\000p\000r\000i\000n\000z\000i\000p}{chapter.31}% 316
\BOOKMARK [1][-]{section.31.11}{\376\377\000B\000e\000i\000s\000p\000i\000e\000l\000e\000\040\000v\000o\000n\000\040\000F\000u\000n\000k\000t\000i\000o\000n\000e\000n}{chapter.31}% 317
\BOOKMARK [2][-]{subsection.31.11.1}{\376\377\000E\000n\000t\000f\000e\000r\000n\000e\000n\000\040\000e\000i\000n\000e\000s\000\040\000E\000l\000e\000m\000e\000n\000t\000s\000\040\000a\000u\000s\000\040\000d\000e\000n\000\040\000n\000a\000t\000\374\000r\000l\000i\000c\000h\000e\000n\000\040\000Z\000a\000h\000l\000e\000n}{section.31.11}% 318
\BOOKMARK [2][-]{subsection.31.11.2}{\376\377\000A\000b\000s\000t\000i\000e\000g\000\040\000v\000o\000m\000\040\000N\000a\000c\000h\000f\000o\000l\000g\000e\000r}{section.31.11}% 319
\BOOKMARK [2][-]{subsection.31.11.3}{\376\377\000D\000e\000d\000e\000k\000i\000n\000d\000s\000c\000h\000e\000r\000\040\000R\000e\000k\000u\000r\000s\000i\000o\000n\000s\000s\000a\000t\000z}{section.31.11}% 320
\BOOKMARK [3][-]{section*.737}{\376\377\000R\000e\000k\000u\000r\000s\000i\000o\000n\000s\000a\000d\000m\000i\000s\000s\000i\000b\000l\000e\000\040\000T\000e\000i\000l\000m\000e\000n\000g\000e\000n}{subsection.31.11.3}% 321
\BOOKMARK [3][-]{section*.763}{\376\377\000S\000t\000u\000f\000e\000n\000w\000e\000r\000t\000e\000\040\000d\000e\000s\000\040\000R\000e\000k\000u\000r\000s\000i\000o\000n\000s\000k\000e\000r\000n\000s}{subsection.31.11.3}% 322
\BOOKMARK [3][-]{section*.769}{\376\377\000D\000e\000r\000\040\000R\000e\000k\000u\000r\000s\000i\000o\000n\000s\000k\000e\000r\000n\000\040\000a\000l\000s\000\040\000F\000u\000n\000k\000t\000i\000o\000n}{subsection.31.11.3}% 323
\BOOKMARK [3][-]{section*.776}{\376\377\000D\000e\000r\000\040\000D\000e\000d\000e\000k\000i\000n\000d\000s\000c\000h\000e\000\040\000R\000e\000k\000u\000r\000s\000i\000o\000n\000s\000s\000a\000t\000z}{subsection.31.11.3}% 324
\BOOKMARK [3][-]{section*.779}{\376\377\000D\000i\000e\000\040\000R\000e\000k\000u\000r\000s\000i\000o\000n\000s\000a\000b\000b\000i\000l\000d\000u\000n\000g}{subsection.31.11.3}% 325
\BOOKMARK [2][-]{subsection.31.11.4}{\376\377\000F\000o\000l\000g\000e\000n\000v\000e\000r\000s\000c\000h\000i\000e\000b\000u\000n\000g\000\040\000e\000n\000t\000l\000a\000n\000g\000\040\000e\000i\000n\000e\000r\000\040\000E\000i\000n\000b\000e\000t\000t\000u\000n\000g}{section.31.11}% 326
\BOOKMARK [3][-]{section*.797}{\376\377\000F\000u\000n\000k\000t\000i\000o\000n\000s\000v\000o\000r\000s\000c\000h\000r\000i\000f\000t\000\040\000u\000n\000d\000\040\000T\000y\000p\000i\000s\000i\000e\000r\000u\000n\000g}{subsection.31.11.4}% 327
\BOOKMARK [3][-]{section*.806}{\376\377\000E\000x\000i\000s\000t\000e\000n\000z\000\040\000u\000n\000d\000\040\000D\000e\000f\000i\000n\000i\000t\000i\000o\000n\000\040\000d\000e\000r\000\040\000F\000o\000l\000g\000e\000n\000v\000e\000r\000s\000c\000h\000i\000e\000b\000u\000n\000g}{subsection.31.11.4}% 328
\BOOKMARK [3][-]{section*.812}{\376\377\000G\000r\000u\000n\000d\000g\000l\000e\000i\000c\000h\000u\000n\000g\000e\000n\000\040\000d\000e\000r\000\040\000F\000o\000l\000g\000e\000n\000v\000e\000r\000s\000c\000h\000i\000e\000b\000u\000n\000g}{subsection.31.11.4}% 329
\BOOKMARK [3][-]{section*.818}{\376\377\000I\000n\000j\000e\000k\000t\000i\000v\000i\000t\000\344\000t\000\040\000d\000e\000r\000\040\000F\000o\000l\000g\000e\000n\000v\000e\000r\000s\000c\000h\000i\000e\000b\000u\000n\000g}{subsection.31.11.4}% 330
\BOOKMARK [3][-]{section*.823}{\376\377\000N\000i\000c\000h\000t\000s\000u\000r\000j\000e\000k\000t\000i\000v\000i\000t\000\344\000t\000\040\000d\000e\000r\000\040\000F\000o\000l\000g\000e\000n\000v\000e\000r\000s\000c\000h\000i\000e\000b\000u\000n\000g}{subsection.31.11.4}% 331
\BOOKMARK [0][-]{chapter.32}{\376\377\000E\000n\000d\000l\000i\000c\000h\000e\000\040\000M\000e\000n\000g\000e\000n}{}% 332
\BOOKMARK [1][-]{section.32.1}{\376\377\000B\000e\000g\000r\000i\000f\000f\000\040\000d\000e\000r\000\040\000E\000n\000d\000l\000i\000c\000h\000k\000e\000i\000t}{chapter.32}% 333
\BOOKMARK [1][-]{section.32.2}{\376\377\000E\000l\000e\000m\000e\000n\000t\000a\000r\000e\000\040\000E\000i\000g\000e\000n\000s\000c\000h\000a\000f\000t\000e\000n\000\040\000e\000n\000d\000l\000i\000c\000h\000e\000r\000\040\000M\000e\000n\000g\000e\000n}{chapter.32}% 334
\BOOKMARK [1][-]{section.32.3}{\376\377\000B\000e\000i\000s\000p\000i\000e\000l\000e\000\040\000e\000n\000d\000l\000i\000c\000h\000e\000r\000\040\000M\000e\000n\000g\000e\000n}{chapter.32}% 335
\BOOKMARK [2][-]{subsection.32.3.1}{\376\377\000A\000d\000j\000u\000n\000k\000t\000i\000o\000n\000\040\000e\000i\000n\000e\000s\000\040\000n\000e\000u\000e\000n\000\040\000E\000l\000e\000m\000e\000n\000t\000s}{section.32.3}% 336
\BOOKMARK [2][-]{subsection.32.3.2}{\376\377\000A\000d\000j\000u\000n\000k\000t\000i\000o\000n\000\040\000e\000n\000d\000l\000i\000c\000h\000\040\000v\000i\000e\000l\000e\000r\000\040\000E\000l\000e\000m\000e\000n\000t\000e}{section.32.3}% 337
\BOOKMARK [2][-]{subsection.32.3.3}{\376\377\000V\000e\000r\000e\000i\000n\000i\000g\000u\000n\000g\000\040\000e\000n\000d\000l\000i\000c\000h\000e\000r\000\040\000M\000e\000n\000g\000e\000n\000\040\000i\000s\000t\000\040\000e\000n\000d\000l\000i\000c\000h}{section.32.3}% 338
\BOOKMARK [2][-]{subsection.32.3.4}{\376\377\000E\000i\000n\000-\000\040\000u\000n\000d\000\040\000P\000a\000a\000r\000m\000e\000n\000g\000e\000n}{section.32.3}% 339
\BOOKMARK [2][-]{subsection.32.3.5}{\376\377\000T\000e\000i\000l\000m\000e\000n\000g\000e\000n\000\040\000n\000a\000t\000\374\000r\000l\000i\000c\000h\000e\000r\000\040\000Z\000a\000h\000l\000e\000n\000\040\000s\000i\000n\000d\000\040\000e\000n\000d\000l\000i\000c\000h}{section.32.3}% 340
\BOOKMARK [2][-]{subsection.32.3.6}{\376\377\000T\000e\000i\000l\000m\000e\000n\000g\000e\000n\000\040\000e\000n\000d\000l\000i\000c\000h\000e\000r\000\040\000M\000e\000n\000g\000e\000n\000\040\000s\000i\000n\000d\000\040\000e\000n\000d\000l\000i\000c\000h}{section.32.3}% 341
\BOOKMARK [2][-]{subsection.32.3.7}{\376\377\000B\000i\000l\000d\000e\000r\000\040\000e\000n\000d\000l\000i\000c\000h\000e\000r\000\040\000M\000e\000n\000g\000e\000n\000\040\000s\000i\000n\000d\000\040\000e\000n\000d\000l\000i\000c\000h}{section.32.3}% 342
\BOOKMARK [2][-]{subsection.32.3.8}{\376\377\000P\000o\000t\000e\000n\000z\000m\000e\000n\000g\000e\000n\000\040\000n\000a\000t\000\374\000r\000l\000i\000c\000h\000e\000r\000\040\000Z\000a\000h\000l\000e\000n\000\040\000s\000i\000n\000d\000\040\000e\000n\000d\000l\000i\000c\000h}{section.32.3}% 343
\BOOKMARK [2][-]{subsection.32.3.9}{\376\377\000P\000o\000t\000e\000n\000z\000m\000e\000n\000g\000e\000n\000\040\000e\000n\000d\000l\000i\000c\000h\000e\000r\000\040\000M\000e\000n\000g\000e\000n\000\040\000s\000i\000n\000d\000\040\000e\000n\000d\000l\000i\000c\000h}{section.32.3}% 344
\BOOKMARK [1][-]{section.32.4}{\376\377\000\304\000q\000u\000i\000v\000a\000l\000e\000n\000t\000e\000\040\000F\000o\000r\000m\000u\000l\000i\000e\000r\000u\000n\000g\000e\000n\000\040\000d\000e\000r\000\040\000E\000n\000d\000l\000i\000c\000h\000k\000e\000i\000t}{chapter.32}% 345
\BOOKMARK [2][-]{subsection.32.4.1}{\376\377\000A\000u\000s\000s\000c\000h\000l\000u\000s\000s\000\040\000v\000o\000n\000\040\000I\000n\000j\000e\000k\000t\000i\000o\000n\000e\000n\000\040\000N\000\040\000-\000>\000\040\000M}{section.32.4}% 346
\BOOKMARK [2][-]{subsection.32.4.2}{\376\377\000I\000n\000j\000e\000k\000t\000i\000o\000n\000e\000n\000\040\000N\000\040\000-\000>\000\040\000M\000\040\000u\000n\000d\000\040\000S\000u\000r\000j\000e\000k\000t\000i\000o\000n\000e\000n\000\040\000M\000\040\000-\000>\000\040\000N}{section.32.4}% 347
\BOOKMARK [2][-]{subsection.32.4.3}{\376\377\000D\000e\000d\000e\000k\000i\000n\000d\000s\000c\000h\000e\000\040\000C\000h\000a\000r\000a\000k\000t\000e\000r\000i\000s\000i\000e\000r\000u\000n\000g\000\040\000e\000n\000d\000l\000i\000c\000h\000e\000r\000\040\000M\000e\000n\000g\000e\000n}{section.32.4}% 348
\BOOKMARK [3][-]{section*.894}{\376\377\000O\000r\000b\000i\000t\000\040\000e\000i\000n\000e\000r\000\040\000i\000n\000j\000e\000k\000t\000i\000v\000e\000n\000\040\000S\000e\000l\000b\000s\000t\000a\000b\000b\000i\000l\000d\000u\000n\000g}{subsection.32.4.3}% 349
\BOOKMARK [3][-]{section*.896}{\376\377\000D\000e\000d\000e\000k\000i\000n\000d\000s\000c\000h\000e\000\040\000C\000h\000a\000r\000a\000k\000t\000e\000r\000i\000s\000i\000e\000r\000u\000n\000g}{subsection.32.4.3}% 350
\BOOKMARK [2][-]{subsection.32.4.4}{\376\377\000T\000a\000r\000s\000k\000i\000s\000c\000h\000e\000\040\000C\000h\000a\000r\000a\000k\000t\000e\000r\000i\000s\000i\000e\000r\000u\000n\000g\000\040\000e\000n\000d\000l\000i\000c\000h\000e\000r\000\040\000M\000e\000n\000g\000e\000n}{section.32.4}% 351
\BOOKMARK [3][-]{section*.901}{\376\377\000A\000x\000i\000o\000m\000\040\000d\000e\000r\000\040\000T\000a\000r\000s\000k\000i\000-\000E\000n\000d\000l\000i\000c\000h\000k\000e\000i\000t}{subsection.32.4.4}% 352
\BOOKMARK [3][-]{section*.904}{\376\377\000D\000e\000f\000i\000n\000i\000t\000i\000o\000n\000\040\000d\000e\000r\000\040\000T\000a\000r\000s\000k\000i\000-\000E\000n\000d\000l\000i\000c\000h\000k\000e\000i\000t}{subsection.32.4.4}% 353
\BOOKMARK [3][-]{section*.906}{\376\377\000D\000e\000f\000i\000n\000i\000t\000i\000o\000n\000\040\000d\000e\000r\000\040\000T\000a\000r\000s\000k\000i\000-\000E\000n\000d\000l\000i\000c\000h\000k\000e\000i\000t\000\040\000\374\000b\000e\000r\000\040\000M\000i\000n\000i\000m\000a\000l\000i\000t\000\344\000t}{subsection.32.4.4}% 354
\BOOKMARK [3][-]{section*.908}{\376\377\000D\000e\000d\000e\000k\000i\000n\000d\000-\000E\000n\000d\000l\000i\000c\000h\000k\000e\000i\000t\000\040\000i\000m\000p\000l\000i\000z\000i\000e\000r\000t\000\040\000T\000a\000r\000s\000k\000i\000-\000E\000n\000d\000l\000i\000c\000h\000k\000e\000i\000t}{subsection.32.4.4}% 355
\BOOKMARK [3][-]{section*.953}{\376\377\000T\000a\000r\000s\000k\000i\000-\000E\000n\000d\000l\000i\000c\000h\000k\000e\000i\000t\000\040\000i\000m\000p\000l\000i\000z\000i\000e\000r\000t\000\040\000E\000n\000d\000l\000i\000c\000h\000k\000e\000i\000t}{subsection.32.4.4}% 356
\BOOKMARK [3][-]{section*.968}{\376\377\000M\000a\000x\000.\000-\000\040\000u\000n\000d\000\040\000M\000i\000n\000.\000-\000F\000o\000r\000m\000\040\000d\000e\000r\000\040\000T\000a\000r\000s\000k\000i\000-\000E\000n\000d\000l\000i\000c\000h\000k\000e\000i\000t}{subsection.32.4.4}% 357
\BOOKMARK [2][-]{subsection.32.4.5}{\376\377\000Z\000u\000s\000a\000m\000m\000e\000n\000f\000a\000s\000s\000u\000n\000g\000\040\000d\000e\000r\000\040\000\304\000q\000u\000i\000v\000a\000l\000e\000n\000z\000e\000n}{section.32.4}% 358
\BOOKMARK [1][-]{section.32.5}{\376\377\000W\000o\000h\000l\000d\000e\000f\000i\000n\000i\000e\000r\000t\000h\000e\000i\000t\000\040\000d\000e\000r\000\040\000e\000n\000d\000l\000i\000c\000h\000e\000n\000\040\000K\000a\000r\000d\000i\000n\000a\000l\000z\000a\000h\000l}{chapter.32}% 359
\BOOKMARK [2][-]{subsection.32.5.1}{\376\377\000E\000i\000n\000d\000e\000u\000t\000i\000g\000k\000e\000i\000t\000\040\000d\000e\000r\000\040\000e\000n\000d\000l\000i\000c\000h\000e\000n\000\040\000K\000a\000r\000d\000i\000n\000a\000l\000z\000a\000h\000l}{section.32.5}% 360
\BOOKMARK [3][-]{section*.990}{\376\377\000S\000c\000h\000u\000b\000f\000a\000c\000h\000k\000e\000r\000n}{subsection.32.5.1}% 361
\BOOKMARK [3][-]{section*.996}{\376\377\000A\000u\000s\000s\000c\000h\000l\000u\000s\000s\000\040\000g\000l\000e\000i\000c\000h\000e\000r\000\040\000M\000\344\000c\000h\000t\000i\000g\000k\000e\000i\000t}{subsection.32.5.1}% 362
\BOOKMARK [2][-]{subsection.32.5.2}{\376\377\000D\000e\000f\000i\000n\000i\000t\000i\000o\000n\000\040\000d\000e\000r\000\040\000K\000a\000r\000d\000i\000n\000a\000l\000z\000a\000h\000l}{section.32.5}% 363
\BOOKMARK [2][-]{subsection.32.5.3}{\376\377\000V\000e\000r\000g\000l\000e\000i\000c\000h\000\040\000e\000n\000d\000l\000i\000c\000h\000e\000r\000\040\000M\000e\000n\000g\000e\000n}{section.32.5}% 364
\BOOKMARK [1][-]{section.32.6}{\376\377\000F\000r\000a\000n\000k\000l\000-\000V\000e\000r\000m\000u\000t\000u\000n\000g}{chapter.32}% 365
\BOOKMARK [2][-]{subsection.32.6.1}{\376\377\000F\000a\000l\000l\000\040\000e\000i\000n\000e\000r\000\040\000e\000n\000t\000h\000a\000l\000t\000e\000n\000e\000n\000\040\000E\000i\000n\000e\000r\000m\000e\000n\000g\000e}{section.32.6}% 366
\BOOKMARK [2][-]{subsection.32.6.2}{\376\377\000F\000a\000l\000l\000\040\000e\000i\000n\000e\000s\000\040\000n\000i\000c\000h\000t\000l\000e\000e\000r\000e\000n\000\040\000D\000u\000r\000c\000h\000s\000c\000h\000n\000i\000t\000t\000s}{section.32.6}% 367
\BOOKMARK [2][-]{subsection.32.6.3}{\376\377\000U\000n\000u\000n\000t\000e\000r\000s\000c\000h\000e\000i\000d\000b\000a\000r\000k\000e\000i\000t\000s\000k\000l\000a\000s\000s\000e\000n}{section.32.6}% 368
\BOOKMARK [2][-]{subsection.32.6.4}{\376\377\000D\000e\000r\000\040\000U\000n\000u\000n\000t\000e\000r\000s\000c\000h\000e\000i\000d\000b\000a\000r\000k\000e\000i\000t\000s\000q\000u\000o\000t\000i\000e\000n\000t}{section.32.6}% 369
\BOOKMARK [2][-]{subsection.32.6.5}{\376\377\000T\000r\000a\000n\000s\000p\000o\000r\000t\000\040\000d\000e\000r\000\040\000F\000r\000a\000n\000k\000l\000-\000E\000i\000g\000e\000n\000s\000c\000h\000a\000f\000t}{section.32.6}% 370
\BOOKMARK [2][-]{subsection.32.6.6}{\376\377\000R\000e\000d\000u\000k\000t\000i\000o\000n\000\040\000a\000u\000f\000\040\000e\000n\000d\000l\000i\000c\000h\000e\000\040\000M\000e\000n\000g\000e\000n\000g\000l\000i\000e\000d\000e\000r}{section.32.6}% 371
\BOOKMARK [1][-]{section.32.7}{\376\377\000A\000d\000d\000i\000t\000i\000o\000n}{chapter.32}% 372
\BOOKMARK [1][-]{section.32.8}{\376\377\000M\000u\000l\000t\000i\000p\000l\000i\000k\000a\000t\000i\000o\000n}{chapter.32}% 373
\BOOKMARK [1][-]{section.32.9}{\376\377\000S\000u\000m\000m\000e\000n\000-\000\040\000u\000n\000d\000\040\000P\000r\000o\000d\000u\000k\000t\000z\000e\000i\000c\000h\000e\000n}{chapter.32}% 374
\BOOKMARK [2][-]{subsection.32.9.1}{\376\377\000S\000u\000m\000m\000e\000n}{section.32.9}% 375
\BOOKMARK [3][-]{section*.1062}{\376\377\000S\000u\000m\000m\000e\000n\000s\000c\000h\000r\000i\000t\000t}{subsection.32.9.1}% 376
\BOOKMARK [3][-]{section*.1070}{\376\377\000S\000u\000m\000m\000e\000n\000z\000u\000s\000t\000a\000n\000d}{subsection.32.9.1}% 377
\BOOKMARK [3][-]{section*.1075}{\376\377\000S\000u\000m\000m\000e\000n\000z\000e\000i\000c\000h\000e\000n}{subsection.32.9.1}% 378
\BOOKMARK [3][-]{section*.1084}{\376\377\000S\000c\000h\000r\000e\000i\000b\000w\000e\000i\000s\000e\000\040\000m\000i\000t\000\040\000o\000b\000e\000r\000e\000r\000\040\000G\000r\000e\000n\000z\000e}{subsection.32.9.1}% 379
\BOOKMARK [2][-]{subsection.32.9.2}{\376\377\000P\000r\000o\000d\000u\000k\000t\000e}{section.32.9}% 380
\BOOKMARK [3][-]{section*.1086}{\376\377\000P\000r\000o\000d\000u\000k\000t\000s\000c\000h\000r\000i\000t\000t}{subsection.32.9.2}% 381
\BOOKMARK [3][-]{section*.1094}{\376\377\000P\000r\000o\000d\000u\000k\000t\000z\000u\000s\000t\000a\000n\000d}{subsection.32.9.2}% 382
\BOOKMARK [3][-]{section*.1099}{\376\377\000P\000r\000o\000d\000u\000k\000t\000z\000e\000i\000c\000h\000e\000n}{subsection.32.9.2}% 383
\BOOKMARK [3][-]{section*.1109}{\376\377\000S\000c\000h\000r\000e\000i\000b\000w\000e\000i\000s\000e\000\040\000m\000i\000t\000\040\000o\000b\000e\000r\000e\000r\000\040\000G\000r\000e\000n\000z\000e}{subsection.32.9.2}% 384
\BOOKMARK [1][-]{section.32.10}{\376\377\000P\000o\000t\000e\000n\000z\000e\000n\000\040\000n\000a\000t\000\374\000r\000l\000i\000c\000h\000e\000r\000\040\000Z\000a\000h\000l\000e\000n}{chapter.32}% 385
\BOOKMARK [0][-]{chapter.33}{\376\377\000b\000-\000a\000d\000i\000s\000c\000h\000e\000\040\000S\000t\000e\000l\000l\000e\000n\000w\000e\000r\000t\000s\000y\000s\000t\000e\000m\000e\000\040\000f\000\374\000r\000\040\000n\000a\000t\000\374\000r\000l\000i\000c\000h\000e\000\040\000Z\000a\000h\000l\000e\000n}{}% 386
\BOOKMARK [1][-]{section.33.1}{\376\377\000Z\000a\000h\000l\000z\000e\000i\000c\000h\000e\000n\000,\000\040\000B\000a\000s\000e\000n\000\040\000u\000n\000d\000\040\000Z\000i\000f\000f\000e\000r\000n}{chapter.33}% 387
\BOOKMARK [1][-]{section.33.2}{\376\377\000Z\000i\000f\000f\000e\000r\000n\000f\000o\000l\000g\000e\000n\000\040\000u\000n\000d\000\040\000S\000t\000e\000l\000l\000e\000n\000w\000e\000r\000t\000a\000u\000s\000w\000e\000r\000t\000u\000n\000g}{chapter.33}% 388
\BOOKMARK [1][-]{section.33.3}{\376\377\000N\000o\000r\000m\000a\000l\000i\000s\000i\000e\000r\000t\000e\000\040\000D\000a\000r\000s\000t\000e\000l\000l\000u\000n\000g\000e\000n}{chapter.33}% 389
\BOOKMARK [1][-]{section.33.4}{\376\377\000D\000u\000a\000l\000s\000y\000s\000t\000e\000m}{chapter.33}% 390
\BOOKMARK [1][-]{section.33.5}{\376\377\000D\000e\000z\000i\000m\000a\000l\000s\000y\000s\000t\000e\000m}{chapter.33}% 391
\BOOKMARK [0][-]{chapter.34}{\376\377\000E\000n\000d\000e}{}% 392
